DEBUG 2015-06-10 22:32:08,886: 	 Executing command: 'status'
DEBUG 2015-06-10 22:32:08,887: 	 Found CRAB cache file /afs/cern.ch/user/h/hardenbr/.crab3
DEBUG 2015-06-10 22:32:08,893: 	 Checking credentials
DEBUG 2015-06-10 22:32:08,894: 	 Found proxy file /tmp/x509up_u56682
DEBUG 2015-06-10 22:32:08,894: 	 Getting proxy life time left
DEBUG 2015-06-10 22:32:09,298: 	 Executing : 
 command : voms-proxy-info -file /tmp/x509up_u56682 -timeleft
 output : 42493

 error: 
 retcode : 0
DEBUG 2015-06-10 22:32:09,704: 	 Executing : 
 command : voms-proxy-info -file /tmp/x509up_u56682 -actimeleft
 output : 42493

 error: 
 retcode : 0
DEBUG 2015-06-10 22:32:09,704: 	 Proxy valid for 11:48:13 hours
DEBUG 2015-06-10 22:32:09,816: 	 Executing : 
 command : openssl x509 -in ~/.globus/usercert.pem -subject -noout
 output : subject= /DC=ch/DC=cern/OU=Organic Units/OU=Users/CN=hardenbr/CN=705168/CN=Joshua Robert Hardenbrook

 error: WARNING: can't open config file: /build/dmwmbld/srv/state/dmwmbld/builds/comp_gcc481/w/tmp/BUILDROOT/779a792f862039a4ebba572299ebbb36/build/dmwmbld/srv/state/dmwmbld/builds/comp_gcc481/w/slc6_amd64_gcc481/external/openssl/1.0.1m-comp/ssl/openssl.cnf

 retcode : 0
DEBUG 2015-06-10 22:32:09,816: 	 Checking credentials
DEBUG 2015-06-10 22:32:09,816: 	 Found proxy file /tmp/x509up_u56682
DEBUG 2015-06-10 22:32:09,816: 	 Getting proxy life time left
DEBUG 2015-06-10 22:32:10,220: 	 Executing : 
 command : voms-proxy-info -file /tmp/x509up_u56682 -timeleft
 output : 42492

 error: 
 retcode : 0
DEBUG 2015-06-10 22:32:10,624: 	 Executing : 
 command : voms-proxy-info -file /tmp/x509up_u56682 -actimeleft
 output : 42492

 error: 
 retcode : 0
DEBUG 2015-06-10 22:32:10,624: 	 Proxy valid for 11:48:12 hours
DEBUG 2015-06-10 22:32:11,011: 	 Registering user credentials for server /DC=ch/DC=cern/OU=computers/CN=vocms(045|052|021|031).cern.ch
DEBUG 2015-06-10 22:32:11,120: 	 Executing : 
 command : openssl x509 -in ~/.globus/usercert.pem -subject -noout
 output : subject= /DC=ch/DC=cern/OU=Organic Units/OU=Users/CN=hardenbr/CN=705168/CN=Joshua Robert Hardenbrook

 error: WARNING: can't open config file: /build/dmwmbld/srv/state/dmwmbld/builds/comp_gcc481/w/tmp/BUILDROOT/779a792f862039a4ebba572299ebbb36/build/dmwmbld/srv/state/dmwmbld/builds/comp_gcc481/w/slc6_amd64_gcc481/external/openssl/1.0.1m-comp/ssl/openssl.cnf

 retcode : 0
DEBUG 2015-06-10 22:32:11,120: 	 Getting myproxy life time left for myproxy.cern.ch
DEBUG 2015-06-10 22:32:11,120: 	 Calculating hash of /DC=ch/DC=cern/OU=Organic Units/OU=Users/CN=hardenbr/CN=705168/CN=Joshua Robert Hardenbrook_cmsweb.cern.ch for credential name
DEBUG 2015-06-10 22:32:11,524: 	 Executing : 
 command : myproxy-info -l fdbcd253c5e13180d036bb7f350ef35a4f8814ed -s myproxy.cern.ch
 output : username: fdbcd253c5e13180d036bb7f350ef35a4f8814ed
owner: /DC=ch/DC=cern/OU=Organic Units/OU=Users/CN=hardenbr/CN=705168/CN=Joshua Robert Hardenbrook
  renewal policy: /DC=ch/DC=cern/OU=computers/CN=vocms(045|052|021|031).cern.ch
  trusted retrieval policy: /DC=ch/DC=cern/OU=computers/CN=vocms(045|052|021|031).cern.ch
  timeleft: 374:37:45  (15.6 days)

 error: 
 retcode : 0
DEBUG 2015-06-10 22:32:11,526: 	 Myproxy is valid: 1348665
DEBUG 2015-06-10 22:32:11,526: 	 Command use: status
DEBUG 2015-06-10 22:32:11,526: 	 Options use: ['crab_qcd300_470']
DEBUG 2015-06-10 22:32:11,936: 	 CRABClient version: 3.3.1506
DEBUG 2015-06-10 22:32:11,936: 	 Instance is prod
DEBUG 2015-06-10 22:32:11,936: 	 Server base url is cmsweb.cern.ch
DEBUG 2015-06-10 22:32:11,936: 	 Command url /crabserver/prod/workflow
DEBUG 2015-06-10 22:32:11,936: 	 Looking up detailed status of task 150610_202640:hardenbr_crab_qcd300_470
DEBUG 2015-06-10 22:32:12,278: 	 {'status': 'NEW', 'schedd': '', 'saveLogs': 'F', 'totalJobdefs': 0, 'jobSetID': '', 'jobsPerStatus': {}, 'taskWarningMsg': [], 'taskFailureMsg': '', 'failedJobdefs': 0, 'jobdefErrors': [], 'collector': '', 'jobList': []}
INFO 2015-06-10 22:32:12,278: 	 CRAB project directory:		/afs/cern.ch/user/h/hardenbr/2014/LL_DIJET/TRACKING_STUDIES/CMSSW_7_4_4/src/DisplacedJets/TrackAnalyzer/python/CRAB3_QCD_SPRING15_5UNITS/crab_qcd300_470
INFO 2015-06-10 22:32:12,278: 	 Task name:			150610_202640:hardenbr_crab_qcd300_470
INFO 2015-06-10 22:32:12,278: 	 Task status:			NEW
INFO 2015-06-10 22:32:12,278: 	 
No jobs created yet!
DEBUG 2015-06-11 08:31:36,433: 	 Executing command: 'status'
DEBUG 2015-06-11 08:31:36,433: 	 Found CRAB cache file /afs/cern.ch/user/h/hardenbr/.crab3
DEBUG 2015-06-11 08:31:36,443: 	 Checking credentials
DEBUG 2015-06-11 08:31:36,443: 	 Found proxy file /tmp/x509up_u56682
DEBUG 2015-06-11 08:31:36,443: 	 Getting proxy life time left
DEBUG 2015-06-11 08:31:36,952: 	 Executing : 
 command : voms-proxy-info -file /tmp/x509up_u56682 -timeleft
 output : 42998

 error: 
 retcode : 0
DEBUG 2015-06-11 08:31:37,459: 	 Executing : 
 command : voms-proxy-info -file /tmp/x509up_u56682 -actimeleft
 output : 42997

 error: 
 retcode : 0
DEBUG 2015-06-11 08:31:37,459: 	 Proxy valid for 11:56:38 hours
DEBUG 2015-06-11 08:31:37,586: 	 Executing : 
 command : openssl x509 -in ~/.globus/usercert.pem -subject -noout
 output : subject= /DC=ch/DC=cern/OU=Organic Units/OU=Users/CN=hardenbr/CN=705168/CN=Joshua Robert Hardenbrook

 error: WARNING: can't open config file: /build/dmwmbld/srv/state/dmwmbld/builds/comp_gcc481/w/tmp/BUILDROOT/779a792f862039a4ebba572299ebbb36/build/dmwmbld/srv/state/dmwmbld/builds/comp_gcc481/w/slc6_amd64_gcc481/external/openssl/1.0.1m-comp/ssl/openssl.cnf

 retcode : 0
DEBUG 2015-06-11 08:31:37,586: 	 Checking credentials
DEBUG 2015-06-11 08:31:37,586: 	 Found proxy file /tmp/x509up_u56682
DEBUG 2015-06-11 08:31:37,586: 	 Getting proxy life time left
DEBUG 2015-06-11 08:31:38,304: 	 Executing : 
 command : voms-proxy-info -file /tmp/x509up_u56682 -timeleft
 output : 42996

 error: 
 retcode : 0
DEBUG 2015-06-11 08:31:38,811: 	 Executing : 
 command : voms-proxy-info -file /tmp/x509up_u56682 -actimeleft
 output : 42996

 error: 
 retcode : 0
DEBUG 2015-06-11 08:31:38,811: 	 Proxy valid for 11:56:36 hours
DEBUG 2015-06-11 08:31:39,227: 	 Registering user credentials for server /DC=ch/DC=cern/OU=computers/CN=vocms(045|052|021|031).cern.ch
DEBUG 2015-06-11 08:31:39,338: 	 Executing : 
 command : openssl x509 -in ~/.globus/usercert.pem -subject -noout
 output : subject= /DC=ch/DC=cern/OU=Organic Units/OU=Users/CN=hardenbr/CN=705168/CN=Joshua Robert Hardenbrook

 error: WARNING: can't open config file: /build/dmwmbld/srv/state/dmwmbld/builds/comp_gcc481/w/tmp/BUILDROOT/779a792f862039a4ebba572299ebbb36/build/dmwmbld/srv/state/dmwmbld/builds/comp_gcc481/w/slc6_amd64_gcc481/external/openssl/1.0.1m-comp/ssl/openssl.cnf

 retcode : 0
DEBUG 2015-06-11 08:31:39,338: 	 Getting myproxy life time left for myproxy.cern.ch
DEBUG 2015-06-11 08:31:39,338: 	 Calculating hash of /DC=ch/DC=cern/OU=Organic Units/OU=Users/CN=hardenbr/CN=705168/CN=Joshua Robert Hardenbrook_cmsweb.cern.ch for credential name
DEBUG 2015-06-11 08:31:39,544: 	 Executing : 
 command : myproxy-info -l fdbcd253c5e13180d036bb7f350ef35a4f8814ed -s myproxy.cern.ch
 output : username: fdbcd253c5e13180d036bb7f350ef35a4f8814ed
owner: /DC=ch/DC=cern/OU=Organic Units/OU=Users/CN=hardenbr/CN=705168/CN=Joshua Robert Hardenbrook
  renewal policy: /DC=ch/DC=cern/OU=computers/CN=vocms(045|052|021|031).cern.ch
  trusted retrieval policy: /DC=ch/DC=cern/OU=computers/CN=vocms(045|052|021|031).cern.ch
  timeleft: 364:38:17  (15.2 days)

 error: 
 retcode : 0
DEBUG 2015-06-11 08:31:39,545: 	 Myproxy is valid: 1312697
DEBUG 2015-06-11 08:31:39,545: 	 Command use: status
DEBUG 2015-06-11 08:31:39,545: 	 Options use: ['crab_qcd300_470']
DEBUG 2015-06-11 08:31:39,935: 	 CRABClient version: 3.3.1506
DEBUG 2015-06-11 08:31:39,935: 	 Instance is prod
DEBUG 2015-06-11 08:31:39,935: 	 Server base url is cmsweb.cern.ch
DEBUG 2015-06-11 08:31:39,936: 	 Command url /crabserver/prod/workflow
DEBUG 2015-06-11 08:31:39,936: 	 Looking up detailed status of task 150610_202640:hardenbr_crab_qcd300_470
DEBUG 2015-06-11 08:31:41,301: 	 {'status': 'SUBMITTED', 'schedd': 'crab3-2@vocms0109.cern.ch', 'saveLogs': 'F', 'jobsPerStatus': {'running': 47, 'idle': 126, 'finished': 7}, 'jobs': {'133': {'State': 'idle'}, '132': {'State': 'idle'}, '131': {'State': 'idle'}, '130': {'State': 'idle'}, '137': {'State': 'idle'}, '136': {'State': 'idle'}, '135': {'State': 'idle'}, '134': {'State': 'idle'}, '139': {'State': 'idle'}, '138': {'State': 'idle'}, '93': {'State': 'idle'}, '24': {'State': 'running'}, '25': {'State': 'running'}, '26': {'State': 'running'}, '27': {'State': 'running'}, '20': {'State': 'running'}, '21': {'State': 'idle'}, '22': {'State': 'running'}, '23': {'State': 'running'}, '95': {'State': 'idle'}, '28': {'State': 'running'}, '29': {'State': 'running'}, '94': {'State': 'idle'}, '4': {'State': 'finished'}, '8': {'State': 'running'}, '96': {'State': 'idle'}, '68': {'State': 'idle'}, '120': {'State': 'idle'}, '121': {'State': 'idle'}, '122': {'State': 'idle'}, '123': {'State': 'idle'}, '124': {'State': 'idle'}, '125': {'State': 'idle'}, '126': {'State': 'idle'}, '127': {'State': 'idle'}, '128': {'State': 'idle'}, '129': {'State': 'idle'}, '69': {'State': 'idle'}, '91': {'State': 'idle'}, '59': {'State': 'idle'}, '58': {'State': 'idle'}, '55': {'State': 'running'}, '54': {'State': 'running'}, '57': {'State': 'idle'}, '56': {'State': 'idle'}, '51': {'State': 'running'}, '50': {'State': 'running'}, '53': {'State': 'running'}, '52': {'State': 'running'}, '90': {'State': 'idle'}, '66': {'State': 'idle'}, '67': {'State': 'idle'}, '115': {'State': 'idle'}, '114': {'State': 'idle'}, '88': {'State': 'idle'}, '89': {'State': 'idle'}, '111': {'State': 'idle'}, '110': {'State': 'idle'}, '113': {'State': 'idle'}, '112': {'State': 'idle'}, '82': {'State': 'idle'}, '83': {'State': 'idle'}, '80': {'State': 'idle'}, '81': {'State': 'idle'}, '119': {'State': 'idle'}, '118': {'State': 'idle'}, '84': {'State': 'idle'}, '85': {'State': 'idle'}, '3': {'State': 'finished'}, '7': {'State': 'running'}, '92': {'State': 'idle'}, '108': {'State': 'idle'}, '109': {'State': 'idle'}, '102': {'State': 'idle'}, '103': {'State': 'idle'}, '100': {'State': 'idle'}, '101': {'State': 'idle'}, '106': {'State': 'idle'}, '107': {'State': 'idle'}, '104': {'State': 'idle'}, '105': {'State': 'idle'}, '39': {'State': 'running'}, '38': {'State': 'running'}, '33': {'State': 'running'}, '32': {'State': 'running'}, '31': {'State': 'running'}, '30': {'State': 'running'}, '37': {'State': 'running'}, '36': {'State': 'running'}, '35': {'State': 'running'}, '34': {'State': 'running'}, '60': {'State': 'idle'}, '61': {'State': 'idle'}, '62': {'State': 'idle'}, '63': {'State': 'idle'}, '64': {'State': 'idle'}, '65': {'State': 'idle'}, '179': {'State': 'idle'}, '178': {'State': 'idle'}, '177': {'State': 'idle'}, '176': {'State': 'idle'}, '175': {'State': 'idle'}, '174': {'State': 'idle'}, '173': {'State': 'idle'}, '172': {'State': 'idle'}, '171': {'State': 'idle'}, '170': {'State': 'idle'}, '180': {'State': 'idle'}, '2': {'State': 'finished'}, '6': {'State': 'running'}, '97': {'State': 'idle'}, '99': {'State': 'idle'}, '98': {'State': 'idle'}, '168': {'State': 'idle'}, '169': {'State': 'idle'}, '164': {'State': 'idle'}, '165': {'State': 'idle'}, '166': {'State': 'idle'}, '167': {'State': 'idle'}, '160': {'State': 'idle'}, '161': {'State': 'idle'}, '162': {'State': 'idle'}, '163': {'State': 'idle'}, '11': {'State': 'running'}, '10': {'State': 'running'}, '13': {'State': 'running'}, '12': {'State': 'running'}, '15': {'State': 'running'}, '14': {'State': 'running'}, '17': {'State': 'running'}, '16': {'State': 'running'}, '19': {'State': 'finished'}, '18': {'State': 'running'}, '117': {'State': 'idle'}, '116': {'State': 'idle'}, '151': {'State': 'idle'}, '150': {'State': 'idle'}, '153': {'State': 'idle'}, '152': {'State': 'idle'}, '155': {'State': 'idle'}, '154': {'State': 'idle'}, '157': {'State': 'idle'}, '156': {'State': 'idle'}, '159': {'State': 'idle'}, '158': {'State': 'idle'}, '48': {'State': 'running'}, '49': {'State': 'running'}, '46': {'State': 'running'}, '86': {'State': 'idle'}, '44': {'State': 'running'}, '45': {'State': 'running'}, '42': {'State': 'running'}, '43': {'State': 'running'}, '40': {'State': 'running'}, '87': {'State': 'idle'}, '1': {'State': 'finished'}, '5': {'State': 'finished'}, '9': {'State': 'finished'}, '146': {'State': 'idle'}, '147': {'State': 'idle'}, '144': {'State': 'idle'}, '145': {'State': 'idle'}, '142': {'State': 'idle'}, '143': {'State': 'idle'}, '140': {'State': 'idle'}, '141': {'State': 'idle'}, '148': {'State': 'idle'}, '149': {'State': 'idle'}, '77': {'State': 'idle'}, '76': {'State': 'idle'}, '75': {'State': 'idle'}, '74': {'State': 'idle'}, '73': {'State': 'idle'}, '72': {'State': 'idle'}, '71': {'State': 'idle'}, '70': {'State': 'idle'}, '79': {'State': 'idle'}, '78': {'State': 'idle'}, '41': {'State': 'running'}, '47': {'State': 'running'}}, 'publication': {'disabled': []}, 'taskWarningMsg': [], 'outdatasets': None, 'taskFailureMsg': '', 'failedJobdefs': 0, 'ASOURL': 'https://cmsweb.cern.ch/couchdb', 'pool': {}, 'totalJobdefs': 0, 'jobSetID': '150610_202640:hardenbr_crab_qcd300_470', 'jobdefErrors': [], 'collector': 'vocms0115.cern.ch', 'jobList': [['idle', 165], ['idle', 133], ['idle', 132], ['idle', 131], ['idle', 130], ['idle', 137], ['idle', 136], ['idle', 135], ['idle', 134], ['idle', 139], ['idle', 138], ['idle', 166], ['running', 24], ['running', 25], ['running', 26], ['running', 27], ['running', 20], ['idle', 21], ['running', 22], ['running', 23], ['idle', 160], ['running', 28], ['running', 29], ['idle', 161], ['finished', 4], ['running', 8], ['idle', 163], ['idle', 119], ['idle', 120], ['idle', 121], ['idle', 122], ['idle', 123], ['idle', 124], ['idle', 125], ['idle', 126], ['idle', 127], ['idle', 128], ['idle', 129], ['idle', 167], ['idle', 118], ['idle', 59], ['idle', 58], ['running', 55], ['running', 54], ['idle', 57], ['idle', 56], ['running', 51], ['running', 50], ['running', 53], ['running', 52], ['idle', 164], ['idle', 179], ['idle', 178], ['idle', 115], ['idle', 114], ['idle', 88], ['idle', 89], ['idle', 111], ['idle', 110], ['idle', 113], ['idle', 112], ['idle', 82], ['idle', 83], ['idle', 80], ['idle', 81], ['idle', 86], ['idle', 87], ['idle', 84], ['idle', 85], ['finished', 3], ['idle', 177], ['running', 7], ['idle', 108], ['idle', 109], ['idle', 102], ['idle', 103], ['idle', 100], ['idle', 101], ['idle', 106], ['idle', 107], ['idle', 104], ['idle', 105], ['running', 39], ['running', 38], ['running', 33], ['running', 32], ['running', 31], ['running', 30], ['running', 37], ['running', 36], ['running', 35], ['running', 34], ['idle', 176], ['idle', 60], ['idle', 61], ['idle', 62], ['idle', 63], ['idle', 64], ['idle', 65], ['idle', 66], ['idle', 67], ['idle', 68], ['idle', 69], ['idle', 175], ['idle', 174], ['idle', 173], ['idle', 172], ['idle', 171], ['idle', 170], ['idle', 180], ['finished', 2], ['idle', 162], ['running', 6], ['idle', 99], ['idle', 98], ['idle', 168], ['idle', 169], ['idle', 91], ['idle', 90], ['idle', 93], ['idle', 92], ['idle', 95], ['idle', 94], ['idle', 97], ['idle', 96], ['running', 11], ['running', 10], ['running', 13], ['running', 12], ['running', 15], ['running', 14], ['running', 17], ['running', 16], ['finished', 19], ['running', 18], ['idle', 117], ['idle', 116], ['idle', 151], ['idle', 150], ['idle', 153], ['idle', 152], ['idle', 155], ['idle', 154], ['idle', 157], ['idle', 156], ['idle', 159], ['idle', 158], ['running', 48], ['running', 49], ['running', 46], ['running', 47], ['running', 44], ['running', 45], ['running', 42], ['running', 43], ['running', 40], ['running', 41], ['finished', 1], ['finished', 5], ['finished', 9], ['idle', 146], ['idle', 147], ['idle', 144], ['idle', 145], ['idle', 142], ['idle', 143], ['idle', 140], ['idle', 141], ['idle', 148], ['idle', 149], ['idle', 77], ['idle', 76], ['idle', 75], ['idle', 74], ['idle', 73], ['idle', 72], ['idle', 71], ['idle', 70], ['idle', 79], ['idle', 78]]}
INFO 2015-06-11 08:31:41,301: 	 CRAB project directory:		/afs/cern.ch/user/h/hardenbr/2014/LL_DIJET/TRACKING_STUDIES/CMSSW_7_4_4/src/DisplacedJets/TrackAnalyzer/python/CRAB3_QCD_SPRING15_5UNITS/crab_qcd300_470
INFO 2015-06-11 08:31:41,301: 	 Task name:			150610_202640:hardenbr_crab_qcd300_470
INFO 2015-06-11 08:31:41,302: 	 Task status:			SUBMITTED
INFO 2015-06-11 08:31:41,302: 	 Glidemon monitoring URL:	http://glidemon.web.cern.ch/glidemon/jobs.php?taskname=150610_202640%3Ahardenbr_crab_qcd300_470
INFO 2015-06-11 08:31:41,302: 	 Dashboard monitoring URL:	http://dashb-cms-job.cern.ch/dashboard/templates/task-analysis/#user=crab&refresh=0&table=Jobs&p=1&records=25&activemenu=2&status=&site=&tid=150610_202640%3Ahardenbr_crab_qcd300_470
INFO 2015-06-11 08:31:41,302: 	 Details:			finished        3.9% (  7/180)
INFO 2015-06-11 08:31:41,302: 	 				idle           70.0% (126/180)
INFO 2015-06-11 08:31:41,302: 	 				running        26.1% ( 47/180)
INFO 2015-06-11 08:31:41,302: 	 
No publication information (publication has been disabled in the CRAB configuration file)
DEBUG 2015-06-11 10:03:13,008: 	 Executing command: 'status'
DEBUG 2015-06-11 10:03:13,008: 	 Found CRAB cache file /afs/cern.ch/user/h/hardenbr/.crab3
DEBUG 2015-06-11 10:03:13,017: 	 Checking credentials
DEBUG 2015-06-11 10:03:13,018: 	 Found proxy file /tmp/x509up_u56682
DEBUG 2015-06-11 10:03:13,018: 	 Getting proxy life time left
DEBUG 2015-06-11 10:03:13,726: 	 Executing : 
 command : voms-proxy-info -file /tmp/x509up_u56682 -timeleft
 output : 37501

 error: 
 retcode : 0
DEBUG 2015-06-11 10:03:14,335: 	 Executing : 
 command : voms-proxy-info -file /tmp/x509up_u56682 -actimeleft
 output : 37500

 error: 
 retcode : 0
DEBUG 2015-06-11 10:03:14,335: 	 Proxy valid for 10:25:01 hours
DEBUG 2015-06-11 10:03:14,594: 	 Executing : 
 command : openssl x509 -in ~/.globus/usercert.pem -subject -noout
 output : subject= /DC=ch/DC=cern/OU=Organic Units/OU=Users/CN=hardenbr/CN=705168/CN=Joshua Robert Hardenbrook

 error: WARNING: can't open config file: /build/dmwmbld/srv/state/dmwmbld/builds/comp_gcc481/w/tmp/BUILDROOT/779a792f862039a4ebba572299ebbb36/build/dmwmbld/srv/state/dmwmbld/builds/comp_gcc481/w/slc6_amd64_gcc481/external/openssl/1.0.1m-comp/ssl/openssl.cnf

 retcode : 0
DEBUG 2015-06-11 10:03:14,594: 	 Checking credentials
DEBUG 2015-06-11 10:03:14,594: 	 Found proxy file /tmp/x509up_u56682
DEBUG 2015-06-11 10:03:14,594: 	 Getting proxy life time left
DEBUG 2015-06-11 10:03:15,305: 	 Executing : 
 command : voms-proxy-info -file /tmp/x509up_u56682 -timeleft
 output : 37499

 error: 
 retcode : 0
DEBUG 2015-06-11 10:03:16,028: 	 Executing : 
 command : voms-proxy-info -file /tmp/x509up_u56682 -actimeleft
 output : 37499

 error: 
 retcode : 0
DEBUG 2015-06-11 10:03:16,029: 	 Proxy valid for 10:24:59 hours
DEBUG 2015-06-11 10:03:16,457: 	 Registering user credentials for server /DC=ch/DC=cern/OU=computers/CN=vocms(045|052|021|031).cern.ch
DEBUG 2015-06-11 10:03:16,572: 	 Executing : 
 command : openssl x509 -in ~/.globus/usercert.pem -subject -noout
 output : subject= /DC=ch/DC=cern/OU=Organic Units/OU=Users/CN=hardenbr/CN=705168/CN=Joshua Robert Hardenbrook

 error: WARNING: can't open config file: /build/dmwmbld/srv/state/dmwmbld/builds/comp_gcc481/w/tmp/BUILDROOT/779a792f862039a4ebba572299ebbb36/build/dmwmbld/srv/state/dmwmbld/builds/comp_gcc481/w/slc6_amd64_gcc481/external/openssl/1.0.1m-comp/ssl/openssl.cnf

 retcode : 0
DEBUG 2015-06-11 10:03:16,572: 	 Getting myproxy life time left for myproxy.cern.ch
DEBUG 2015-06-11 10:03:16,572: 	 Calculating hash of /DC=ch/DC=cern/OU=Organic Units/OU=Users/CN=hardenbr/CN=705168/CN=Joshua Robert Hardenbrook_cmsweb.cern.ch for credential name
DEBUG 2015-06-11 10:03:16,781: 	 Executing : 
 command : myproxy-info -l fdbcd253c5e13180d036bb7f350ef35a4f8814ed -s myproxy.cern.ch
 output : username: fdbcd253c5e13180d036bb7f350ef35a4f8814ed
owner: /DC=ch/DC=cern/OU=Organic Units/OU=Users/CN=hardenbr/CN=705168/CN=Joshua Robert Hardenbrook
  renewal policy: /DC=ch/DC=cern/OU=computers/CN=vocms(045|052|021|031).cern.ch
  trusted retrieval policy: /DC=ch/DC=cern/OU=computers/CN=vocms(045|052|021|031).cern.ch
  timeleft: 363:06:40  (15.1 days)

 error: 
 retcode : 0
DEBUG 2015-06-11 10:03:16,785: 	 Myproxy is valid: 1307200
DEBUG 2015-06-11 10:03:16,786: 	 Command use: status
DEBUG 2015-06-11 10:03:16,786: 	 Options use: ['crab_qcd300_470']
DEBUG 2015-06-11 10:03:17,275: 	 CRABClient version: 3.3.1506
DEBUG 2015-06-11 10:03:17,276: 	 Instance is prod
DEBUG 2015-06-11 10:03:17,276: 	 Server base url is cmsweb.cern.ch
DEBUG 2015-06-11 10:03:17,276: 	 Command url /crabserver/prod/workflow
DEBUG 2015-06-11 10:03:17,276: 	 Looking up detailed status of task 150610_202640:hardenbr_crab_qcd300_470
DEBUG 2015-06-11 10:03:18,424: 	 {'status': 'SUBMITTED', 'schedd': 'crab3-2@vocms0109.cern.ch', 'saveLogs': 'F', 'jobsPerStatus': {'finished': 82, 'running': 98}, 'jobs': {'133': {'State': 'finished'}, '132': {'State': 'running'}, '131': {'State': 'finished'}, '130': {'State': 'running'}, '137': {'State': 'running'}, '136': {'State': 'finished'}, '135': {'State': 'running'}, '134': {'State': 'running'}, '139': {'State': 'running'}, '138': {'State': 'running'}, '93': {'State': 'running'}, '24': {'State': 'finished'}, '25': {'State': 'finished'}, '26': {'State': 'finished'}, '27': {'State': 'finished'}, '20': {'State': 'finished'}, '21': {'State': 'running'}, '22': {'State': 'running'}, '23': {'State': 'running'}, '95': {'State': 'finished'}, '28': {'State': 'finished'}, '29': {'State': 'finished'}, '94': {'State': 'running'}, '4': {'State': 'finished'}, '8': {'State': 'finished'}, '96': {'State': 'running'}, '68': {'State': 'finished'}, '120': {'State': 'running'}, '121': {'State': 'running'}, '122': {'State': 'running'}, '123': {'State': 'running'}, '124': {'State': 'running'}, '125': {'State': 'running'}, '126': {'State': 'running'}, '127': {'State': 'running'}, '128': {'State': 'running'}, '129': {'State': 'running'}, '69': {'State': 'running'}, '91': {'State': 'finished'}, '59': {'State': 'finished'}, '58': {'State': 'finished'}, '55': {'State': 'finished'}, '54': {'State': 'finished'}, '57': {'State': 'finished'}, '56': {'State': 'finished'}, '51': {'State': 'finished'}, '50': {'State': 'running'}, '53': {'State': 'finished'}, '52': {'State': 'running'}, '90': {'State': 'running'}, '66': {'State': 'finished'}, '67': {'State': 'running'}, '115': {'State': 'running'}, '114': {'State': 'finished'}, '88': {'State': 'running'}, '89': {'State': 'running'}, '111': {'State': 'running'}, '110': {'State': 'running'}, '113': {'State': 'running'}, '112': {'State': 'running'}, '82': {'State': 'finished'}, '83': {'State': 'running'}, '80': {'State': 'finished'}, '81': {'State': 'finished'}, '119': {'State': 'finished'}, '118': {'State': 'running'}, '84': {'State': 'running'}, '85': {'State': 'running'}, '3': {'State': 'finished'}, '7': {'State': 'finished'}, '92': {'State': 'running'}, '108': {'State': 'running'}, '109': {'State': 'finished'}, '102': {'State': 'running'}, '103': {'State': 'finished'}, '100': {'State': 'running'}, '101': {'State': 'running'}, '106': {'State': 'running'}, '107': {'State': 'running'}, '104': {'State': 'finished'}, '105': {'State': 'running'}, '39': {'State': 'finished'}, '38': {'State': 'finished'}, '33': {'State': 'finished'}, '32': {'State': 'finished'}, '31': {'State': 'finished'}, '30': {'State': 'finished'}, '37': {'State': 'finished'}, '36': {'State': 'finished'}, '35': {'State': 'finished'}, '34': {'State': 'finished'}, '60': {'State': 'finished'}, '61': {'State': 'running'}, '62': {'State': 'finished'}, '63': {'State': 'finished'}, '64': {'State': 'finished'}, '65': {'State': 'finished'}, '179': {'State': 'running'}, '178': {'State': 'running'}, '177': {'State': 'running'}, '176': {'State': 'running'}, '175': {'State': 'running'}, '174': {'State': 'running'}, '173': {'State': 'running'}, '172': {'State': 'running'}, '171': {'State': 'finished'}, '170': {'State': 'running'}, '180': {'State': 'running'}, '2': {'State': 'finished'}, '6': {'State': 'finished'}, '97': {'State': 'running'}, '99': {'State': 'finished'}, '98': {'State': 'running'}, '168': {'State': 'running'}, '169': {'State': 'running'}, '164': {'State': 'running'}, '165': {'State': 'finished'}, '166': {'State': 'running'}, '167': {'State': 'running'}, '160': {'State': 'running'}, '161': {'State': 'running'}, '162': {'State': 'running'}, '163': {'State': 'running'}, '11': {'State': 'finished'}, '10': {'State': 'finished'}, '13': {'State': 'finished'}, '12': {'State': 'finished'}, '15': {'State': 'finished'}, '14': {'State': 'finished'}, '17': {'State': 'finished'}, '16': {'State': 'finished'}, '19': {'State': 'finished'}, '18': {'State': 'finished'}, '117': {'State': 'running'}, '116': {'State': 'running'}, '151': {'State': 'running'}, '150': {'State': 'running'}, '153': {'State': 'running'}, '152': {'State': 'running'}, '155': {'State': 'finished'}, '154': {'State': 'running'}, '157': {'State': 'running'}, '156': {'State': 'running'}, '159': {'State': 'finished'}, '158': {'State': 'running'}, '48': {'State': 'running'}, '49': {'State': 'finished'}, '46': {'State': 'finished'}, '86': {'State': 'finished'}, '44': {'State': 'running'}, '45': {'State': 'finished'}, '42': {'State': 'running'}, '43': {'State': 'finished'}, '40': {'State': 'finished'}, '87': {'State': 'running'}, '1': {'State': 'finished'}, '5': {'State': 'finished'}, '9': {'State': 'finished'}, '146': {'State': 'running'}, '147': {'State': 'running'}, '144': {'State': 'finished'}, '145': {'State': 'running'}, '142': {'State': 'running'}, '143': {'State': 'running'}, '140': {'State': 'running'}, '141': {'State': 'running'}, '148': {'State': 'running'}, '149': {'State': 'running'}, '77': {'State': 'finished'}, '76': {'State': 'finished'}, '75': {'State': 'running'}, '74': {'State': 'finished'}, '73': {'State': 'running'}, '72': {'State': 'running'}, '71': {'State': 'finished'}, '70': {'State': 'finished'}, '79': {'State': 'running'}, '78': {'State': 'running'}, '41': {'State': 'finished'}, '47': {'State': 'running'}}, 'publication': {'disabled': []}, 'taskWarningMsg': [], 'outdatasets': None, 'taskFailureMsg': '', 'failedJobdefs': 0, 'ASOURL': 'https://cmsweb.cern.ch/couchdb', 'pool': {}, 'totalJobdefs': 0, 'jobSetID': '150610_202640:hardenbr_crab_qcd300_470', 'jobdefErrors': [], 'collector': 'vocms0115.cern.ch', 'jobList': [['finished', 165], ['finished', 133], ['running', 132], ['finished', 131], ['running', 130], ['running', 137], ['finished', 136], ['running', 135], ['running', 134], ['running', 139], ['running', 138], ['running', 166], ['finished', 24], ['finished', 25], ['finished', 26], ['finished', 27], ['finished', 20], ['running', 21], ['running', 22], ['running', 23], ['running', 160], ['finished', 28], ['finished', 29], ['running', 161], ['finished', 4], ['finished', 8], ['running', 163], ['finished', 119], ['running', 120], ['running', 121], ['running', 122], ['running', 123], ['running', 124], ['running', 125], ['running', 126], ['running', 127], ['running', 128], ['running', 129], ['running', 167], ['running', 118], ['finished', 59], ['finished', 58], ['finished', 55], ['finished', 54], ['finished', 57], ['finished', 56], ['finished', 51], ['running', 50], ['finished', 53], ['running', 52], ['running', 164], ['running', 179], ['running', 178], ['running', 115], ['finished', 114], ['running', 88], ['running', 89], ['running', 111], ['running', 110], ['running', 113], ['running', 112], ['finished', 82], ['running', 83], ['finished', 80], ['finished', 81], ['finished', 86], ['running', 87], ['running', 84], ['running', 85], ['finished', 3], ['running', 177], ['finished', 7], ['running', 108], ['finished', 109], ['running', 102], ['finished', 103], ['running', 100], ['running', 101], ['running', 106], ['running', 107], ['finished', 104], ['running', 105], ['finished', 39], ['finished', 38], ['finished', 33], ['finished', 32], ['finished', 31], ['finished', 30], ['finished', 37], ['finished', 36], ['finished', 35], ['finished', 34], ['running', 176], ['finished', 60], ['running', 61], ['finished', 62], ['finished', 63], ['finished', 64], ['finished', 65], ['finished', 66], ['running', 67], ['finished', 68], ['running', 69], ['running', 175], ['running', 174], ['running', 173], ['running', 172], ['finished', 171], ['running', 170], ['running', 180], ['finished', 2], ['running', 162], ['finished', 6], ['finished', 99], ['running', 98], ['running', 168], ['running', 169], ['finished', 91], ['running', 90], ['running', 93], ['running', 92], ['finished', 95], ['running', 94], ['running', 97], ['running', 96], ['finished', 11], ['finished', 10], ['finished', 13], ['finished', 12], ['finished', 15], ['finished', 14], ['finished', 17], ['finished', 16], ['finished', 19], ['finished', 18], ['running', 117], ['running', 116], ['running', 151], ['running', 150], ['running', 153], ['running', 152], ['finished', 155], ['running', 154], ['running', 157], ['running', 156], ['finished', 159], ['running', 158], ['running', 48], ['finished', 49], ['finished', 46], ['running', 47], ['running', 44], ['finished', 45], ['running', 42], ['finished', 43], ['finished', 40], ['finished', 41], ['finished', 1], ['finished', 5], ['finished', 9], ['running', 146], ['running', 147], ['finished', 144], ['running', 145], ['running', 142], ['running', 143], ['running', 140], ['running', 141], ['running', 148], ['running', 149], ['finished', 77], ['finished', 76], ['running', 75], ['finished', 74], ['running', 73], ['running', 72], ['finished', 71], ['finished', 70], ['running', 79], ['running', 78]]}
INFO 2015-06-11 10:03:18,424: 	 CRAB project directory:		/afs/cern.ch/user/h/hardenbr/2014/LL_DIJET/TRACKING_STUDIES/CMSSW_7_4_4/src/DisplacedJets/TrackAnalyzer/python/CRAB3_QCD_SPRING15_5UNITS/crab_qcd300_470
INFO 2015-06-11 10:03:18,424: 	 Task name:			150610_202640:hardenbr_crab_qcd300_470
INFO 2015-06-11 10:03:18,424: 	 Task status:			SUBMITTED
INFO 2015-06-11 10:03:18,424: 	 Glidemon monitoring URL:	http://glidemon.web.cern.ch/glidemon/jobs.php?taskname=150610_202640%3Ahardenbr_crab_qcd300_470
INFO 2015-06-11 10:03:18,424: 	 Dashboard monitoring URL:	http://dashb-cms-job.cern.ch/dashboard/templates/task-analysis/#user=crab&refresh=0&table=Jobs&p=1&records=25&activemenu=2&status=&site=&tid=150610_202640%3Ahardenbr_crab_qcd300_470
INFO 2015-06-11 10:03:18,424: 	 Details:			finished       45.6% ( 82/180)
INFO 2015-06-11 10:03:18,424: 	 				running        54.4% ( 98/180)
INFO 2015-06-11 10:03:18,425: 	 
No publication information (publication has been disabled in the CRAB configuration file)
