DEBUG 2015-06-10 22:31:31,407: 	 Executing command: 'status'
DEBUG 2015-06-10 22:31:31,408: 	 Found CRAB cache file /afs/cern.ch/user/h/hardenbr/.crab3
DEBUG 2015-06-10 22:31:31,419: 	 Checking credentials
DEBUG 2015-06-10 22:31:31,419: 	 Found proxy file /tmp/x509up_u56682
DEBUG 2015-06-10 22:31:31,419: 	 Getting proxy life time left
DEBUG 2015-06-10 22:31:31,823: 	 Executing : 
 command : voms-proxy-info -file /tmp/x509up_u56682 -timeleft
 output : 42531

 error: 
 retcode : 0
DEBUG 2015-06-10 22:31:32,327: 	 Executing : 
 command : voms-proxy-info -file /tmp/x509up_u56682 -actimeleft
 output : 42530

 error: 
 retcode : 0
DEBUG 2015-06-10 22:31:32,328: 	 Proxy valid for 11:48:51 hours
DEBUG 2015-06-10 22:31:32,481: 	 Executing : 
 command : openssl x509 -in ~/.globus/usercert.pem -subject -noout
 output : subject= /DC=ch/DC=cern/OU=Organic Units/OU=Users/CN=hardenbr/CN=705168/CN=Joshua Robert Hardenbrook

 error: WARNING: can't open config file: /build/dmwmbld/srv/state/dmwmbld/builds/comp_gcc481/w/tmp/BUILDROOT/779a792f862039a4ebba572299ebbb36/build/dmwmbld/srv/state/dmwmbld/builds/comp_gcc481/w/slc6_amd64_gcc481/external/openssl/1.0.1m-comp/ssl/openssl.cnf

 retcode : 0
DEBUG 2015-06-10 22:31:32,481: 	 Checking credentials
DEBUG 2015-06-10 22:31:32,481: 	 Found proxy file /tmp/x509up_u56682
DEBUG 2015-06-10 22:31:32,481: 	 Getting proxy life time left
DEBUG 2015-06-10 22:31:32,885: 	 Executing : 
 command : voms-proxy-info -file /tmp/x509up_u56682 -timeleft
 output : 42530

 error: 
 retcode : 0
DEBUG 2015-06-10 22:31:33,289: 	 Executing : 
 command : voms-proxy-info -file /tmp/x509up_u56682 -actimeleft
 output : 42529

 error: 
 retcode : 0
DEBUG 2015-06-10 22:31:33,289: 	 Proxy valid for 11:48:50 hours
DEBUG 2015-06-10 22:31:33,619: 	 Registering user credentials for server /DC=ch/DC=cern/OU=computers/CN=vocms(045|052|021|031).cern.ch
DEBUG 2015-06-10 22:31:33,727: 	 Executing : 
 command : openssl x509 -in ~/.globus/usercert.pem -subject -noout
 output : subject= /DC=ch/DC=cern/OU=Organic Units/OU=Users/CN=hardenbr/CN=705168/CN=Joshua Robert Hardenbrook

 error: WARNING: can't open config file: /build/dmwmbld/srv/state/dmwmbld/builds/comp_gcc481/w/tmp/BUILDROOT/779a792f862039a4ebba572299ebbb36/build/dmwmbld/srv/state/dmwmbld/builds/comp_gcc481/w/slc6_amd64_gcc481/external/openssl/1.0.1m-comp/ssl/openssl.cnf

 retcode : 0
DEBUG 2015-06-10 22:31:33,727: 	 Getting myproxy life time left for myproxy.cern.ch
DEBUG 2015-06-10 22:31:33,727: 	 Calculating hash of /DC=ch/DC=cern/OU=Organic Units/OU=Users/CN=hardenbr/CN=705168/CN=Joshua Robert Hardenbrook_cmsweb.cern.ch for credential name
DEBUG 2015-06-10 22:31:33,931: 	 Executing : 
 command : myproxy-info -l fdbcd253c5e13180d036bb7f350ef35a4f8814ed -s myproxy.cern.ch
 output : username: fdbcd253c5e13180d036bb7f350ef35a4f8814ed
owner: /DC=ch/DC=cern/OU=Organic Units/OU=Users/CN=hardenbr/CN=705168/CN=Joshua Robert Hardenbrook
  renewal policy: /DC=ch/DC=cern/OU=computers/CN=vocms(045|052|021|031).cern.ch
  trusted retrieval policy: /DC=ch/DC=cern/OU=computers/CN=vocms(045|052|021|031).cern.ch
  timeleft: 374:38:23  (15.6 days)

 error: 
 retcode : 0
DEBUG 2015-06-10 22:31:33,932: 	 Myproxy is valid: 1348703
DEBUG 2015-06-10 22:31:33,932: 	 Command use: status
DEBUG 2015-06-10 22:31:33,932: 	 Options use: ['crab_qcd15_30']
DEBUG 2015-06-10 22:31:34,304: 	 CRABClient version: 3.3.1506
DEBUG 2015-06-10 22:31:34,304: 	 Instance is prod
DEBUG 2015-06-10 22:31:34,304: 	 Server base url is cmsweb.cern.ch
DEBUG 2015-06-10 22:31:34,304: 	 Command url /crabserver/prod/workflow
DEBUG 2015-06-10 22:31:34,304: 	 Looking up detailed status of task 150610_202606:hardenbr_crab_qcd15_30
DEBUG 2015-06-10 22:31:48,645: 	 {'status': 'SUBMITTED', 'schedd': 'crab3test-2@vocms095.cern.ch', 'saveLogs': 'F', 'jobsPerStatus': {'idle': 70, 'unsubmitted': 32}, 'jobs': {'24': {'State': 'idle'}, '25': {'State': 'idle'}, '26': {'State': 'idle'}, '27': {'State': 'idle'}, '20': {'State': 'idle'}, '21': {'State': 'idle'}, '22': {'State': 'idle'}, '23': {'State': 'idle'}, '28': {'State': 'idle'}, '29': {'State': 'idle'}, '4': {'State': 'idle'}, '8': {'State': 'idle'}, '59': {'State': 'idle'}, '58': {'State': 'idle'}, '55': {'State': 'idle'}, '54': {'State': 'idle'}, '57': {'State': 'idle'}, '56': {'State': 'idle'}, '51': {'State': 'idle'}, '50': {'State': 'idle'}, '53': {'State': 'idle'}, '52': {'State': 'idle'}, '88': {'State': 'unsubmitted'}, '89': {'State': 'unsubmitted'}, '82': {'State': 'unsubmitted'}, '83': {'State': 'unsubmitted'}, '80': {'State': 'unsubmitted'}, '81': {'State': 'unsubmitted'}, '86': {'State': 'unsubmitted'}, '87': {'State': 'unsubmitted'}, '84': {'State': 'unsubmitted'}, '85': {'State': 'unsubmitted'}, '3': {'State': 'idle'}, '7': {'State': 'idle'}, '102': {'State': 'unsubmitted'}, '100': {'State': 'unsubmitted'}, '101': {'State': 'unsubmitted'}, '39': {'State': 'idle'}, '38': {'State': 'idle'}, '33': {'State': 'idle'}, '32': {'State': 'idle'}, '31': {'State': 'idle'}, '30': {'State': 'idle'}, '37': {'State': 'idle'}, '36': {'State': 'idle'}, '35': {'State': 'idle'}, '34': {'State': 'idle'}, '60': {'State': 'idle'}, '61': {'State': 'idle'}, '62': {'State': 'idle'}, '63': {'State': 'idle'}, '64': {'State': 'idle'}, '65': {'State': 'idle'}, '66': {'State': 'idle'}, '67': {'State': 'idle'}, '68': {'State': 'idle'}, '69': {'State': 'idle'}, '2': {'State': 'idle'}, '6': {'State': 'idle'}, '99': {'State': 'unsubmitted'}, '98': {'State': 'unsubmitted'}, '91': {'State': 'unsubmitted'}, '90': {'State': 'unsubmitted'}, '93': {'State': 'unsubmitted'}, '92': {'State': 'unsubmitted'}, '95': {'State': 'unsubmitted'}, '94': {'State': 'unsubmitted'}, '97': {'State': 'unsubmitted'}, '96': {'State': 'unsubmitted'}, '11': {'State': 'idle'}, '10': {'State': 'idle'}, '13': {'State': 'idle'}, '12': {'State': 'idle'}, '15': {'State': 'idle'}, '14': {'State': 'idle'}, '17': {'State': 'idle'}, '16': {'State': 'idle'}, '19': {'State': 'idle'}, '18': {'State': 'idle'}, '48': {'State': 'idle'}, '49': {'State': 'idle'}, '46': {'State': 'idle'}, '47': {'State': 'idle'}, '44': {'State': 'idle'}, '45': {'State': 'idle'}, '42': {'State': 'idle'}, '43': {'State': 'idle'}, '40': {'State': 'idle'}, '41': {'State': 'unsubmitted'}, '1': {'State': 'idle'}, '5': {'State': 'idle'}, '9': {'State': 'idle'}, '77': {'State': 'unsubmitted'}, '76': {'State': 'unsubmitted'}, '75': {'State': 'unsubmitted'}, '74': {'State': 'unsubmitted'}, '73': {'State': 'unsubmitted'}, '72': {'State': 'unsubmitted'}, '71': {'State': 'idle'}, '70': {'State': 'idle'}, '79': {'State': 'unsubmitted'}, '78': {'State': 'unsubmitted'}}, 'publication': {'disabled': []}, 'taskWarningMsg': [], 'outdatasets': None, 'taskFailureMsg': '', 'failedJobdefs': 0, 'ASOURL': 'https://cmsweb.cern.ch/couchdb', 'pool': {}, 'totalJobdefs': 0, 'jobSetID': '150610_202606:hardenbr_crab_qcd15_30', 'jobdefErrors': [], 'collector': 'vocms097.cern.ch,vocms099.cern.ch', 'jobList': [['idle', 24], ['idle', 25], ['idle', 26], ['idle', 27], ['idle', 20], ['idle', 21], ['idle', 22], ['idle', 23], ['idle', 28], ['idle', 29], ['idle', 4], ['idle', 8], ['idle', 59], ['idle', 58], ['idle', 55], ['idle', 54], ['idle', 57], ['idle', 56], ['idle', 51], ['idle', 50], ['idle', 53], ['idle', 52], ['unsubmitted', 88], ['unsubmitted', 89], ['unsubmitted', 82], ['unsubmitted', 83], ['unsubmitted', 80], ['unsubmitted', 81], ['unsubmitted', 86], ['unsubmitted', 87], ['unsubmitted', 84], ['unsubmitted', 85], ['idle', 3], ['idle', 7], ['unsubmitted', 102], ['unsubmitted', 100], ['unsubmitted', 101], ['idle', 39], ['idle', 38], ['idle', 33], ['idle', 32], ['idle', 31], ['idle', 30], ['idle', 37], ['idle', 36], ['idle', 35], ['idle', 34], ['idle', 60], ['idle', 61], ['idle', 62], ['idle', 63], ['idle', 64], ['idle', 65], ['idle', 66], ['idle', 67], ['idle', 68], ['idle', 69], ['idle', 2], ['idle', 6], ['unsubmitted', 99], ['unsubmitted', 98], ['unsubmitted', 91], ['unsubmitted', 90], ['unsubmitted', 93], ['unsubmitted', 92], ['unsubmitted', 95], ['unsubmitted', 94], ['unsubmitted', 97], ['unsubmitted', 96], ['idle', 11], ['idle', 10], ['idle', 13], ['idle', 12], ['idle', 15], ['idle', 14], ['idle', 17], ['idle', 16], ['idle', 19], ['idle', 18], ['idle', 48], ['idle', 49], ['idle', 46], ['idle', 47], ['idle', 44], ['idle', 45], ['idle', 42], ['idle', 43], ['idle', 40], ['unsubmitted', 41], ['idle', 1], ['idle', 5], ['idle', 9], ['unsubmitted', 77], ['unsubmitted', 76], ['unsubmitted', 75], ['unsubmitted', 74], ['unsubmitted', 73], ['unsubmitted', 72], ['idle', 71], ['idle', 70], ['unsubmitted', 79], ['unsubmitted', 78]]}
INFO 2015-06-10 22:31:48,645: 	 CRAB project directory:		/afs/cern.ch/user/h/hardenbr/2014/LL_DIJET/TRACKING_STUDIES/CMSSW_7_4_4/src/DisplacedJets/TrackAnalyzer/python/CRAB3_QCD_SPRING15_5UNITS/crab_qcd15_30
INFO 2015-06-10 22:31:48,645: 	 Task name:			150610_202606:hardenbr_crab_qcd15_30
INFO 2015-06-10 22:31:48,645: 	 Task status:			SUBMITTED
INFO 2015-06-10 22:31:48,645: 	 Glidemon monitoring URL:	http://glidemon.web.cern.ch/glidemon/jobs.php?taskname=150610_202606%3Ahardenbr_crab_qcd15_30
INFO 2015-06-10 22:31:48,646: 	 Dashboard monitoring URL:	http://dashb-cms-job.cern.ch/dashboard/templates/task-analysis/#user=crab&refresh=0&table=Jobs&p=1&records=25&activemenu=2&status=&site=&tid=150610_202606%3Ahardenbr_crab_qcd15_30
INFO 2015-06-10 22:31:48,646: 	 Details:			idle           68.6% ( 70/102)
INFO 2015-06-10 22:31:48,646: 	 				unsubmitted    31.4% ( 32/102)
INFO 2015-06-10 22:31:48,646: 	 
No publication information (publication has been disabled in the CRAB configuration file)
DEBUG 2015-06-11 08:30:58,511: 	 Executing command: 'status'
DEBUG 2015-06-11 08:30:58,511: 	 Found CRAB cache file /afs/cern.ch/user/h/hardenbr/.crab3
DEBUG 2015-06-11 08:30:58,522: 	 Checking credentials
DEBUG 2015-06-11 08:30:58,523: 	 Found proxy file /tmp/x509up_u56682
DEBUG 2015-06-11 08:30:58,523: 	 Getting proxy life time left
DEBUG 2015-06-11 08:30:59,128: 	 Executing : 
 command : voms-proxy-info -file /tmp/x509up_u56682 -timeleft
 output : 43035

 error: 
 retcode : 0
DEBUG 2015-06-11 08:30:59,639: 	 Executing : 
 command : voms-proxy-info -file /tmp/x509up_u56682 -actimeleft
 output : 43035

 error: 
 retcode : 0
DEBUG 2015-06-11 08:30:59,640: 	 Proxy valid for 11:57:15 hours
DEBUG 2015-06-11 08:30:59,763: 	 Executing : 
 command : openssl x509 -in ~/.globus/usercert.pem -subject -noout
 output : subject= /DC=ch/DC=cern/OU=Organic Units/OU=Users/CN=hardenbr/CN=705168/CN=Joshua Robert Hardenbrook

 error: WARNING: can't open config file: /build/dmwmbld/srv/state/dmwmbld/builds/comp_gcc481/w/tmp/BUILDROOT/779a792f862039a4ebba572299ebbb36/build/dmwmbld/srv/state/dmwmbld/builds/comp_gcc481/w/slc6_amd64_gcc481/external/openssl/1.0.1m-comp/ssl/openssl.cnf

 retcode : 0
DEBUG 2015-06-11 08:30:59,763: 	 Checking credentials
DEBUG 2015-06-11 08:30:59,763: 	 Found proxy file /tmp/x509up_u56682
DEBUG 2015-06-11 08:30:59,764: 	 Getting proxy life time left
DEBUG 2015-06-11 08:31:00,373: 	 Executing : 
 command : voms-proxy-info -file /tmp/x509up_u56682 -timeleft
 output : 43034

 error: 
 retcode : 0
DEBUG 2015-06-11 08:31:00,881: 	 Executing : 
 command : voms-proxy-info -file /tmp/x509up_u56682 -actimeleft
 output : 43034

 error: 
 retcode : 0
DEBUG 2015-06-11 08:31:00,881: 	 Proxy valid for 11:57:14 hours
DEBUG 2015-06-11 08:31:01,324: 	 Registering user credentials for server /DC=ch/DC=cern/OU=computers/CN=vocms(045|052|021|031).cern.ch
DEBUG 2015-06-11 08:31:01,438: 	 Executing : 
 command : openssl x509 -in ~/.globus/usercert.pem -subject -noout
 output : subject= /DC=ch/DC=cern/OU=Organic Units/OU=Users/CN=hardenbr/CN=705168/CN=Joshua Robert Hardenbrook

 error: WARNING: can't open config file: /build/dmwmbld/srv/state/dmwmbld/builds/comp_gcc481/w/tmp/BUILDROOT/779a792f862039a4ebba572299ebbb36/build/dmwmbld/srv/state/dmwmbld/builds/comp_gcc481/w/slc6_amd64_gcc481/external/openssl/1.0.1m-comp/ssl/openssl.cnf

 retcode : 0
DEBUG 2015-06-11 08:31:01,438: 	 Getting myproxy life time left for myproxy.cern.ch
DEBUG 2015-06-11 08:31:01,438: 	 Calculating hash of /DC=ch/DC=cern/OU=Organic Units/OU=Users/CN=hardenbr/CN=705168/CN=Joshua Robert Hardenbrook_cmsweb.cern.ch for credential name
DEBUG 2015-06-11 08:31:01,846: 	 Executing : 
 command : myproxy-info -l fdbcd253c5e13180d036bb7f350ef35a4f8814ed -s myproxy.cern.ch
 output : username: fdbcd253c5e13180d036bb7f350ef35a4f8814ed
owner: /DC=ch/DC=cern/OU=Organic Units/OU=Users/CN=hardenbr/CN=705168/CN=Joshua Robert Hardenbrook
  renewal policy: /DC=ch/DC=cern/OU=computers/CN=vocms(045|052|021|031).cern.ch
  trusted retrieval policy: /DC=ch/DC=cern/OU=computers/CN=vocms(045|052|021|031).cern.ch
  timeleft: 364:38:55  (15.2 days)

 error: 
 retcode : 0
DEBUG 2015-06-11 08:31:01,848: 	 Myproxy is valid: 1312735
DEBUG 2015-06-11 08:31:01,848: 	 Command use: status
DEBUG 2015-06-11 08:31:01,848: 	 Options use: ['crab_qcd15_30']
DEBUG 2015-06-11 08:31:02,276: 	 CRABClient version: 3.3.1506
DEBUG 2015-06-11 08:31:02,276: 	 Instance is prod
DEBUG 2015-06-11 08:31:02,276: 	 Server base url is cmsweb.cern.ch
DEBUG 2015-06-11 08:31:02,276: 	 Command url /crabserver/prod/workflow
DEBUG 2015-06-11 08:31:02,276: 	 Looking up detailed status of task 150610_202606:hardenbr_crab_qcd15_30
DEBUG 2015-06-11 08:31:04,321: 	 {'status': 'SUBMITTED', 'schedd': 'crab3test-2@vocms095.cern.ch', 'saveLogs': 'F', 'jobsPerStatus': {'finished': 101, 'idle': 1}, 'jobs': {'24': {'State': 'finished'}, '25': {'State': 'finished'}, '26': {'State': 'finished'}, '27': {'State': 'finished'}, '20': {'State': 'finished'}, '21': {'State': 'idle'}, '22': {'State': 'finished'}, '23': {'State': 'finished'}, '28': {'State': 'finished'}, '29': {'State': 'finished'}, '4': {'State': 'finished'}, '8': {'State': 'finished'}, '59': {'State': 'finished'}, '58': {'State': 'finished'}, '55': {'State': 'finished'}, '54': {'State': 'finished'}, '57': {'State': 'finished'}, '56': {'State': 'finished'}, '51': {'State': 'finished'}, '50': {'State': 'finished'}, '53': {'State': 'finished'}, '52': {'State': 'finished'}, '88': {'State': 'finished'}, '89': {'State': 'finished'}, '82': {'State': 'finished'}, '83': {'State': 'finished'}, '80': {'State': 'finished'}, '81': {'State': 'finished'}, '86': {'State': 'finished'}, '87': {'State': 'finished'}, '84': {'State': 'finished'}, '85': {'State': 'finished'}, '3': {'State': 'finished'}, '7': {'State': 'finished'}, '102': {'State': 'finished'}, '100': {'State': 'finished'}, '101': {'State': 'finished'}, '39': {'State': 'finished'}, '38': {'State': 'finished'}, '33': {'State': 'finished'}, '32': {'State': 'finished'}, '31': {'State': 'finished'}, '30': {'State': 'finished'}, '37': {'State': 'finished'}, '36': {'State': 'finished'}, '35': {'State': 'finished'}, '34': {'State': 'finished'}, '60': {'State': 'finished'}, '61': {'State': 'finished'}, '62': {'State': 'finished'}, '63': {'State': 'finished'}, '64': {'State': 'finished'}, '65': {'State': 'finished'}, '66': {'State': 'finished'}, '67': {'State': 'finished'}, '68': {'State': 'finished'}, '69': {'State': 'finished'}, '2': {'State': 'finished'}, '6': {'State': 'finished'}, '99': {'State': 'finished'}, '98': {'State': 'finished'}, '91': {'State': 'finished'}, '90': {'State': 'finished'}, '93': {'State': 'finished'}, '92': {'State': 'finished'}, '95': {'State': 'finished'}, '94': {'State': 'finished'}, '97': {'State': 'finished'}, '96': {'State': 'finished'}, '11': {'State': 'finished'}, '10': {'State': 'finished'}, '13': {'State': 'finished'}, '12': {'State': 'finished'}, '15': {'State': 'finished'}, '14': {'State': 'finished'}, '17': {'State': 'finished'}, '16': {'State': 'finished'}, '19': {'State': 'finished'}, '18': {'State': 'finished'}, '48': {'State': 'finished'}, '49': {'State': 'finished'}, '46': {'State': 'finished'}, '47': {'State': 'finished'}, '44': {'State': 'finished'}, '45': {'State': 'finished'}, '42': {'State': 'finished'}, '43': {'State': 'finished'}, '40': {'State': 'finished'}, '41': {'State': 'finished'}, '1': {'State': 'finished'}, '5': {'State': 'finished'}, '9': {'State': 'finished'}, '77': {'State': 'finished'}, '76': {'State': 'finished'}, '75': {'State': 'finished'}, '74': {'State': 'finished'}, '73': {'State': 'finished'}, '72': {'State': 'finished'}, '71': {'State': 'finished'}, '70': {'State': 'finished'}, '79': {'State': 'finished'}, '78': {'State': 'finished'}}, 'publication': {'disabled': []}, 'taskWarningMsg': [], 'outdatasets': None, 'taskFailureMsg': '', 'failedJobdefs': 0, 'ASOURL': 'https://cmsweb.cern.ch/couchdb', 'pool': {}, 'totalJobdefs': 0, 'jobSetID': '150610_202606:hardenbr_crab_qcd15_30', 'jobdefErrors': [], 'collector': 'vocms097.cern.ch,vocms099.cern.ch', 'jobList': [['finished', 24], ['finished', 25], ['finished', 26], ['finished', 27], ['finished', 20], ['idle', 21], ['finished', 22], ['finished', 23], ['finished', 28], ['finished', 29], ['finished', 4], ['finished', 8], ['finished', 59], ['finished', 58], ['finished', 55], ['finished', 54], ['finished', 57], ['finished', 56], ['finished', 51], ['finished', 50], ['finished', 53], ['finished', 52], ['finished', 88], ['finished', 89], ['finished', 82], ['finished', 83], ['finished', 80], ['finished', 81], ['finished', 86], ['finished', 87], ['finished', 84], ['finished', 85], ['finished', 3], ['finished', 7], ['finished', 102], ['finished', 100], ['finished', 101], ['finished', 39], ['finished', 38], ['finished', 33], ['finished', 32], ['finished', 31], ['finished', 30], ['finished', 37], ['finished', 36], ['finished', 35], ['finished', 34], ['finished', 60], ['finished', 61], ['finished', 62], ['finished', 63], ['finished', 64], ['finished', 65], ['finished', 66], ['finished', 67], ['finished', 68], ['finished', 69], ['finished', 2], ['finished', 6], ['finished', 99], ['finished', 98], ['finished', 91], ['finished', 90], ['finished', 93], ['finished', 92], ['finished', 95], ['finished', 94], ['finished', 97], ['finished', 96], ['finished', 11], ['finished', 10], ['finished', 13], ['finished', 12], ['finished', 15], ['finished', 14], ['finished', 17], ['finished', 16], ['finished', 19], ['finished', 18], ['finished', 48], ['finished', 49], ['finished', 46], ['finished', 47], ['finished', 44], ['finished', 45], ['finished', 42], ['finished', 43], ['finished', 40], ['finished', 41], ['finished', 1], ['finished', 5], ['finished', 9], ['finished', 77], ['finished', 76], ['finished', 75], ['finished', 74], ['finished', 73], ['finished', 72], ['finished', 71], ['finished', 70], ['finished', 79], ['finished', 78]]}
INFO 2015-06-11 08:31:04,321: 	 CRAB project directory:		/afs/cern.ch/user/h/hardenbr/2014/LL_DIJET/TRACKING_STUDIES/CMSSW_7_4_4/src/DisplacedJets/TrackAnalyzer/python/CRAB3_QCD_SPRING15_5UNITS/crab_qcd15_30
INFO 2015-06-11 08:31:04,322: 	 Task name:			150610_202606:hardenbr_crab_qcd15_30
INFO 2015-06-11 08:31:04,322: 	 Task status:			SUBMITTED
INFO 2015-06-11 08:31:04,322: 	 Glidemon monitoring URL:	http://glidemon.web.cern.ch/glidemon/jobs.php?taskname=150610_202606%3Ahardenbr_crab_qcd15_30
INFO 2015-06-11 08:31:04,322: 	 Dashboard monitoring URL:	http://dashb-cms-job.cern.ch/dashboard/templates/task-analysis/#user=crab&refresh=0&table=Jobs&p=1&records=25&activemenu=2&status=&site=&tid=150610_202606%3Ahardenbr_crab_qcd15_30
INFO 2015-06-11 08:31:04,322: 	 Details:			finished       99.0% (101/102)
INFO 2015-06-11 08:31:04,322: 	 				idle            1.0% (  1/102)
INFO 2015-06-11 08:31:04,322: 	 
No publication information (publication has been disabled in the CRAB configuration file)
DEBUG 2015-06-11 10:02:38,182: 	 Executing command: 'status'
DEBUG 2015-06-11 10:02:38,182: 	 Found CRAB cache file /afs/cern.ch/user/h/hardenbr/.crab3
DEBUG 2015-06-11 10:02:38,193: 	 Checking credentials
DEBUG 2015-06-11 10:02:38,194: 	 Found proxy file /tmp/x509up_u56682
DEBUG 2015-06-11 10:02:38,194: 	 Getting proxy life time left
DEBUG 2015-06-11 10:02:39,005: 	 Executing : 
 command : voms-proxy-info -file /tmp/x509up_u56682 -timeleft
 output : 37536

 error: 
 retcode : 0
DEBUG 2015-06-11 10:02:39,620: 	 Executing : 
 command : voms-proxy-info -file /tmp/x509up_u56682 -actimeleft
 output : 37535

 error: 
 retcode : 0
DEBUG 2015-06-11 10:02:39,621: 	 Proxy valid for 10:25:36 hours
DEBUG 2015-06-11 10:02:39,796: 	 Executing : 
 command : openssl x509 -in ~/.globus/usercert.pem -subject -noout
 output : subject= /DC=ch/DC=cern/OU=Organic Units/OU=Users/CN=hardenbr/CN=705168/CN=Joshua Robert Hardenbrook

 error: WARNING: can't open config file: /build/dmwmbld/srv/state/dmwmbld/builds/comp_gcc481/w/tmp/BUILDROOT/779a792f862039a4ebba572299ebbb36/build/dmwmbld/srv/state/dmwmbld/builds/comp_gcc481/w/slc6_amd64_gcc481/external/openssl/1.0.1m-comp/ssl/openssl.cnf

 retcode : 0
DEBUG 2015-06-11 10:02:39,796: 	 Checking credentials
DEBUG 2015-06-11 10:02:39,796: 	 Found proxy file /tmp/x509up_u56682
DEBUG 2015-06-11 10:02:39,796: 	 Getting proxy life time left
DEBUG 2015-06-11 10:02:40,504: 	 Executing : 
 command : voms-proxy-info -file /tmp/x509up_u56682 -timeleft
 output : 37534

 error: 
 retcode : 0
DEBUG 2015-06-11 10:02:41,114: 	 Executing : 
 command : voms-proxy-info -file /tmp/x509up_u56682 -actimeleft
 output : 37533

 error: 
 retcode : 0
DEBUG 2015-06-11 10:02:41,114: 	 Proxy valid for 10:25:34 hours
DEBUG 2015-06-11 10:02:41,547: 	 Registering user credentials for server /DC=ch/DC=cern/OU=computers/CN=vocms(045|052|021|031).cern.ch
DEBUG 2015-06-11 10:02:41,663: 	 Executing : 
 command : openssl x509 -in ~/.globus/usercert.pem -subject -noout
 output : subject= /DC=ch/DC=cern/OU=Organic Units/OU=Users/CN=hardenbr/CN=705168/CN=Joshua Robert Hardenbrook

 error: WARNING: can't open config file: /build/dmwmbld/srv/state/dmwmbld/builds/comp_gcc481/w/tmp/BUILDROOT/779a792f862039a4ebba572299ebbb36/build/dmwmbld/srv/state/dmwmbld/builds/comp_gcc481/w/slc6_amd64_gcc481/external/openssl/1.0.1m-comp/ssl/openssl.cnf

 retcode : 0
DEBUG 2015-06-11 10:02:41,663: 	 Getting myproxy life time left for myproxy.cern.ch
DEBUG 2015-06-11 10:02:41,663: 	 Calculating hash of /DC=ch/DC=cern/OU=Organic Units/OU=Users/CN=hardenbr/CN=705168/CN=Joshua Robert Hardenbrook_cmsweb.cern.ch for credential name
DEBUG 2015-06-11 10:02:41,872: 	 Executing : 
 command : myproxy-info -l fdbcd253c5e13180d036bb7f350ef35a4f8814ed -s myproxy.cern.ch
 output : username: fdbcd253c5e13180d036bb7f350ef35a4f8814ed
owner: /DC=ch/DC=cern/OU=Organic Units/OU=Users/CN=hardenbr/CN=705168/CN=Joshua Robert Hardenbrook
  renewal policy: /DC=ch/DC=cern/OU=computers/CN=vocms(045|052|021|031).cern.ch
  trusted retrieval policy: /DC=ch/DC=cern/OU=computers/CN=vocms(045|052|021|031).cern.ch
  timeleft: 363:07:15  (15.1 days)

 error: 
 retcode : 0
DEBUG 2015-06-11 10:02:41,874: 	 Myproxy is valid: 1307235
DEBUG 2015-06-11 10:02:41,874: 	 Command use: status
DEBUG 2015-06-11 10:02:41,874: 	 Options use: ['crab_qcd15_30']
DEBUG 2015-06-11 10:02:42,295: 	 CRABClient version: 3.3.1506
DEBUG 2015-06-11 10:02:42,295: 	 Instance is prod
DEBUG 2015-06-11 10:02:42,295: 	 Server base url is cmsweb.cern.ch
DEBUG 2015-06-11 10:02:42,295: 	 Command url /crabserver/prod/workflow
DEBUG 2015-06-11 10:02:42,295: 	 Looking up detailed status of task 150610_202606:hardenbr_crab_qcd15_30
DEBUG 2015-06-11 10:02:43,562: 	 {'status': 'SUBMITTED', 'schedd': 'crab3test-2@vocms095.cern.ch', 'saveLogs': 'F', 'jobsPerStatus': {'finished': 101, 'running': 1}, 'jobs': {'24': {'State': 'finished'}, '25': {'State': 'finished'}, '26': {'State': 'finished'}, '27': {'State': 'finished'}, '20': {'State': 'finished'}, '21': {'State': 'running'}, '22': {'State': 'finished'}, '23': {'State': 'finished'}, '28': {'State': 'finished'}, '29': {'State': 'finished'}, '4': {'State': 'finished'}, '8': {'State': 'finished'}, '59': {'State': 'finished'}, '58': {'State': 'finished'}, '55': {'State': 'finished'}, '54': {'State': 'finished'}, '57': {'State': 'finished'}, '56': {'State': 'finished'}, '51': {'State': 'finished'}, '50': {'State': 'finished'}, '53': {'State': 'finished'}, '52': {'State': 'finished'}, '88': {'State': 'finished'}, '89': {'State': 'finished'}, '82': {'State': 'finished'}, '83': {'State': 'finished'}, '80': {'State': 'finished'}, '81': {'State': 'finished'}, '86': {'State': 'finished'}, '87': {'State': 'finished'}, '84': {'State': 'finished'}, '85': {'State': 'finished'}, '3': {'State': 'finished'}, '7': {'State': 'finished'}, '102': {'State': 'finished'}, '100': {'State': 'finished'}, '101': {'State': 'finished'}, '39': {'State': 'finished'}, '38': {'State': 'finished'}, '33': {'State': 'finished'}, '32': {'State': 'finished'}, '31': {'State': 'finished'}, '30': {'State': 'finished'}, '37': {'State': 'finished'}, '36': {'State': 'finished'}, '35': {'State': 'finished'}, '34': {'State': 'finished'}, '60': {'State': 'finished'}, '61': {'State': 'finished'}, '62': {'State': 'finished'}, '63': {'State': 'finished'}, '64': {'State': 'finished'}, '65': {'State': 'finished'}, '66': {'State': 'finished'}, '67': {'State': 'finished'}, '68': {'State': 'finished'}, '69': {'State': 'finished'}, '2': {'State': 'finished'}, '6': {'State': 'finished'}, '99': {'State': 'finished'}, '98': {'State': 'finished'}, '91': {'State': 'finished'}, '90': {'State': 'finished'}, '93': {'State': 'finished'}, '92': {'State': 'finished'}, '95': {'State': 'finished'}, '94': {'State': 'finished'}, '97': {'State': 'finished'}, '96': {'State': 'finished'}, '11': {'State': 'finished'}, '10': {'State': 'finished'}, '13': {'State': 'finished'}, '12': {'State': 'finished'}, '15': {'State': 'finished'}, '14': {'State': 'finished'}, '17': {'State': 'finished'}, '16': {'State': 'finished'}, '19': {'State': 'finished'}, '18': {'State': 'finished'}, '48': {'State': 'finished'}, '49': {'State': 'finished'}, '46': {'State': 'finished'}, '47': {'State': 'finished'}, '44': {'State': 'finished'}, '45': {'State': 'finished'}, '42': {'State': 'finished'}, '43': {'State': 'finished'}, '40': {'State': 'finished'}, '41': {'State': 'finished'}, '1': {'State': 'finished'}, '5': {'State': 'finished'}, '9': {'State': 'finished'}, '77': {'State': 'finished'}, '76': {'State': 'finished'}, '75': {'State': 'finished'}, '74': {'State': 'finished'}, '73': {'State': 'finished'}, '72': {'State': 'finished'}, '71': {'State': 'finished'}, '70': {'State': 'finished'}, '79': {'State': 'finished'}, '78': {'State': 'finished'}}, 'publication': {'disabled': []}, 'taskWarningMsg': [], 'outdatasets': None, 'taskFailureMsg': '', 'failedJobdefs': 0, 'ASOURL': 'https://cmsweb.cern.ch/couchdb', 'pool': {}, 'totalJobdefs': 0, 'jobSetID': '150610_202606:hardenbr_crab_qcd15_30', 'jobdefErrors': [], 'collector': 'vocms097.cern.ch,vocms099.cern.ch', 'jobList': [['finished', 24], ['finished', 25], ['finished', 26], ['finished', 27], ['finished', 20], ['running', 21], ['finished', 22], ['finished', 23], ['finished', 28], ['finished', 29], ['finished', 4], ['finished', 8], ['finished', 59], ['finished', 58], ['finished', 55], ['finished', 54], ['finished', 57], ['finished', 56], ['finished', 51], ['finished', 50], ['finished', 53], ['finished', 52], ['finished', 88], ['finished', 89], ['finished', 82], ['finished', 83], ['finished', 80], ['finished', 81], ['finished', 86], ['finished', 87], ['finished', 84], ['finished', 85], ['finished', 3], ['finished', 7], ['finished', 102], ['finished', 100], ['finished', 101], ['finished', 39], ['finished', 38], ['finished', 33], ['finished', 32], ['finished', 31], ['finished', 30], ['finished', 37], ['finished', 36], ['finished', 35], ['finished', 34], ['finished', 60], ['finished', 61], ['finished', 62], ['finished', 63], ['finished', 64], ['finished', 65], ['finished', 66], ['finished', 67], ['finished', 68], ['finished', 69], ['finished', 2], ['finished', 6], ['finished', 99], ['finished', 98], ['finished', 91], ['finished', 90], ['finished', 93], ['finished', 92], ['finished', 95], ['finished', 94], ['finished', 97], ['finished', 96], ['finished', 11], ['finished', 10], ['finished', 13], ['finished', 12], ['finished', 15], ['finished', 14], ['finished', 17], ['finished', 16], ['finished', 19], ['finished', 18], ['finished', 48], ['finished', 49], ['finished', 46], ['finished', 47], ['finished', 44], ['finished', 45], ['finished', 42], ['finished', 43], ['finished', 40], ['finished', 41], ['finished', 1], ['finished', 5], ['finished', 9], ['finished', 77], ['finished', 76], ['finished', 75], ['finished', 74], ['finished', 73], ['finished', 72], ['finished', 71], ['finished', 70], ['finished', 79], ['finished', 78]]}
INFO 2015-06-11 10:02:43,562: 	 CRAB project directory:		/afs/cern.ch/user/h/hardenbr/2014/LL_DIJET/TRACKING_STUDIES/CMSSW_7_4_4/src/DisplacedJets/TrackAnalyzer/python/CRAB3_QCD_SPRING15_5UNITS/crab_qcd15_30
INFO 2015-06-11 10:02:43,562: 	 Task name:			150610_202606:hardenbr_crab_qcd15_30
INFO 2015-06-11 10:02:43,562: 	 Task status:			SUBMITTED
INFO 2015-06-11 10:02:43,563: 	 Glidemon monitoring URL:	http://glidemon.web.cern.ch/glidemon/jobs.php?taskname=150610_202606%3Ahardenbr_crab_qcd15_30
INFO 2015-06-11 10:02:43,563: 	 Dashboard monitoring URL:	http://dashb-cms-job.cern.ch/dashboard/templates/task-analysis/#user=crab&refresh=0&table=Jobs&p=1&records=25&activemenu=2&status=&site=&tid=150610_202606%3Ahardenbr_crab_qcd15_30
INFO 2015-06-11 10:02:43,563: 	 Details:			finished       99.0% (101/102)
INFO 2015-06-11 10:02:43,563: 	 				running         1.0% (  1/102)
INFO 2015-06-11 10:02:43,563: 	 
No publication information (publication has been disabled in the CRAB configuration file)
