DEBUG 2015-06-10 22:31:49,068: 	 Executing command: 'status'
DEBUG 2015-06-10 22:31:49,068: 	 Found CRAB cache file /afs/cern.ch/user/h/hardenbr/.crab3
DEBUG 2015-06-10 22:31:49,074: 	 Checking credentials
DEBUG 2015-06-10 22:31:49,074: 	 Found proxy file /tmp/x509up_u56682
DEBUG 2015-06-10 22:31:49,074: 	 Getting proxy life time left
DEBUG 2015-06-10 22:31:49,481: 	 Executing : 
 command : voms-proxy-info -file /tmp/x509up_u56682 -timeleft
 output : 42513

 error: 
 retcode : 0
DEBUG 2015-06-10 22:31:49,886: 	 Executing : 
 command : voms-proxy-info -file /tmp/x509up_u56682 -actimeleft
 output : 42513

 error: 
 retcode : 0
DEBUG 2015-06-10 22:31:49,887: 	 Proxy valid for 11:48:33 hours
DEBUG 2015-06-10 22:31:49,999: 	 Executing : 
 command : openssl x509 -in ~/.globus/usercert.pem -subject -noout
 output : subject= /DC=ch/DC=cern/OU=Organic Units/OU=Users/CN=hardenbr/CN=705168/CN=Joshua Robert Hardenbrook

 error: WARNING: can't open config file: /build/dmwmbld/srv/state/dmwmbld/builds/comp_gcc481/w/tmp/BUILDROOT/779a792f862039a4ebba572299ebbb36/build/dmwmbld/srv/state/dmwmbld/builds/comp_gcc481/w/slc6_amd64_gcc481/external/openssl/1.0.1m-comp/ssl/openssl.cnf

 retcode : 0
DEBUG 2015-06-10 22:31:49,999: 	 Checking credentials
DEBUG 2015-06-10 22:31:49,999: 	 Found proxy file /tmp/x509up_u56682
DEBUG 2015-06-10 22:31:49,999: 	 Getting proxy life time left
DEBUG 2015-06-10 22:31:50,503: 	 Executing : 
 command : voms-proxy-info -file /tmp/x509up_u56682 -timeleft
 output : 42512

 error: 
 retcode : 0
DEBUG 2015-06-10 22:31:50,907: 	 Executing : 
 command : voms-proxy-info -file /tmp/x509up_u56682 -actimeleft
 output : 42512

 error: 
 retcode : 0
DEBUG 2015-06-10 22:31:50,907: 	 Proxy valid for 11:48:32 hours
DEBUG 2015-06-10 22:31:51,284: 	 Registering user credentials for server /DC=ch/DC=cern/OU=computers/CN=vocms(045|052|021|031).cern.ch
DEBUG 2015-06-10 22:31:51,392: 	 Executing : 
 command : openssl x509 -in ~/.globus/usercert.pem -subject -noout
 output : subject= /DC=ch/DC=cern/OU=Organic Units/OU=Users/CN=hardenbr/CN=705168/CN=Joshua Robert Hardenbrook

 error: WARNING: can't open config file: /build/dmwmbld/srv/state/dmwmbld/builds/comp_gcc481/w/tmp/BUILDROOT/779a792f862039a4ebba572299ebbb36/build/dmwmbld/srv/state/dmwmbld/builds/comp_gcc481/w/slc6_amd64_gcc481/external/openssl/1.0.1m-comp/ssl/openssl.cnf

 retcode : 0
DEBUG 2015-06-10 22:31:51,393: 	 Getting myproxy life time left for myproxy.cern.ch
DEBUG 2015-06-10 22:31:51,393: 	 Calculating hash of /DC=ch/DC=cern/OU=Organic Units/OU=Users/CN=hardenbr/CN=705168/CN=Joshua Robert Hardenbrook_cmsweb.cern.ch for credential name
DEBUG 2015-06-10 22:31:51,596: 	 Executing : 
 command : myproxy-info -l fdbcd253c5e13180d036bb7f350ef35a4f8814ed -s myproxy.cern.ch
 output : username: fdbcd253c5e13180d036bb7f350ef35a4f8814ed
owner: /DC=ch/DC=cern/OU=Organic Units/OU=Users/CN=hardenbr/CN=705168/CN=Joshua Robert Hardenbrook
  renewal policy: /DC=ch/DC=cern/OU=computers/CN=vocms(045|052|021|031).cern.ch
  trusted retrieval policy: /DC=ch/DC=cern/OU=computers/CN=vocms(045|052|021|031).cern.ch
  timeleft: 374:38:05  (15.6 days)

 error: 
 retcode : 0
DEBUG 2015-06-10 22:31:51,597: 	 Myproxy is valid: 1348685
DEBUG 2015-06-10 22:31:51,597: 	 Command use: status
DEBUG 2015-06-10 22:31:51,597: 	 Options use: ['crab_qcd30_50']
DEBUG 2015-06-10 22:31:51,981: 	 CRABClient version: 3.3.1506
DEBUG 2015-06-10 22:31:51,981: 	 Instance is prod
DEBUG 2015-06-10 22:31:51,981: 	 Server base url is cmsweb.cern.ch
DEBUG 2015-06-10 22:31:51,981: 	 Command url /crabserver/prod/workflow
DEBUG 2015-06-10 22:31:51,981: 	 Looking up detailed status of task 150610_202612:hardenbr_crab_qcd30_50
DEBUG 2015-06-10 22:31:52,336: 	 {'status': 'FAILED', 'schedd': '', 'saveLogs': 'F', 'totalJobdefs': 0, 'jobSetID': '', 'jobsPerStatus': {}, 'taskWarningMsg': [], 'taskFailureMsg': "The CRAB3 server backend refuses to send jobs to the Grid scheduler. No site available for submission of task 150610_202612:hardenbr_crab_qcd30_50\n\t\t\t\tThe sites available for submission of task 150610_202612:hardenbr_crab_qcd30_50 might be blacklisted.\n\t\t\t\tThis is the list of sites that are blacklisted by CRAB3 server: [u'T3_IT_Napoli', u'T3_UK_London_QMUL', u'T2_CH_CERN_T0', u'T3_TW_NTU_HEP', u'T2_PK_NCP', u'T2_CH_CERN_HLT', u'T2_PL_Warsaw', u'T2_MY_UPM_BIRUNI', u'T3_US_NotreDame', u'T2_TR_METU', u'T3_RU_FIAN', u'T2_RU_RRC_KI', u'T2_CH_CERN_AI', u'T2_RU_INR', u'T2_RU_PNPI', u'T2_BR_UERJ', u'T3_GR_IASA', u'T2_IN_TIFR', u'T3_US_Baylor', u'T3_US_UCD']", 'failedJobdefs': 0, 'jobdefErrors': [], 'collector': '', 'jobList': []}
INFO 2015-06-10 22:31:52,336: 	 CRAB project directory:		/afs/cern.ch/user/h/hardenbr/2014/LL_DIJET/TRACKING_STUDIES/CMSSW_7_4_4/src/DisplacedJets/TrackAnalyzer/python/CRAB3_QCD_SPRING15_5UNITS/crab_qcd30_50
INFO 2015-06-10 22:31:52,336: 	 Task name:			150610_202612:hardenbr_crab_qcd30_50
INFO 2015-06-10 22:31:52,336: 	 Task status:			FAILED
ERROR 2015-06-10 22:31:52,336: 	 Error during task injection:	The CRAB3 server backend refuses to send jobs to the Grid scheduler. No site available for submission of task 150610_202612:hardenbr_crab_qcd30_50
				The sites available for submission of task 150610_202612:hardenbr_crab_qcd30_50 might be blacklisted.
				This is the list of sites that are blacklisted by CRAB3 server: [u'T3_IT_Napoli', u'T3_UK_London_QMUL', u'T2_CH_CERN_T0', u'T3_TW_NTU_HEP', u'T2_PK_NCP', u'T2_CH_CERN_HLT', u'T2_PL_Warsaw', u'T2_MY_UPM_BIRUNI', u'T3_US_NotreDame', u'T2_TR_METU', u'T3_RU_FIAN', u'T2_RU_RRC_KI', u'T2_CH_CERN_AI', u'T2_RU_INR', u'T2_RU_PNPI', u'T2_BR_UERJ', u'T3_GR_IASA', u'T2_IN_TIFR', u'T3_US_Baylor', u'T3_US_UCD']
INFO 2015-06-10 22:31:52,336: 	 
No jobs created yet!
DEBUG 2015-06-11 08:31:04,889: 	 Executing command: 'status'
DEBUG 2015-06-11 08:31:04,889: 	 Found CRAB cache file /afs/cern.ch/user/h/hardenbr/.crab3
DEBUG 2015-06-11 08:31:04,897: 	 Checking credentials
DEBUG 2015-06-11 08:31:04,898: 	 Found proxy file /tmp/x509up_u56682
DEBUG 2015-06-11 08:31:04,898: 	 Getting proxy life time left
DEBUG 2015-06-11 08:31:05,411: 	 Executing : 
 command : voms-proxy-info -file /tmp/x509up_u56682 -timeleft
 output : 43029

 error: 
 retcode : 0
DEBUG 2015-06-11 08:31:05,919: 	 Executing : 
 command : voms-proxy-info -file /tmp/x509up_u56682 -actimeleft
 output : 43029

 error: 
 retcode : 0
DEBUG 2015-06-11 08:31:05,919: 	 Proxy valid for 11:57:09 hours
DEBUG 2015-06-11 08:31:06,141: 	 Executing : 
 command : openssl x509 -in ~/.globus/usercert.pem -subject -noout
 output : subject= /DC=ch/DC=cern/OU=Organic Units/OU=Users/CN=hardenbr/CN=705168/CN=Joshua Robert Hardenbrook

 error: WARNING: can't open config file: /build/dmwmbld/srv/state/dmwmbld/builds/comp_gcc481/w/tmp/BUILDROOT/779a792f862039a4ebba572299ebbb36/build/dmwmbld/srv/state/dmwmbld/builds/comp_gcc481/w/slc6_amd64_gcc481/external/openssl/1.0.1m-comp/ssl/openssl.cnf

 retcode : 0
DEBUG 2015-06-11 08:31:06,142: 	 Checking credentials
DEBUG 2015-06-11 08:31:06,142: 	 Found proxy file /tmp/x509up_u56682
DEBUG 2015-06-11 08:31:06,142: 	 Getting proxy life time left
DEBUG 2015-06-11 08:31:06,649: 	 Executing : 
 command : voms-proxy-info -file /tmp/x509up_u56682 -timeleft
 output : 43028

 error: 
 retcode : 0
DEBUG 2015-06-11 08:31:07,158: 	 Executing : 
 command : voms-proxy-info -file /tmp/x509up_u56682 -actimeleft
 output : 43027

 error: 
 retcode : 0
DEBUG 2015-06-11 08:31:07,158: 	 Proxy valid for 11:57:08 hours
DEBUG 2015-06-11 08:31:07,573: 	 Registering user credentials for server /DC=ch/DC=cern/OU=computers/CN=vocms(045|052|021|031).cern.ch
DEBUG 2015-06-11 08:31:07,685: 	 Executing : 
 command : openssl x509 -in ~/.globus/usercert.pem -subject -noout
 output : subject= /DC=ch/DC=cern/OU=Organic Units/OU=Users/CN=hardenbr/CN=705168/CN=Joshua Robert Hardenbrook

 error: WARNING: can't open config file: /build/dmwmbld/srv/state/dmwmbld/builds/comp_gcc481/w/tmp/BUILDROOT/779a792f862039a4ebba572299ebbb36/build/dmwmbld/srv/state/dmwmbld/builds/comp_gcc481/w/slc6_amd64_gcc481/external/openssl/1.0.1m-comp/ssl/openssl.cnf

 retcode : 0
DEBUG 2015-06-11 08:31:07,686: 	 Getting myproxy life time left for myproxy.cern.ch
DEBUG 2015-06-11 08:31:07,686: 	 Calculating hash of /DC=ch/DC=cern/OU=Organic Units/OU=Users/CN=hardenbr/CN=705168/CN=Joshua Robert Hardenbrook_cmsweb.cern.ch for credential name
DEBUG 2015-06-11 08:31:08,092: 	 Executing : 
 command : myproxy-info -l fdbcd253c5e13180d036bb7f350ef35a4f8814ed -s myproxy.cern.ch
 output : username: fdbcd253c5e13180d036bb7f350ef35a4f8814ed
owner: /DC=ch/DC=cern/OU=Organic Units/OU=Users/CN=hardenbr/CN=705168/CN=Joshua Robert Hardenbrook
  renewal policy: /DC=ch/DC=cern/OU=computers/CN=vocms(045|052|021|031).cern.ch
  trusted retrieval policy: /DC=ch/DC=cern/OU=computers/CN=vocms(045|052|021|031).cern.ch
  timeleft: 364:38:48  (15.2 days)

 error: 
 retcode : 0
DEBUG 2015-06-11 08:31:08,095: 	 Myproxy is valid: 1312728
DEBUG 2015-06-11 08:31:08,095: 	 Command use: status
DEBUG 2015-06-11 08:31:08,095: 	 Options use: ['crab_qcd30_50']
DEBUG 2015-06-11 08:31:08,750: 	 CRABClient version: 3.3.1506
DEBUG 2015-06-11 08:31:08,750: 	 Instance is prod
DEBUG 2015-06-11 08:31:08,750: 	 Server base url is cmsweb.cern.ch
DEBUG 2015-06-11 08:31:08,750: 	 Command url /crabserver/prod/workflow
DEBUG 2015-06-11 08:31:08,750: 	 Looking up detailed status of task 150610_202612:hardenbr_crab_qcd30_50
DEBUG 2015-06-11 08:31:09,210: 	 {'status': 'FAILED', 'schedd': '', 'saveLogs': 'F', 'totalJobdefs': 0, 'jobSetID': '', 'jobsPerStatus': {}, 'taskWarningMsg': [], 'taskFailureMsg': "The CRAB3 server backend refuses to send jobs to the Grid scheduler. No site available for submission of task 150610_202612:hardenbr_crab_qcd30_50\n\t\t\t\tThe sites available for submission of task 150610_202612:hardenbr_crab_qcd30_50 might be blacklisted.\n\t\t\t\tThis is the list of sites that are blacklisted by CRAB3 server: [u'T3_IT_Napoli', u'T3_UK_London_QMUL', u'T2_CH_CERN_T0', u'T3_TW_NTU_HEP', u'T2_PK_NCP', u'T2_CH_CERN_HLT', u'T2_PL_Warsaw', u'T2_MY_UPM_BIRUNI', u'T3_US_NotreDame', u'T2_TR_METU', u'T3_RU_FIAN', u'T2_RU_RRC_KI', u'T2_CH_CERN_AI', u'T2_RU_INR', u'T2_RU_PNPI', u'T2_BR_UERJ', u'T3_GR_IASA', u'T2_IN_TIFR', u'T3_US_Baylor', u'T3_US_UCD']", 'failedJobdefs': 0, 'jobdefErrors': [], 'collector': '', 'jobList': []}
INFO 2015-06-11 08:31:09,210: 	 CRAB project directory:		/afs/cern.ch/user/h/hardenbr/2014/LL_DIJET/TRACKING_STUDIES/CMSSW_7_4_4/src/DisplacedJets/TrackAnalyzer/python/CRAB3_QCD_SPRING15_5UNITS/crab_qcd30_50
INFO 2015-06-11 08:31:09,210: 	 Task name:			150610_202612:hardenbr_crab_qcd30_50
INFO 2015-06-11 08:31:09,210: 	 Task status:			FAILED
ERROR 2015-06-11 08:31:09,210: 	 Error during task injection:	The CRAB3 server backend refuses to send jobs to the Grid scheduler. No site available for submission of task 150610_202612:hardenbr_crab_qcd30_50
				The sites available for submission of task 150610_202612:hardenbr_crab_qcd30_50 might be blacklisted.
				This is the list of sites that are blacklisted by CRAB3 server: [u'T3_IT_Napoli', u'T3_UK_London_QMUL', u'T2_CH_CERN_T0', u'T3_TW_NTU_HEP', u'T2_PK_NCP', u'T2_CH_CERN_HLT', u'T2_PL_Warsaw', u'T2_MY_UPM_BIRUNI', u'T3_US_NotreDame', u'T2_TR_METU', u'T3_RU_FIAN', u'T2_RU_RRC_KI', u'T2_CH_CERN_AI', u'T2_RU_INR', u'T2_RU_PNPI', u'T2_BR_UERJ', u'T3_GR_IASA', u'T2_IN_TIFR', u'T3_US_Baylor', u'T3_US_UCD']
INFO 2015-06-11 08:31:09,210: 	 
No jobs created yet!
DEBUG 2015-06-11 10:02:44,239: 	 Executing command: 'status'
DEBUG 2015-06-11 10:02:44,239: 	 Found CRAB cache file /afs/cern.ch/user/h/hardenbr/.crab3
DEBUG 2015-06-11 10:02:44,251: 	 Checking credentials
DEBUG 2015-06-11 10:02:44,251: 	 Found proxy file /tmp/x509up_u56682
DEBUG 2015-06-11 10:02:44,251: 	 Getting proxy life time left
DEBUG 2015-06-11 10:02:44,863: 	 Executing : 
 command : voms-proxy-info -file /tmp/x509up_u56682 -timeleft
 output : 37530

 error: 
 retcode : 0
DEBUG 2015-06-11 10:02:45,588: 	 Executing : 
 command : voms-proxy-info -file /tmp/x509up_u56682 -actimeleft
 output : 37529

 error: 
 retcode : 0
DEBUG 2015-06-11 10:02:45,589: 	 Proxy valid for 10:25:30 hours
DEBUG 2015-06-11 10:02:45,763: 	 Executing : 
 command : openssl x509 -in ~/.globus/usercert.pem -subject -noout
 output : subject= /DC=ch/DC=cern/OU=Organic Units/OU=Users/CN=hardenbr/CN=705168/CN=Joshua Robert Hardenbrook

 error: WARNING: can't open config file: /build/dmwmbld/srv/state/dmwmbld/builds/comp_gcc481/w/tmp/BUILDROOT/779a792f862039a4ebba572299ebbb36/build/dmwmbld/srv/state/dmwmbld/builds/comp_gcc481/w/slc6_amd64_gcc481/external/openssl/1.0.1m-comp/ssl/openssl.cnf

 retcode : 0
DEBUG 2015-06-11 10:02:45,763: 	 Checking credentials
DEBUG 2015-06-11 10:02:45,764: 	 Found proxy file /tmp/x509up_u56682
DEBUG 2015-06-11 10:02:45,764: 	 Getting proxy life time left
DEBUG 2015-06-11 10:02:46,481: 	 Executing : 
 command : voms-proxy-info -file /tmp/x509up_u56682 -timeleft
 output : 37528

 error: 
 retcode : 0
DEBUG 2015-06-11 10:02:47,392: 	 Executing : 
 command : voms-proxy-info -file /tmp/x509up_u56682 -actimeleft
 output : 37527

 error: 
 retcode : 0
DEBUG 2015-06-11 10:02:47,393: 	 Proxy valid for 10:25:28 hours
DEBUG 2015-06-11 10:02:47,845: 	 Registering user credentials for server /DC=ch/DC=cern/OU=computers/CN=vocms(045|052|021|031).cern.ch
DEBUG 2015-06-11 10:02:47,963: 	 Executing : 
 command : openssl x509 -in ~/.globus/usercert.pem -subject -noout
 output : subject= /DC=ch/DC=cern/OU=Organic Units/OU=Users/CN=hardenbr/CN=705168/CN=Joshua Robert Hardenbrook

 error: WARNING: can't open config file: /build/dmwmbld/srv/state/dmwmbld/builds/comp_gcc481/w/tmp/BUILDROOT/779a792f862039a4ebba572299ebbb36/build/dmwmbld/srv/state/dmwmbld/builds/comp_gcc481/w/slc6_amd64_gcc481/external/openssl/1.0.1m-comp/ssl/openssl.cnf

 retcode : 0
DEBUG 2015-06-11 10:02:47,963: 	 Getting myproxy life time left for myproxy.cern.ch
DEBUG 2015-06-11 10:02:47,963: 	 Calculating hash of /DC=ch/DC=cern/OU=Organic Units/OU=Users/CN=hardenbr/CN=705168/CN=Joshua Robert Hardenbrook_cmsweb.cern.ch for credential name
DEBUG 2015-06-11 10:02:48,169: 	 Executing : 
 command : myproxy-info -l fdbcd253c5e13180d036bb7f350ef35a4f8814ed -s myproxy.cern.ch
 output : username: fdbcd253c5e13180d036bb7f350ef35a4f8814ed
owner: /DC=ch/DC=cern/OU=Organic Units/OU=Users/CN=hardenbr/CN=705168/CN=Joshua Robert Hardenbrook
  renewal policy: /DC=ch/DC=cern/OU=computers/CN=vocms(045|052|021|031).cern.ch
  trusted retrieval policy: /DC=ch/DC=cern/OU=computers/CN=vocms(045|052|021|031).cern.ch
  timeleft: 363:07:08  (15.1 days)

 error: 
 retcode : 0
DEBUG 2015-06-11 10:02:48,171: 	 Myproxy is valid: 1307228
DEBUG 2015-06-11 10:02:48,171: 	 Command use: status
DEBUG 2015-06-11 10:02:48,171: 	 Options use: ['crab_qcd30_50']
DEBUG 2015-06-11 10:02:49,297: 	 CRABClient version: 3.3.1506
DEBUG 2015-06-11 10:02:49,297: 	 Instance is prod
DEBUG 2015-06-11 10:02:49,297: 	 Server base url is cmsweb.cern.ch
DEBUG 2015-06-11 10:02:49,297: 	 Command url /crabserver/prod/workflow
DEBUG 2015-06-11 10:02:49,297: 	 Looking up detailed status of task 150610_202612:hardenbr_crab_qcd30_50
DEBUG 2015-06-11 10:02:49,770: 	 {'status': 'FAILED', 'schedd': '', 'saveLogs': 'F', 'totalJobdefs': 0, 'jobSetID': '', 'jobsPerStatus': {}, 'taskWarningMsg': [], 'taskFailureMsg': "The CRAB3 server backend refuses to send jobs to the Grid scheduler. No site available for submission of task 150610_202612:hardenbr_crab_qcd30_50\n\t\t\t\tThe sites available for submission of task 150610_202612:hardenbr_crab_qcd30_50 might be blacklisted.\n\t\t\t\tThis is the list of sites that are blacklisted by CRAB3 server: [u'T3_IT_Napoli', u'T3_UK_London_QMUL', u'T2_CH_CERN_T0', u'T3_TW_NTU_HEP', u'T2_PK_NCP', u'T2_CH_CERN_HLT', u'T2_PL_Warsaw', u'T2_MY_UPM_BIRUNI', u'T3_US_NotreDame', u'T2_TR_METU', u'T3_RU_FIAN', u'T2_RU_RRC_KI', u'T2_CH_CERN_AI', u'T2_RU_INR', u'T2_RU_PNPI', u'T2_BR_UERJ', u'T3_GR_IASA', u'T2_IN_TIFR', u'T3_US_Baylor', u'T3_US_UCD']", 'failedJobdefs': 0, 'jobdefErrors': [], 'collector': '', 'jobList': []}
INFO 2015-06-11 10:02:49,770: 	 CRAB project directory:		/afs/cern.ch/user/h/hardenbr/2014/LL_DIJET/TRACKING_STUDIES/CMSSW_7_4_4/src/DisplacedJets/TrackAnalyzer/python/CRAB3_QCD_SPRING15_5UNITS/crab_qcd30_50
INFO 2015-06-11 10:02:49,770: 	 Task name:			150610_202612:hardenbr_crab_qcd30_50
INFO 2015-06-11 10:02:49,770: 	 Task status:			FAILED
ERROR 2015-06-11 10:02:49,771: 	 Error during task injection:	The CRAB3 server backend refuses to send jobs to the Grid scheduler. No site available for submission of task 150610_202612:hardenbr_crab_qcd30_50
				The sites available for submission of task 150610_202612:hardenbr_crab_qcd30_50 might be blacklisted.
				This is the list of sites that are blacklisted by CRAB3 server: [u'T3_IT_Napoli', u'T3_UK_London_QMUL', u'T2_CH_CERN_T0', u'T3_TW_NTU_HEP', u'T2_PK_NCP', u'T2_CH_CERN_HLT', u'T2_PL_Warsaw', u'T2_MY_UPM_BIRUNI', u'T3_US_NotreDame', u'T2_TR_METU', u'T3_RU_FIAN', u'T2_RU_RRC_KI', u'T2_CH_CERN_AI', u'T2_RU_INR', u'T2_RU_PNPI', u'T2_BR_UERJ', u'T3_GR_IASA', u'T2_IN_TIFR', u'T3_US_Baylor', u'T3_US_UCD']
INFO 2015-06-11 10:02:49,771: 	 
No jobs created yet!
