DEBUG 2015-06-10 22:32:05,056: 	 Executing command: 'status'
DEBUG 2015-06-10 22:32:05,057: 	 Found CRAB cache file /afs/cern.ch/user/h/hardenbr/.crab3
DEBUG 2015-06-10 22:32:05,063: 	 Checking credentials
DEBUG 2015-06-10 22:32:05,063: 	 Found proxy file /tmp/x509up_u56682
DEBUG 2015-06-10 22:32:05,063: 	 Getting proxy life time left
DEBUG 2015-06-10 22:32:05,467: 	 Executing : 
 command : voms-proxy-info -file /tmp/x509up_u56682 -timeleft
 output : 42497

 error: 
 retcode : 0
DEBUG 2015-06-10 22:32:05,870: 	 Executing : 
 command : voms-proxy-info -file /tmp/x509up_u56682 -actimeleft
 output : 42497

 error: 
 retcode : 0
DEBUG 2015-06-10 22:32:05,870: 	 Proxy valid for 11:48:17 hours
DEBUG 2015-06-10 22:32:06,066: 	 Executing : 
 command : openssl x509 -in ~/.globus/usercert.pem -subject -noout
 output : subject= /DC=ch/DC=cern/OU=Organic Units/OU=Users/CN=hardenbr/CN=705168/CN=Joshua Robert Hardenbrook

 error: WARNING: can't open config file: /build/dmwmbld/srv/state/dmwmbld/builds/comp_gcc481/w/tmp/BUILDROOT/779a792f862039a4ebba572299ebbb36/build/dmwmbld/srv/state/dmwmbld/builds/comp_gcc481/w/slc6_amd64_gcc481/external/openssl/1.0.1m-comp/ssl/openssl.cnf

 retcode : 0
DEBUG 2015-06-10 22:32:06,066: 	 Checking credentials
DEBUG 2015-06-10 22:32:06,066: 	 Found proxy file /tmp/x509up_u56682
DEBUG 2015-06-10 22:32:06,066: 	 Getting proxy life time left
DEBUG 2015-06-10 22:32:06,470: 	 Executing : 
 command : voms-proxy-info -file /tmp/x509up_u56682 -timeleft
 output : 42496

 error: 
 retcode : 0
DEBUG 2015-06-10 22:32:06,876: 	 Executing : 
 command : voms-proxy-info -file /tmp/x509up_u56682 -actimeleft
 output : 42496

 error: 
 retcode : 0
DEBUG 2015-06-10 22:32:06,876: 	 Proxy valid for 11:48:16 hours
DEBUG 2015-06-10 22:32:07,217: 	 Registering user credentials for server /DC=ch/DC=cern/OU=computers/CN=vocms(045|052|021|031).cern.ch
DEBUG 2015-06-10 22:32:07,325: 	 Executing : 
 command : openssl x509 -in ~/.globus/usercert.pem -subject -noout
 output : subject= /DC=ch/DC=cern/OU=Organic Units/OU=Users/CN=hardenbr/CN=705168/CN=Joshua Robert Hardenbrook

 error: WARNING: can't open config file: /build/dmwmbld/srv/state/dmwmbld/builds/comp_gcc481/w/tmp/BUILDROOT/779a792f862039a4ebba572299ebbb36/build/dmwmbld/srv/state/dmwmbld/builds/comp_gcc481/w/slc6_amd64_gcc481/external/openssl/1.0.1m-comp/ssl/openssl.cnf

 retcode : 0
DEBUG 2015-06-10 22:32:07,326: 	 Getting myproxy life time left for myproxy.cern.ch
DEBUG 2015-06-10 22:32:07,326: 	 Calculating hash of /DC=ch/DC=cern/OU=Organic Units/OU=Users/CN=hardenbr/CN=705168/CN=Joshua Robert Hardenbrook_cmsweb.cern.ch for credential name
DEBUG 2015-06-10 22:32:07,729: 	 Executing : 
 command : myproxy-info -l fdbcd253c5e13180d036bb7f350ef35a4f8814ed -s myproxy.cern.ch
 output : username: fdbcd253c5e13180d036bb7f350ef35a4f8814ed
owner: /DC=ch/DC=cern/OU=Organic Units/OU=Users/CN=hardenbr/CN=705168/CN=Joshua Robert Hardenbrook
  renewal policy: /DC=ch/DC=cern/OU=computers/CN=vocms(045|052|021|031).cern.ch
  trusted retrieval policy: /DC=ch/DC=cern/OU=computers/CN=vocms(045|052|021|031).cern.ch
  timeleft: 374:37:49  (15.6 days)

 error: 
 retcode : 0
DEBUG 2015-06-10 22:32:07,730: 	 Myproxy is valid: 1348669
DEBUG 2015-06-10 22:32:07,731: 	 Command use: status
DEBUG 2015-06-10 22:32:07,731: 	 Options use: ['crab_qcd170_300']
DEBUG 2015-06-10 22:32:08,124: 	 CRABClient version: 3.3.1506
DEBUG 2015-06-10 22:32:08,124: 	 Instance is prod
DEBUG 2015-06-10 22:32:08,124: 	 Server base url is cmsweb.cern.ch
DEBUG 2015-06-10 22:32:08,124: 	 Command url /crabserver/prod/workflow
DEBUG 2015-06-10 22:32:08,124: 	 Looking up detailed status of task 150610_202635:hardenbr_crab_qcd170_300
DEBUG 2015-06-10 22:32:08,481: 	 {'status': 'NEW', 'schedd': '', 'saveLogs': 'F', 'totalJobdefs': 0, 'jobSetID': '', 'jobsPerStatus': {}, 'taskWarningMsg': [], 'taskFailureMsg': '', 'failedJobdefs': 0, 'jobdefErrors': [], 'collector': '', 'jobList': []}
INFO 2015-06-10 22:32:08,481: 	 CRAB project directory:		/afs/cern.ch/user/h/hardenbr/2014/LL_DIJET/TRACKING_STUDIES/CMSSW_7_4_4/src/DisplacedJets/TrackAnalyzer/python/CRAB3_QCD_SPRING15_5UNITS/crab_qcd170_300
INFO 2015-06-10 22:32:08,482: 	 Task name:			150610_202635:hardenbr_crab_qcd170_300
INFO 2015-06-10 22:32:08,482: 	 Task status:			NEW
INFO 2015-06-10 22:32:08,482: 	 
No jobs created yet!
DEBUG 2015-06-11 08:31:31,461: 	 Executing command: 'status'
DEBUG 2015-06-11 08:31:31,461: 	 Found CRAB cache file /afs/cern.ch/user/h/hardenbr/.crab3
DEBUG 2015-06-11 08:31:31,467: 	 Checking credentials
DEBUG 2015-06-11 08:31:31,468: 	 Found proxy file /tmp/x509up_u56682
DEBUG 2015-06-11 08:31:31,468: 	 Getting proxy life time left
DEBUG 2015-06-11 08:31:31,975: 	 Executing : 
 command : voms-proxy-info -file /tmp/x509up_u56682 -timeleft
 output : 43003

 error: 
 retcode : 0
DEBUG 2015-06-11 08:31:32,482: 	 Executing : 
 command : voms-proxy-info -file /tmp/x509up_u56682 -actimeleft
 output : 43002

 error: 
 retcode : 0
DEBUG 2015-06-11 08:31:32,482: 	 Proxy valid for 11:56:43 hours
DEBUG 2015-06-11 08:31:32,640: 	 Executing : 
 command : openssl x509 -in ~/.globus/usercert.pem -subject -noout
 output : subject= /DC=ch/DC=cern/OU=Organic Units/OU=Users/CN=hardenbr/CN=705168/CN=Joshua Robert Hardenbrook

 error: WARNING: can't open config file: /build/dmwmbld/srv/state/dmwmbld/builds/comp_gcc481/w/tmp/BUILDROOT/779a792f862039a4ebba572299ebbb36/build/dmwmbld/srv/state/dmwmbld/builds/comp_gcc481/w/slc6_amd64_gcc481/external/openssl/1.0.1m-comp/ssl/openssl.cnf

 retcode : 0
DEBUG 2015-06-11 08:31:32,640: 	 Checking credentials
DEBUG 2015-06-11 08:31:32,640: 	 Found proxy file /tmp/x509up_u56682
DEBUG 2015-06-11 08:31:32,640: 	 Getting proxy life time left
DEBUG 2015-06-11 08:31:33,147: 	 Executing : 
 command : voms-proxy-info -file /tmp/x509up_u56682 -timeleft
 output : 43001

 error: 
 retcode : 0
DEBUG 2015-06-11 08:31:33,655: 	 Executing : 
 command : voms-proxy-info -file /tmp/x509up_u56682 -actimeleft
 output : 43001

 error: 
 retcode : 0
DEBUG 2015-06-11 08:31:33,655: 	 Proxy valid for 11:56:41 hours
DEBUG 2015-06-11 08:31:34,072: 	 Registering user credentials for server /DC=ch/DC=cern/OU=computers/CN=vocms(045|052|021|031).cern.ch
DEBUG 2015-06-11 08:31:34,182: 	 Executing : 
 command : openssl x509 -in ~/.globus/usercert.pem -subject -noout
 output : subject= /DC=ch/DC=cern/OU=Organic Units/OU=Users/CN=hardenbr/CN=705168/CN=Joshua Robert Hardenbrook

 error: WARNING: can't open config file: /build/dmwmbld/srv/state/dmwmbld/builds/comp_gcc481/w/tmp/BUILDROOT/779a792f862039a4ebba572299ebbb36/build/dmwmbld/srv/state/dmwmbld/builds/comp_gcc481/w/slc6_amd64_gcc481/external/openssl/1.0.1m-comp/ssl/openssl.cnf

 retcode : 0
DEBUG 2015-06-11 08:31:34,183: 	 Getting myproxy life time left for myproxy.cern.ch
DEBUG 2015-06-11 08:31:34,183: 	 Calculating hash of /DC=ch/DC=cern/OU=Organic Units/OU=Users/CN=hardenbr/CN=705168/CN=Joshua Robert Hardenbrook_cmsweb.cern.ch for credential name
DEBUG 2015-06-11 08:31:34,387: 	 Executing : 
 command : myproxy-info -l fdbcd253c5e13180d036bb7f350ef35a4f8814ed -s myproxy.cern.ch
 output : username: fdbcd253c5e13180d036bb7f350ef35a4f8814ed
owner: /DC=ch/DC=cern/OU=Organic Units/OU=Users/CN=hardenbr/CN=705168/CN=Joshua Robert Hardenbrook
  renewal policy: /DC=ch/DC=cern/OU=computers/CN=vocms(045|052|021|031).cern.ch
  trusted retrieval policy: /DC=ch/DC=cern/OU=computers/CN=vocms(045|052|021|031).cern.ch
  timeleft: 364:38:22  (15.2 days)

 error: 
 retcode : 0
DEBUG 2015-06-11 08:31:34,389: 	 Myproxy is valid: 1312702
DEBUG 2015-06-11 08:31:34,390: 	 Command use: status
DEBUG 2015-06-11 08:31:34,390: 	 Options use: ['crab_qcd170_300']
DEBUG 2015-06-11 08:31:34,851: 	 CRABClient version: 3.3.1506
DEBUG 2015-06-11 08:31:34,851: 	 Instance is prod
DEBUG 2015-06-11 08:31:34,851: 	 Server base url is cmsweb.cern.ch
DEBUG 2015-06-11 08:31:34,851: 	 Command url /crabserver/prod/workflow
DEBUG 2015-06-11 08:31:34,851: 	 Looking up detailed status of task 150610_202635:hardenbr_crab_qcd170_300
DEBUG 2015-06-11 08:31:35,917: 	 {'status': 'FAILED', 'schedd': 'crab3-2@vocms0109.cern.ch', 'saveLogs': 'F', 'jobsPerStatus': {'failed': 11, 'finished': 76}, 'jobs': {'24': {'State': 'finished'}, '25': {'State': 'finished'}, '26': {'State': 'finished'}, '27': {'State': 'finished'}, '20': {'State': 'finished'}, '21': {'State': 'failed', 'Error': [-1, 'The framework job report could be loaded, but no error message was found there.', {}]}, '22': {'State': 'finished'}, '23': {'State': 'finished'}, '28': {'State': 'finished'}, '29': {'State': 'finished'}, '4': {'State': 'finished'}, '8': {'State': 'finished'}, '59': {'State': 'finished'}, '58': {'State': 'failed', 'Error': [-1, 'The framework job report could be loaded, but no error message was found there.', {}]}, '55': {'State': 'finished'}, '54': {'State': 'finished'}, '57': {'State': 'finished'}, '56': {'State': 'finished'}, '51': {'State': 'finished'}, '50': {'State': 'finished'}, '53': {'State': 'failed', 'Error': [-1, 'The framework job report could be loaded, but no error message was found there.', {}]}, '52': {'State': 'failed', 'Error': [-1, 'The framework job report could be loaded, but no error message was found there.', {}]}, '82': {'State': 'finished'}, '83': {'State': 'finished'}, '80': {'State': 'finished'}, '81': {'State': 'finished'}, '86': {'State': 'finished'}, '87': {'State': 'finished'}, '84': {'State': 'failed', 'Error': [90000, "Got recoverable stageout exception:\nStageout failed with code 1.\nThere were 1 failed/killed stageout jobs.\nFailure reasons (per document) follow:\n- 813ae1eb2e69202bac8bf3634e849aca168220ddfe14c38389a7fd45:\n  -----> ASO log start -----\n  ['DESTINATION SRM_PUT_TURL srm-ifce err: Communication error on send, err: [SE][PrepareToPut][] httpg://srm-eoscms.cern.ch:8443/srm/v2/server: CGSI-gSOAP running on lcgfts08.gridpp.rl.ac.uk reports Error reading token data header: Connection reset by peer ']\n  <----- ASO log finish ----\n  The last failure reason is recoverable.", {}]}, '85': {'State': 'finished'}, '3': {'State': 'finished'}, '7': {'State': 'finished'}, '39': {'State': 'finished'}, '38': {'State': 'finished'}, '33': {'State': 'finished'}, '32': {'State': 'finished'}, '31': {'State': 'finished'}, '30': {'State': 'finished'}, '37': {'State': 'finished'}, '36': {'State': 'finished'}, '35': {'State': 'finished'}, '34': {'State': 'finished'}, '60': {'State': 'finished'}, '61': {'State': 'finished'}, '62': {'State': 'finished'}, '63': {'State': 'finished'}, '64': {'State': 'finished'}, '65': {'State': 'finished'}, '66': {'State': 'failed', 'Error': [-1, 'The framework job report could be loaded, but no error message was found there.', {}]}, '67': {'State': 'finished'}, '68': {'State': 'finished'}, '69': {'State': 'finished'}, '2': {'State': 'finished'}, '6': {'State': 'finished'}, '11': {'State': 'finished'}, '10': {'State': 'finished'}, '13': {'State': 'finished'}, '12': {'State': 'finished'}, '15': {'State': 'finished'}, '14': {'State': 'finished'}, '17': {'State': 'finished'}, '16': {'State': 'finished'}, '19': {'State': 'finished'}, '18': {'State': 'finished'}, '48': {'State': 'finished'}, '49': {'State': 'failed', 'Error': [-1, 'The framework job report could be loaded, but no error message was found there.', {}]}, '46': {'State': 'failed', 'Error': [134, "CmsRunFailure\nCMSSW error message follows.\nFatal Exception\nAn exception of category 'FileReadError' occurred while\n   [0] Calling InputSource::readFile_\n   [1] Reading branch EventAuxiliary\n   [2] Calling XrdFile::readv()\n   [3] XrdAdaptor::ClientRequest::HandleResponse() failure while running connection recovery\n   [4] In XrdAdaptor::RequestManager::requestFailure()\nException Message:\nXrdAdaptor::RequestManager::requestFailure Open(name='root://cmsxrootd.fnal.gov//store/mc/Spring14dr/QCD_Pt-170to300_Tune4C_13TeV_pythia8/AODSIM/castor_PU20bx25_POSTLS170_V5-v1/00000/1C006752-03D3-E311-ADA0-00304867916E.root', flags=0x10, permissions=0660, old source=cmsstor373.fnal.gov:29070 (unknown site), current server=(unknown source)) => timeout when waiting for file open\n   Additional Info:\n      [a] Original error: '[ERROR] Operation expired' (errno=0, code=206, source=cmsstor373.fnal.gov:29070 (unknown site)).\n      [b] Disabled source: cmsstor373.fnal.gov:29070\n", {'type': 'Fatal Exception', 'details': "An exception of category 'FileReadError' occurred while\n   [0] Calling InputSource::readFile_\n   [1] Reading branch EventAuxiliary\n   [2] Calling XrdFile::readv()\n   [3] XrdAdaptor::ClientRequest::HandleResponse() failure while running connection recovery\n   [4] In XrdAdaptor::RequestManager::requestFailure()\nException Message:\nXrdAdaptor::RequestManager::requestFailure Open(name='root://cmsxrootd.fnal.gov//store/mc/Spring14dr/QCD_Pt-170to300_Tune4C_13TeV_pythia8/AODSIM/castor_PU20bx25_POSTLS170_V5-v1/00000/1C006752-03D3-E311-ADA0-00304867916E.root', flags=0x10, permissions=0660, old source=cmsstor373.fnal.gov:29070 (unknown site), current server=(unknown source)) => timeout when waiting for file open\n   Additional Info:\n      [a] Original error: '[ERROR] Operation expired' (errno=0, code=206, source=cmsstor373.fnal.gov:29070 (unknown site)).\n      [b] Disabled source: cmsstor373.fnal.gov:29070", 'exitCode': '8021'}]}, '47': {'State': 'finished'}, '44': {'State': 'finished'}, '45': {'State': 'finished'}, '42': {'State': 'finished'}, '43': {'State': 'finished'}, '40': {'State': 'finished'}, '41': {'State': 'finished'}, '1': {'State': 'finished'}, '5': {'State': 'finished'}, '9': {'State': 'finished'}, '77': {'State': 'finished'}, '76': {'State': 'finished'}, '75': {'State': 'finished'}, '74': {'State': 'failed', 'Error': [-1, 'The framework job report could be loaded, but no error message was found there.', {}]}, '73': {'State': 'failed', 'Error': [-1, 'The framework job report could be loaded, but no error message was found there.', {}]}, '72': {'State': 'failed', 'Error': [-1, 'The framework job report could be loaded, but no error message was found there.', {}]}, '71': {'State': 'finished'}, '70': {'State': 'finished'}, '79': {'State': 'finished'}, '78': {'State': 'finished'}}, 'publication': {'disabled': []}, 'taskWarningMsg': [], 'outdatasets': None, 'taskFailureMsg': '', 'failedJobdefs': 0, 'ASOURL': 'https://cmsweb.cern.ch/couchdb', 'pool': {}, 'totalJobdefs': 0, 'jobSetID': '150610_202635:hardenbr_crab_qcd170_300', 'jobdefErrors': [], 'collector': 'vocms0115.cern.ch', 'jobList': [['finished', 24], ['finished', 25], ['finished', 26], ['finished', 27], ['finished', 20], ['failed', 21], ['finished', 22], ['finished', 23], ['finished', 28], ['finished', 29], ['finished', 4], ['finished', 8], ['finished', 59], ['failed', 58], ['finished', 55], ['finished', 54], ['finished', 57], ['finished', 56], ['finished', 51], ['finished', 50], ['failed', 53], ['failed', 52], ['finished', 82], ['finished', 83], ['finished', 80], ['finished', 81], ['finished', 86], ['finished', 87], ['failed', 84], ['finished', 85], ['finished', 3], ['finished', 7], ['finished', 39], ['finished', 38], ['finished', 33], ['finished', 32], ['finished', 31], ['finished', 30], ['finished', 37], ['finished', 36], ['finished', 35], ['finished', 34], ['finished', 60], ['finished', 61], ['finished', 62], ['finished', 63], ['finished', 64], ['finished', 65], ['failed', 66], ['finished', 67], ['finished', 68], ['finished', 69], ['finished', 2], ['finished', 6], ['finished', 11], ['finished', 10], ['finished', 13], ['finished', 12], ['finished', 15], ['finished', 14], ['finished', 17], ['finished', 16], ['finished', 19], ['finished', 18], ['finished', 48], ['failed', 49], ['failed', 46], ['finished', 47], ['finished', 44], ['finished', 45], ['finished', 42], ['finished', 43], ['finished', 40], ['finished', 41], ['finished', 1], ['finished', 5], ['finished', 9], ['finished', 77], ['finished', 76], ['finished', 75], ['failed', 74], ['failed', 73], ['failed', 72], ['finished', 71], ['finished', 70], ['finished', 79], ['finished', 78]]}
INFO 2015-06-11 08:31:35,917: 	 CRAB project directory:		/afs/cern.ch/user/h/hardenbr/2014/LL_DIJET/TRACKING_STUDIES/CMSSW_7_4_4/src/DisplacedJets/TrackAnalyzer/python/CRAB3_QCD_SPRING15_5UNITS/crab_qcd170_300
INFO 2015-06-11 08:31:35,917: 	 Task name:			150610_202635:hardenbr_crab_qcd170_300
INFO 2015-06-11 08:31:35,917: 	 Task status:			FAILED
INFO 2015-06-11 08:31:35,917: 	 Glidemon monitoring URL:	http://glidemon.web.cern.ch/glidemon/jobs.php?taskname=150610_202635%3Ahardenbr_crab_qcd170_300
INFO 2015-06-11 08:31:35,917: 	 Dashboard monitoring URL:	http://dashb-cms-job.cern.ch/dashboard/templates/task-analysis/#user=crab&refresh=0&table=Jobs&p=1&records=25&activemenu=2&status=&site=&tid=150610_202635%3Ahardenbr_crab_qcd170_300
INFO 2015-06-11 08:31:35,917: 	 Details:			failed         12.6% (11/87)
INFO 2015-06-11 08:31:35,917: 	 				finished       87.4% (76/87)
INFO 2015-06-11 08:31:35,917: 	 
No publication information (publication has been disabled in the CRAB configuration file)
INFO 2015-06-11 08:31:35,918: 	 
Error Summary: (use --verboseErrors for details about the errors)

 9 jobs failed with exit code -1

 1 jobs failed in postprocessing step

 1 jobs failed with exit code 134

Have a look at https://twiki.cern.ch/twiki/bin/viewauth/CMSPublic/JobExitCodes for a description of the exit codes.
DEBUG 2015-06-11 10:03:07,184: 	 Executing command: 'status'
DEBUG 2015-06-11 10:03:07,184: 	 Found CRAB cache file /afs/cern.ch/user/h/hardenbr/.crab3
DEBUG 2015-06-11 10:03:07,195: 	 Checking credentials
DEBUG 2015-06-11 10:03:07,196: 	 Found proxy file /tmp/x509up_u56682
DEBUG 2015-06-11 10:03:07,196: 	 Getting proxy life time left
DEBUG 2015-06-11 10:03:07,912: 	 Executing : 
 command : voms-proxy-info -file /tmp/x509up_u56682 -timeleft
 output : 37507

 error: 
 retcode : 0
DEBUG 2015-06-11 10:03:08,825: 	 Executing : 
 command : voms-proxy-info -file /tmp/x509up_u56682 -actimeleft
 output : 37506

 error: 
 retcode : 0
DEBUG 2015-06-11 10:03:08,825: 	 Proxy valid for 10:25:07 hours
DEBUG 2015-06-11 10:03:09,021: 	 Executing : 
 command : openssl x509 -in ~/.globus/usercert.pem -subject -noout
 output : subject= /DC=ch/DC=cern/OU=Organic Units/OU=Users/CN=hardenbr/CN=705168/CN=Joshua Robert Hardenbrook

 error: WARNING: can't open config file: /build/dmwmbld/srv/state/dmwmbld/builds/comp_gcc481/w/tmp/BUILDROOT/779a792f862039a4ebba572299ebbb36/build/dmwmbld/srv/state/dmwmbld/builds/comp_gcc481/w/slc6_amd64_gcc481/external/openssl/1.0.1m-comp/ssl/openssl.cnf

 retcode : 0
DEBUG 2015-06-11 10:03:09,021: 	 Checking credentials
DEBUG 2015-06-11 10:03:09,021: 	 Found proxy file /tmp/x509up_u56682
DEBUG 2015-06-11 10:03:09,021: 	 Getting proxy life time left
DEBUG 2015-06-11 10:03:09,629: 	 Executing : 
 command : voms-proxy-info -file /tmp/x509up_u56682 -timeleft
 output : 37505

 error: 
 retcode : 0
DEBUG 2015-06-11 10:03:10,236: 	 Executing : 
 command : voms-proxy-info -file /tmp/x509up_u56682 -actimeleft
 output : 37504

 error: 
 retcode : 0
DEBUG 2015-06-11 10:03:10,237: 	 Proxy valid for 10:25:05 hours
DEBUG 2015-06-11 10:03:10,627: 	 Registering user credentials for server /DC=ch/DC=cern/OU=computers/CN=vocms(045|052|021|031).cern.ch
DEBUG 2015-06-11 10:03:10,740: 	 Executing : 
 command : openssl x509 -in ~/.globus/usercert.pem -subject -noout
 output : subject= /DC=ch/DC=cern/OU=Organic Units/OU=Users/CN=hardenbr/CN=705168/CN=Joshua Robert Hardenbrook

 error: WARNING: can't open config file: /build/dmwmbld/srv/state/dmwmbld/builds/comp_gcc481/w/tmp/BUILDROOT/779a792f862039a4ebba572299ebbb36/build/dmwmbld/srv/state/dmwmbld/builds/comp_gcc481/w/slc6_amd64_gcc481/external/openssl/1.0.1m-comp/ssl/openssl.cnf

 retcode : 0
DEBUG 2015-06-11 10:03:10,741: 	 Getting myproxy life time left for myproxy.cern.ch
DEBUG 2015-06-11 10:03:10,741: 	 Calculating hash of /DC=ch/DC=cern/OU=Organic Units/OU=Users/CN=hardenbr/CN=705168/CN=Joshua Robert Hardenbrook_cmsweb.cern.ch for credential name
DEBUG 2015-06-11 10:03:11,153: 	 Executing : 
 command : myproxy-info -l fdbcd253c5e13180d036bb7f350ef35a4f8814ed -s myproxy.cern.ch
 output : username: fdbcd253c5e13180d036bb7f350ef35a4f8814ed
owner: /DC=ch/DC=cern/OU=Organic Units/OU=Users/CN=hardenbr/CN=705168/CN=Joshua Robert Hardenbrook
  renewal policy: /DC=ch/DC=cern/OU=computers/CN=vocms(045|052|021|031).cern.ch
  trusted retrieval policy: /DC=ch/DC=cern/OU=computers/CN=vocms(045|052|021|031).cern.ch
  timeleft: 363:06:45  (15.1 days)

 error: 
 retcode : 0
DEBUG 2015-06-11 10:03:11,155: 	 Myproxy is valid: 1307205
DEBUG 2015-06-11 10:03:11,155: 	 Command use: status
DEBUG 2015-06-11 10:03:11,155: 	 Options use: ['crab_qcd170_300']
DEBUG 2015-06-11 10:03:11,530: 	 CRABClient version: 3.3.1506
DEBUG 2015-06-11 10:03:11,530: 	 Instance is prod
DEBUG 2015-06-11 10:03:11,530: 	 Server base url is cmsweb.cern.ch
DEBUG 2015-06-11 10:03:11,530: 	 Command url /crabserver/prod/workflow
DEBUG 2015-06-11 10:03:11,531: 	 Looking up detailed status of task 150610_202635:hardenbr_crab_qcd170_300
DEBUG 2015-06-11 10:03:12,350: 	 {'status': 'FAILED', 'schedd': 'crab3-2@vocms0109.cern.ch', 'saveLogs': 'F', 'jobsPerStatus': {'failed': 11, 'finished': 76}, 'jobs': {'24': {'State': 'finished'}, '25': {'State': 'finished'}, '26': {'State': 'finished'}, '27': {'State': 'finished'}, '20': {'State': 'finished'}, '21': {'State': 'failed', 'Error': [-1, 'The framework job report could be loaded, but no error message was found there.', {}]}, '22': {'State': 'finished'}, '23': {'State': 'finished'}, '28': {'State': 'finished'}, '29': {'State': 'finished'}, '4': {'State': 'finished'}, '8': {'State': 'finished'}, '59': {'State': 'finished'}, '58': {'State': 'failed', 'Error': [-1, 'The framework job report could be loaded, but no error message was found there.', {}]}, '55': {'State': 'finished'}, '54': {'State': 'finished'}, '57': {'State': 'finished'}, '56': {'State': 'finished'}, '51': {'State': 'finished'}, '50': {'State': 'finished'}, '53': {'State': 'failed', 'Error': [-1, 'The framework job report could be loaded, but no error message was found there.', {}]}, '52': {'State': 'failed', 'Error': [-1, 'The framework job report could be loaded, but no error message was found there.', {}]}, '82': {'State': 'finished'}, '83': {'State': 'finished'}, '80': {'State': 'finished'}, '81': {'State': 'finished'}, '86': {'State': 'finished'}, '87': {'State': 'finished'}, '84': {'State': 'failed', 'Error': [90000, "Got recoverable stageout exception:\nStageout failed with code 1.\nThere were 1 failed/killed stageout jobs.\nFailure reasons (per document) follow:\n- 813ae1eb2e69202bac8bf3634e849aca168220ddfe14c38389a7fd45:\n  -----> ASO log start -----\n  ['DESTINATION SRM_PUT_TURL srm-ifce err: Communication error on send, err: [SE][PrepareToPut][] httpg://srm-eoscms.cern.ch:8443/srm/v2/server: CGSI-gSOAP running on lcgfts08.gridpp.rl.ac.uk reports Error reading token data header: Connection reset by peer ']\n  <----- ASO log finish ----\n  The last failure reason is recoverable.", {}]}, '85': {'State': 'finished'}, '3': {'State': 'finished'}, '7': {'State': 'finished'}, '39': {'State': 'finished'}, '38': {'State': 'finished'}, '33': {'State': 'finished'}, '32': {'State': 'finished'}, '31': {'State': 'finished'}, '30': {'State': 'finished'}, '37': {'State': 'finished'}, '36': {'State': 'finished'}, '35': {'State': 'finished'}, '34': {'State': 'finished'}, '60': {'State': 'finished'}, '61': {'State': 'finished'}, '62': {'State': 'finished'}, '63': {'State': 'finished'}, '64': {'State': 'finished'}, '65': {'State': 'finished'}, '66': {'State': 'failed', 'Error': [-1, 'The framework job report could be loaded, but no error message was found there.', {}]}, '67': {'State': 'finished'}, '68': {'State': 'finished'}, '69': {'State': 'finished'}, '2': {'State': 'finished'}, '6': {'State': 'finished'}, '11': {'State': 'finished'}, '10': {'State': 'finished'}, '13': {'State': 'finished'}, '12': {'State': 'finished'}, '15': {'State': 'finished'}, '14': {'State': 'finished'}, '17': {'State': 'finished'}, '16': {'State': 'finished'}, '19': {'State': 'finished'}, '18': {'State': 'finished'}, '48': {'State': 'finished'}, '49': {'State': 'failed', 'Error': [-1, 'The framework job report could be loaded, but no error message was found there.', {}]}, '46': {'State': 'failed', 'Error': [134, "CmsRunFailure\nCMSSW error message follows.\nFatal Exception\nAn exception of category 'FileReadError' occurred while\n   [0] Calling InputSource::readFile_\n   [1] Reading branch EventAuxiliary\n   [2] Calling XrdFile::readv()\n   [3] XrdAdaptor::ClientRequest::HandleResponse() failure while running connection recovery\n   [4] In XrdAdaptor::RequestManager::requestFailure()\nException Message:\nXrdAdaptor::RequestManager::requestFailure Open(name='root://cmsxrootd.fnal.gov//store/mc/Spring14dr/QCD_Pt-170to300_Tune4C_13TeV_pythia8/AODSIM/castor_PU20bx25_POSTLS170_V5-v1/00000/1C006752-03D3-E311-ADA0-00304867916E.root', flags=0x10, permissions=0660, old source=cmsstor373.fnal.gov:29070 (unknown site), current server=(unknown source)) => timeout when waiting for file open\n   Additional Info:\n      [a] Original error: '[ERROR] Operation expired' (errno=0, code=206, source=cmsstor373.fnal.gov:29070 (unknown site)).\n      [b] Disabled source: cmsstor373.fnal.gov:29070\n", {'type': 'Fatal Exception', 'details': "An exception of category 'FileReadError' occurred while\n   [0] Calling InputSource::readFile_\n   [1] Reading branch EventAuxiliary\n   [2] Calling XrdFile::readv()\n   [3] XrdAdaptor::ClientRequest::HandleResponse() failure while running connection recovery\n   [4] In XrdAdaptor::RequestManager::requestFailure()\nException Message:\nXrdAdaptor::RequestManager::requestFailure Open(name='root://cmsxrootd.fnal.gov//store/mc/Spring14dr/QCD_Pt-170to300_Tune4C_13TeV_pythia8/AODSIM/castor_PU20bx25_POSTLS170_V5-v1/00000/1C006752-03D3-E311-ADA0-00304867916E.root', flags=0x10, permissions=0660, old source=cmsstor373.fnal.gov:29070 (unknown site), current server=(unknown source)) => timeout when waiting for file open\n   Additional Info:\n      [a] Original error: '[ERROR] Operation expired' (errno=0, code=206, source=cmsstor373.fnal.gov:29070 (unknown site)).\n      [b] Disabled source: cmsstor373.fnal.gov:29070", 'exitCode': '8021'}]}, '47': {'State': 'finished'}, '44': {'State': 'finished'}, '45': {'State': 'finished'}, '42': {'State': 'finished'}, '43': {'State': 'finished'}, '40': {'State': 'finished'}, '41': {'State': 'finished'}, '1': {'State': 'finished'}, '5': {'State': 'finished'}, '9': {'State': 'finished'}, '77': {'State': 'finished'}, '76': {'State': 'finished'}, '75': {'State': 'finished'}, '74': {'State': 'failed', 'Error': [-1, 'The framework job report could be loaded, but no error message was found there.', {}]}, '73': {'State': 'failed', 'Error': [-1, 'The framework job report could be loaded, but no error message was found there.', {}]}, '72': {'State': 'failed', 'Error': [-1, 'The framework job report could be loaded, but no error message was found there.', {}]}, '71': {'State': 'finished'}, '70': {'State': 'finished'}, '79': {'State': 'finished'}, '78': {'State': 'finished'}}, 'publication': {'disabled': []}, 'taskWarningMsg': [], 'outdatasets': None, 'taskFailureMsg': '', 'failedJobdefs': 0, 'ASOURL': 'https://cmsweb.cern.ch/couchdb', 'pool': {}, 'totalJobdefs': 0, 'jobSetID': '150610_202635:hardenbr_crab_qcd170_300', 'jobdefErrors': [], 'collector': 'vocms0115.cern.ch', 'jobList': [['finished', 24], ['finished', 25], ['finished', 26], ['finished', 27], ['finished', 20], ['failed', 21], ['finished', 22], ['finished', 23], ['finished', 28], ['finished', 29], ['finished', 4], ['finished', 8], ['finished', 59], ['failed', 58], ['finished', 55], ['finished', 54], ['finished', 57], ['finished', 56], ['finished', 51], ['finished', 50], ['failed', 53], ['failed', 52], ['finished', 82], ['finished', 83], ['finished', 80], ['finished', 81], ['finished', 86], ['finished', 87], ['failed', 84], ['finished', 85], ['finished', 3], ['finished', 7], ['finished', 39], ['finished', 38], ['finished', 33], ['finished', 32], ['finished', 31], ['finished', 30], ['finished', 37], ['finished', 36], ['finished', 35], ['finished', 34], ['finished', 60], ['finished', 61], ['finished', 62], ['finished', 63], ['finished', 64], ['finished', 65], ['failed', 66], ['finished', 67], ['finished', 68], ['finished', 69], ['finished', 2], ['finished', 6], ['finished', 11], ['finished', 10], ['finished', 13], ['finished', 12], ['finished', 15], ['finished', 14], ['finished', 17], ['finished', 16], ['finished', 19], ['finished', 18], ['finished', 48], ['failed', 49], ['failed', 46], ['finished', 47], ['finished', 44], ['finished', 45], ['finished', 42], ['finished', 43], ['finished', 40], ['finished', 41], ['finished', 1], ['finished', 5], ['finished', 9], ['finished', 77], ['finished', 76], ['finished', 75], ['failed', 74], ['failed', 73], ['failed', 72], ['finished', 71], ['finished', 70], ['finished', 79], ['finished', 78]]}
INFO 2015-06-11 10:03:12,351: 	 CRAB project directory:		/afs/cern.ch/user/h/hardenbr/2014/LL_DIJET/TRACKING_STUDIES/CMSSW_7_4_4/src/DisplacedJets/TrackAnalyzer/python/CRAB3_QCD_SPRING15_5UNITS/crab_qcd170_300
INFO 2015-06-11 10:03:12,351: 	 Task name:			150610_202635:hardenbr_crab_qcd170_300
INFO 2015-06-11 10:03:12,351: 	 Task status:			FAILED
INFO 2015-06-11 10:03:12,351: 	 Glidemon monitoring URL:	http://glidemon.web.cern.ch/glidemon/jobs.php?taskname=150610_202635%3Ahardenbr_crab_qcd170_300
INFO 2015-06-11 10:03:12,352: 	 Dashboard monitoring URL:	http://dashb-cms-job.cern.ch/dashboard/templates/task-analysis/#user=crab&refresh=0&table=Jobs&p=1&records=25&activemenu=2&status=&site=&tid=150610_202635%3Ahardenbr_crab_qcd170_300
INFO 2015-06-11 10:03:12,353: 	 Details:			failed         12.6% (11/87)
INFO 2015-06-11 10:03:12,353: 	 				finished       87.4% (76/87)
INFO 2015-06-11 10:03:12,353: 	 
No publication information (publication has been disabled in the CRAB configuration file)
INFO 2015-06-11 10:03:12,353: 	 
Error Summary: (use --verboseErrors for details about the errors)

 9 jobs failed with exit code -1

 1 jobs failed in postprocessing step

 1 jobs failed with exit code 134

Have a look at https://twiki.cern.ch/twiki/bin/viewauth/CMSPublic/JobExitCodes for a description of the exit codes.
