DEBUG 2015-06-10 22:32:36,927: 	 Executing command: 'status'
DEBUG 2015-06-10 22:32:36,927: 	 Found CRAB cache file /afs/cern.ch/user/h/hardenbr/.crab3
DEBUG 2015-06-10 22:32:36,933: 	 Checking credentials
DEBUG 2015-06-10 22:32:36,933: 	 Found proxy file /tmp/x509up_u56682
DEBUG 2015-06-10 22:32:36,933: 	 Getting proxy life time left
DEBUG 2015-06-10 22:32:37,337: 	 Executing : 
 command : voms-proxy-info -file /tmp/x509up_u56682 -timeleft
 output : 42465

 error: 
 retcode : 0
DEBUG 2015-06-10 22:32:37,741: 	 Executing : 
 command : voms-proxy-info -file /tmp/x509up_u56682 -actimeleft
 output : 42465

 error: 
 retcode : 0
DEBUG 2015-06-10 22:32:37,742: 	 Proxy valid for 11:47:45 hours
DEBUG 2015-06-10 22:32:37,914: 	 Executing : 
 command : openssl x509 -in ~/.globus/usercert.pem -subject -noout
 output : subject= /DC=ch/DC=cern/OU=Organic Units/OU=Users/CN=hardenbr/CN=705168/CN=Joshua Robert Hardenbrook

 error: WARNING: can't open config file: /build/dmwmbld/srv/state/dmwmbld/builds/comp_gcc481/w/tmp/BUILDROOT/779a792f862039a4ebba572299ebbb36/build/dmwmbld/srv/state/dmwmbld/builds/comp_gcc481/w/slc6_amd64_gcc481/external/openssl/1.0.1m-comp/ssl/openssl.cnf

 retcode : 0
DEBUG 2015-06-10 22:32:37,914: 	 Checking credentials
DEBUG 2015-06-10 22:32:37,914: 	 Found proxy file /tmp/x509up_u56682
DEBUG 2015-06-10 22:32:37,914: 	 Getting proxy life time left
DEBUG 2015-06-10 22:32:38,318: 	 Executing : 
 command : voms-proxy-info -file /tmp/x509up_u56682 -timeleft
 output : 42464

 error: 
 retcode : 0
DEBUG 2015-06-10 22:32:38,721: 	 Executing : 
 command : voms-proxy-info -file /tmp/x509up_u56682 -actimeleft
 output : 42464

 error: 
 retcode : 0
DEBUG 2015-06-10 22:32:38,722: 	 Proxy valid for 11:47:44 hours
DEBUG 2015-06-10 22:32:39,064: 	 Registering user credentials for server /DC=ch/DC=cern/OU=computers/CN=vocms(045|052|021|031).cern.ch
DEBUG 2015-06-10 22:32:39,172: 	 Executing : 
 command : openssl x509 -in ~/.globus/usercert.pem -subject -noout
 output : subject= /DC=ch/DC=cern/OU=Organic Units/OU=Users/CN=hardenbr/CN=705168/CN=Joshua Robert Hardenbrook

 error: WARNING: can't open config file: /build/dmwmbld/srv/state/dmwmbld/builds/comp_gcc481/w/tmp/BUILDROOT/779a792f862039a4ebba572299ebbb36/build/dmwmbld/srv/state/dmwmbld/builds/comp_gcc481/w/slc6_amd64_gcc481/external/openssl/1.0.1m-comp/ssl/openssl.cnf

 retcode : 0
DEBUG 2015-06-10 22:32:39,173: 	 Getting myproxy life time left for myproxy.cern.ch
DEBUG 2015-06-10 22:32:39,173: 	 Calculating hash of /DC=ch/DC=cern/OU=Organic Units/OU=Users/CN=hardenbr/CN=705168/CN=Joshua Robert Hardenbrook_cmsweb.cern.ch for credential name
DEBUG 2015-06-10 22:32:39,376: 	 Executing : 
 command : myproxy-info -l fdbcd253c5e13180d036bb7f350ef35a4f8814ed -s myproxy.cern.ch
 output : username: fdbcd253c5e13180d036bb7f350ef35a4f8814ed
owner: /DC=ch/DC=cern/OU=Organic Units/OU=Users/CN=hardenbr/CN=705168/CN=Joshua Robert Hardenbrook
  renewal policy: /DC=ch/DC=cern/OU=computers/CN=vocms(045|052|021|031).cern.ch
  trusted retrieval policy: /DC=ch/DC=cern/OU=computers/CN=vocms(045|052|021|031).cern.ch
  timeleft: 374:37:17  (15.6 days)

 error: 
 retcode : 0
DEBUG 2015-06-10 22:32:39,377: 	 Myproxy is valid: 1348637
DEBUG 2015-06-10 22:32:39,377: 	 Command use: status
DEBUG 2015-06-10 22:32:39,377: 	 Options use: ['crab_qcd1800_2400']
DEBUG 2015-06-10 22:32:39,747: 	 CRABClient version: 3.3.1506
DEBUG 2015-06-10 22:32:39,748: 	 Instance is prod
DEBUG 2015-06-10 22:32:39,748: 	 Server base url is cmsweb.cern.ch
DEBUG 2015-06-10 22:32:39,748: 	 Command url /crabserver/prod/workflow
DEBUG 2015-06-10 22:32:39,748: 	 Looking up detailed status of task 150610_202714:hardenbr_crab_qcd1800_2400
DEBUG 2015-06-10 22:32:40,116: 	 {'status': 'NEW', 'schedd': '', 'saveLogs': 'F', 'totalJobdefs': 0, 'jobSetID': '', 'jobsPerStatus': {}, 'taskWarningMsg': [], 'taskFailureMsg': '', 'failedJobdefs': 0, 'jobdefErrors': [], 'collector': '', 'jobList': []}
INFO 2015-06-10 22:32:40,116: 	 CRAB project directory:		/afs/cern.ch/user/h/hardenbr/2014/LL_DIJET/TRACKING_STUDIES/CMSSW_7_4_4/src/DisplacedJets/TrackAnalyzer/python/CRAB3_QCD_SPRING15_5UNITS/crab_qcd1800_2400
INFO 2015-06-10 22:32:40,116: 	 Task name:			150610_202714:hardenbr_crab_qcd1800_2400
INFO 2015-06-10 22:32:40,116: 	 Task status:			NEW
INFO 2015-06-10 22:32:40,116: 	 
No jobs created yet!
DEBUG 2015-06-11 08:32:07,868: 	 Executing command: 'status'
DEBUG 2015-06-11 08:32:07,869: 	 Found CRAB cache file /afs/cern.ch/user/h/hardenbr/.crab3
DEBUG 2015-06-11 08:32:07,876: 	 Checking credentials
DEBUG 2015-06-11 08:32:07,876: 	 Found proxy file /tmp/x509up_u56682
DEBUG 2015-06-11 08:32:07,876: 	 Getting proxy life time left
DEBUG 2015-06-11 08:32:08,382: 	 Executing : 
 command : voms-proxy-info -file /tmp/x509up_u56682 -timeleft
 output : 42966

 error: 
 retcode : 0
DEBUG 2015-06-11 08:32:08,896: 	 Executing : 
 command : voms-proxy-info -file /tmp/x509up_u56682 -actimeleft
 output : 42966

 error: 
 retcode : 0
DEBUG 2015-06-11 08:32:08,896: 	 Proxy valid for 11:56:06 hours
DEBUG 2015-06-11 08:32:09,103: 	 Executing : 
 command : openssl x509 -in ~/.globus/usercert.pem -subject -noout
 output : subject= /DC=ch/DC=cern/OU=Organic Units/OU=Users/CN=hardenbr/CN=705168/CN=Joshua Robert Hardenbrook

 error: WARNING: can't open config file: /build/dmwmbld/srv/state/dmwmbld/builds/comp_gcc481/w/tmp/BUILDROOT/779a792f862039a4ebba572299ebbb36/build/dmwmbld/srv/state/dmwmbld/builds/comp_gcc481/w/slc6_amd64_gcc481/external/openssl/1.0.1m-comp/ssl/openssl.cnf

 retcode : 0
DEBUG 2015-06-11 08:32:09,103: 	 Checking credentials
DEBUG 2015-06-11 08:32:09,103: 	 Found proxy file /tmp/x509up_u56682
DEBUG 2015-06-11 08:32:09,104: 	 Getting proxy life time left
DEBUG 2015-06-11 08:32:09,613: 	 Executing : 
 command : voms-proxy-info -file /tmp/x509up_u56682 -timeleft
 output : 42965

 error: 
 retcode : 0
DEBUG 2015-06-11 08:32:10,017: 	 Executing : 
 command : voms-proxy-info -file /tmp/x509up_u56682 -actimeleft
 output : 42965

 error: 
 retcode : 0
DEBUG 2015-06-11 08:32:10,017: 	 Proxy valid for 11:56:05 hours
DEBUG 2015-06-11 08:32:10,445: 	 Registering user credentials for server /DC=ch/DC=cern/OU=computers/CN=vocms(045|052|021|031).cern.ch
DEBUG 2015-06-11 08:32:10,556: 	 Executing : 
 command : openssl x509 -in ~/.globus/usercert.pem -subject -noout
 output : subject= /DC=ch/DC=cern/OU=Organic Units/OU=Users/CN=hardenbr/CN=705168/CN=Joshua Robert Hardenbrook

 error: WARNING: can't open config file: /build/dmwmbld/srv/state/dmwmbld/builds/comp_gcc481/w/tmp/BUILDROOT/779a792f862039a4ebba572299ebbb36/build/dmwmbld/srv/state/dmwmbld/builds/comp_gcc481/w/slc6_amd64_gcc481/external/openssl/1.0.1m-comp/ssl/openssl.cnf

 retcode : 0
DEBUG 2015-06-11 08:32:10,556: 	 Getting myproxy life time left for myproxy.cern.ch
DEBUG 2015-06-11 08:32:10,556: 	 Calculating hash of /DC=ch/DC=cern/OU=Organic Units/OU=Users/CN=hardenbr/CN=705168/CN=Joshua Robert Hardenbrook_cmsweb.cern.ch for credential name
DEBUG 2015-06-11 08:32:10,962: 	 Executing : 
 command : myproxy-info -l fdbcd253c5e13180d036bb7f350ef35a4f8814ed -s myproxy.cern.ch
 output : username: fdbcd253c5e13180d036bb7f350ef35a4f8814ed
owner: /DC=ch/DC=cern/OU=Organic Units/OU=Users/CN=hardenbr/CN=705168/CN=Joshua Robert Hardenbrook
  renewal policy: /DC=ch/DC=cern/OU=computers/CN=vocms(045|052|021|031).cern.ch
  trusted retrieval policy: /DC=ch/DC=cern/OU=computers/CN=vocms(045|052|021|031).cern.ch
  timeleft: 364:37:46  (15.2 days)

 error: 
 retcode : 0
DEBUG 2015-06-11 08:32:10,964: 	 Myproxy is valid: 1312666
DEBUG 2015-06-11 08:32:10,964: 	 Command use: status
DEBUG 2015-06-11 08:32:10,965: 	 Options use: ['crab_qcd1800_2400']
DEBUG 2015-06-11 08:32:11,454: 	 CRABClient version: 3.3.1506
DEBUG 2015-06-11 08:32:11,454: 	 Instance is prod
DEBUG 2015-06-11 08:32:11,454: 	 Server base url is cmsweb.cern.ch
DEBUG 2015-06-11 08:32:11,454: 	 Command url /crabserver/prod/workflow
DEBUG 2015-06-11 08:32:11,454: 	 Looking up detailed status of task 150610_202714:hardenbr_crab_qcd1800_2400
DEBUG 2015-06-11 08:32:12,696: 	 {'status': 'SUBMITTED', 'schedd': 'crab3test-2@vocms095.cern.ch', 'saveLogs': 'F', 'jobsPerStatus': {'idle': 90}, 'jobs': {'24': {'State': 'idle'}, '25': {'State': 'idle'}, '26': {'State': 'idle'}, '27': {'State': 'idle'}, '20': {'State': 'idle'}, '21': {'State': 'idle'}, '22': {'State': 'idle'}, '23': {'State': 'idle'}, '28': {'State': 'idle'}, '29': {'State': 'idle'}, '4': {'State': 'idle'}, '8': {'State': 'idle'}, '59': {'State': 'idle'}, '58': {'State': 'idle'}, '55': {'State': 'idle'}, '54': {'State': 'idle'}, '57': {'State': 'idle'}, '56': {'State': 'idle'}, '51': {'State': 'idle'}, '50': {'State': 'idle'}, '53': {'State': 'idle'}, '52': {'State': 'idle'}, '88': {'State': 'idle'}, '89': {'State': 'idle'}, '82': {'State': 'idle'}, '83': {'State': 'idle'}, '80': {'State': 'idle'}, '81': {'State': 'idle'}, '86': {'State': 'idle'}, '87': {'State': 'idle'}, '84': {'State': 'idle'}, '85': {'State': 'idle'}, '3': {'State': 'idle'}, '7': {'State': 'idle'}, '39': {'State': 'idle'}, '38': {'State': 'idle'}, '33': {'State': 'idle'}, '32': {'State': 'idle'}, '31': {'State': 'idle'}, '30': {'State': 'idle'}, '37': {'State': 'idle'}, '36': {'State': 'idle'}, '35': {'State': 'idle'}, '34': {'State': 'idle'}, '60': {'State': 'idle'}, '61': {'State': 'idle'}, '62': {'State': 'idle'}, '63': {'State': 'idle'}, '64': {'State': 'idle'}, '65': {'State': 'idle'}, '66': {'State': 'idle'}, '67': {'State': 'idle'}, '68': {'State': 'idle'}, '69': {'State': 'idle'}, '2': {'State': 'idle'}, '6': {'State': 'idle'}, '90': {'State': 'idle'}, '11': {'State': 'idle'}, '10': {'State': 'idle'}, '13': {'State': 'idle'}, '12': {'State': 'idle'}, '15': {'State': 'idle'}, '14': {'State': 'idle'}, '17': {'State': 'idle'}, '16': {'State': 'idle'}, '19': {'State': 'idle'}, '18': {'State': 'idle'}, '48': {'State': 'idle'}, '49': {'State': 'idle'}, '46': {'State': 'idle'}, '47': {'State': 'idle'}, '44': {'State': 'idle'}, '45': {'State': 'idle'}, '42': {'State': 'idle'}, '43': {'State': 'idle'}, '40': {'State': 'idle'}, '41': {'State': 'idle'}, '1': {'State': 'idle'}, '5': {'State': 'idle'}, '9': {'State': 'idle'}, '77': {'State': 'idle'}, '76': {'State': 'idle'}, '75': {'State': 'idle'}, '74': {'State': 'idle'}, '73': {'State': 'idle'}, '72': {'State': 'idle'}, '71': {'State': 'idle'}, '70': {'State': 'idle'}, '79': {'State': 'idle'}, '78': {'State': 'idle'}}, 'publication': {'disabled': []}, 'taskWarningMsg': [], 'outdatasets': None, 'taskFailureMsg': '', 'failedJobdefs': 0, 'ASOURL': 'https://cmsweb.cern.ch/couchdb', 'pool': {}, 'totalJobdefs': 0, 'jobSetID': '150610_202714:hardenbr_crab_qcd1800_2400', 'jobdefErrors': [], 'collector': 'vocms0115.cern.ch', 'jobList': [['idle', 24], ['idle', 25], ['idle', 26], ['idle', 27], ['idle', 20], ['idle', 21], ['idle', 22], ['idle', 23], ['idle', 28], ['idle', 29], ['idle', 4], ['idle', 8], ['idle', 59], ['idle', 58], ['idle', 55], ['idle', 54], ['idle', 57], ['idle', 56], ['idle', 51], ['idle', 50], ['idle', 53], ['idle', 52], ['idle', 88], ['idle', 89], ['idle', 82], ['idle', 83], ['idle', 80], ['idle', 81], ['idle', 86], ['idle', 87], ['idle', 84], ['idle', 85], ['idle', 3], ['idle', 7], ['idle', 39], ['idle', 38], ['idle', 33], ['idle', 32], ['idle', 31], ['idle', 30], ['idle', 37], ['idle', 36], ['idle', 35], ['idle', 34], ['idle', 60], ['idle', 61], ['idle', 62], ['idle', 63], ['idle', 64], ['idle', 65], ['idle', 66], ['idle', 67], ['idle', 68], ['idle', 69], ['idle', 2], ['idle', 6], ['idle', 90], ['idle', 11], ['idle', 10], ['idle', 13], ['idle', 12], ['idle', 15], ['idle', 14], ['idle', 17], ['idle', 16], ['idle', 19], ['idle', 18], ['idle', 48], ['idle', 49], ['idle', 46], ['idle', 47], ['idle', 44], ['idle', 45], ['idle', 42], ['idle', 43], ['idle', 40], ['idle', 41], ['idle', 1], ['idle', 5], ['idle', 9], ['idle', 77], ['idle', 76], ['idle', 75], ['idle', 74], ['idle', 73], ['idle', 72], ['idle', 71], ['idle', 70], ['idle', 79], ['idle', 78]]}
INFO 2015-06-11 08:32:12,696: 	 CRAB project directory:		/afs/cern.ch/user/h/hardenbr/2014/LL_DIJET/TRACKING_STUDIES/CMSSW_7_4_4/src/DisplacedJets/TrackAnalyzer/python/CRAB3_QCD_SPRING15_5UNITS/crab_qcd1800_2400
INFO 2015-06-11 08:32:12,696: 	 Task name:			150610_202714:hardenbr_crab_qcd1800_2400
INFO 2015-06-11 08:32:12,696: 	 Task status:			SUBMITTED
INFO 2015-06-11 08:32:12,696: 	 Glidemon monitoring URL:	http://glidemon.web.cern.ch/glidemon/jobs.php?taskname=150610_202714%3Ahardenbr_crab_qcd1800_2400
INFO 2015-06-11 08:32:12,696: 	 Dashboard monitoring URL:	http://dashb-cms-job.cern.ch/dashboard/templates/task-analysis/#user=crab&refresh=0&table=Jobs&p=1&records=25&activemenu=2&status=&site=&tid=150610_202714%3Ahardenbr_crab_qcd1800_2400
INFO 2015-06-11 08:32:12,697: 	 Details:			idle          100.0% (90/90)
INFO 2015-06-11 08:32:12,697: 	 
No publication information (publication has been disabled in the CRAB configuration file)
DEBUG 2015-06-11 10:03:57,461: 	 Executing command: 'status'
DEBUG 2015-06-11 10:03:57,461: 	 Found CRAB cache file /afs/cern.ch/user/h/hardenbr/.crab3
DEBUG 2015-06-11 10:03:57,470: 	 Checking credentials
DEBUG 2015-06-11 10:03:57,471: 	 Found proxy file /tmp/x509up_u56682
DEBUG 2015-06-11 10:03:57,471: 	 Getting proxy life time left
DEBUG 2015-06-11 10:03:58,278: 	 Executing : 
 command : voms-proxy-info -file /tmp/x509up_u56682 -timeleft
 output : 37456

 error: 
 retcode : 0
DEBUG 2015-06-11 10:03:58,891: 	 Executing : 
 command : voms-proxy-info -file /tmp/x509up_u56682 -actimeleft
 output : 37456

 error: 
 retcode : 0
DEBUG 2015-06-11 10:03:58,892: 	 Proxy valid for 10:24:16 hours
DEBUG 2015-06-11 10:03:59,082: 	 Executing : 
 command : openssl x509 -in ~/.globus/usercert.pem -subject -noout
 output : subject= /DC=ch/DC=cern/OU=Organic Units/OU=Users/CN=hardenbr/CN=705168/CN=Joshua Robert Hardenbrook

 error: WARNING: can't open config file: /build/dmwmbld/srv/state/dmwmbld/builds/comp_gcc481/w/tmp/BUILDROOT/779a792f862039a4ebba572299ebbb36/build/dmwmbld/srv/state/dmwmbld/builds/comp_gcc481/w/slc6_amd64_gcc481/external/openssl/1.0.1m-comp/ssl/openssl.cnf

 retcode : 0
DEBUG 2015-06-11 10:03:59,082: 	 Checking credentials
DEBUG 2015-06-11 10:03:59,082: 	 Found proxy file /tmp/x509up_u56682
DEBUG 2015-06-11 10:03:59,082: 	 Getting proxy life time left
DEBUG 2015-06-11 10:03:59,688: 	 Executing : 
 command : voms-proxy-info -file /tmp/x509up_u56682 -timeleft
 output : 37455

 error: 
 retcode : 0
DEBUG 2015-06-11 10:04:00,406: 	 Executing : 
 command : voms-proxy-info -file /tmp/x509up_u56682 -actimeleft
 output : 37454

 error: 
 retcode : 0
DEBUG 2015-06-11 10:04:00,406: 	 Proxy valid for 10:24:15 hours
DEBUG 2015-06-11 10:04:00,842: 	 Registering user credentials for server /DC=ch/DC=cern/OU=computers/CN=vocms(045|052|021|031).cern.ch
DEBUG 2015-06-11 10:04:00,956: 	 Executing : 
 command : openssl x509 -in ~/.globus/usercert.pem -subject -noout
 output : subject= /DC=ch/DC=cern/OU=Organic Units/OU=Users/CN=hardenbr/CN=705168/CN=Joshua Robert Hardenbrook

 error: WARNING: can't open config file: /build/dmwmbld/srv/state/dmwmbld/builds/comp_gcc481/w/tmp/BUILDROOT/779a792f862039a4ebba572299ebbb36/build/dmwmbld/srv/state/dmwmbld/builds/comp_gcc481/w/slc6_amd64_gcc481/external/openssl/1.0.1m-comp/ssl/openssl.cnf

 retcode : 0
DEBUG 2015-06-11 10:04:00,956: 	 Getting myproxy life time left for myproxy.cern.ch
DEBUG 2015-06-11 10:04:00,956: 	 Calculating hash of /DC=ch/DC=cern/OU=Organic Units/OU=Users/CN=hardenbr/CN=705168/CN=Joshua Robert Hardenbrook_cmsweb.cern.ch for credential name
DEBUG 2015-06-11 10:04:01,163: 	 Executing : 
 command : myproxy-info -l fdbcd253c5e13180d036bb7f350ef35a4f8814ed -s myproxy.cern.ch
 output : username: fdbcd253c5e13180d036bb7f350ef35a4f8814ed
owner: /DC=ch/DC=cern/OU=Organic Units/OU=Users/CN=hardenbr/CN=705168/CN=Joshua Robert Hardenbrook
  renewal policy: /DC=ch/DC=cern/OU=computers/CN=vocms(045|052|021|031).cern.ch
  trusted retrieval policy: /DC=ch/DC=cern/OU=computers/CN=vocms(045|052|021|031).cern.ch
  timeleft: 363:05:55  (15.1 days)

 error: 
 retcode : 0
DEBUG 2015-06-11 10:04:01,165: 	 Myproxy is valid: 1307155
DEBUG 2015-06-11 10:04:01,165: 	 Command use: status
DEBUG 2015-06-11 10:04:01,165: 	 Options use: ['crab_qcd1800_2400']
DEBUG 2015-06-11 10:04:01,618: 	 CRABClient version: 3.3.1506
DEBUG 2015-06-11 10:04:01,618: 	 Instance is prod
DEBUG 2015-06-11 10:04:01,618: 	 Server base url is cmsweb.cern.ch
DEBUG 2015-06-11 10:04:01,618: 	 Command url /crabserver/prod/workflow
DEBUG 2015-06-11 10:04:01,618: 	 Looking up detailed status of task 150610_202714:hardenbr_crab_qcd1800_2400
DEBUG 2015-06-11 10:04:03,469: 	 {'status': 'SUBMITTED', 'schedd': 'crab3test-2@vocms095.cern.ch', 'saveLogs': 'F', 'jobsPerStatus': {'idle': 90}, 'jobs': {'24': {'State': 'idle'}, '25': {'State': 'idle'}, '26': {'State': 'idle'}, '27': {'State': 'idle'}, '20': {'State': 'idle'}, '21': {'State': 'idle'}, '22': {'State': 'idle'}, '23': {'State': 'idle'}, '28': {'State': 'idle'}, '29': {'State': 'idle'}, '4': {'State': 'idle'}, '8': {'State': 'idle'}, '59': {'State': 'idle'}, '58': {'State': 'idle'}, '55': {'State': 'idle'}, '54': {'State': 'idle'}, '57': {'State': 'idle'}, '56': {'State': 'idle'}, '51': {'State': 'idle'}, '50': {'State': 'idle'}, '53': {'State': 'idle'}, '52': {'State': 'idle'}, '88': {'State': 'idle'}, '89': {'State': 'idle'}, '82': {'State': 'idle'}, '83': {'State': 'idle'}, '80': {'State': 'idle'}, '81': {'State': 'idle'}, '86': {'State': 'idle'}, '87': {'State': 'idle'}, '84': {'State': 'idle'}, '85': {'State': 'idle'}, '3': {'State': 'idle'}, '7': {'State': 'idle'}, '39': {'State': 'idle'}, '38': {'State': 'idle'}, '33': {'State': 'idle'}, '32': {'State': 'idle'}, '31': {'State': 'idle'}, '30': {'State': 'idle'}, '37': {'State': 'idle'}, '36': {'State': 'idle'}, '35': {'State': 'idle'}, '34': {'State': 'idle'}, '60': {'State': 'idle'}, '61': {'State': 'idle'}, '62': {'State': 'idle'}, '63': {'State': 'idle'}, '64': {'State': 'idle'}, '65': {'State': 'idle'}, '66': {'State': 'idle'}, '67': {'State': 'idle'}, '68': {'State': 'idle'}, '69': {'State': 'idle'}, '2': {'State': 'idle'}, '6': {'State': 'idle'}, '90': {'State': 'idle'}, '11': {'State': 'idle'}, '10': {'State': 'idle'}, '13': {'State': 'idle'}, '12': {'State': 'idle'}, '15': {'State': 'idle'}, '14': {'State': 'idle'}, '17': {'State': 'idle'}, '16': {'State': 'idle'}, '19': {'State': 'idle'}, '18': {'State': 'idle'}, '48': {'State': 'idle'}, '49': {'State': 'idle'}, '46': {'State': 'idle'}, '47': {'State': 'idle'}, '44': {'State': 'idle'}, '45': {'State': 'idle'}, '42': {'State': 'idle'}, '43': {'State': 'idle'}, '40': {'State': 'idle'}, '41': {'State': 'idle'}, '1': {'State': 'idle'}, '5': {'State': 'idle'}, '9': {'State': 'idle'}, '77': {'State': 'idle'}, '76': {'State': 'idle'}, '75': {'State': 'idle'}, '74': {'State': 'idle'}, '73': {'State': 'idle'}, '72': {'State': 'idle'}, '71': {'State': 'idle'}, '70': {'State': 'idle'}, '79': {'State': 'idle'}, '78': {'State': 'idle'}}, 'publication': {'disabled': []}, 'taskWarningMsg': [], 'outdatasets': None, 'taskFailureMsg': '', 'failedJobdefs': 0, 'ASOURL': 'https://cmsweb.cern.ch/couchdb', 'pool': {}, 'totalJobdefs': 0, 'jobSetID': '150610_202714:hardenbr_crab_qcd1800_2400', 'jobdefErrors': [], 'collector': 'vocms0115.cern.ch', 'jobList': [['idle', 24], ['idle', 25], ['idle', 26], ['idle', 27], ['idle', 20], ['idle', 21], ['idle', 22], ['idle', 23], ['idle', 28], ['idle', 29], ['idle', 4], ['idle', 8], ['idle', 59], ['idle', 58], ['idle', 55], ['idle', 54], ['idle', 57], ['idle', 56], ['idle', 51], ['idle', 50], ['idle', 53], ['idle', 52], ['idle', 88], ['idle', 89], ['idle', 82], ['idle', 83], ['idle', 80], ['idle', 81], ['idle', 86], ['idle', 87], ['idle', 84], ['idle', 85], ['idle', 3], ['idle', 7], ['idle', 39], ['idle', 38], ['idle', 33], ['idle', 32], ['idle', 31], ['idle', 30], ['idle', 37], ['idle', 36], ['idle', 35], ['idle', 34], ['idle', 60], ['idle', 61], ['idle', 62], ['idle', 63], ['idle', 64], ['idle', 65], ['idle', 66], ['idle', 67], ['idle', 68], ['idle', 69], ['idle', 2], ['idle', 6], ['idle', 90], ['idle', 11], ['idle', 10], ['idle', 13], ['idle', 12], ['idle', 15], ['idle', 14], ['idle', 17], ['idle', 16], ['idle', 19], ['idle', 18], ['idle', 48], ['idle', 49], ['idle', 46], ['idle', 47], ['idle', 44], ['idle', 45], ['idle', 42], ['idle', 43], ['idle', 40], ['idle', 41], ['idle', 1], ['idle', 5], ['idle', 9], ['idle', 77], ['idle', 76], ['idle', 75], ['idle', 74], ['idle', 73], ['idle', 72], ['idle', 71], ['idle', 70], ['idle', 79], ['idle', 78]]}
INFO 2015-06-11 10:04:03,469: 	 CRAB project directory:		/afs/cern.ch/user/h/hardenbr/2014/LL_DIJET/TRACKING_STUDIES/CMSSW_7_4_4/src/DisplacedJets/TrackAnalyzer/python/CRAB3_QCD_SPRING15_5UNITS/crab_qcd1800_2400
INFO 2015-06-11 10:04:03,469: 	 Task name:			150610_202714:hardenbr_crab_qcd1800_2400
INFO 2015-06-11 10:04:03,470: 	 Task status:			SUBMITTED
INFO 2015-06-11 10:04:03,470: 	 Glidemon monitoring URL:	http://glidemon.web.cern.ch/glidemon/jobs.php?taskname=150610_202714%3Ahardenbr_crab_qcd1800_2400
INFO 2015-06-11 10:04:03,470: 	 Dashboard monitoring URL:	http://dashb-cms-job.cern.ch/dashboard/templates/task-analysis/#user=crab&refresh=0&table=Jobs&p=1&records=25&activemenu=2&status=&site=&tid=150610_202714%3Ahardenbr_crab_qcd1800_2400
INFO 2015-06-11 10:04:03,470: 	 Details:			idle          100.0% (90/90)
INFO 2015-06-11 10:04:03,470: 	 
No publication information (publication has been disabled in the CRAB configuration file)
