DEBUG 2015-06-10 22:31:57,020: 	 Executing command: 'status'
DEBUG 2015-06-10 22:31:57,020: 	 Found CRAB cache file /afs/cern.ch/user/h/hardenbr/.crab3
DEBUG 2015-06-10 22:31:57,026: 	 Checking credentials
DEBUG 2015-06-10 22:31:57,026: 	 Found proxy file /tmp/x509up_u56682
DEBUG 2015-06-10 22:31:57,026: 	 Getting proxy life time left
DEBUG 2015-06-10 22:31:57,430: 	 Executing : 
 command : voms-proxy-info -file /tmp/x509up_u56682 -timeleft
 output : 42505

 error: 
 retcode : 0
DEBUG 2015-06-10 22:31:57,834: 	 Executing : 
 command : voms-proxy-info -file /tmp/x509up_u56682 -actimeleft
 output : 42505

 error: 
 retcode : 0
DEBUG 2015-06-10 22:31:57,835: 	 Proxy valid for 11:48:25 hours
DEBUG 2015-06-10 22:31:57,946: 	 Executing : 
 command : openssl x509 -in ~/.globus/usercert.pem -subject -noout
 output : subject= /DC=ch/DC=cern/OU=Organic Units/OU=Users/CN=hardenbr/CN=705168/CN=Joshua Robert Hardenbrook

 error: WARNING: can't open config file: /build/dmwmbld/srv/state/dmwmbld/builds/comp_gcc481/w/tmp/BUILDROOT/779a792f862039a4ebba572299ebbb36/build/dmwmbld/srv/state/dmwmbld/builds/comp_gcc481/w/slc6_amd64_gcc481/external/openssl/1.0.1m-comp/ssl/openssl.cnf

 retcode : 0
DEBUG 2015-06-10 22:31:57,947: 	 Checking credentials
DEBUG 2015-06-10 22:31:57,947: 	 Found proxy file /tmp/x509up_u56682
DEBUG 2015-06-10 22:31:57,947: 	 Getting proxy life time left
DEBUG 2015-06-10 22:31:58,351: 	 Executing : 
 command : voms-proxy-info -file /tmp/x509up_u56682 -timeleft
 output : 42504

 error: 
 retcode : 0
DEBUG 2015-06-10 22:31:58,755: 	 Executing : 
 command : voms-proxy-info -file /tmp/x509up_u56682 -actimeleft
 output : 42504

 error: 
 retcode : 0
DEBUG 2015-06-10 22:31:58,755: 	 Proxy valid for 11:48:24 hours
DEBUG 2015-06-10 22:31:59,173: 	 Registering user credentials for server /DC=ch/DC=cern/OU=computers/CN=vocms(045|052|021|031).cern.ch
DEBUG 2015-06-10 22:31:59,280: 	 Executing : 
 command : openssl x509 -in ~/.globus/usercert.pem -subject -noout
 output : subject= /DC=ch/DC=cern/OU=Organic Units/OU=Users/CN=hardenbr/CN=705168/CN=Joshua Robert Hardenbrook

 error: WARNING: can't open config file: /build/dmwmbld/srv/state/dmwmbld/builds/comp_gcc481/w/tmp/BUILDROOT/779a792f862039a4ebba572299ebbb36/build/dmwmbld/srv/state/dmwmbld/builds/comp_gcc481/w/slc6_amd64_gcc481/external/openssl/1.0.1m-comp/ssl/openssl.cnf

 retcode : 0
DEBUG 2015-06-10 22:31:59,281: 	 Getting myproxy life time left for myproxy.cern.ch
DEBUG 2015-06-10 22:31:59,281: 	 Calculating hash of /DC=ch/DC=cern/OU=Organic Units/OU=Users/CN=hardenbr/CN=705168/CN=Joshua Robert Hardenbrook_cmsweb.cern.ch for credential name
DEBUG 2015-06-10 22:31:59,885: 	 Executing : 
 command : myproxy-info -l fdbcd253c5e13180d036bb7f350ef35a4f8814ed -s myproxy.cern.ch
 output : username: fdbcd253c5e13180d036bb7f350ef35a4f8814ed
owner: /DC=ch/DC=cern/OU=Organic Units/OU=Users/CN=hardenbr/CN=705168/CN=Joshua Robert Hardenbrook
  renewal policy: /DC=ch/DC=cern/OU=computers/CN=vocms(045|052|021|031).cern.ch
  trusted retrieval policy: /DC=ch/DC=cern/OU=computers/CN=vocms(045|052|021|031).cern.ch
  timeleft: 374:37:57  (15.6 days)

 error: 
 retcode : 0
DEBUG 2015-06-10 22:31:59,886: 	 Myproxy is valid: 1348677
DEBUG 2015-06-10 22:31:59,886: 	 Command use: status
DEBUG 2015-06-10 22:31:59,886: 	 Options use: ['crab_qcd80_120']
DEBUG 2015-06-10 22:32:00,217: 	 CRABClient version: 3.3.1506
DEBUG 2015-06-10 22:32:00,217: 	 Instance is prod
DEBUG 2015-06-10 22:32:00,217: 	 Server base url is cmsweb.cern.ch
DEBUG 2015-06-10 22:32:00,217: 	 Command url /crabserver/prod/workflow
DEBUG 2015-06-10 22:32:00,217: 	 Looking up detailed status of task 150610_202624:hardenbr_crab_qcd80_120
DEBUG 2015-06-10 22:32:00,566: 	 {'status': 'NEW', 'schedd': '', 'saveLogs': 'F', 'totalJobdefs': 0, 'jobSetID': '', 'jobsPerStatus': {}, 'taskWarningMsg': [], 'taskFailureMsg': '', 'failedJobdefs': 0, 'jobdefErrors': [], 'collector': '', 'jobList': []}
INFO 2015-06-10 22:32:00,566: 	 CRAB project directory:		/afs/cern.ch/user/h/hardenbr/2014/LL_DIJET/TRACKING_STUDIES/CMSSW_7_4_4/src/DisplacedJets/TrackAnalyzer/python/CRAB3_QCD_SPRING15_5UNITS/crab_qcd80_120
INFO 2015-06-10 22:32:00,566: 	 Task name:			150610_202624:hardenbr_crab_qcd80_120
INFO 2015-06-10 22:32:00,566: 	 Task status:			NEW
INFO 2015-06-10 22:32:00,566: 	 
No jobs created yet!
DEBUG 2015-06-11 08:31:21,395: 	 Executing command: 'status'
DEBUG 2015-06-11 08:31:21,396: 	 Found CRAB cache file /afs/cern.ch/user/h/hardenbr/.crab3
DEBUG 2015-06-11 08:31:21,403: 	 Checking credentials
DEBUG 2015-06-11 08:31:21,403: 	 Found proxy file /tmp/x509up_u56682
DEBUG 2015-06-11 08:31:21,403: 	 Getting proxy life time left
DEBUG 2015-06-11 08:31:21,907: 	 Executing : 
 command : voms-proxy-info -file /tmp/x509up_u56682 -timeleft
 output : 43013

 error: 
 retcode : 0
DEBUG 2015-06-11 08:31:22,412: 	 Executing : 
 command : voms-proxy-info -file /tmp/x509up_u56682 -actimeleft
 output : 43012

 error: 
 retcode : 0
DEBUG 2015-06-11 08:31:22,413: 	 Proxy valid for 11:56:53 hours
DEBUG 2015-06-11 08:31:22,533: 	 Executing : 
 command : openssl x509 -in ~/.globus/usercert.pem -subject -noout
 output : subject= /DC=ch/DC=cern/OU=Organic Units/OU=Users/CN=hardenbr/CN=705168/CN=Joshua Robert Hardenbrook

 error: WARNING: can't open config file: /build/dmwmbld/srv/state/dmwmbld/builds/comp_gcc481/w/tmp/BUILDROOT/779a792f862039a4ebba572299ebbb36/build/dmwmbld/srv/state/dmwmbld/builds/comp_gcc481/w/slc6_amd64_gcc481/external/openssl/1.0.1m-comp/ssl/openssl.cnf

 retcode : 0
DEBUG 2015-06-11 08:31:22,534: 	 Checking credentials
DEBUG 2015-06-11 08:31:22,534: 	 Found proxy file /tmp/x509up_u56682
DEBUG 2015-06-11 08:31:22,534: 	 Getting proxy life time left
DEBUG 2015-06-11 08:31:23,041: 	 Executing : 
 command : voms-proxy-info -file /tmp/x509up_u56682 -timeleft
 output : 43012

 error: 
 retcode : 0
DEBUG 2015-06-11 08:31:23,547: 	 Executing : 
 command : voms-proxy-info -file /tmp/x509up_u56682 -actimeleft
 output : 43011

 error: 
 retcode : 0
DEBUG 2015-06-11 08:31:23,547: 	 Proxy valid for 11:56:52 hours
DEBUG 2015-06-11 08:31:23,994: 	 Registering user credentials for server /DC=ch/DC=cern/OU=computers/CN=vocms(045|052|021|031).cern.ch
DEBUG 2015-06-11 08:31:24,106: 	 Executing : 
 command : openssl x509 -in ~/.globus/usercert.pem -subject -noout
 output : subject= /DC=ch/DC=cern/OU=Organic Units/OU=Users/CN=hardenbr/CN=705168/CN=Joshua Robert Hardenbrook

 error: WARNING: can't open config file: /build/dmwmbld/srv/state/dmwmbld/builds/comp_gcc481/w/tmp/BUILDROOT/779a792f862039a4ebba572299ebbb36/build/dmwmbld/srv/state/dmwmbld/builds/comp_gcc481/w/slc6_amd64_gcc481/external/openssl/1.0.1m-comp/ssl/openssl.cnf

 retcode : 0
DEBUG 2015-06-11 08:31:24,107: 	 Getting myproxy life time left for myproxy.cern.ch
DEBUG 2015-06-11 08:31:24,107: 	 Calculating hash of /DC=ch/DC=cern/OU=Organic Units/OU=Users/CN=hardenbr/CN=705168/CN=Joshua Robert Hardenbrook_cmsweb.cern.ch for credential name
DEBUG 2015-06-11 08:31:24,517: 	 Executing : 
 command : myproxy-info -l fdbcd253c5e13180d036bb7f350ef35a4f8814ed -s myproxy.cern.ch
 output : username: fdbcd253c5e13180d036bb7f350ef35a4f8814ed
owner: /DC=ch/DC=cern/OU=Organic Units/OU=Users/CN=hardenbr/CN=705168/CN=Joshua Robert Hardenbrook
  renewal policy: /DC=ch/DC=cern/OU=computers/CN=vocms(045|052|021|031).cern.ch
  trusted retrieval policy: /DC=ch/DC=cern/OU=computers/CN=vocms(045|052|021|031).cern.ch
  timeleft: 364:38:32  (15.2 days)

 error: 
 retcode : 0
DEBUG 2015-06-11 08:31:24,519: 	 Myproxy is valid: 1312712
DEBUG 2015-06-11 08:31:24,519: 	 Command use: status
DEBUG 2015-06-11 08:31:24,519: 	 Options use: ['crab_qcd80_120']
DEBUG 2015-06-11 08:31:24,902: 	 CRABClient version: 3.3.1506
DEBUG 2015-06-11 08:31:24,902: 	 Instance is prod
DEBUG 2015-06-11 08:31:24,903: 	 Server base url is cmsweb.cern.ch
DEBUG 2015-06-11 08:31:24,903: 	 Command url /crabserver/prod/workflow
DEBUG 2015-06-11 08:31:24,903: 	 Looking up detailed status of task 150610_202624:hardenbr_crab_qcd80_120
DEBUG 2015-06-11 08:31:25,570: 	 {'status': 'FAILED', 'schedd': 'crab3-4@vocms066.cern.ch', 'saveLogs': 'F', 'jobsPerStatus': {'failed': 32, 'finished': 77}, 'jobs': {'24': {'State': 'finished'}, '25': {'State': 'finished'}, '26': {'State': 'finished'}, '27': {'State': 'finished'}, '20': {'State': 'finished'}, '21': {'State': 'finished'}, '22': {'State': 'finished'}, '23': {'State': 'finished'}, '28': {'State': 'finished'}, '29': {'State': 'failed', 'Error': [-1, 'The framework job report could be loaded, but no error message was found there.', {}]}, '4': {'State': 'finished'}, '8': {'State': 'finished'}, '59': {'State': 'finished'}, '58': {'State': 'finished'}, '55': {'State': 'finished'}, '54': {'State': 'finished'}, '57': {'State': 'finished'}, '56': {'State': 'finished'}, '51': {'State': 'finished'}, '50': {'State': 'finished'}, '53': {'State': 'finished'}, '52': {'State': 'failed', 'Error': [-1, 'The framework job report could be loaded, but no error message was found there.', {}]}, '88': {'State': 'failed', 'Error': [-1, 'The framework job report could be loaded, but no error message was found there.', {}]}, '89': {'State': 'failed', 'Error': [-1, 'The framework job report could be loaded, but no error message was found there.', {}]}, '82': {'State': 'failed', 'Error': [-1, 'The framework job report could be loaded, but no error message was found there.', {}]}, '83': {'State': 'finished'}, '80': {'State': 'failed', 'Error': [-1, 'The framework job report could be loaded, but no error message was found there.', {}]}, '81': {'State': 'failed', 'Error': [-1, 'The framework job report could be loaded, but no error message was found there.', {}]}, '86': {'State': 'failed', 'Error': [-1, 'The framework job report could be loaded, but no error message was found there.', {}]}, '87': {'State': 'failed', 'Error': [-1, 'The framework job report could be loaded, but no error message was found there.', {}]}, '84': {'State': 'failed', 'Error': [-1, 'The framework job report could be loaded, but no error message was found there.', {}]}, '85': {'State': 'finished'}, '3': {'State': 'finished'}, '7': {'State': 'finished'}, '108': {'State': 'finished'}, '109': {'State': 'finished'}, '102': {'State': 'finished'}, '103': {'State': 'finished'}, '100': {'State': 'finished'}, '101': {'State': 'finished'}, '106': {'State': 'finished'}, '107': {'State': 'finished'}, '104': {'State': 'finished'}, '105': {'State': 'finished'}, '39': {'State': 'failed', 'Error': [-1, 'The framework job report could be loaded, but no error message was found there.', {}]}, '38': {'State': 'failed', 'Error': [-1, 'The framework job report could be loaded, but no error message was found there.', {}]}, '33': {'State': 'finished'}, '32': {'State': 'failed', 'Error': [-1, 'The framework job report could be loaded, but no error message was found there.', {}]}, '31': {'State': 'finished'}, '30': {'State': 'finished'}, '37': {'State': 'finished'}, '36': {'State': 'failed', 'Error': [-1, 'The framework job report could be loaded, but no error message was found there.', {}]}, '35': {'State': 'finished'}, '34': {'State': 'finished'}, '60': {'State': 'finished'}, '61': {'State': 'finished'}, '62': {'State': 'finished'}, '63': {'State': 'finished'}, '64': {'State': 'finished'}, '65': {'State': 'finished'}, '66': {'State': 'finished'}, '67': {'State': 'finished'}, '68': {'State': 'finished'}, '69': {'State': 'failed', 'Error': [-1, 'The framework job report could be loaded, but no error message was found there.', {}]}, '2': {'State': 'finished'}, '6': {'State': 'finished'}, '99': {'State': 'finished'}, '98': {'State': 'finished'}, '91': {'State': 'finished'}, '90': {'State': 'failed', 'Error': [-1, 'The framework job report could be loaded, but no error message was found there.', {}]}, '93': {'State': 'failed', 'Error': [-1, 'The framework job report could be loaded, but no error message was found there.', {}]}, '92': {'State': 'finished'}, '95': {'State': 'finished'}, '94': {'State': 'finished'}, '97': {'State': 'finished'}, '96': {'State': 'finished'}, '11': {'State': 'finished'}, '10': {'State': 'finished'}, '13': {'State': 'finished'}, '12': {'State': 'finished'}, '15': {'State': 'finished'}, '14': {'State': 'finished'}, '17': {'State': 'finished'}, '16': {'State': 'finished'}, '19': {'State': 'finished'}, '18': {'State': 'finished'}, '48': {'State': 'finished'}, '49': {'State': 'finished'}, '46': {'State': 'failed', 'Error': [-1, 'The framework job report could be loaded, but no error message was found there.', {}]}, '47': {'State': 'failed', 'Error': [-1, 'The framework job report could be loaded, but no error message was found there.', {}]}, '44': {'State': 'failed', 'Error': [-1, 'The framework job report could be loaded, but no error message was found there.', {}]}, '45': {'State': 'finished'}, '42': {'State': 'finished'}, '43': {'State': 'failed', 'Error': [-1, 'The framework job report could be loaded, but no error message was found there.', {}]}, '40': {'State': 'finished'}, '41': {'State': 'failed', 'Error': [-1, 'The framework job report could be loaded, but no error message was found there.', {}]}, '1': {'State': 'finished'}, '5': {'State': 'finished'}, '9': {'State': 'finished'}, '77': {'State': 'failed', 'Error': [-1, 'The framework job report could be loaded, but no error message was found there.', {}]}, '76': {'State': 'failed', 'Error': [-1, 'The framework job report could be loaded, but no error message was found there.', {}]}, '75': {'State': 'failed', 'Error': [-1, 'The framework job report could be loaded, but no error message was found there.', {}]}, '74': {'State': 'failed', 'Error': [-1, 'The framework job report could be loaded, but no error message was found there.', {}]}, '73': {'State': 'failed', 'Error': [-1, 'The framework job report could be loaded, but no error message was found there.', {}]}, '72': {'State': 'failed', 'Error': [-1, 'The framework job report could be loaded, but no error message was found there.', {}]}, '71': {'State': 'failed', 'Error': [-1, 'The framework job report could be loaded, but no error message was found there.', {}]}, '70': {'State': 'failed', 'Error': [-1, 'The framework job report could be loaded, but no error message was found there.', {}]}, '79': {'State': 'failed', 'Error': [-1, 'The framework job report could be loaded, but no error message was found there.', {}]}, '78': {'State': 'failed', 'Error': [-1, 'The framework job report could be loaded, but no error message was found there.', {}]}}, 'publication': {'disabled': []}, 'taskWarningMsg': [], 'outdatasets': None, 'taskFailureMsg': '', 'failedJobdefs': 0, 'ASOURL': 'https://cmsweb.cern.ch/couchdb', 'pool': {}, 'totalJobdefs': 0, 'jobSetID': '150610_202624:hardenbr_crab_qcd80_120', 'jobdefErrors': [], 'collector': 'vocms0115.cern.ch', 'jobList': [['finished', 24], ['finished', 25], ['finished', 26], ['finished', 27], ['finished', 20], ['finished', 21], ['finished', 22], ['finished', 23], ['finished', 28], ['failed', 29], ['finished', 4], ['finished', 8], ['finished', 59], ['finished', 58], ['finished', 55], ['finished', 54], ['finished', 57], ['finished', 56], ['finished', 51], ['finished', 50], ['finished', 53], ['failed', 52], ['failed', 88], ['failed', 89], ['failed', 82], ['finished', 83], ['failed', 80], ['failed', 81], ['failed', 86], ['failed', 87], ['failed', 84], ['finished', 85], ['finished', 3], ['finished', 7], ['finished', 108], ['finished', 109], ['finished', 102], ['finished', 103], ['finished', 100], ['finished', 101], ['finished', 106], ['finished', 107], ['finished', 104], ['finished', 105], ['failed', 39], ['failed', 38], ['finished', 33], ['failed', 32], ['finished', 31], ['finished', 30], ['finished', 37], ['failed', 36], ['finished', 35], ['finished', 34], ['finished', 60], ['finished', 61], ['finished', 62], ['finished', 63], ['finished', 64], ['finished', 65], ['finished', 66], ['finished', 67], ['finished', 68], ['failed', 69], ['finished', 2], ['finished', 6], ['finished', 99], ['finished', 98], ['finished', 91], ['failed', 90], ['failed', 93], ['finished', 92], ['finished', 95], ['finished', 94], ['finished', 97], ['finished', 96], ['finished', 11], ['finished', 10], ['finished', 13], ['finished', 12], ['finished', 15], ['finished', 14], ['finished', 17], ['finished', 16], ['finished', 19], ['finished', 18], ['finished', 48], ['finished', 49], ['failed', 46], ['failed', 47], ['failed', 44], ['finished', 45], ['finished', 42], ['failed', 43], ['finished', 40], ['failed', 41], ['finished', 1], ['finished', 5], ['finished', 9], ['failed', 77], ['failed', 76], ['failed', 75], ['failed', 74], ['failed', 73], ['failed', 72], ['failed', 71], ['failed', 70], ['failed', 79], ['failed', 78]]}
INFO 2015-06-11 08:31:25,570: 	 CRAB project directory:		/afs/cern.ch/user/h/hardenbr/2014/LL_DIJET/TRACKING_STUDIES/CMSSW_7_4_4/src/DisplacedJets/TrackAnalyzer/python/CRAB3_QCD_SPRING15_5UNITS/crab_qcd80_120
INFO 2015-06-11 08:31:25,570: 	 Task name:			150610_202624:hardenbr_crab_qcd80_120
INFO 2015-06-11 08:31:25,571: 	 Task status:			FAILED
INFO 2015-06-11 08:31:25,571: 	 Glidemon monitoring URL:	http://glidemon.web.cern.ch/glidemon/jobs.php?taskname=150610_202624%3Ahardenbr_crab_qcd80_120
INFO 2015-06-11 08:31:25,571: 	 Dashboard monitoring URL:	http://dashb-cms-job.cern.ch/dashboard/templates/task-analysis/#user=crab&refresh=0&table=Jobs&p=1&records=25&activemenu=2&status=&site=&tid=150610_202624%3Ahardenbr_crab_qcd80_120
INFO 2015-06-11 08:31:25,571: 	 Details:			failed         29.4% ( 32/109)
INFO 2015-06-11 08:31:25,571: 	 				finished       70.6% ( 77/109)
INFO 2015-06-11 08:31:25,571: 	 
No publication information (publication has been disabled in the CRAB configuration file)
INFO 2015-06-11 08:31:25,571: 	 
Error Summary: (use --verboseErrors for details about the errors)

 32 jobs failed with exit code -1

Have a look at https://twiki.cern.ch/twiki/bin/viewauth/CMSPublic/JobExitCodes for a description of the exit codes.
DEBUG 2015-06-11 10:02:56,348: 	 Executing command: 'status'
DEBUG 2015-06-11 10:02:56,348: 	 Found CRAB cache file /afs/cern.ch/user/h/hardenbr/.crab3
DEBUG 2015-06-11 10:02:56,357: 	 Checking credentials
DEBUG 2015-06-11 10:02:56,357: 	 Found proxy file /tmp/x509up_u56682
DEBUG 2015-06-11 10:02:56,357: 	 Getting proxy life time left
DEBUG 2015-06-11 10:02:56,967: 	 Executing : 
 command : voms-proxy-info -file /tmp/x509up_u56682 -timeleft
 output : 37518

 error: 
 retcode : 0
DEBUG 2015-06-11 10:02:57,581: 	 Executing : 
 command : voms-proxy-info -file /tmp/x509up_u56682 -actimeleft
 output : 37517

 error: 
 retcode : 0
DEBUG 2015-06-11 10:02:57,581: 	 Proxy valid for 10:25:18 hours
DEBUG 2015-06-11 10:02:57,796: 	 Executing : 
 command : openssl x509 -in ~/.globus/usercert.pem -subject -noout
 output : subject= /DC=ch/DC=cern/OU=Organic Units/OU=Users/CN=hardenbr/CN=705168/CN=Joshua Robert Hardenbrook

 error: WARNING: can't open config file: /build/dmwmbld/srv/state/dmwmbld/builds/comp_gcc481/w/tmp/BUILDROOT/779a792f862039a4ebba572299ebbb36/build/dmwmbld/srv/state/dmwmbld/builds/comp_gcc481/w/slc6_amd64_gcc481/external/openssl/1.0.1m-comp/ssl/openssl.cnf

 retcode : 0
DEBUG 2015-06-11 10:02:57,796: 	 Checking credentials
DEBUG 2015-06-11 10:02:57,797: 	 Found proxy file /tmp/x509up_u56682
DEBUG 2015-06-11 10:02:57,797: 	 Getting proxy life time left
DEBUG 2015-06-11 10:02:58,618: 	 Executing : 
 command : voms-proxy-info -file /tmp/x509up_u56682 -timeleft
 output : 37516

 error: 
 retcode : 0
DEBUG 2015-06-11 10:02:59,225: 	 Executing : 
 command : voms-proxy-info -file /tmp/x509up_u56682 -actimeleft
 output : 37515

 error: 
 retcode : 0
DEBUG 2015-06-11 10:02:59,225: 	 Proxy valid for 10:25:16 hours
DEBUG 2015-06-11 10:02:59,620: 	 Registering user credentials for server /DC=ch/DC=cern/OU=computers/CN=vocms(045|052|021|031).cern.ch
DEBUG 2015-06-11 10:02:59,735: 	 Executing : 
 command : openssl x509 -in ~/.globus/usercert.pem -subject -noout
 output : subject= /DC=ch/DC=cern/OU=Organic Units/OU=Users/CN=hardenbr/CN=705168/CN=Joshua Robert Hardenbrook

 error: WARNING: can't open config file: /build/dmwmbld/srv/state/dmwmbld/builds/comp_gcc481/w/tmp/BUILDROOT/779a792f862039a4ebba572299ebbb36/build/dmwmbld/srv/state/dmwmbld/builds/comp_gcc481/w/slc6_amd64_gcc481/external/openssl/1.0.1m-comp/ssl/openssl.cnf

 retcode : 0
DEBUG 2015-06-11 10:02:59,735: 	 Getting myproxy life time left for myproxy.cern.ch
DEBUG 2015-06-11 10:02:59,736: 	 Calculating hash of /DC=ch/DC=cern/OU=Organic Units/OU=Users/CN=hardenbr/CN=705168/CN=Joshua Robert Hardenbrook_cmsweb.cern.ch for credential name
DEBUG 2015-06-11 10:02:59,943: 	 Executing : 
 command : myproxy-info -l fdbcd253c5e13180d036bb7f350ef35a4f8814ed -s myproxy.cern.ch
 output : username: fdbcd253c5e13180d036bb7f350ef35a4f8814ed
owner: /DC=ch/DC=cern/OU=Organic Units/OU=Users/CN=hardenbr/CN=705168/CN=Joshua Robert Hardenbrook
  renewal policy: /DC=ch/DC=cern/OU=computers/CN=vocms(045|052|021|031).cern.ch
  trusted retrieval policy: /DC=ch/DC=cern/OU=computers/CN=vocms(045|052|021|031).cern.ch
  timeleft: 363:06:57  (15.1 days)

 error: 
 retcode : 0
DEBUG 2015-06-11 10:02:59,944: 	 Myproxy is valid: 1307217
DEBUG 2015-06-11 10:02:59,944: 	 Command use: status
DEBUG 2015-06-11 10:02:59,944: 	 Options use: ['crab_qcd80_120']
DEBUG 2015-06-11 10:03:00,341: 	 CRABClient version: 3.3.1506
DEBUG 2015-06-11 10:03:00,341: 	 Instance is prod
DEBUG 2015-06-11 10:03:00,342: 	 Server base url is cmsweb.cern.ch
DEBUG 2015-06-11 10:03:00,342: 	 Command url /crabserver/prod/workflow
DEBUG 2015-06-11 10:03:00,342: 	 Looking up detailed status of task 150610_202624:hardenbr_crab_qcd80_120
DEBUG 2015-06-11 10:03:01,037: 	 {'status': 'FAILED', 'schedd': 'crab3-4@vocms066.cern.ch', 'saveLogs': 'F', 'jobsPerStatus': {'failed': 32, 'finished': 77}, 'jobs': {'24': {'State': 'finished'}, '25': {'State': 'finished'}, '26': {'State': 'finished'}, '27': {'State': 'finished'}, '20': {'State': 'finished'}, '21': {'State': 'finished'}, '22': {'State': 'finished'}, '23': {'State': 'finished'}, '28': {'State': 'finished'}, '29': {'State': 'failed', 'Error': [-1, 'The framework job report could be loaded, but no error message was found there.', {}]}, '4': {'State': 'finished'}, '8': {'State': 'finished'}, '59': {'State': 'finished'}, '58': {'State': 'finished'}, '55': {'State': 'finished'}, '54': {'State': 'finished'}, '57': {'State': 'finished'}, '56': {'State': 'finished'}, '51': {'State': 'finished'}, '50': {'State': 'finished'}, '53': {'State': 'finished'}, '52': {'State': 'failed', 'Error': [-1, 'The framework job report could be loaded, but no error message was found there.', {}]}, '88': {'State': 'failed', 'Error': [-1, 'The framework job report could be loaded, but no error message was found there.', {}]}, '89': {'State': 'failed', 'Error': [-1, 'The framework job report could be loaded, but no error message was found there.', {}]}, '82': {'State': 'failed', 'Error': [-1, 'The framework job report could be loaded, but no error message was found there.', {}]}, '83': {'State': 'finished'}, '80': {'State': 'failed', 'Error': [-1, 'The framework job report could be loaded, but no error message was found there.', {}]}, '81': {'State': 'failed', 'Error': [-1, 'The framework job report could be loaded, but no error message was found there.', {}]}, '86': {'State': 'failed', 'Error': [-1, 'The framework job report could be loaded, but no error message was found there.', {}]}, '87': {'State': 'failed', 'Error': [-1, 'The framework job report could be loaded, but no error message was found there.', {}]}, '84': {'State': 'failed', 'Error': [-1, 'The framework job report could be loaded, but no error message was found there.', {}]}, '85': {'State': 'finished'}, '3': {'State': 'finished'}, '7': {'State': 'finished'}, '108': {'State': 'finished'}, '109': {'State': 'finished'}, '102': {'State': 'finished'}, '103': {'State': 'finished'}, '100': {'State': 'finished'}, '101': {'State': 'finished'}, '106': {'State': 'finished'}, '107': {'State': 'finished'}, '104': {'State': 'finished'}, '105': {'State': 'finished'}, '39': {'State': 'failed', 'Error': [-1, 'The framework job report could be loaded, but no error message was found there.', {}]}, '38': {'State': 'failed', 'Error': [-1, 'The framework job report could be loaded, but no error message was found there.', {}]}, '33': {'State': 'finished'}, '32': {'State': 'failed', 'Error': [-1, 'The framework job report could be loaded, but no error message was found there.', {}]}, '31': {'State': 'finished'}, '30': {'State': 'finished'}, '37': {'State': 'finished'}, '36': {'State': 'failed', 'Error': [-1, 'The framework job report could be loaded, but no error message was found there.', {}]}, '35': {'State': 'finished'}, '34': {'State': 'finished'}, '60': {'State': 'finished'}, '61': {'State': 'finished'}, '62': {'State': 'finished'}, '63': {'State': 'finished'}, '64': {'State': 'finished'}, '65': {'State': 'finished'}, '66': {'State': 'finished'}, '67': {'State': 'finished'}, '68': {'State': 'finished'}, '69': {'State': 'failed', 'Error': [-1, 'The framework job report could be loaded, but no error message was found there.', {}]}, '2': {'State': 'finished'}, '6': {'State': 'finished'}, '99': {'State': 'finished'}, '98': {'State': 'finished'}, '91': {'State': 'finished'}, '90': {'State': 'failed', 'Error': [-1, 'The framework job report could be loaded, but no error message was found there.', {}]}, '93': {'State': 'failed', 'Error': [-1, 'The framework job report could be loaded, but no error message was found there.', {}]}, '92': {'State': 'finished'}, '95': {'State': 'finished'}, '94': {'State': 'finished'}, '97': {'State': 'finished'}, '96': {'State': 'finished'}, '11': {'State': 'finished'}, '10': {'State': 'finished'}, '13': {'State': 'finished'}, '12': {'State': 'finished'}, '15': {'State': 'finished'}, '14': {'State': 'finished'}, '17': {'State': 'finished'}, '16': {'State': 'finished'}, '19': {'State': 'finished'}, '18': {'State': 'finished'}, '48': {'State': 'finished'}, '49': {'State': 'finished'}, '46': {'State': 'failed', 'Error': [-1, 'The framework job report could be loaded, but no error message was found there.', {}]}, '47': {'State': 'failed', 'Error': [-1, 'The framework job report could be loaded, but no error message was found there.', {}]}, '44': {'State': 'failed', 'Error': [-1, 'The framework job report could be loaded, but no error message was found there.', {}]}, '45': {'State': 'finished'}, '42': {'State': 'finished'}, '43': {'State': 'failed', 'Error': [-1, 'The framework job report could be loaded, but no error message was found there.', {}]}, '40': {'State': 'finished'}, '41': {'State': 'failed', 'Error': [-1, 'The framework job report could be loaded, but no error message was found there.', {}]}, '1': {'State': 'finished'}, '5': {'State': 'finished'}, '9': {'State': 'finished'}, '77': {'State': 'failed', 'Error': [-1, 'The framework job report could be loaded, but no error message was found there.', {}]}, '76': {'State': 'failed', 'Error': [-1, 'The framework job report could be loaded, but no error message was found there.', {}]}, '75': {'State': 'failed', 'Error': [-1, 'The framework job report could be loaded, but no error message was found there.', {}]}, '74': {'State': 'failed', 'Error': [-1, 'The framework job report could be loaded, but no error message was found there.', {}]}, '73': {'State': 'failed', 'Error': [-1, 'The framework job report could be loaded, but no error message was found there.', {}]}, '72': {'State': 'failed', 'Error': [-1, 'The framework job report could be loaded, but no error message was found there.', {}]}, '71': {'State': 'failed', 'Error': [-1, 'The framework job report could be loaded, but no error message was found there.', {}]}, '70': {'State': 'failed', 'Error': [-1, 'The framework job report could be loaded, but no error message was found there.', {}]}, '79': {'State': 'failed', 'Error': [-1, 'The framework job report could be loaded, but no error message was found there.', {}]}, '78': {'State': 'failed', 'Error': [-1, 'The framework job report could be loaded, but no error message was found there.', {}]}}, 'publication': {'disabled': []}, 'taskWarningMsg': [], 'outdatasets': None, 'taskFailureMsg': '', 'failedJobdefs': 0, 'ASOURL': 'https://cmsweb.cern.ch/couchdb', 'pool': {}, 'totalJobdefs': 0, 'jobSetID': '150610_202624:hardenbr_crab_qcd80_120', 'jobdefErrors': [], 'collector': 'vocms0115.cern.ch', 'jobList': [['finished', 24], ['finished', 25], ['finished', 26], ['finished', 27], ['finished', 20], ['finished', 21], ['finished', 22], ['finished', 23], ['finished', 28], ['failed', 29], ['finished', 4], ['finished', 8], ['finished', 59], ['finished', 58], ['finished', 55], ['finished', 54], ['finished', 57], ['finished', 56], ['finished', 51], ['finished', 50], ['finished', 53], ['failed', 52], ['failed', 88], ['failed', 89], ['failed', 82], ['finished', 83], ['failed', 80], ['failed', 81], ['failed', 86], ['failed', 87], ['failed', 84], ['finished', 85], ['finished', 3], ['finished', 7], ['finished', 108], ['finished', 109], ['finished', 102], ['finished', 103], ['finished', 100], ['finished', 101], ['finished', 106], ['finished', 107], ['finished', 104], ['finished', 105], ['failed', 39], ['failed', 38], ['finished', 33], ['failed', 32], ['finished', 31], ['finished', 30], ['finished', 37], ['failed', 36], ['finished', 35], ['finished', 34], ['finished', 60], ['finished', 61], ['finished', 62], ['finished', 63], ['finished', 64], ['finished', 65], ['finished', 66], ['finished', 67], ['finished', 68], ['failed', 69], ['finished', 2], ['finished', 6], ['finished', 99], ['finished', 98], ['finished', 91], ['failed', 90], ['failed', 93], ['finished', 92], ['finished', 95], ['finished', 94], ['finished', 97], ['finished', 96], ['finished', 11], ['finished', 10], ['finished', 13], ['finished', 12], ['finished', 15], ['finished', 14], ['finished', 17], ['finished', 16], ['finished', 19], ['finished', 18], ['finished', 48], ['finished', 49], ['failed', 46], ['failed', 47], ['failed', 44], ['finished', 45], ['finished', 42], ['failed', 43], ['finished', 40], ['failed', 41], ['finished', 1], ['finished', 5], ['finished', 9], ['failed', 77], ['failed', 76], ['failed', 75], ['failed', 74], ['failed', 73], ['failed', 72], ['failed', 71], ['failed', 70], ['failed', 79], ['failed', 78]]}
INFO 2015-06-11 10:03:01,037: 	 CRAB project directory:		/afs/cern.ch/user/h/hardenbr/2014/LL_DIJET/TRACKING_STUDIES/CMSSW_7_4_4/src/DisplacedJets/TrackAnalyzer/python/CRAB3_QCD_SPRING15_5UNITS/crab_qcd80_120
INFO 2015-06-11 10:03:01,037: 	 Task name:			150610_202624:hardenbr_crab_qcd80_120
INFO 2015-06-11 10:03:01,037: 	 Task status:			FAILED
INFO 2015-06-11 10:03:01,037: 	 Glidemon monitoring URL:	http://glidemon.web.cern.ch/glidemon/jobs.php?taskname=150610_202624%3Ahardenbr_crab_qcd80_120
INFO 2015-06-11 10:03:01,038: 	 Dashboard monitoring URL:	http://dashb-cms-job.cern.ch/dashboard/templates/task-analysis/#user=crab&refresh=0&table=Jobs&p=1&records=25&activemenu=2&status=&site=&tid=150610_202624%3Ahardenbr_crab_qcd80_120
INFO 2015-06-11 10:03:01,038: 	 Details:			failed         29.4% ( 32/109)
INFO 2015-06-11 10:03:01,038: 	 				finished       70.6% ( 77/109)
INFO 2015-06-11 10:03:01,038: 	 
No publication information (publication has been disabled in the CRAB configuration file)
INFO 2015-06-11 10:03:01,038: 	 
Error Summary: (use --verboseErrors for details about the errors)

 32 jobs failed with exit code -1

Have a look at https://twiki.cern.ch/twiki/bin/viewauth/CMSPublic/JobExitCodes for a description of the exit codes.
