DEBUG 2015-06-10 22:30:30,388: 	 Executing command: 'status'
DEBUG 2015-06-10 22:30:30,388: 	 Found CRAB cache file /afs/cern.ch/user/h/hardenbr/.crab3
DEBUG 2015-06-10 22:30:30,397: 	 Checking credentials
DEBUG 2015-06-10 22:30:30,397: 	 Found proxy file /tmp/x509up_u56682
DEBUG 2015-06-10 22:30:30,397: 	 Getting proxy life time left
DEBUG 2015-06-10 22:30:30,902: 	 Executing : 
 command : voms-proxy-info -file /tmp/x509up_u56682 -timeleft
 output : 42592

 error: 
 retcode : 0
DEBUG 2015-06-10 22:30:31,308: 	 Executing : 
 command : voms-proxy-info -file /tmp/x509up_u56682 -actimeleft
 output : 42591

 error: 
 retcode : 0
DEBUG 2015-06-10 22:30:31,308: 	 Proxy valid for 11:49:52 hours
DEBUG 2015-06-10 22:30:31,420: 	 Executing : 
 command : openssl x509 -in ~/.globus/usercert.pem -subject -noout
 output : subject= /DC=ch/DC=cern/OU=Organic Units/OU=Users/CN=hardenbr/CN=705168/CN=Joshua Robert Hardenbrook

 error: WARNING: can't open config file: /build/dmwmbld/srv/state/dmwmbld/builds/comp_gcc481/w/tmp/BUILDROOT/779a792f862039a4ebba572299ebbb36/build/dmwmbld/srv/state/dmwmbld/builds/comp_gcc481/w/slc6_amd64_gcc481/external/openssl/1.0.1m-comp/ssl/openssl.cnf

 retcode : 0
DEBUG 2015-06-10 22:30:31,420: 	 Checking credentials
DEBUG 2015-06-10 22:30:31,420: 	 Found proxy file /tmp/x509up_u56682
DEBUG 2015-06-10 22:30:31,420: 	 Getting proxy life time left
DEBUG 2015-06-10 22:30:31,824: 	 Executing : 
 command : voms-proxy-info -file /tmp/x509up_u56682 -timeleft
 output : 42591

 error: 
 retcode : 0
DEBUG 2015-06-10 22:30:32,229: 	 Executing : 
 command : voms-proxy-info -file /tmp/x509up_u56682 -actimeleft
 output : 42590

 error: 
 retcode : 0
DEBUG 2015-06-10 22:30:32,229: 	 Proxy valid for 11:49:51 hours
DEBUG 2015-06-10 22:30:32,627: 	 Registering user credentials for server /DC=ch/DC=cern/OU=computers/CN=vocms(045|052|021|031).cern.ch
DEBUG 2015-06-10 22:30:32,736: 	 Executing : 
 command : openssl x509 -in ~/.globus/usercert.pem -subject -noout
 output : subject= /DC=ch/DC=cern/OU=Organic Units/OU=Users/CN=hardenbr/CN=705168/CN=Joshua Robert Hardenbrook

 error: WARNING: can't open config file: /build/dmwmbld/srv/state/dmwmbld/builds/comp_gcc481/w/tmp/BUILDROOT/779a792f862039a4ebba572299ebbb36/build/dmwmbld/srv/state/dmwmbld/builds/comp_gcc481/w/slc6_amd64_gcc481/external/openssl/1.0.1m-comp/ssl/openssl.cnf

 retcode : 0
DEBUG 2015-06-10 22:30:32,736: 	 Getting myproxy life time left for myproxy.cern.ch
DEBUG 2015-06-10 22:30:32,736: 	 Calculating hash of /DC=ch/DC=cern/OU=Organic Units/OU=Users/CN=hardenbr/CN=705168/CN=Joshua Robert Hardenbrook_cmsweb.cern.ch for credential name
DEBUG 2015-06-10 22:30:33,139: 	 Executing : 
 command : myproxy-info -l fdbcd253c5e13180d036bb7f350ef35a4f8814ed -s myproxy.cern.ch
 output : username: fdbcd253c5e13180d036bb7f350ef35a4f8814ed
owner: /DC=ch/DC=cern/OU=Organic Units/OU=Users/CN=hardenbr/CN=705168/CN=Joshua Robert Hardenbrook
  renewal policy: /DC=ch/DC=cern/OU=computers/CN=vocms(045|052|021|031).cern.ch
  trusted retrieval policy: /DC=ch/DC=cern/OU=computers/CN=vocms(045|052|021|031).cern.ch
  timeleft: 374:39:23  (15.6 days)

 error: 
 retcode : 0
DEBUG 2015-06-10 22:30:33,141: 	 Myproxy is valid: 1348763
DEBUG 2015-06-10 22:30:33,141: 	 Command use: status
DEBUG 2015-06-10 22:30:33,141: 	 Options use: []
DEBUG 2015-06-10 22:30:33,557: 	 CRABClient version: 3.3.1506
DEBUG 2015-06-10 22:30:33,557: 	 Instance is prod
DEBUG 2015-06-10 22:30:33,557: 	 Server base url is cmsweb.cern.ch
DEBUG 2015-06-10 22:30:33,557: 	 Command url /crabserver/prod/workflow
DEBUG 2015-06-10 22:30:33,557: 	 Looking up detailed status of task 150610_202732:hardenbr_crab_WJetsToLNu
DEBUG 2015-06-10 22:30:39,688: 	 {'status': 'QUEUED', 'schedd': 'crab3-2@vocms0109.cern.ch', 'saveLogs': 'F', 'totalJobdefs': 0, 'jobSetID': '', 'jobsPerStatus': {}, 'taskWarningMsg': [], 'taskFailureMsg': '', 'failedJobdefs': 0, 'jobdefErrors': [], 'collector': 'vocms0115.cern.ch', 'jobList': []}
INFO 2015-06-10 22:30:39,688: 	 CRAB project directory:		/afs/cern.ch/user/h/hardenbr/2014/LL_DIJET/TRACKING_STUDIES/CMSSW_7_4_4/src/DisplacedJets/TrackAnalyzer/python/CRAB3_QCD_SPRING15_5UNITS/crab_WJetsToLNu
INFO 2015-06-10 22:30:39,688: 	 Task name:			150610_202732:hardenbr_crab_WJetsToLNu
INFO 2015-06-10 22:30:39,688: 	 Task status:			QUEUED
INFO 2015-06-10 22:30:39,688: 	 
No jobs created yet!
