DEBUG 2015-06-10 22:32:00,980: 	 Executing command: 'status'
DEBUG 2015-06-10 22:32:00,980: 	 Found CRAB cache file /afs/cern.ch/user/h/hardenbr/.crab3
DEBUG 2015-06-10 22:32:00,987: 	 Checking credentials
DEBUG 2015-06-10 22:32:00,987: 	 Found proxy file /tmp/x509up_u56682
DEBUG 2015-06-10 22:32:00,987: 	 Getting proxy life time left
DEBUG 2015-06-10 22:32:01,390: 	 Executing : 
 command : voms-proxy-info -file /tmp/x509up_u56682 -timeleft
 output : 42501

 error: 
 retcode : 0
DEBUG 2015-06-10 22:32:01,798: 	 Executing : 
 command : voms-proxy-info -file /tmp/x509up_u56682 -actimeleft
 output : 42501

 error: 
 retcode : 0
DEBUG 2015-06-10 22:32:01,798: 	 Proxy valid for 11:48:21 hours
DEBUG 2015-06-10 22:32:01,981: 	 Executing : 
 command : openssl x509 -in ~/.globus/usercert.pem -subject -noout
 output : subject= /DC=ch/DC=cern/OU=Organic Units/OU=Users/CN=hardenbr/CN=705168/CN=Joshua Robert Hardenbrook

 error: WARNING: can't open config file: /build/dmwmbld/srv/state/dmwmbld/builds/comp_gcc481/w/tmp/BUILDROOT/779a792f862039a4ebba572299ebbb36/build/dmwmbld/srv/state/dmwmbld/builds/comp_gcc481/w/slc6_amd64_gcc481/external/openssl/1.0.1m-comp/ssl/openssl.cnf

 retcode : 0
DEBUG 2015-06-10 22:32:01,982: 	 Checking credentials
DEBUG 2015-06-10 22:32:01,982: 	 Found proxy file /tmp/x509up_u56682
DEBUG 2015-06-10 22:32:01,982: 	 Getting proxy life time left
DEBUG 2015-06-10 22:32:02,386: 	 Executing : 
 command : voms-proxy-info -file /tmp/x509up_u56682 -timeleft
 output : 42500

 error: 
 retcode : 0
DEBUG 2015-06-10 22:32:02,791: 	 Executing : 
 command : voms-proxy-info -file /tmp/x509up_u56682 -actimeleft
 output : 42500

 error: 
 retcode : 0
DEBUG 2015-06-10 22:32:02,791: 	 Proxy valid for 11:48:20 hours
DEBUG 2015-06-10 22:32:03,180: 	 Registering user credentials for server /DC=ch/DC=cern/OU=computers/CN=vocms(045|052|021|031).cern.ch
DEBUG 2015-06-10 22:32:03,295: 	 Executing : 
 command : openssl x509 -in ~/.globus/usercert.pem -subject -noout
 output : subject= /DC=ch/DC=cern/OU=Organic Units/OU=Users/CN=hardenbr/CN=705168/CN=Joshua Robert Hardenbrook

 error: WARNING: can't open config file: /build/dmwmbld/srv/state/dmwmbld/builds/comp_gcc481/w/tmp/BUILDROOT/779a792f862039a4ebba572299ebbb36/build/dmwmbld/srv/state/dmwmbld/builds/comp_gcc481/w/slc6_amd64_gcc481/external/openssl/1.0.1m-comp/ssl/openssl.cnf

 retcode : 0
DEBUG 2015-06-10 22:32:03,295: 	 Getting myproxy life time left for myproxy.cern.ch
DEBUG 2015-06-10 22:32:03,295: 	 Calculating hash of /DC=ch/DC=cern/OU=Organic Units/OU=Users/CN=hardenbr/CN=705168/CN=Joshua Robert Hardenbrook_cmsweb.cern.ch for credential name
DEBUG 2015-06-10 22:32:03,799: 	 Executing : 
 command : myproxy-info -l fdbcd253c5e13180d036bb7f350ef35a4f8814ed -s myproxy.cern.ch
 output : username: fdbcd253c5e13180d036bb7f350ef35a4f8814ed
owner: /DC=ch/DC=cern/OU=Organic Units/OU=Users/CN=hardenbr/CN=705168/CN=Joshua Robert Hardenbrook
  renewal policy: /DC=ch/DC=cern/OU=computers/CN=vocms(045|052|021|031).cern.ch
  trusted retrieval policy: /DC=ch/DC=cern/OU=computers/CN=vocms(045|052|021|031).cern.ch
  timeleft: 374:37:53  (15.6 days)

 error: 
 retcode : 0
DEBUG 2015-06-10 22:32:03,800: 	 Myproxy is valid: 1348673
DEBUG 2015-06-10 22:32:03,800: 	 Command use: status
DEBUG 2015-06-10 22:32:03,800: 	 Options use: ['crab_qcd120_170']
DEBUG 2015-06-10 22:32:04,155: 	 CRABClient version: 3.3.1506
DEBUG 2015-06-10 22:32:04,155: 	 Instance is prod
DEBUG 2015-06-10 22:32:04,155: 	 Server base url is cmsweb.cern.ch
DEBUG 2015-06-10 22:32:04,155: 	 Command url /crabserver/prod/workflow
DEBUG 2015-06-10 22:32:04,156: 	 Looking up detailed status of task 150610_202629:hardenbr_crab_qcd120_170
DEBUG 2015-06-10 22:32:04,642: 	 {'status': 'NEW', 'schedd': '', 'saveLogs': 'F', 'totalJobdefs': 0, 'jobSetID': '', 'jobsPerStatus': {}, 'taskWarningMsg': [], 'taskFailureMsg': '', 'failedJobdefs': 0, 'jobdefErrors': [], 'collector': '', 'jobList': []}
INFO 2015-06-10 22:32:04,642: 	 CRAB project directory:		/afs/cern.ch/user/h/hardenbr/2014/LL_DIJET/TRACKING_STUDIES/CMSSW_7_4_4/src/DisplacedJets/TrackAnalyzer/python/CRAB3_QCD_SPRING15_5UNITS/crab_qcd120_170
INFO 2015-06-10 22:32:04,643: 	 Task name:			150610_202629:hardenbr_crab_qcd120_170
INFO 2015-06-10 22:32:04,643: 	 Task status:			NEW
INFO 2015-06-10 22:32:04,643: 	 
No jobs created yet!
DEBUG 2015-06-11 08:31:26,192: 	 Executing command: 'status'
DEBUG 2015-06-11 08:31:26,193: 	 Found CRAB cache file /afs/cern.ch/user/h/hardenbr/.crab3
DEBUG 2015-06-11 08:31:26,203: 	 Checking credentials
DEBUG 2015-06-11 08:31:26,203: 	 Found proxy file /tmp/x509up_u56682
DEBUG 2015-06-11 08:31:26,204: 	 Getting proxy life time left
DEBUG 2015-06-11 08:31:26,710: 	 Executing : 
 command : voms-proxy-info -file /tmp/x509up_u56682 -timeleft
 output : 43008

 error: 
 retcode : 0
DEBUG 2015-06-11 08:31:27,215: 	 Executing : 
 command : voms-proxy-info -file /tmp/x509up_u56682 -actimeleft
 output : 43007

 error: 
 retcode : 0
DEBUG 2015-06-11 08:31:27,215: 	 Proxy valid for 11:56:48 hours
DEBUG 2015-06-11 08:31:27,433: 	 Executing : 
 command : openssl x509 -in ~/.globus/usercert.pem -subject -noout
 output : subject= /DC=ch/DC=cern/OU=Organic Units/OU=Users/CN=hardenbr/CN=705168/CN=Joshua Robert Hardenbrook

 error: WARNING: can't open config file: /build/dmwmbld/srv/state/dmwmbld/builds/comp_gcc481/w/tmp/BUILDROOT/779a792f862039a4ebba572299ebbb36/build/dmwmbld/srv/state/dmwmbld/builds/comp_gcc481/w/slc6_amd64_gcc481/external/openssl/1.0.1m-comp/ssl/openssl.cnf

 retcode : 0
DEBUG 2015-06-11 08:31:27,434: 	 Checking credentials
DEBUG 2015-06-11 08:31:27,434: 	 Found proxy file /tmp/x509up_u56682
DEBUG 2015-06-11 08:31:27,434: 	 Getting proxy life time left
DEBUG 2015-06-11 08:31:27,940: 	 Executing : 
 command : voms-proxy-info -file /tmp/x509up_u56682 -timeleft
 output : 43007

 error: 
 retcode : 0
DEBUG 2015-06-11 08:31:28,445: 	 Executing : 
 command : voms-proxy-info -file /tmp/x509up_u56682 -actimeleft
 output : 43006

 error: 
 retcode : 0
DEBUG 2015-06-11 08:31:28,445: 	 Proxy valid for 11:56:47 hours
DEBUG 2015-06-11 08:31:29,104: 	 Registering user credentials for server /DC=ch/DC=cern/OU=computers/CN=vocms(045|052|021|031).cern.ch
DEBUG 2015-06-11 08:31:29,220: 	 Executing : 
 command : openssl x509 -in ~/.globus/usercert.pem -subject -noout
 output : subject= /DC=ch/DC=cern/OU=Organic Units/OU=Users/CN=hardenbr/CN=705168/CN=Joshua Robert Hardenbrook

 error: WARNING: can't open config file: /build/dmwmbld/srv/state/dmwmbld/builds/comp_gcc481/w/tmp/BUILDROOT/779a792f862039a4ebba572299ebbb36/build/dmwmbld/srv/state/dmwmbld/builds/comp_gcc481/w/slc6_amd64_gcc481/external/openssl/1.0.1m-comp/ssl/openssl.cnf

 retcode : 0
DEBUG 2015-06-11 08:31:29,220: 	 Getting myproxy life time left for myproxy.cern.ch
DEBUG 2015-06-11 08:31:29,220: 	 Calculating hash of /DC=ch/DC=cern/OU=Organic Units/OU=Users/CN=hardenbr/CN=705168/CN=Joshua Robert Hardenbrook_cmsweb.cern.ch for credential name
DEBUG 2015-06-11 08:31:29,426: 	 Executing : 
 command : myproxy-info -l fdbcd253c5e13180d036bb7f350ef35a4f8814ed -s myproxy.cern.ch
 output : username: fdbcd253c5e13180d036bb7f350ef35a4f8814ed
owner: /DC=ch/DC=cern/OU=Organic Units/OU=Users/CN=hardenbr/CN=705168/CN=Joshua Robert Hardenbrook
  renewal policy: /DC=ch/DC=cern/OU=computers/CN=vocms(045|052|021|031).cern.ch
  trusted retrieval policy: /DC=ch/DC=cern/OU=computers/CN=vocms(045|052|021|031).cern.ch
  timeleft: 364:38:27  (15.2 days)

 error: 
 retcode : 0
DEBUG 2015-06-11 08:31:29,428: 	 Myproxy is valid: 1312707
DEBUG 2015-06-11 08:31:29,428: 	 Command use: status
DEBUG 2015-06-11 08:31:29,428: 	 Options use: ['crab_qcd120_170']
DEBUG 2015-06-11 08:31:29,827: 	 CRABClient version: 3.3.1506
DEBUG 2015-06-11 08:31:29,827: 	 Instance is prod
DEBUG 2015-06-11 08:31:29,827: 	 Server base url is cmsweb.cern.ch
DEBUG 2015-06-11 08:31:29,827: 	 Command url /crabserver/prod/workflow
DEBUG 2015-06-11 08:31:29,829: 	 Looking up detailed status of task 150610_202629:hardenbr_crab_qcd120_170
DEBUG 2015-06-11 08:31:30,946: 	 {'status': 'SUBMITTED', 'schedd': 'crab3-2@vocms0109.cern.ch', 'saveLogs': 'F', 'jobsPerStatus': {'failed': 1, 'finished': 37, 'running': 92}, 'jobs': {'130': {'State': 'finished'}, '41': {'State': 'finished'}, '24': {'State': 'finished'}, '25': {'State': 'finished'}, '26': {'State': 'finished'}, '27': {'State': 'finished'}, '20': {'State': 'finished'}, '21': {'State': 'failed', 'Error': [134, 'CmsRunFailure', {}]}, '22': {'State': 'finished'}, '23': {'State': 'finished'}, '28': {'State': 'finished'}, '29': {'State': 'finished'}, '4': {'State': 'finished'}, '8': {'State': 'finished'}, '120': {'State': 'running'}, '121': {'State': 'running'}, '122': {'State': 'running'}, '123': {'State': 'running'}, '124': {'State': 'running'}, '125': {'State': 'running'}, '126': {'State': 'running'}, '127': {'State': 'running'}, '128': {'State': 'running'}, '129': {'State': 'running'}, '59': {'State': 'running'}, '58': {'State': 'running'}, '55': {'State': 'running'}, '54': {'State': 'running'}, '57': {'State': 'running'}, '56': {'State': 'running'}, '51': {'State': 'running'}, '50': {'State': 'running'}, '53': {'State': 'running'}, '52': {'State': 'running'}, '115': {'State': 'running'}, '114': {'State': 'running'}, '88': {'State': 'running'}, '89': {'State': 'running'}, '111': {'State': 'running'}, '110': {'State': 'running'}, '113': {'State': 'running'}, '112': {'State': 'running'}, '82': {'State': 'running'}, '83': {'State': 'running'}, '80': {'State': 'running'}, '81': {'State': 'running'}, '119': {'State': 'running'}, '118': {'State': 'running'}, '84': {'State': 'running'}, '85': {'State': 'running'}, '3': {'State': 'finished'}, '7': {'State': 'finished'}, '108': {'State': 'running'}, '109': {'State': 'running'}, '102': {'State': 'running'}, '103': {'State': 'running'}, '100': {'State': 'running'}, '101': {'State': 'running'}, '106': {'State': 'running'}, '107': {'State': 'running'}, '104': {'State': 'running'}, '105': {'State': 'running'}, '39': {'State': 'finished'}, '38': {'State': 'finished'}, '33': {'State': 'running'}, '32': {'State': 'running'}, '31': {'State': 'finished'}, '30': {'State': 'finished'}, '37': {'State': 'finished'}, '36': {'State': 'running'}, '35': {'State': 'finished'}, '34': {'State': 'running'}, '60': {'State': 'running'}, '61': {'State': 'running'}, '62': {'State': 'running'}, '63': {'State': 'running'}, '64': {'State': 'running'}, '65': {'State': 'running'}, '66': {'State': 'running'}, '67': {'State': 'running'}, '68': {'State': 'running'}, '69': {'State': 'running'}, '2': {'State': 'running'}, '6': {'State': 'finished'}, '99': {'State': 'running'}, '98': {'State': 'running'}, '91': {'State': 'running'}, '90': {'State': 'running'}, '93': {'State': 'running'}, '92': {'State': 'running'}, '95': {'State': 'running'}, '94': {'State': 'running'}, '97': {'State': 'running'}, '96': {'State': 'running'}, '11': {'State': 'finished'}, '10': {'State': 'finished'}, '13': {'State': 'finished'}, '12': {'State': 'finished'}, '15': {'State': 'finished'}, '14': {'State': 'finished'}, '17': {'State': 'finished'}, '16': {'State': 'finished'}, '19': {'State': 'finished'}, '18': {'State': 'finished'}, '117': {'State': 'running'}, '116': {'State': 'running'}, '48': {'State': 'running'}, '49': {'State': 'running'}, '46': {'State': 'running'}, '86': {'State': 'running'}, '44': {'State': 'running'}, '45': {'State': 'running'}, '42': {'State': 'finished'}, '43': {'State': 'running'}, '40': {'State': 'finished'}, '87': {'State': 'running'}, '1': {'State': 'finished'}, '5': {'State': 'finished'}, '9': {'State': 'finished'}, '77': {'State': 'running'}, '76': {'State': 'running'}, '75': {'State': 'running'}, '74': {'State': 'running'}, '73': {'State': 'running'}, '72': {'State': 'running'}, '71': {'State': 'running'}, '70': {'State': 'running'}, '79': {'State': 'running'}, '78': {'State': 'running'}, '47': {'State': 'running'}}, 'publication': {'disabled': []}, 'taskWarningMsg': [], 'outdatasets': None, 'taskFailureMsg': '', 'failedJobdefs': 0, 'ASOURL': 'https://cmsweb.cern.ch/couchdb', 'pool': {}, 'totalJobdefs': 0, 'jobSetID': '150610_202629:hardenbr_crab_qcd120_170', 'jobdefErrors': [], 'collector': 'vocms097.cern.ch,vocms099.cern.ch', 'jobList': [['finished', 130], ['finished', 24], ['finished', 25], ['finished', 26], ['finished', 27], ['finished', 20], ['failed', 21], ['finished', 22], ['finished', 23], ['finished', 28], ['finished', 29], ['finished', 4], ['finished', 8], ['running', 119], ['running', 120], ['running', 121], ['running', 122], ['running', 123], ['running', 124], ['running', 125], ['running', 126], ['running', 127], ['running', 128], ['running', 129], ['running', 118], ['running', 59], ['running', 58], ['running', 55], ['running', 54], ['running', 57], ['running', 56], ['running', 51], ['running', 50], ['running', 53], ['running', 52], ['running', 115], ['running', 114], ['running', 88], ['running', 89], ['running', 111], ['running', 110], ['running', 113], ['running', 112], ['running', 82], ['running', 83], ['running', 80], ['running', 81], ['running', 86], ['running', 87], ['running', 84], ['running', 85], ['finished', 3], ['finished', 7], ['running', 108], ['running', 109], ['running', 102], ['running', 103], ['running', 100], ['running', 101], ['running', 106], ['running', 107], ['running', 104], ['running', 105], ['finished', 39], ['finished', 38], ['running', 33], ['running', 32], ['finished', 31], ['finished', 30], ['finished', 37], ['running', 36], ['finished', 35], ['running', 34], ['running', 60], ['running', 61], ['running', 62], ['running', 63], ['running', 64], ['running', 65], ['running', 66], ['running', 67], ['running', 68], ['running', 69], ['running', 2], ['finished', 6], ['running', 99], ['running', 98], ['running', 91], ['running', 90], ['running', 93], ['running', 92], ['running', 95], ['running', 94], ['running', 97], ['running', 96], ['finished', 11], ['finished', 10], ['finished', 13], ['finished', 12], ['finished', 15], ['finished', 14], ['finished', 17], ['finished', 16], ['finished', 19], ['finished', 18], ['running', 117], ['running', 116], ['running', 48], ['running', 49], ['running', 46], ['running', 47], ['running', 44], ['running', 45], ['finished', 42], ['running', 43], ['finished', 40], ['finished', 41], ['finished', 1], ['finished', 5], ['finished', 9], ['running', 77], ['running', 76], ['running', 75], ['running', 74], ['running', 73], ['running', 72], ['running', 71], ['running', 70], ['running', 79], ['running', 78]]}
INFO 2015-06-11 08:31:30,947: 	 CRAB project directory:		/afs/cern.ch/user/h/hardenbr/2014/LL_DIJET/TRACKING_STUDIES/CMSSW_7_4_4/src/DisplacedJets/TrackAnalyzer/python/CRAB3_QCD_SPRING15_5UNITS/crab_qcd120_170
INFO 2015-06-11 08:31:30,947: 	 Task name:			150610_202629:hardenbr_crab_qcd120_170
INFO 2015-06-11 08:31:30,947: 	 Task status:			SUBMITTED
INFO 2015-06-11 08:31:30,947: 	 Glidemon monitoring URL:	http://glidemon.web.cern.ch/glidemon/jobs.php?taskname=150610_202629%3Ahardenbr_crab_qcd120_170
INFO 2015-06-11 08:31:30,947: 	 Dashboard monitoring URL:	http://dashb-cms-job.cern.ch/dashboard/templates/task-analysis/#user=crab&refresh=0&table=Jobs&p=1&records=25&activemenu=2&status=&site=&tid=150610_202629%3Ahardenbr_crab_qcd120_170
INFO 2015-06-11 08:31:30,947: 	 Details:			failed          0.8% (  1/130)
INFO 2015-06-11 08:31:30,947: 	 				finished       28.5% ( 37/130)
INFO 2015-06-11 08:31:30,947: 	 				running        70.8% ( 92/130)
INFO 2015-06-11 08:31:30,947: 	 
No publication information (publication has been disabled in the CRAB configuration file)
INFO 2015-06-11 08:31:30,947: 	 
Error Summary: (use --verboseErrors for details about the errors)

  1 jobs failed with exit code 134

Have a look at https://twiki.cern.ch/twiki/bin/viewauth/CMSPublic/JobExitCodes for a description of the exit codes.
DEBUG 2015-06-11 10:03:01,610: 	 Executing command: 'status'
DEBUG 2015-06-11 10:03:01,610: 	 Found CRAB cache file /afs/cern.ch/user/h/hardenbr/.crab3
DEBUG 2015-06-11 10:03:01,618: 	 Checking credentials
DEBUG 2015-06-11 10:03:01,619: 	 Found proxy file /tmp/x509up_u56682
DEBUG 2015-06-11 10:03:01,619: 	 Getting proxy life time left
DEBUG 2015-06-11 10:03:02,233: 	 Executing : 
 command : voms-proxy-info -file /tmp/x509up_u56682 -timeleft
 output : 37512

 error: 
 retcode : 0
DEBUG 2015-06-11 10:03:02,845: 	 Executing : 
 command : voms-proxy-info -file /tmp/x509up_u56682 -actimeleft
 output : 37512

 error: 
 retcode : 0
DEBUG 2015-06-11 10:03:02,845: 	 Proxy valid for 10:25:12 hours
DEBUG 2015-06-11 10:03:02,964: 	 Executing : 
 command : openssl x509 -in ~/.globus/usercert.pem -subject -noout
 output : subject= /DC=ch/DC=cern/OU=Organic Units/OU=Users/CN=hardenbr/CN=705168/CN=Joshua Robert Hardenbrook

 error: WARNING: can't open config file: /build/dmwmbld/srv/state/dmwmbld/builds/comp_gcc481/w/tmp/BUILDROOT/779a792f862039a4ebba572299ebbb36/build/dmwmbld/srv/state/dmwmbld/builds/comp_gcc481/w/slc6_amd64_gcc481/external/openssl/1.0.1m-comp/ssl/openssl.cnf

 retcode : 0
DEBUG 2015-06-11 10:03:02,964: 	 Checking credentials
DEBUG 2015-06-11 10:03:02,964: 	 Found proxy file /tmp/x509up_u56682
DEBUG 2015-06-11 10:03:02,964: 	 Getting proxy life time left
DEBUG 2015-06-11 10:03:03,574: 	 Executing : 
 command : voms-proxy-info -file /tmp/x509up_u56682 -timeleft
 output : 37511

 error: 
 retcode : 0
DEBUG 2015-06-11 10:03:04,180: 	 Executing : 
 command : voms-proxy-info -file /tmp/x509up_u56682 -actimeleft
 output : 37510

 error: 
 retcode : 0
DEBUG 2015-06-11 10:03:04,180: 	 Proxy valid for 10:25:11 hours
DEBUG 2015-06-11 10:03:04,651: 	 Registering user credentials for server /DC=ch/DC=cern/OU=computers/CN=vocms(045|052|021|031).cern.ch
DEBUG 2015-06-11 10:03:04,766: 	 Executing : 
 command : openssl x509 -in ~/.globus/usercert.pem -subject -noout
 output : subject= /DC=ch/DC=cern/OU=Organic Units/OU=Users/CN=hardenbr/CN=705168/CN=Joshua Robert Hardenbrook

 error: WARNING: can't open config file: /build/dmwmbld/srv/state/dmwmbld/builds/comp_gcc481/w/tmp/BUILDROOT/779a792f862039a4ebba572299ebbb36/build/dmwmbld/srv/state/dmwmbld/builds/comp_gcc481/w/slc6_amd64_gcc481/external/openssl/1.0.1m-comp/ssl/openssl.cnf

 retcode : 0
DEBUG 2015-06-11 10:03:04,766: 	 Getting myproxy life time left for myproxy.cern.ch
DEBUG 2015-06-11 10:03:04,766: 	 Calculating hash of /DC=ch/DC=cern/OU=Organic Units/OU=Users/CN=hardenbr/CN=705168/CN=Joshua Robert Hardenbrook_cmsweb.cern.ch for credential name
DEBUG 2015-06-11 10:03:05,171: 	 Executing : 
 command : myproxy-info -l fdbcd253c5e13180d036bb7f350ef35a4f8814ed -s myproxy.cern.ch
 output : username: fdbcd253c5e13180d036bb7f350ef35a4f8814ed
owner: /DC=ch/DC=cern/OU=Organic Units/OU=Users/CN=hardenbr/CN=705168/CN=Joshua Robert Hardenbrook
  renewal policy: /DC=ch/DC=cern/OU=computers/CN=vocms(045|052|021|031).cern.ch
  trusted retrieval policy: /DC=ch/DC=cern/OU=computers/CN=vocms(045|052|021|031).cern.ch
  timeleft: 363:06:51  (15.1 days)

 error: 
 retcode : 0
DEBUG 2015-06-11 10:03:05,172: 	 Myproxy is valid: 1307211
DEBUG 2015-06-11 10:03:05,172: 	 Command use: status
DEBUG 2015-06-11 10:03:05,173: 	 Options use: ['crab_qcd120_170']
DEBUG 2015-06-11 10:03:05,609: 	 CRABClient version: 3.3.1506
DEBUG 2015-06-11 10:03:05,609: 	 Instance is prod
DEBUG 2015-06-11 10:03:05,609: 	 Server base url is cmsweb.cern.ch
DEBUG 2015-06-11 10:03:05,609: 	 Command url /crabserver/prod/workflow
DEBUG 2015-06-11 10:03:05,609: 	 Looking up detailed status of task 150610_202629:hardenbr_crab_qcd120_170
DEBUG 2015-06-11 10:03:06,602: 	 {'status': 'SUBMITTED', 'schedd': 'crab3-2@vocms0109.cern.ch', 'saveLogs': 'F', 'jobsPerStatus': {'failed': 2, 'finished': 115, 'running': 13}, 'jobs': {'130': {'State': 'finished'}, '41': {'State': 'finished'}, '24': {'State': 'finished'}, '25': {'State': 'finished'}, '26': {'State': 'finished'}, '27': {'State': 'finished'}, '20': {'State': 'finished'}, '21': {'State': 'failed', 'Error': [134, 'CmsRunFailure', {}]}, '22': {'State': 'finished'}, '23': {'State': 'finished'}, '28': {'State': 'finished'}, '29': {'State': 'finished'}, '4': {'State': 'finished'}, '8': {'State': 'finished'}, '120': {'State': 'running'}, '121': {'State': 'finished'}, '122': {'State': 'finished'}, '123': {'State': 'finished'}, '124': {'State': 'finished'}, '125': {'State': 'running'}, '126': {'State': 'finished'}, '127': {'State': 'finished'}, '128': {'State': 'finished'}, '129': {'State': 'finished'}, '59': {'State': 'finished'}, '58': {'State': 'finished'}, '55': {'State': 'finished'}, '54': {'State': 'finished'}, '57': {'State': 'finished'}, '56': {'State': 'finished'}, '51': {'State': 'finished'}, '50': {'State': 'finished'}, '53': {'State': 'finished'}, '52': {'State': 'finished'}, '115': {'State': 'finished'}, '114': {'State': 'finished'}, '88': {'State': 'finished'}, '89': {'State': 'finished'}, '111': {'State': 'finished'}, '110': {'State': 'finished'}, '113': {'State': 'finished'}, '112': {'State': 'finished'}, '82': {'State': 'running'}, '83': {'State': 'finished'}, '80': {'State': 'running'}, '81': {'State': 'finished'}, '119': {'State': 'finished'}, '118': {'State': 'finished'}, '84': {'State': 'running'}, '85': {'State': 'running'}, '3': {'State': 'finished'}, '7': {'State': 'finished'}, '108': {'State': 'finished'}, '109': {'State': 'finished'}, '102': {'State': 'running'}, '103': {'State': 'finished'}, '100': {'State': 'running'}, '101': {'State': 'finished'}, '106': {'State': 'finished'}, '107': {'State': 'finished'}, '104': {'State': 'finished'}, '105': {'State': 'finished'}, '39': {'State': 'finished'}, '38': {'State': 'finished'}, '33': {'State': 'finished'}, '32': {'State': 'finished'}, '31': {'State': 'finished'}, '30': {'State': 'finished'}, '37': {'State': 'finished'}, '36': {'State': 'finished'}, '35': {'State': 'finished'}, '34': {'State': 'finished'}, '60': {'State': 'finished'}, '61': {'State': 'finished'}, '62': {'State': 'finished'}, '63': {'State': 'finished'}, '64': {'State': 'finished'}, '65': {'State': 'finished'}, '66': {'State': 'finished'}, '67': {'State': 'finished'}, '68': {'State': 'finished'}, '69': {'State': 'finished'}, '2': {'State': 'failed', 'Error': [8028, "CmsRunFailure\nCMSSW error message follows.\nFatal Exception\nAn exception of category 'FallbackFileOpenError' occurred while\n   [0] Calling InputSource::readFile_\n   [1] Calling RootInputFileSequence::initFile()\n   [2] Calling StorageFactory::open()\n   [3] Calling XrdFile::open()\nException Message:\nFailed to open the file 'root://cmsxrootd-site.fnal.gov//store/mc/Spring14dr/QCD_Pt-120to170_Tune4C_13TeV_pythia8/AODSIM/castor_PU20bx25_POSTLS170_V5-v1/00000/EC5AA14E-ECD3-E311-A4E9-002354EF3BD0.root?tried=+1213cmssrv203.fnal.gov,+1213cmssrv224.fnal.gov'\n   Additional Info:\n      [a] XrdCl::File::Open(name='root://cmsxrootd-site.fnal.gov//store/mc/Spring14dr/QCD_Pt-120to170_Tune4C_13TeV_pythia8/AODSIM/castor_PU20bx25_POSTLS170_V5-v1/00000/EC5AA14E-ECD3-E311-A4E9-002354EF3BD0.root', flags=0x10, permissions=0660) => error '[ERROR] Server responded with an error: [3011] No servers are available to read the file.131]:1094 Mw[::131.225.204.174]:1094 Mw[::90.147.66.75]:1094 Mw[::193.205.76.83]:1094 Mw[::188.184.65.189]:1094\n' (errno=3011, code=400). No additional data servers were found.\n      [b] Last URL tried: root://cms-xrd-global.cern.ch:1094//store/mc/Spring14dr/QCD_Pt-120to170_Tune4C_13TeV_pythia8/AODSIM/castor_PU20bx25_POSTLS170_V5-v1/00000/EC5AA14E-ECD3-E311-A4E9-002354EF3BD0.root?tried=+1213xrootd.unl.edu1213cmsxrootd1.fnal.gov\n      [c] Problematic data server: cms-xrd-global.cern.ch:1094\n      [d] Disabled source: cmsxrootd-site.fnal.gov:1094\n      [e] Disabled source: cms-xrd-global.cern.ch:1094\n      [f] Input file root://cmsxrootd-site.fnal.gov//store/mc/Spring14dr/QCD_Pt-120to170_Tune4C_13TeV_pythia8/AODSIM/castor_PU20bx25_POSTLS170_V5-v1/00000/EC5AA14E-ECD3-E311-A4E9-002354EF3BD0.root could not be opened.\nFallback Input file root://cmsxrootd-site.fnal.gov//store/mc/Spring14dr/QCD_Pt-120to170_Tune4C_13TeV_pythia8/AODSIM/castor_PU20bx25_POSTLS170_V5-v1/00000/EC5AA14E-ECD3-E311-A4E9-002354EF3BD0.root?tried=+1213cmssrv203.fnal.gov,+1213cmssrv224.fnal.gov also could not be opened.\nOriginal exception info is above; fallback exception info is below.\n      [g] XrdCl::File::Open(name='root://cmsxrootd-site.fnal.gov//store/mc/Spring14dr/QCD_Pt-120to170_Tune4C_13TeV_pythia8/AODSIM/castor_PU20bx25_POSTLS170_V5-v1/00000/EC5AA14E-ECD3-E311-A4E9-002354EF3BD0.root?tried=+1213cmssrv203.fnal.gov,+1213cmssrv224.fnal.gov', flags=0x10, permissions=0660) => error '[ERROR] Server responded with an error: [3011] No servers are available to read the file.131]:1094 Mw[::131.225.204.174]:1094 Mw[::90.147.66.75]:1094 Mw[::193.205.76.83]:1094 Mw[::188.184.65.189]:1094\n' (errno=3011, code=400). No additional data servers were found.\n      [h] Last URL tried: root://cms-xrd-global.cern.ch:1094//store/mc/Spring14dr/QCD_Pt-120to170_Tune4C_13TeV_pythia8/AODSIM/castor_PU20bx25_POSTLS170_V5-v1/00000/EC5AA14E-ECD3-E311-A4E9-002354EF3BD0.root?tried=+1213xrootd.unl.edu1213cmsxrootd1.fnal.gov\n      [i] Problematic data server: cms-xrd-global.cern.ch:1094\n      [j] Disabled source: cms-xrd-global.cern.ch:1094\n", {'type': 'Fatal Exception', 'details': "An exception of category 'FallbackFileOpenError' occurred while\n   [0] Calling InputSource::readFile_\n   [1] Calling RootInputFileSequence::initFile()\n   [2] Calling StorageFactory::open()\n   [3] Calling XrdFile::open()\nException Message:\nFailed to open the file 'root://cmsxrootd-site.fnal.gov//store/mc/Spring14dr/QCD_Pt-120to170_Tune4C_13TeV_pythia8/AODSIM/castor_PU20bx25_POSTLS170_V5-v1/00000/EC5AA14E-ECD3-E311-A4E9-002354EF3BD0.root?tried=+1213cmssrv203.fnal.gov,+1213cmssrv224.fnal.gov'\n   Additional Info:\n      [a] XrdCl::File::Open(name='root://cmsxrootd-site.fnal.gov//store/mc/Spring14dr/QCD_Pt-120to170_Tune4C_13TeV_pythia8/AODSIM/castor_PU20bx25_POSTLS170_V5-v1/00000/EC5AA14E-ECD3-E311-A4E9-002354EF3BD0.root', flags=0x10, permissions=0660) => error '[ERROR] Server responded with an error: [3011] No servers are available to read the file.131]:1094 Mw[::131.225.204.174]:1094 Mw[::90.147.66.75]:1094 Mw[::193.205.76.83]:1094 Mw[::188.184.65.189]:1094\n' (errno=3011, code=400). No additional data servers were found.\n      [b] Last URL tried: root://cms-xrd-global.cern.ch:1094//store/mc/Spring14dr/QCD_Pt-120to170_Tune4C_13TeV_pythia8/AODSIM/castor_PU20bx25_POSTLS170_V5-v1/00000/EC5AA14E-ECD3-E311-A4E9-002354EF3BD0.root?tried=+1213xrootd.unl.edu1213cmsxrootd1.fnal.gov\n      [c] Problematic data server: cms-xrd-global.cern.ch:1094\n      [d] Disabled source: cmsxrootd-site.fnal.gov:1094\n      [e] Disabled source: cms-xrd-global.cern.ch:1094\n      [f] Input file root://cmsxrootd-site.fnal.gov//store/mc/Spring14dr/QCD_Pt-120to170_Tune4C_13TeV_pythia8/AODSIM/castor_PU20bx25_POSTLS170_V5-v1/00000/EC5AA14E-ECD3-E311-A4E9-002354EF3BD0.root could not be opened.\nFallback Input file root://cmsxrootd-site.fnal.gov//store/mc/Spring14dr/QCD_Pt-120to170_Tune4C_13TeV_pythia8/AODSIM/castor_PU20bx25_POSTLS170_V5-v1/00000/EC5AA14E-ECD3-E311-A4E9-002354EF3BD0.root?tried=+1213cmssrv203.fnal.gov,+1213cmssrv224.fnal.gov also could not be opened.\nOriginal exception info is above; fallback exception info is below.\n      [g] XrdCl::File::Open(name='root://cmsxrootd-site.fnal.gov//store/mc/Spring14dr/QCD_Pt-120to170_Tune4C_13TeV_pythia8/AODSIM/castor_PU20bx25_POSTLS170_V5-v1/00000/EC5AA14E-ECD3-E311-A4E9-002354EF3BD0.root?tried=+1213cmssrv203.fnal.gov,+1213cmssrv224.fnal.gov', flags=0x10, permissions=0660) => error '[ERROR] Server responded with an error: [3011] No servers are available to read the file.131]:1094 Mw[::131.225.204.174]:1094 Mw[::90.147.66.75]:1094 Mw[::193.205.76.83]:1094 Mw[::188.184.65.189]:1094\n' (errno=3011, code=400). No additional data servers were found.\n      [h] Last URL tried: root://cms-xrd-global.cern.ch:1094//store/mc/Spring14dr/QCD_Pt-120to170_Tune4C_13TeV_pythia8/AODSIM/castor_PU20bx25_POSTLS170_V5-v1/00000/EC5AA14E-ECD3-E311-A4E9-002354EF3BD0.root?tried=+1213xrootd.unl.edu1213cmsxrootd1.fnal.gov\n      [i] Problematic data server: cms-xrd-global.cern.ch:1094\n      [j] Disabled source: cms-xrd-global.cern.ch:1094", 'exitCode': '8028'}]}, '6': {'State': 'finished'}, '99': {'State': 'running'}, '98': {'State': 'finished'}, '91': {'State': 'finished'}, '90': {'State': 'running'}, '93': {'State': 'finished'}, '92': {'State': 'running'}, '95': {'State': 'finished'}, '94': {'State': 'finished'}, '97': {'State': 'running'}, '96': {'State': 'finished'}, '11': {'State': 'finished'}, '10': {'State': 'finished'}, '13': {'State': 'finished'}, '12': {'State': 'finished'}, '15': {'State': 'finished'}, '14': {'State': 'finished'}, '17': {'State': 'finished'}, '16': {'State': 'finished'}, '19': {'State': 'finished'}, '18': {'State': 'finished'}, '117': {'State': 'running'}, '116': {'State': 'finished'}, '48': {'State': 'finished'}, '49': {'State': 'finished'}, '46': {'State': 'finished'}, '86': {'State': 'finished'}, '44': {'State': 'finished'}, '45': {'State': 'finished'}, '42': {'State': 'finished'}, '43': {'State': 'finished'}, '40': {'State': 'finished'}, '87': {'State': 'finished'}, '1': {'State': 'finished'}, '5': {'State': 'finished'}, '9': {'State': 'finished'}, '77': {'State': 'finished'}, '76': {'State': 'finished'}, '75': {'State': 'finished'}, '74': {'State': 'finished'}, '73': {'State': 'finished'}, '72': {'State': 'finished'}, '71': {'State': 'finished'}, '70': {'State': 'finished'}, '79': {'State': 'finished'}, '78': {'State': 'finished'}, '47': {'State': 'finished'}}, 'publication': {'disabled': []}, 'taskWarningMsg': [], 'outdatasets': None, 'taskFailureMsg': '', 'failedJobdefs': 0, 'ASOURL': 'https://cmsweb.cern.ch/couchdb', 'pool': {}, 'totalJobdefs': 0, 'jobSetID': '150610_202629:hardenbr_crab_qcd120_170', 'jobdefErrors': [], 'collector': 'vocms097.cern.ch,vocms099.cern.ch', 'jobList': [['finished', 130], ['finished', 24], ['finished', 25], ['finished', 26], ['finished', 27], ['finished', 20], ['failed', 21], ['finished', 22], ['finished', 23], ['finished', 28], ['finished', 29], ['finished', 4], ['finished', 8], ['finished', 119], ['running', 120], ['finished', 121], ['finished', 122], ['finished', 123], ['finished', 124], ['running', 125], ['finished', 126], ['finished', 127], ['finished', 128], ['finished', 129], ['finished', 118], ['finished', 59], ['finished', 58], ['finished', 55], ['finished', 54], ['finished', 57], ['finished', 56], ['finished', 51], ['finished', 50], ['finished', 53], ['finished', 52], ['finished', 115], ['finished', 114], ['finished', 88], ['finished', 89], ['finished', 111], ['finished', 110], ['finished', 113], ['finished', 112], ['running', 82], ['finished', 83], ['running', 80], ['finished', 81], ['finished', 86], ['finished', 87], ['running', 84], ['running', 85], ['finished', 3], ['finished', 7], ['finished', 108], ['finished', 109], ['running', 102], ['finished', 103], ['running', 100], ['finished', 101], ['finished', 106], ['finished', 107], ['finished', 104], ['finished', 105], ['finished', 39], ['finished', 38], ['finished', 33], ['finished', 32], ['finished', 31], ['finished', 30], ['finished', 37], ['finished', 36], ['finished', 35], ['finished', 34], ['finished', 60], ['finished', 61], ['finished', 62], ['finished', 63], ['finished', 64], ['finished', 65], ['finished', 66], ['finished', 67], ['finished', 68], ['finished', 69], ['failed', 2], ['finished', 6], ['running', 99], ['finished', 98], ['finished', 91], ['running', 90], ['finished', 93], ['running', 92], ['finished', 95], ['finished', 94], ['running', 97], ['finished', 96], ['finished', 11], ['finished', 10], ['finished', 13], ['finished', 12], ['finished', 15], ['finished', 14], ['finished', 17], ['finished', 16], ['finished', 19], ['finished', 18], ['running', 117], ['finished', 116], ['finished', 48], ['finished', 49], ['finished', 46], ['finished', 47], ['finished', 44], ['finished', 45], ['finished', 42], ['finished', 43], ['finished', 40], ['finished', 41], ['finished', 1], ['finished', 5], ['finished', 9], ['finished', 77], ['finished', 76], ['finished', 75], ['finished', 74], ['finished', 73], ['finished', 72], ['finished', 71], ['finished', 70], ['finished', 79], ['finished', 78]]}
INFO 2015-06-11 10:03:06,602: 	 CRAB project directory:		/afs/cern.ch/user/h/hardenbr/2014/LL_DIJET/TRACKING_STUDIES/CMSSW_7_4_4/src/DisplacedJets/TrackAnalyzer/python/CRAB3_QCD_SPRING15_5UNITS/crab_qcd120_170
INFO 2015-06-11 10:03:06,602: 	 Task name:			150610_202629:hardenbr_crab_qcd120_170
INFO 2015-06-11 10:03:06,602: 	 Task status:			SUBMITTED
INFO 2015-06-11 10:03:06,602: 	 Glidemon monitoring URL:	http://glidemon.web.cern.ch/glidemon/jobs.php?taskname=150610_202629%3Ahardenbr_crab_qcd120_170
INFO 2015-06-11 10:03:06,603: 	 Dashboard monitoring URL:	http://dashb-cms-job.cern.ch/dashboard/templates/task-analysis/#user=crab&refresh=0&table=Jobs&p=1&records=25&activemenu=2&status=&site=&tid=150610_202629%3Ahardenbr_crab_qcd120_170
INFO 2015-06-11 10:03:06,603: 	 Details:			failed          1.5% (  2/130)
INFO 2015-06-11 10:03:06,603: 	 				finished       88.5% (115/130)
INFO 2015-06-11 10:03:06,603: 	 				running        10.0% ( 13/130)
INFO 2015-06-11 10:03:06,603: 	 
No publication information (publication has been disabled in the CRAB configuration file)
INFO 2015-06-11 10:03:06,603: 	 
Error Summary: (use --verboseErrors for details about the errors)

  1 jobs failed with exit code 8028

  1 jobs failed with exit code 134

Have a look at https://twiki.cern.ch/twiki/bin/viewauth/CMSPublic/JobExitCodes for a description of the exit codes.
