DEBUG 2015-06-10 22:32:33,111: 	 Executing command: 'status'
DEBUG 2015-06-10 22:32:33,112: 	 Found CRAB cache file /afs/cern.ch/user/h/hardenbr/.crab3
DEBUG 2015-06-10 22:32:33,128: 	 Checking credentials
DEBUG 2015-06-10 22:32:33,129: 	 Found proxy file /tmp/x509up_u56682
DEBUG 2015-06-10 22:32:33,129: 	 Getting proxy life time left
DEBUG 2015-06-10 22:32:33,633: 	 Executing : 
 command : voms-proxy-info -file /tmp/x509up_u56682 -timeleft
 output : 42469

 error: 
 retcode : 0
DEBUG 2015-06-10 22:32:34,037: 	 Executing : 
 command : voms-proxy-info -file /tmp/x509up_u56682 -actimeleft
 output : 42468

 error: 
 retcode : 0
DEBUG 2015-06-10 22:32:34,038: 	 Proxy valid for 11:47:49 hours
DEBUG 2015-06-10 22:32:34,150: 	 Executing : 
 command : openssl x509 -in ~/.globus/usercert.pem -subject -noout
 output : subject= /DC=ch/DC=cern/OU=Organic Units/OU=Users/CN=hardenbr/CN=705168/CN=Joshua Robert Hardenbrook

 error: WARNING: can't open config file: /build/dmwmbld/srv/state/dmwmbld/builds/comp_gcc481/w/tmp/BUILDROOT/779a792f862039a4ebba572299ebbb36/build/dmwmbld/srv/state/dmwmbld/builds/comp_gcc481/w/slc6_amd64_gcc481/external/openssl/1.0.1m-comp/ssl/openssl.cnf

 retcode : 0
DEBUG 2015-06-10 22:32:34,150: 	 Checking credentials
DEBUG 2015-06-10 22:32:34,150: 	 Found proxy file /tmp/x509up_u56682
DEBUG 2015-06-10 22:32:34,150: 	 Getting proxy life time left
DEBUG 2015-06-10 22:32:34,555: 	 Executing : 
 command : voms-proxy-info -file /tmp/x509up_u56682 -timeleft
 output : 42468

 error: 
 retcode : 0
DEBUG 2015-06-10 22:32:34,962: 	 Executing : 
 command : voms-proxy-info -file /tmp/x509up_u56682 -actimeleft
 output : 42468

 error: 
 retcode : 0
DEBUG 2015-06-10 22:32:34,962: 	 Proxy valid for 11:47:48 hours
DEBUG 2015-06-10 22:32:35,367: 	 Registering user credentials for server /DC=ch/DC=cern/OU=computers/CN=vocms(045|052|021|031).cern.ch
DEBUG 2015-06-10 22:32:35,475: 	 Executing : 
 command : openssl x509 -in ~/.globus/usercert.pem -subject -noout
 output : subject= /DC=ch/DC=cern/OU=Organic Units/OU=Users/CN=hardenbr/CN=705168/CN=Joshua Robert Hardenbrook

 error: WARNING: can't open config file: /build/dmwmbld/srv/state/dmwmbld/builds/comp_gcc481/w/tmp/BUILDROOT/779a792f862039a4ebba572299ebbb36/build/dmwmbld/srv/state/dmwmbld/builds/comp_gcc481/w/slc6_amd64_gcc481/external/openssl/1.0.1m-comp/ssl/openssl.cnf

 retcode : 0
DEBUG 2015-06-10 22:32:35,475: 	 Getting myproxy life time left for myproxy.cern.ch
DEBUG 2015-06-10 22:32:35,475: 	 Calculating hash of /DC=ch/DC=cern/OU=Organic Units/OU=Users/CN=hardenbr/CN=705168/CN=Joshua Robert Hardenbrook_cmsweb.cern.ch for credential name
DEBUG 2015-06-10 22:32:35,679: 	 Executing : 
 command : myproxy-info -l fdbcd253c5e13180d036bb7f350ef35a4f8814ed -s myproxy.cern.ch
 output : username: fdbcd253c5e13180d036bb7f350ef35a4f8814ed
owner: /DC=ch/DC=cern/OU=Organic Units/OU=Users/CN=hardenbr/CN=705168/CN=Joshua Robert Hardenbrook
  renewal policy: /DC=ch/DC=cern/OU=computers/CN=vocms(045|052|021|031).cern.ch
  trusted retrieval policy: /DC=ch/DC=cern/OU=computers/CN=vocms(045|052|021|031).cern.ch
  timeleft: 374:37:21  (15.6 days)

 error: 
 retcode : 0
DEBUG 2015-06-10 22:32:35,680: 	 Myproxy is valid: 1348641
DEBUG 2015-06-10 22:32:35,680: 	 Command use: status
DEBUG 2015-06-10 22:32:35,680: 	 Options use: ['crab_qcd1400_1800']
DEBUG 2015-06-10 22:32:36,036: 	 CRABClient version: 3.3.1506
DEBUG 2015-06-10 22:32:36,036: 	 Instance is prod
DEBUG 2015-06-10 22:32:36,036: 	 Server base url is cmsweb.cern.ch
DEBUG 2015-06-10 22:32:36,036: 	 Command url /crabserver/prod/workflow
DEBUG 2015-06-10 22:32:36,036: 	 Looking up detailed status of task 150610_202709:hardenbr_crab_qcd1400_1800
DEBUG 2015-06-10 22:32:36,515: 	 {'status': 'NEW', 'schedd': '', 'saveLogs': 'F', 'totalJobdefs': 0, 'jobSetID': '', 'jobsPerStatus': {}, 'taskWarningMsg': [], 'taskFailureMsg': '', 'failedJobdefs': 0, 'jobdefErrors': [], 'collector': '', 'jobList': []}
INFO 2015-06-10 22:32:36,515: 	 CRAB project directory:		/afs/cern.ch/user/h/hardenbr/2014/LL_DIJET/TRACKING_STUDIES/CMSSW_7_4_4/src/DisplacedJets/TrackAnalyzer/python/CRAB3_QCD_SPRING15_5UNITS/crab_qcd1400_1800
INFO 2015-06-10 22:32:36,515: 	 Task name:			150610_202709:hardenbr_crab_qcd1400_1800
INFO 2015-06-10 22:32:36,515: 	 Task status:			NEW
INFO 2015-06-10 22:32:36,515: 	 
No jobs created yet!
DEBUG 2015-06-11 08:32:02,875: 	 Executing command: 'status'
DEBUG 2015-06-11 08:32:02,876: 	 Found CRAB cache file /afs/cern.ch/user/h/hardenbr/.crab3
DEBUG 2015-06-11 08:32:02,885: 	 Checking credentials
DEBUG 2015-06-11 08:32:02,886: 	 Found proxy file /tmp/x509up_u56682
DEBUG 2015-06-11 08:32:02,886: 	 Getting proxy life time left
DEBUG 2015-06-11 08:32:03,391: 	 Executing : 
 command : voms-proxy-info -file /tmp/x509up_u56682 -timeleft
 output : 42971

 error: 
 retcode : 0
DEBUG 2015-06-11 08:32:03,898: 	 Executing : 
 command : voms-proxy-info -file /tmp/x509up_u56682 -actimeleft
 output : 42971

 error: 
 retcode : 0
DEBUG 2015-06-11 08:32:03,898: 	 Proxy valid for 11:56:11 hours
DEBUG 2015-06-11 08:32:04,018: 	 Executing : 
 command : openssl x509 -in ~/.globus/usercert.pem -subject -noout
 output : subject= /DC=ch/DC=cern/OU=Organic Units/OU=Users/CN=hardenbr/CN=705168/CN=Joshua Robert Hardenbrook

 error: WARNING: can't open config file: /build/dmwmbld/srv/state/dmwmbld/builds/comp_gcc481/w/tmp/BUILDROOT/779a792f862039a4ebba572299ebbb36/build/dmwmbld/srv/state/dmwmbld/builds/comp_gcc481/w/slc6_amd64_gcc481/external/openssl/1.0.1m-comp/ssl/openssl.cnf

 retcode : 0
DEBUG 2015-06-11 08:32:04,018: 	 Checking credentials
DEBUG 2015-06-11 08:32:04,019: 	 Found proxy file /tmp/x509up_u56682
DEBUG 2015-06-11 08:32:04,019: 	 Getting proxy life time left
DEBUG 2015-06-11 08:32:04,524: 	 Executing : 
 command : voms-proxy-info -file /tmp/x509up_u56682 -timeleft
 output : 42970

 error: 
 retcode : 0
DEBUG 2015-06-11 08:32:05,029: 	 Executing : 
 command : voms-proxy-info -file /tmp/x509up_u56682 -actimeleft
 output : 42970

 error: 
 retcode : 0
DEBUG 2015-06-11 08:32:05,029: 	 Proxy valid for 11:56:10 hours
DEBUG 2015-06-11 08:32:05,490: 	 Registering user credentials for server /DC=ch/DC=cern/OU=computers/CN=vocms(045|052|021|031).cern.ch
DEBUG 2015-06-11 08:32:05,601: 	 Executing : 
 command : openssl x509 -in ~/.globus/usercert.pem -subject -noout
 output : subject= /DC=ch/DC=cern/OU=Organic Units/OU=Users/CN=hardenbr/CN=705168/CN=Joshua Robert Hardenbrook

 error: WARNING: can't open config file: /build/dmwmbld/srv/state/dmwmbld/builds/comp_gcc481/w/tmp/BUILDROOT/779a792f862039a4ebba572299ebbb36/build/dmwmbld/srv/state/dmwmbld/builds/comp_gcc481/w/slc6_amd64_gcc481/external/openssl/1.0.1m-comp/ssl/openssl.cnf

 retcode : 0
DEBUG 2015-06-11 08:32:05,601: 	 Getting myproxy life time left for myproxy.cern.ch
DEBUG 2015-06-11 08:32:05,601: 	 Calculating hash of /DC=ch/DC=cern/OU=Organic Units/OU=Users/CN=hardenbr/CN=705168/CN=Joshua Robert Hardenbrook_cmsweb.cern.ch for credential name
DEBUG 2015-06-11 08:32:06,008: 	 Executing : 
 command : myproxy-info -l fdbcd253c5e13180d036bb7f350ef35a4f8814ed -s myproxy.cern.ch
 output : username: fdbcd253c5e13180d036bb7f350ef35a4f8814ed
owner: /DC=ch/DC=cern/OU=Organic Units/OU=Users/CN=hardenbr/CN=705168/CN=Joshua Robert Hardenbrook
  renewal policy: /DC=ch/DC=cern/OU=computers/CN=vocms(045|052|021|031).cern.ch
  trusted retrieval policy: /DC=ch/DC=cern/OU=computers/CN=vocms(045|052|021|031).cern.ch
  timeleft: 364:37:51  (15.2 days)

 error: 
 retcode : 0
DEBUG 2015-06-11 08:32:06,009: 	 Myproxy is valid: 1312671
DEBUG 2015-06-11 08:32:06,009: 	 Command use: status
DEBUG 2015-06-11 08:32:06,009: 	 Options use: ['crab_qcd1400_1800']
DEBUG 2015-06-11 08:32:06,412: 	 CRABClient version: 3.3.1506
DEBUG 2015-06-11 08:32:06,412: 	 Instance is prod
DEBUG 2015-06-11 08:32:06,412: 	 Server base url is cmsweb.cern.ch
DEBUG 2015-06-11 08:32:06,412: 	 Command url /crabserver/prod/workflow
DEBUG 2015-06-11 08:32:06,412: 	 Looking up detailed status of task 150610_202709:hardenbr_crab_qcd1400_1800
DEBUG 2015-06-11 08:32:07,371: 	 {'status': 'SUBMITTED', 'schedd': 'crab3-4@vocms066.cern.ch', 'saveLogs': 'F', 'jobsPerStatus': {'finished': 48, 'transferring': 3, 'running': 41}, 'jobs': {'24': {'State': 'finished'}, '25': {'State': 'finished'}, '26': {'State': 'finished'}, '27': {'State': 'finished'}, '20': {'State': 'finished'}, '21': {'State': 'finished'}, '22': {'State': 'running'}, '23': {'State': 'finished'}, '28': {'State': 'finished'}, '29': {'State': 'finished'}, '4': {'State': 'finished'}, '8': {'State': 'finished'}, '59': {'State': 'running'}, '58': {'State': 'running'}, '55': {'State': 'running'}, '54': {'State': 'transferring'}, '57': {'State': 'running'}, '56': {'State': 'finished'}, '51': {'State': 'finished'}, '50': {'State': 'transferring'}, '53': {'State': 'finished'}, '52': {'State': 'finished'}, '88': {'State': 'running'}, '89': {'State': 'running'}, '82': {'State': 'running'}, '83': {'State': 'running'}, '80': {'State': 'running'}, '81': {'State': 'running'}, '86': {'State': 'running'}, '87': {'State': 'running'}, '84': {'State': 'running'}, '85': {'State': 'running'}, '3': {'State': 'finished'}, '7': {'State': 'running'}, '39': {'State': 'finished'}, '38': {'State': 'finished'}, '33': {'State': 'finished'}, '32': {'State': 'finished'}, '31': {'State': 'finished'}, '30': {'State': 'finished'}, '37': {'State': 'finished'}, '36': {'State': 'running'}, '35': {'State': 'finished'}, '34': {'State': 'finished'}, '60': {'State': 'running'}, '61': {'State': 'running'}, '62': {'State': 'running'}, '63': {'State': 'running'}, '64': {'State': 'running'}, '65': {'State': 'running'}, '66': {'State': 'running'}, '67': {'State': 'running'}, '68': {'State': 'running'}, '69': {'State': 'running'}, '2': {'State': 'finished'}, '6': {'State': 'running'}, '91': {'State': 'running'}, '90': {'State': 'running'}, '92': {'State': 'running'}, '11': {'State': 'finished'}, '10': {'State': 'finished'}, '13': {'State': 'finished'}, '12': {'State': 'finished'}, '15': {'State': 'finished'}, '14': {'State': 'finished'}, '17': {'State': 'finished'}, '16': {'State': 'finished'}, '19': {'State': 'finished'}, '18': {'State': 'finished'}, '48': {'State': 'finished'}, '49': {'State': 'finished'}, '46': {'State': 'transferring'}, '47': {'State': 'finished'}, '44': {'State': 'finished'}, '45': {'State': 'finished'}, '42': {'State': 'finished'}, '43': {'State': 'finished'}, '40': {'State': 'finished'}, '41': {'State': 'finished'}, '1': {'State': 'finished'}, '5': {'State': 'finished'}, '9': {'State': 'finished'}, '77': {'State': 'running'}, '76': {'State': 'running'}, '75': {'State': 'running'}, '74': {'State': 'running'}, '73': {'State': 'running'}, '72': {'State': 'running'}, '71': {'State': 'running'}, '70': {'State': 'running'}, '79': {'State': 'running'}, '78': {'State': 'running'}}, 'publication': {'disabled': []}, 'taskWarningMsg': [], 'outdatasets': None, 'taskFailureMsg': '', 'failedJobdefs': 0, 'ASOURL': 'https://cmsweb.cern.ch/couchdb', 'pool': {}, 'totalJobdefs': 0, 'jobSetID': '150610_202709:hardenbr_crab_qcd1400_1800', 'jobdefErrors': [], 'collector': 'vocms0115.cern.ch', 'jobList': [['finished', 24], ['finished', 25], ['finished', 26], ['finished', 27], ['finished', 20], ['finished', 21], ['running', 22], ['finished', 23], ['finished', 28], ['finished', 29], ['finished', 4], ['finished', 8], ['running', 59], ['running', 58], ['running', 55], ['transferring', 54], ['running', 57], ['finished', 56], ['finished', 51], ['transferring', 50], ['finished', 53], ['finished', 52], ['running', 88], ['running', 89], ['running', 82], ['running', 83], ['running', 80], ['running', 81], ['running', 86], ['running', 87], ['running', 84], ['running', 85], ['finished', 3], ['running', 7], ['finished', 39], ['finished', 38], ['finished', 33], ['finished', 32], ['finished', 31], ['finished', 30], ['finished', 37], ['running', 36], ['finished', 35], ['finished', 34], ['running', 60], ['running', 61], ['running', 62], ['running', 63], ['running', 64], ['running', 65], ['running', 66], ['running', 67], ['running', 68], ['running', 69], ['finished', 2], ['running', 6], ['running', 91], ['running', 90], ['running', 92], ['finished', 11], ['finished', 10], ['finished', 13], ['finished', 12], ['finished', 15], ['finished', 14], ['finished', 17], ['finished', 16], ['finished', 19], ['finished', 18], ['finished', 48], ['finished', 49], ['transferring', 46], ['finished', 47], ['finished', 44], ['finished', 45], ['finished', 42], ['finished', 43], ['finished', 40], ['finished', 41], ['finished', 1], ['finished', 5], ['finished', 9], ['running', 77], ['running', 76], ['running', 75], ['running', 74], ['running', 73], ['running', 72], ['running', 71], ['running', 70], ['running', 79], ['running', 78]]}
INFO 2015-06-11 08:32:07,371: 	 CRAB project directory:		/afs/cern.ch/user/h/hardenbr/2014/LL_DIJET/TRACKING_STUDIES/CMSSW_7_4_4/src/DisplacedJets/TrackAnalyzer/python/CRAB3_QCD_SPRING15_5UNITS/crab_qcd1400_1800
INFO 2015-06-11 08:32:07,371: 	 Task name:			150610_202709:hardenbr_crab_qcd1400_1800
INFO 2015-06-11 08:32:07,371: 	 Task status:			SUBMITTED
INFO 2015-06-11 08:32:07,371: 	 Glidemon monitoring URL:	http://glidemon.web.cern.ch/glidemon/jobs.php?taskname=150610_202709%3Ahardenbr_crab_qcd1400_1800
INFO 2015-06-11 08:32:07,371: 	 Dashboard monitoring URL:	http://dashb-cms-job.cern.ch/dashboard/templates/task-analysis/#user=crab&refresh=0&table=Jobs&p=1&records=25&activemenu=2&status=&site=&tid=150610_202709%3Ahardenbr_crab_qcd1400_1800
INFO 2015-06-11 08:32:07,371: 	 Details:			finished       52.2% (48/92)
INFO 2015-06-11 08:32:07,371: 	 				running        44.6% (41/92)
INFO 2015-06-11 08:32:07,372: 	 				transferring    3.3% ( 3/92)
INFO 2015-06-11 08:32:07,372: 	 
No publication information (publication has been disabled in the CRAB configuration file)
DEBUG 2015-06-11 10:03:51,145: 	 Executing command: 'status'
DEBUG 2015-06-11 10:03:51,146: 	 Found CRAB cache file /afs/cern.ch/user/h/hardenbr/.crab3
DEBUG 2015-06-11 10:03:51,158: 	 Checking credentials
DEBUG 2015-06-11 10:03:51,159: 	 Found proxy file /tmp/x509up_u56682
DEBUG 2015-06-11 10:03:51,159: 	 Getting proxy life time left
DEBUG 2015-06-11 10:03:52,066: 	 Executing : 
 command : voms-proxy-info -file /tmp/x509up_u56682 -timeleft
 output : 37462

 error: 
 retcode : 0
DEBUG 2015-06-11 10:03:52,788: 	 Executing : 
 command : voms-proxy-info -file /tmp/x509up_u56682 -actimeleft
 output : 37462

 error: 
 retcode : 0
DEBUG 2015-06-11 10:03:52,788: 	 Proxy valid for 10:24:22 hours
DEBUG 2015-06-11 10:03:53,365: 	 Executing : 
 command : openssl x509 -in ~/.globus/usercert.pem -subject -noout
 output : subject= /DC=ch/DC=cern/OU=Organic Units/OU=Users/CN=hardenbr/CN=705168/CN=Joshua Robert Hardenbrook

 error: WARNING: can't open config file: /build/dmwmbld/srv/state/dmwmbld/builds/comp_gcc481/w/tmp/BUILDROOT/779a792f862039a4ebba572299ebbb36/build/dmwmbld/srv/state/dmwmbld/builds/comp_gcc481/w/slc6_amd64_gcc481/external/openssl/1.0.1m-comp/ssl/openssl.cnf

 retcode : 0
DEBUG 2015-06-11 10:03:53,365: 	 Checking credentials
DEBUG 2015-06-11 10:03:53,365: 	 Found proxy file /tmp/x509up_u56682
DEBUG 2015-06-11 10:03:53,365: 	 Getting proxy life time left
DEBUG 2015-06-11 10:03:54,076: 	 Executing : 
 command : voms-proxy-info -file /tmp/x509up_u56682 -timeleft
 output : 37461

 error: 
 retcode : 0
DEBUG 2015-06-11 10:03:54,801: 	 Executing : 
 command : voms-proxy-info -file /tmp/x509up_u56682 -actimeleft
 output : 37460

 error: 
 retcode : 0
DEBUG 2015-06-11 10:03:54,802: 	 Proxy valid for 10:24:21 hours
DEBUG 2015-06-11 10:03:55,371: 	 Registering user credentials for server /DC=ch/DC=cern/OU=computers/CN=vocms(045|052|021|031).cern.ch
DEBUG 2015-06-11 10:03:55,486: 	 Executing : 
 command : openssl x509 -in ~/.globus/usercert.pem -subject -noout
 output : subject= /DC=ch/DC=cern/OU=Organic Units/OU=Users/CN=hardenbr/CN=705168/CN=Joshua Robert Hardenbrook

 error: WARNING: can't open config file: /build/dmwmbld/srv/state/dmwmbld/builds/comp_gcc481/w/tmp/BUILDROOT/779a792f862039a4ebba572299ebbb36/build/dmwmbld/srv/state/dmwmbld/builds/comp_gcc481/w/slc6_amd64_gcc481/external/openssl/1.0.1m-comp/ssl/openssl.cnf

 retcode : 0
DEBUG 2015-06-11 10:03:55,486: 	 Getting myproxy life time left for myproxy.cern.ch
DEBUG 2015-06-11 10:03:55,486: 	 Calculating hash of /DC=ch/DC=cern/OU=Organic Units/OU=Users/CN=hardenbr/CN=705168/CN=Joshua Robert Hardenbrook_cmsweb.cern.ch for credential name
DEBUG 2015-06-11 10:03:55,703: 	 Executing : 
 command : myproxy-info -l fdbcd253c5e13180d036bb7f350ef35a4f8814ed -s myproxy.cern.ch
 output : username: fdbcd253c5e13180d036bb7f350ef35a4f8814ed
owner: /DC=ch/DC=cern/OU=Organic Units/OU=Users/CN=hardenbr/CN=705168/CN=Joshua Robert Hardenbrook
  renewal policy: /DC=ch/DC=cern/OU=computers/CN=vocms(045|052|021|031).cern.ch
  trusted retrieval policy: /DC=ch/DC=cern/OU=computers/CN=vocms(045|052|021|031).cern.ch
  timeleft: 363:06:01  (15.1 days)

 error: 
 retcode : 0
DEBUG 2015-06-11 10:03:55,705: 	 Myproxy is valid: 1307161
DEBUG 2015-06-11 10:03:55,705: 	 Command use: status
DEBUG 2015-06-11 10:03:55,705: 	 Options use: ['crab_qcd1400_1800']
DEBUG 2015-06-11 10:03:56,152: 	 CRABClient version: 3.3.1506
DEBUG 2015-06-11 10:03:56,152: 	 Instance is prod
DEBUG 2015-06-11 10:03:56,152: 	 Server base url is cmsweb.cern.ch
DEBUG 2015-06-11 10:03:56,152: 	 Command url /crabserver/prod/workflow
DEBUG 2015-06-11 10:03:56,152: 	 Looking up detailed status of task 150610_202709:hardenbr_crab_qcd1400_1800
DEBUG 2015-06-11 10:03:56,885: 	 {'status': 'SUBMITTED', 'schedd': 'crab3-4@vocms066.cern.ch', 'saveLogs': 'F', 'jobsPerStatus': {'finished': 58, 'transferring': 2, 'running': 31, 'transferred': 1}, 'jobs': {'24': {'State': 'finished'}, '25': {'State': 'finished'}, '26': {'State': 'finished'}, '27': {'State': 'finished'}, '20': {'State': 'finished'}, '21': {'State': 'finished'}, '22': {'State': 'running'}, '23': {'State': 'finished'}, '28': {'State': 'finished'}, '29': {'State': 'finished'}, '4': {'State': 'finished'}, '8': {'State': 'finished'}, '59': {'State': 'finished'}, '58': {'State': 'finished'}, '55': {'State': 'finished'}, '54': {'State': 'transferring'}, '57': {'State': 'finished'}, '56': {'State': 'finished'}, '51': {'State': 'finished'}, '50': {'State': 'finished'}, '53': {'State': 'finished'}, '52': {'State': 'finished'}, '88': {'State': 'running'}, '89': {'State': 'running'}, '82': {'State': 'running'}, '83': {'State': 'running'}, '80': {'State': 'running'}, '81': {'State': 'running'}, '86': {'State': 'running'}, '87': {'State': 'running'}, '84': {'State': 'running'}, '85': {'State': 'running'}, '3': {'State': 'finished'}, '7': {'State': 'finished'}, '39': {'State': 'finished'}, '38': {'State': 'finished'}, '33': {'State': 'finished'}, '32': {'State': 'finished'}, '31': {'State': 'finished'}, '30': {'State': 'finished'}, '37': {'State': 'finished'}, '36': {'State': 'running'}, '35': {'State': 'finished'}, '34': {'State': 'finished'}, '60': {'State': 'finished'}, '61': {'State': 'finished'}, '62': {'State': 'running'}, '63': {'State': 'running'}, '64': {'State': 'transferred'}, '65': {'State': 'running'}, '66': {'State': 'running'}, '67': {'State': 'running'}, '68': {'State': 'running'}, '69': {'State': 'running'}, '2': {'State': 'finished'}, '6': {'State': 'finished'}, '91': {'State': 'running'}, '90': {'State': 'running'}, '92': {'State': 'running'}, '11': {'State': 'finished'}, '10': {'State': 'finished'}, '13': {'State': 'finished'}, '12': {'State': 'finished'}, '15': {'State': 'finished'}, '14': {'State': 'finished'}, '17': {'State': 'finished'}, '16': {'State': 'finished'}, '19': {'State': 'finished'}, '18': {'State': 'finished'}, '48': {'State': 'finished'}, '49': {'State': 'finished'}, '46': {'State': 'transferring'}, '47': {'State': 'finished'}, '44': {'State': 'finished'}, '45': {'State': 'finished'}, '42': {'State': 'finished'}, '43': {'State': 'finished'}, '40': {'State': 'finished'}, '41': {'State': 'finished'}, '1': {'State': 'finished'}, '5': {'State': 'finished'}, '9': {'State': 'finished'}, '77': {'State': 'running'}, '76': {'State': 'running'}, '75': {'State': 'running'}, '74': {'State': 'finished'}, '73': {'State': 'running'}, '72': {'State': 'running'}, '71': {'State': 'running'}, '70': {'State': 'running'}, '79': {'State': 'running'}, '78': {'State': 'running'}}, 'publication': {'disabled': []}, 'taskWarningMsg': [], 'outdatasets': None, 'taskFailureMsg': '', 'failedJobdefs': 0, 'ASOURL': 'https://cmsweb.cern.ch/couchdb', 'pool': {}, 'totalJobdefs': 0, 'jobSetID': '150610_202709:hardenbr_crab_qcd1400_1800', 'jobdefErrors': [], 'collector': 'vocms0115.cern.ch', 'jobList': [['finished', 24], ['finished', 25], ['finished', 26], ['finished', 27], ['finished', 20], ['finished', 21], ['running', 22], ['finished', 23], ['finished', 28], ['finished', 29], ['finished', 4], ['finished', 8], ['finished', 59], ['finished', 58], ['finished', 55], ['transferring', 54], ['finished', 57], ['finished', 56], ['finished', 51], ['finished', 50], ['finished', 53], ['finished', 52], ['running', 88], ['running', 89], ['running', 82], ['running', 83], ['running', 80], ['running', 81], ['running', 86], ['running', 87], ['running', 84], ['running', 85], ['finished', 3], ['finished', 7], ['finished', 39], ['finished', 38], ['finished', 33], ['finished', 32], ['finished', 31], ['finished', 30], ['finished', 37], ['running', 36], ['finished', 35], ['finished', 34], ['finished', 60], ['finished', 61], ['running', 62], ['running', 63], ['transferred', 64], ['running', 65], ['running', 66], ['running', 67], ['running', 68], ['running', 69], ['finished', 2], ['finished', 6], ['running', 91], ['running', 90], ['running', 92], ['finished', 11], ['finished', 10], ['finished', 13], ['finished', 12], ['finished', 15], ['finished', 14], ['finished', 17], ['finished', 16], ['finished', 19], ['finished', 18], ['finished', 48], ['finished', 49], ['transferring', 46], ['finished', 47], ['finished', 44], ['finished', 45], ['finished', 42], ['finished', 43], ['finished', 40], ['finished', 41], ['finished', 1], ['finished', 5], ['finished', 9], ['running', 77], ['running', 76], ['running', 75], ['finished', 74], ['running', 73], ['running', 72], ['running', 71], ['running', 70], ['running', 79], ['running', 78]]}
INFO 2015-06-11 10:03:56,886: 	 CRAB project directory:		/afs/cern.ch/user/h/hardenbr/2014/LL_DIJET/TRACKING_STUDIES/CMSSW_7_4_4/src/DisplacedJets/TrackAnalyzer/python/CRAB3_QCD_SPRING15_5UNITS/crab_qcd1400_1800
INFO 2015-06-11 10:03:56,886: 	 Task name:			150610_202709:hardenbr_crab_qcd1400_1800
INFO 2015-06-11 10:03:56,886: 	 Task status:			SUBMITTED
INFO 2015-06-11 10:03:56,886: 	 Glidemon monitoring URL:	http://glidemon.web.cern.ch/glidemon/jobs.php?taskname=150610_202709%3Ahardenbr_crab_qcd1400_1800
INFO 2015-06-11 10:03:56,886: 	 Dashboard monitoring URL:	http://dashb-cms-job.cern.ch/dashboard/templates/task-analysis/#user=crab&refresh=0&table=Jobs&p=1&records=25&activemenu=2&status=&site=&tid=150610_202709%3Ahardenbr_crab_qcd1400_1800
INFO 2015-06-11 10:03:56,886: 	 Details:			finished       63.0% (58/92)
INFO 2015-06-11 10:03:56,886: 	 				running        33.7% (31/92)
INFO 2015-06-11 10:03:56,887: 	 				transferred     1.1% ( 1/92)
INFO 2015-06-11 10:03:56,887: 	 				transferring    2.2% ( 2/92)
INFO 2015-06-11 10:03:56,887: 	 
No publication information (publication has been disabled in the CRAB configuration file)
