DEBUG 2015-06-10 22:32:40,516: 	 Executing command: 'status'
DEBUG 2015-06-10 22:32:40,516: 	 Found CRAB cache file /afs/cern.ch/user/h/hardenbr/.crab3
DEBUG 2015-06-10 22:32:40,523: 	 Checking credentials
DEBUG 2015-06-10 22:32:40,523: 	 Found proxy file /tmp/x509up_u56682
DEBUG 2015-06-10 22:32:40,523: 	 Getting proxy life time left
DEBUG 2015-06-10 22:32:41,027: 	 Executing : 
 command : voms-proxy-info -file /tmp/x509up_u56682 -timeleft
 output : 42462

 error: 
 retcode : 0
DEBUG 2015-06-10 22:32:41,431: 	 Executing : 
 command : voms-proxy-info -file /tmp/x509up_u56682 -actimeleft
 output : 42461

 error: 
 retcode : 0
DEBUG 2015-06-10 22:32:41,432: 	 Proxy valid for 11:47:42 hours
DEBUG 2015-06-10 22:32:41,610: 	 Executing : 
 command : openssl x509 -in ~/.globus/usercert.pem -subject -noout
 output : subject= /DC=ch/DC=cern/OU=Organic Units/OU=Users/CN=hardenbr/CN=705168/CN=Joshua Robert Hardenbrook

 error: WARNING: can't open config file: /build/dmwmbld/srv/state/dmwmbld/builds/comp_gcc481/w/tmp/BUILDROOT/779a792f862039a4ebba572299ebbb36/build/dmwmbld/srv/state/dmwmbld/builds/comp_gcc481/w/slc6_amd64_gcc481/external/openssl/1.0.1m-comp/ssl/openssl.cnf

 retcode : 0
DEBUG 2015-06-10 22:32:41,610: 	 Checking credentials
DEBUG 2015-06-10 22:32:41,610: 	 Found proxy file /tmp/x509up_u56682
DEBUG 2015-06-10 22:32:41,610: 	 Getting proxy life time left
DEBUG 2015-06-10 22:32:42,115: 	 Executing : 
 command : voms-proxy-info -file /tmp/x509up_u56682 -timeleft
 output : 42460

 error: 
 retcode : 0
DEBUG 2015-06-10 22:32:42,623: 	 Executing : 
 command : voms-proxy-info -file /tmp/x509up_u56682 -actimeleft
 output : 42460

 error: 
 retcode : 0
DEBUG 2015-06-10 22:32:42,623: 	 Proxy valid for 11:47:40 hours
DEBUG 2015-06-10 22:32:43,022: 	 Registering user credentials for server /DC=ch/DC=cern/OU=computers/CN=vocms(045|052|021|031).cern.ch
DEBUG 2015-06-10 22:32:43,130: 	 Executing : 
 command : openssl x509 -in ~/.globus/usercert.pem -subject -noout
 output : subject= /DC=ch/DC=cern/OU=Organic Units/OU=Users/CN=hardenbr/CN=705168/CN=Joshua Robert Hardenbrook

 error: WARNING: can't open config file: /build/dmwmbld/srv/state/dmwmbld/builds/comp_gcc481/w/tmp/BUILDROOT/779a792f862039a4ebba572299ebbb36/build/dmwmbld/srv/state/dmwmbld/builds/comp_gcc481/w/slc6_amd64_gcc481/external/openssl/1.0.1m-comp/ssl/openssl.cnf

 retcode : 0
DEBUG 2015-06-10 22:32:43,131: 	 Getting myproxy life time left for myproxy.cern.ch
DEBUG 2015-06-10 22:32:43,131: 	 Calculating hash of /DC=ch/DC=cern/OU=Organic Units/OU=Users/CN=hardenbr/CN=705168/CN=Joshua Robert Hardenbrook_cmsweb.cern.ch for credential name
DEBUG 2015-06-10 22:32:43,534: 	 Executing : 
 command : myproxy-info -l fdbcd253c5e13180d036bb7f350ef35a4f8814ed -s myproxy.cern.ch
 output : username: fdbcd253c5e13180d036bb7f350ef35a4f8814ed
owner: /DC=ch/DC=cern/OU=Organic Units/OU=Users/CN=hardenbr/CN=705168/CN=Joshua Robert Hardenbrook
  renewal policy: /DC=ch/DC=cern/OU=computers/CN=vocms(045|052|021|031).cern.ch
  trusted retrieval policy: /DC=ch/DC=cern/OU=computers/CN=vocms(045|052|021|031).cern.ch
  timeleft: 374:37:13  (15.6 days)

 error: 
 retcode : 0
DEBUG 2015-06-10 22:32:43,536: 	 Myproxy is valid: 1348633
DEBUG 2015-06-10 22:32:43,536: 	 Command use: status
DEBUG 2015-06-10 22:32:43,536: 	 Options use: ['crab_qcd2400_3200']
DEBUG 2015-06-10 22:32:43,885: 	 CRABClient version: 3.3.1506
DEBUG 2015-06-10 22:32:43,886: 	 Instance is prod
DEBUG 2015-06-10 22:32:43,886: 	 Server base url is cmsweb.cern.ch
DEBUG 2015-06-10 22:32:43,886: 	 Command url /crabserver/prod/workflow
DEBUG 2015-06-10 22:32:43,886: 	 Looking up detailed status of task 150610_202720:hardenbr_crab_qcd2400_3200
DEBUG 2015-06-10 22:32:47,269: 	 {'status': 'QUEUED', 'schedd': 'crab3test-2@vocms095.cern.ch', 'saveLogs': 'F', 'totalJobdefs': 0, 'jobSetID': '', 'jobsPerStatus': {}, 'taskWarningMsg': [], 'taskFailureMsg': '', 'failedJobdefs': 0, 'jobdefErrors': [], 'collector': 'vocms097.cern.ch,vocms099.cern.ch', 'jobList': []}
INFO 2015-06-10 22:32:47,269: 	 CRAB project directory:		/afs/cern.ch/user/h/hardenbr/2014/LL_DIJET/TRACKING_STUDIES/CMSSW_7_4_4/src/DisplacedJets/TrackAnalyzer/python/CRAB3_QCD_SPRING15_5UNITS/crab_qcd2400_3200
INFO 2015-06-10 22:32:47,269: 	 Task name:			150610_202720:hardenbr_crab_qcd2400_3200
INFO 2015-06-10 22:32:47,269: 	 Task status:			QUEUED
INFO 2015-06-10 22:32:47,270: 	 
No jobs created yet!
DEBUG 2015-06-11 08:32:13,201: 	 Executing command: 'status'
DEBUG 2015-06-11 08:32:13,201: 	 Found CRAB cache file /afs/cern.ch/user/h/hardenbr/.crab3
DEBUG 2015-06-11 08:32:13,208: 	 Checking credentials
DEBUG 2015-06-11 08:32:13,208: 	 Found proxy file /tmp/x509up_u56682
DEBUG 2015-06-11 08:32:13,208: 	 Getting proxy life time left
DEBUG 2015-06-11 08:32:13,713: 	 Executing : 
 command : voms-proxy-info -file /tmp/x509up_u56682 -timeleft
 output : 42961

 error: 
 retcode : 0
DEBUG 2015-06-11 08:32:14,221: 	 Executing : 
 command : voms-proxy-info -file /tmp/x509up_u56682 -actimeleft
 output : 42960

 error: 
 retcode : 0
DEBUG 2015-06-11 08:32:14,222: 	 Proxy valid for 11:56:01 hours
DEBUG 2015-06-11 08:32:14,419: 	 Executing : 
 command : openssl x509 -in ~/.globus/usercert.pem -subject -noout
 output : subject= /DC=ch/DC=cern/OU=Organic Units/OU=Users/CN=hardenbr/CN=705168/CN=Joshua Robert Hardenbrook

 error: WARNING: can't open config file: /build/dmwmbld/srv/state/dmwmbld/builds/comp_gcc481/w/tmp/BUILDROOT/779a792f862039a4ebba572299ebbb36/build/dmwmbld/srv/state/dmwmbld/builds/comp_gcc481/w/slc6_amd64_gcc481/external/openssl/1.0.1m-comp/ssl/openssl.cnf

 retcode : 0
DEBUG 2015-06-11 08:32:14,419: 	 Checking credentials
DEBUG 2015-06-11 08:32:14,419: 	 Found proxy file /tmp/x509up_u56682
DEBUG 2015-06-11 08:32:14,419: 	 Getting proxy life time left
DEBUG 2015-06-11 08:32:14,826: 	 Executing : 
 command : voms-proxy-info -file /tmp/x509up_u56682 -timeleft
 output : 42960

 error: 
 retcode : 0
DEBUG 2015-06-11 08:32:15,330: 	 Executing : 
 command : voms-proxy-info -file /tmp/x509up_u56682 -actimeleft
 output : 42959

 error: 
 retcode : 0
DEBUG 2015-06-11 08:32:15,331: 	 Proxy valid for 11:56:00 hours
DEBUG 2015-06-11 08:32:15,706: 	 Registering user credentials for server /DC=ch/DC=cern/OU=computers/CN=vocms(045|052|021|031).cern.ch
DEBUG 2015-06-11 08:32:15,816: 	 Executing : 
 command : openssl x509 -in ~/.globus/usercert.pem -subject -noout
 output : subject= /DC=ch/DC=cern/OU=Organic Units/OU=Users/CN=hardenbr/CN=705168/CN=Joshua Robert Hardenbrook

 error: WARNING: can't open config file: /build/dmwmbld/srv/state/dmwmbld/builds/comp_gcc481/w/tmp/BUILDROOT/779a792f862039a4ebba572299ebbb36/build/dmwmbld/srv/state/dmwmbld/builds/comp_gcc481/w/slc6_amd64_gcc481/external/openssl/1.0.1m-comp/ssl/openssl.cnf

 retcode : 0
DEBUG 2015-06-11 08:32:15,817: 	 Getting myproxy life time left for myproxy.cern.ch
DEBUG 2015-06-11 08:32:15,817: 	 Calculating hash of /DC=ch/DC=cern/OU=Organic Units/OU=Users/CN=hardenbr/CN=705168/CN=Joshua Robert Hardenbrook_cmsweb.cern.ch for credential name
DEBUG 2015-06-11 08:32:16,022: 	 Executing : 
 command : myproxy-info -l fdbcd253c5e13180d036bb7f350ef35a4f8814ed -s myproxy.cern.ch
 output : username: fdbcd253c5e13180d036bb7f350ef35a4f8814ed
owner: /DC=ch/DC=cern/OU=Organic Units/OU=Users/CN=hardenbr/CN=705168/CN=Joshua Robert Hardenbrook
  renewal policy: /DC=ch/DC=cern/OU=computers/CN=vocms(045|052|021|031).cern.ch
  trusted retrieval policy: /DC=ch/DC=cern/OU=computers/CN=vocms(045|052|021|031).cern.ch
  timeleft: 364:37:41  (15.2 days)

 error: 
 retcode : 0
DEBUG 2015-06-11 08:32:16,023: 	 Myproxy is valid: 1312661
DEBUG 2015-06-11 08:32:16,023: 	 Command use: status
DEBUG 2015-06-11 08:32:16,023: 	 Options use: ['crab_qcd2400_3200']
DEBUG 2015-06-11 08:32:16,446: 	 CRABClient version: 3.3.1506
DEBUG 2015-06-11 08:32:16,446: 	 Instance is prod
DEBUG 2015-06-11 08:32:16,446: 	 Server base url is cmsweb.cern.ch
DEBUG 2015-06-11 08:32:16,446: 	 Command url /crabserver/prod/workflow
DEBUG 2015-06-11 08:32:16,446: 	 Looking up detailed status of task 150610_202720:hardenbr_crab_qcd2400_3200
DEBUG 2015-06-11 08:32:18,480: 	 {'status': 'SUBMITTED', 'schedd': 'crab3test-2@vocms095.cern.ch', 'saveLogs': 'F', 'jobsPerStatus': {'finished': 85, 'transferring': 8, 'running': 9}, 'jobs': {'24': {'State': 'finished'}, '25': {'State': 'finished'}, '26': {'State': 'finished'}, '27': {'State': 'finished'}, '20': {'State': 'finished'}, '21': {'State': 'finished'}, '22': {'State': 'finished'}, '23': {'State': 'finished'}, '28': {'State': 'finished'}, '29': {'State': 'finished'}, '4': {'State': 'finished'}, '8': {'State': 'finished'}, '59': {'State': 'finished'}, '58': {'State': 'running'}, '55': {'State': 'finished'}, '54': {'State': 'finished'}, '57': {'State': 'running'}, '56': {'State': 'finished'}, '51': {'State': 'finished'}, '50': {'State': 'finished'}, '53': {'State': 'running'}, '52': {'State': 'finished'}, '88': {'State': 'finished'}, '89': {'State': 'finished'}, '82': {'State': 'finished'}, '83': {'State': 'finished'}, '80': {'State': 'transferring'}, '81': {'State': 'finished'}, '86': {'State': 'finished'}, '87': {'State': 'finished'}, '84': {'State': 'finished'}, '85': {'State': 'finished'}, '3': {'State': 'finished'}, '7': {'State': 'finished'}, '102': {'State': 'running'}, '100': {'State': 'transferring'}, '101': {'State': 'running'}, '39': {'State': 'finished'}, '38': {'State': 'finished'}, '33': {'State': 'finished'}, '32': {'State': 'finished'}, '31': {'State': 'finished'}, '30': {'State': 'finished'}, '37': {'State': 'transferring'}, '36': {'State': 'finished'}, '35': {'State': 'finished'}, '34': {'State': 'finished'}, '60': {'State': 'finished'}, '61': {'State': 'finished'}, '62': {'State': 'finished'}, '63': {'State': 'finished'}, '64': {'State': 'transferring'}, '65': {'State': 'running'}, '66': {'State': 'finished'}, '67': {'State': 'finished'}, '68': {'State': 'transferring'}, '69': {'State': 'finished'}, '2': {'State': 'finished'}, '6': {'State': 'finished'}, '99': {'State': 'finished'}, '98': {'State': 'finished'}, '91': {'State': 'finished'}, '90': {'State': 'transferring'}, '93': {'State': 'finished'}, '92': {'State': 'finished'}, '95': {'State': 'finished'}, '94': {'State': 'finished'}, '97': {'State': 'running'}, '96': {'State': 'finished'}, '11': {'State': 'finished'}, '10': {'State': 'finished'}, '13': {'State': 'finished'}, '12': {'State': 'finished'}, '15': {'State': 'finished'}, '14': {'State': 'finished'}, '17': {'State': 'finished'}, '16': {'State': 'finished'}, '19': {'State': 'finished'}, '18': {'State': 'finished'}, '48': {'State': 'finished'}, '49': {'State': 'finished'}, '46': {'State': 'finished'}, '47': {'State': 'finished'}, '44': {'State': 'finished'}, '45': {'State': 'finished'}, '42': {'State': 'transferring'}, '43': {'State': 'finished'}, '40': {'State': 'transferring'}, '41': {'State': 'finished'}, '1': {'State': 'finished'}, '5': {'State': 'running'}, '9': {'State': 'finished'}, '77': {'State': 'finished'}, '76': {'State': 'finished'}, '75': {'State': 'finished'}, '74': {'State': 'finished'}, '73': {'State': 'finished'}, '72': {'State': 'finished'}, '71': {'State': 'finished'}, '70': {'State': 'running'}, '79': {'State': 'finished'}, '78': {'State': 'finished'}}, 'publication': {'disabled': []}, 'taskWarningMsg': [], 'outdatasets': None, 'taskFailureMsg': '', 'failedJobdefs': 0, 'ASOURL': 'https://cmsweb.cern.ch/couchdb', 'pool': {}, 'totalJobdefs': 0, 'jobSetID': '150610_202720:hardenbr_crab_qcd2400_3200', 'jobdefErrors': [], 'collector': 'vocms097.cern.ch,vocms099.cern.ch', 'jobList': [['finished', 24], ['finished', 25], ['finished', 26], ['finished', 27], ['finished', 20], ['finished', 21], ['finished', 22], ['finished', 23], ['finished', 28], ['finished', 29], ['finished', 4], ['finished', 8], ['finished', 59], ['running', 58], ['finished', 55], ['finished', 54], ['running', 57], ['finished', 56], ['finished', 51], ['finished', 50], ['running', 53], ['finished', 52], ['finished', 88], ['finished', 89], ['finished', 82], ['finished', 83], ['transferring', 80], ['finished', 81], ['finished', 86], ['finished', 87], ['finished', 84], ['finished', 85], ['finished', 3], ['finished', 7], ['running', 102], ['transferring', 100], ['running', 101], ['finished', 39], ['finished', 38], ['finished', 33], ['finished', 32], ['finished', 31], ['finished', 30], ['transferring', 37], ['finished', 36], ['finished', 35], ['finished', 34], ['finished', 60], ['finished', 61], ['finished', 62], ['finished', 63], ['transferring', 64], ['running', 65], ['finished', 66], ['finished', 67], ['transferring', 68], ['finished', 69], ['finished', 2], ['finished', 6], ['finished', 99], ['finished', 98], ['finished', 91], ['transferring', 90], ['finished', 93], ['finished', 92], ['finished', 95], ['finished', 94], ['running', 97], ['finished', 96], ['finished', 11], ['finished', 10], ['finished', 13], ['finished', 12], ['finished', 15], ['finished', 14], ['finished', 17], ['finished', 16], ['finished', 19], ['finished', 18], ['finished', 48], ['finished', 49], ['finished', 46], ['finished', 47], ['finished', 44], ['finished', 45], ['transferring', 42], ['finished', 43], ['transferring', 40], ['finished', 41], ['finished', 1], ['running', 5], ['finished', 9], ['finished', 77], ['finished', 76], ['finished', 75], ['finished', 74], ['finished', 73], ['finished', 72], ['finished', 71], ['running', 70], ['finished', 79], ['finished', 78]]}
INFO 2015-06-11 08:32:18,480: 	 CRAB project directory:		/afs/cern.ch/user/h/hardenbr/2014/LL_DIJET/TRACKING_STUDIES/CMSSW_7_4_4/src/DisplacedJets/TrackAnalyzer/python/CRAB3_QCD_SPRING15_5UNITS/crab_qcd2400_3200
INFO 2015-06-11 08:32:18,481: 	 Task name:			150610_202720:hardenbr_crab_qcd2400_3200
INFO 2015-06-11 08:32:18,485: 	 Task status:			SUBMITTED
INFO 2015-06-11 08:32:18,486: 	 Glidemon monitoring URL:	http://glidemon.web.cern.ch/glidemon/jobs.php?taskname=150610_202720%3Ahardenbr_crab_qcd2400_3200
INFO 2015-06-11 08:32:18,486: 	 Dashboard monitoring URL:	http://dashb-cms-job.cern.ch/dashboard/templates/task-analysis/#user=crab&refresh=0&table=Jobs&p=1&records=25&activemenu=2&status=&site=&tid=150610_202720%3Ahardenbr_crab_qcd2400_3200
INFO 2015-06-11 08:32:18,486: 	 Details:			finished       83.3% ( 85/102)
INFO 2015-06-11 08:32:18,486: 	 				running         8.8% (  9/102)
INFO 2015-06-11 08:32:18,486: 	 				transferring    7.8% (  8/102)
INFO 2015-06-11 08:32:18,486: 	 
No publication information (publication has been disabled in the CRAB configuration file)
DEBUG 2015-06-11 10:04:04,107: 	 Executing command: 'status'
DEBUG 2015-06-11 10:04:04,108: 	 Found CRAB cache file /afs/cern.ch/user/h/hardenbr/.crab3
DEBUG 2015-06-11 10:04:04,115: 	 Checking credentials
DEBUG 2015-06-11 10:04:04,116: 	 Found proxy file /tmp/x509up_u56682
DEBUG 2015-06-11 10:04:04,116: 	 Getting proxy life time left
DEBUG 2015-06-11 10:04:04,727: 	 Executing : 
 command : voms-proxy-info -file /tmp/x509up_u56682 -timeleft
 output : 37450

 error: 
 retcode : 0
DEBUG 2015-06-11 10:04:05,436: 	 Executing : 
 command : voms-proxy-info -file /tmp/x509up_u56682 -actimeleft
 output : 37449

 error: 
 retcode : 0
DEBUG 2015-06-11 10:04:05,436: 	 Proxy valid for 10:24:10 hours
DEBUG 2015-06-11 10:04:05,646: 	 Executing : 
 command : openssl x509 -in ~/.globus/usercert.pem -subject -noout
 output : subject= /DC=ch/DC=cern/OU=Organic Units/OU=Users/CN=hardenbr/CN=705168/CN=Joshua Robert Hardenbrook

 error: WARNING: can't open config file: /build/dmwmbld/srv/state/dmwmbld/builds/comp_gcc481/w/tmp/BUILDROOT/779a792f862039a4ebba572299ebbb36/build/dmwmbld/srv/state/dmwmbld/builds/comp_gcc481/w/slc6_amd64_gcc481/external/openssl/1.0.1m-comp/ssl/openssl.cnf

 retcode : 0
DEBUG 2015-06-11 10:04:05,647: 	 Checking credentials
DEBUG 2015-06-11 10:04:05,647: 	 Found proxy file /tmp/x509up_u56682
DEBUG 2015-06-11 10:04:05,647: 	 Getting proxy life time left
DEBUG 2015-06-11 10:04:06,260: 	 Executing : 
 command : voms-proxy-info -file /tmp/x509up_u56682 -timeleft
 output : 37448

 error: 
 retcode : 0
DEBUG 2015-06-11 10:04:07,076: 	 Executing : 
 command : voms-proxy-info -file /tmp/x509up_u56682 -actimeleft
 output : 37448

 error: 
 retcode : 0
DEBUG 2015-06-11 10:04:07,076: 	 Proxy valid for 10:24:08 hours
DEBUG 2015-06-11 10:04:07,527: 	 Registering user credentials for server /DC=ch/DC=cern/OU=computers/CN=vocms(045|052|021|031).cern.ch
DEBUG 2015-06-11 10:04:07,646: 	 Executing : 
 command : openssl x509 -in ~/.globus/usercert.pem -subject -noout
 output : subject= /DC=ch/DC=cern/OU=Organic Units/OU=Users/CN=hardenbr/CN=705168/CN=Joshua Robert Hardenbrook

 error: WARNING: can't open config file: /build/dmwmbld/srv/state/dmwmbld/builds/comp_gcc481/w/tmp/BUILDROOT/779a792f862039a4ebba572299ebbb36/build/dmwmbld/srv/state/dmwmbld/builds/comp_gcc481/w/slc6_amd64_gcc481/external/openssl/1.0.1m-comp/ssl/openssl.cnf

 retcode : 0
DEBUG 2015-06-11 10:04:07,646: 	 Getting myproxy life time left for myproxy.cern.ch
DEBUG 2015-06-11 10:04:07,646: 	 Calculating hash of /DC=ch/DC=cern/OU=Organic Units/OU=Users/CN=hardenbr/CN=705168/CN=Joshua Robert Hardenbrook_cmsweb.cern.ch for credential name
DEBUG 2015-06-11 10:04:08,053: 	 Executing : 
 command : myproxy-info -l fdbcd253c5e13180d036bb7f350ef35a4f8814ed -s myproxy.cern.ch
 output : username: fdbcd253c5e13180d036bb7f350ef35a4f8814ed
owner: /DC=ch/DC=cern/OU=Organic Units/OU=Users/CN=hardenbr/CN=705168/CN=Joshua Robert Hardenbrook
  renewal policy: /DC=ch/DC=cern/OU=computers/CN=vocms(045|052|021|031).cern.ch
  trusted retrieval policy: /DC=ch/DC=cern/OU=computers/CN=vocms(045|052|021|031).cern.ch
  timeleft: 363:05:49  (15.1 days)

 error: 
 retcode : 0
DEBUG 2015-06-11 10:04:08,055: 	 Myproxy is valid: 1307149
DEBUG 2015-06-11 10:04:08,055: 	 Command use: status
DEBUG 2015-06-11 10:04:08,055: 	 Options use: ['crab_qcd2400_3200']
DEBUG 2015-06-11 10:04:08,509: 	 CRABClient version: 3.3.1506
DEBUG 2015-06-11 10:04:08,509: 	 Instance is prod
DEBUG 2015-06-11 10:04:08,509: 	 Server base url is cmsweb.cern.ch
DEBUG 2015-06-11 10:04:08,510: 	 Command url /crabserver/prod/workflow
DEBUG 2015-06-11 10:04:08,510: 	 Looking up detailed status of task 150610_202720:hardenbr_crab_qcd2400_3200
DEBUG 2015-06-11 10:04:10,394: 	 {'status': 'SUBMITTED', 'schedd': 'crab3test-2@vocms095.cern.ch', 'saveLogs': 'F', 'jobsPerStatus': {'failed': 2, 'finished': 95, 'transferring': 2, 'running': 3}, 'jobs': {'24': {'State': 'finished'}, '25': {'State': 'finished'}, '26': {'State': 'finished'}, '27': {'State': 'finished'}, '20': {'State': 'finished'}, '21': {'State': 'finished'}, '22': {'State': 'finished'}, '23': {'State': 'finished'}, '28': {'State': 'finished'}, '29': {'State': 'finished'}, '4': {'State': 'finished'}, '8': {'State': 'finished'}, '59': {'State': 'finished'}, '58': {'State': 'running'}, '55': {'State': 'finished'}, '54': {'State': 'finished'}, '57': {'State': 'finished'}, '56': {'State': 'finished'}, '51': {'State': 'finished'}, '50': {'State': 'finished'}, '53': {'State': 'failed', 'Error': [8028, "CmsRunFailure\nCMSSW error message follows.\nFatal Exception\nAn exception of category 'FallbackFileOpenError' occurred while\n   [0] Calling InputSource::readFile_\n   [1] Calling RootInputFileSequence::initFile()\n   [2] Calling StorageFactory::open()\n   [3] Calling XrdFile::open()\nException Message:\nFailed to open the file 'root://xrootd-cms.infn.it:1194//store/mc/Spring14dr/QCD_Pt-2400to3200_Tune4C_13TeV_pythia8/AODSIM/PU20bx25_POSTLS170_V5-v1/00000/42A52F96-CD0D-E411-B43F-002590DB9278.root'\n   Additional Info:\n      [a] open() failed with system error 'No such file or directory' (error code 2)\n      [b] Input file file:/lustre/cms//store/mc/Spring14dr/QCD_Pt-2400to3200_Tune4C_13TeV_pythia8/AODSIM/PU20bx25_POSTLS170_V5-v1/00000/42A52F96-CD0D-E411-B43F-002590DB9278.root could not be opened.\nFallback Input file root://xrootd-cms.infn.it:1194//store/mc/Spring14dr/QCD_Pt-2400to3200_Tune4C_13TeV_pythia8/AODSIM/PU20bx25_POSTLS170_V5-v1/00000/42A52F96-CD0D-E411-B43F-002590DB9278.root also could not be opened.\nOriginal exception info is above; fallback exception info is below.\n      [c] XrdCl::File::Open(name='root://xrootd-cms.infn.it:1194//store/mc/Spring14dr/QCD_Pt-2400to3200_Tune4C_13TeV_pythia8/AODSIM/PU20bx25_POSTLS170_V5-v1/00000/42A52F96-CD0D-E411-B43F-002590DB9278.root', flags=0x10, permissions=0660) => error '[ERROR] Server responded with an error: [3011] No servers are available to read the file.131]:1094 Mw[::131.225.204.174]:1094 Mw[::90.147.66.75]:1094 Mw[::193.205.76.83]:1094 Mw[::188.184.65.189]:1094\n' (errno=3011, code=400). No additional data servers were found.\n      [d] Last URL tried: root://cms-xrd-global.cern.ch:1094//store/mc/Spring14dr/QCD_Pt-2400to3200_Tune4C_13TeV_pythia8/AODSIM/PU20bx25_POSTLS170_V5-v1/00000/42A52F96-CD0D-E411-B43F-002590DB9278.root?tried=+1213llrxrd-redir.in2p3.fr\n      [e] Problematic data server: cms-xrd-global.cern.ch:1094\n      [f] Disabled source: cms-xrd-global.cern.ch:1094\n", {'type': 'Fatal Exception', 'details': "An exception of category 'FallbackFileOpenError' occurred while\n   [0] Calling InputSource::readFile_\n   [1] Calling RootInputFileSequence::initFile()\n   [2] Calling StorageFactory::open()\n   [3] Calling XrdFile::open()\nException Message:\nFailed to open the file 'root://xrootd-cms.infn.it:1194//store/mc/Spring14dr/QCD_Pt-2400to3200_Tune4C_13TeV_pythia8/AODSIM/PU20bx25_POSTLS170_V5-v1/00000/42A52F96-CD0D-E411-B43F-002590DB9278.root'\n   Additional Info:\n      [a] open() failed with system error 'No such file or directory' (error code 2)\n      [b] Input file file:/lustre/cms//store/mc/Spring14dr/QCD_Pt-2400to3200_Tune4C_13TeV_pythia8/AODSIM/PU20bx25_POSTLS170_V5-v1/00000/42A52F96-CD0D-E411-B43F-002590DB9278.root could not be opened.\nFallback Input file root://xrootd-cms.infn.it:1194//store/mc/Spring14dr/QCD_Pt-2400to3200_Tune4C_13TeV_pythia8/AODSIM/PU20bx25_POSTLS170_V5-v1/00000/42A52F96-CD0D-E411-B43F-002590DB9278.root also could not be opened.\nOriginal exception info is above; fallback exception info is below.\n      [c] XrdCl::File::Open(name='root://xrootd-cms.infn.it:1194//store/mc/Spring14dr/QCD_Pt-2400to3200_Tune4C_13TeV_pythia8/AODSIM/PU20bx25_POSTLS170_V5-v1/00000/42A52F96-CD0D-E411-B43F-002590DB9278.root', flags=0x10, permissions=0660) => error '[ERROR] Server responded with an error: [3011] No servers are available to read the file.131]:1094 Mw[::131.225.204.174]:1094 Mw[::90.147.66.75]:1094 Mw[::193.205.76.83]:1094 Mw[::188.184.65.189]:1094\n' (errno=3011, code=400). No additional data servers were found.\n      [d] Last URL tried: root://cms-xrd-global.cern.ch:1094//store/mc/Spring14dr/QCD_Pt-2400to3200_Tune4C_13TeV_pythia8/AODSIM/PU20bx25_POSTLS170_V5-v1/00000/42A52F96-CD0D-E411-B43F-002590DB9278.root?tried=+1213llrxrd-redir.in2p3.fr\n      [e] Problematic data server: cms-xrd-global.cern.ch:1094\n      [f] Disabled source: cms-xrd-global.cern.ch:1094", 'exitCode': '8028'}]}, '52': {'State': 'finished'}, '88': {'State': 'finished'}, '89': {'State': 'finished'}, '82': {'State': 'finished'}, '83': {'State': 'finished'}, '80': {'State': 'finished'}, '81': {'State': 'finished'}, '86': {'State': 'finished'}, '87': {'State': 'finished'}, '84': {'State': 'finished'}, '85': {'State': 'finished'}, '3': {'State': 'finished'}, '7': {'State': 'finished'}, '102': {'State': 'running'}, '100': {'State': 'finished'}, '101': {'State': 'finished'}, '39': {'State': 'finished'}, '38': {'State': 'finished'}, '33': {'State': 'finished'}, '32': {'State': 'finished'}, '31': {'State': 'finished'}, '30': {'State': 'finished'}, '37': {'State': 'transferring'}, '36': {'State': 'finished'}, '35': {'State': 'finished'}, '34': {'State': 'finished'}, '60': {'State': 'finished'}, '61': {'State': 'finished'}, '62': {'State': 'finished'}, '63': {'State': 'finished'}, '64': {'State': 'finished'}, '65': {'State': 'running'}, '66': {'State': 'finished'}, '67': {'State': 'finished'}, '68': {'State': 'transferring'}, '69': {'State': 'finished'}, '2': {'State': 'finished'}, '6': {'State': 'finished'}, '99': {'State': 'finished'}, '98': {'State': 'finished'}, '91': {'State': 'finished'}, '90': {'State': 'finished'}, '93': {'State': 'finished'}, '92': {'State': 'finished'}, '95': {'State': 'finished'}, '94': {'State': 'finished'}, '97': {'State': 'finished'}, '96': {'State': 'finished'}, '11': {'State': 'finished'}, '10': {'State': 'finished'}, '13': {'State': 'finished'}, '12': {'State': 'finished'}, '15': {'State': 'finished'}, '14': {'State': 'finished'}, '17': {'State': 'finished'}, '16': {'State': 'finished'}, '19': {'State': 'finished'}, '18': {'State': 'finished'}, '48': {'State': 'finished'}, '49': {'State': 'finished'}, '46': {'State': 'finished'}, '47': {'State': 'finished'}, '44': {'State': 'finished'}, '45': {'State': 'finished'}, '42': {'State': 'finished'}, '43': {'State': 'finished'}, '40': {'State': 'finished'}, '41': {'State': 'finished'}, '1': {'State': 'finished'}, '5': {'State': 'failed', 'Error': [8028, "CmsRunFailure\nCMSSW error message follows.\nFatal Exception\nAn exception of category 'FallbackFileOpenError' occurred while\n   [0] Calling InputSource::readFile_\n   [1] Calling RootInputFileSequence::initFile()\n   [2] Calling StorageFactory::open()\n   [3] Calling XrdFile::open()\nException Message:\nFailed to open the file 'root://xrootd-cms.infn.it:1194//store/mc/Spring14dr/QCD_Pt-2400to3200_Tune4C_13TeV_pythia8/AODSIM/PU20bx25_POSTLS170_V5-v1/00000/7A95D54C-990D-E411-BCEE-002590DB927A.root'\n   Additional Info:\n      [a] open() failed with system error 'No such file or directory' (error code 2)\n      [b] Input file file:/lustre/cms//store/mc/Spring14dr/QCD_Pt-2400to3200_Tune4C_13TeV_pythia8/AODSIM/PU20bx25_POSTLS170_V5-v1/00000/7A95D54C-990D-E411-BCEE-002590DB927A.root could not be opened.\nFallback Input file root://xrootd-cms.infn.it:1194//store/mc/Spring14dr/QCD_Pt-2400to3200_Tune4C_13TeV_pythia8/AODSIM/PU20bx25_POSTLS170_V5-v1/00000/7A95D54C-990D-E411-BCEE-002590DB927A.root also could not be opened.\nOriginal exception info is above; fallback exception info is below.\n      [c] XrdCl::File::Open(name='root://xrootd-cms.infn.it:1194//store/mc/Spring14dr/QCD_Pt-2400to3200_Tune4C_13TeV_pythia8/AODSIM/PU20bx25_POSTLS170_V5-v1/00000/7A95D54C-990D-E411-BCEE-002590DB927A.root', flags=0x10, permissions=0660) => error '[ERROR] Server responded with an error: [3011] No servers are available to read the file.131]:1094 Mw[::131.225.204.174]:1094 Mw[::90.147.66.75]:1094 Mw[::193.205.76.83]:1094 Mw[::188.184.65.189]:1094\n' (errno=3011, code=400). No additional data servers were found.\n      [d] Last URL tried: root://cms-xrd-global.cern.ch:1094//store/mc/Spring14dr/QCD_Pt-2400to3200_Tune4C_13TeV_pythia8/AODSIM/PU20bx25_POSTLS170_V5-v1/00000/7A95D54C-990D-E411-BCEE-002590DB927A.root?tried=+1213xrootd-redic.pi.infn.it\n      [e] Problematic data server: cms-xrd-global.cern.ch:1094\n      [f] Disabled source: cms-xrd-global.cern.ch:1094\n", {'type': 'Fatal Exception', 'details': "An exception of category 'FallbackFileOpenError' occurred while\n   [0] Calling InputSource::readFile_\n   [1] Calling RootInputFileSequence::initFile()\n   [2] Calling StorageFactory::open()\n   [3] Calling XrdFile::open()\nException Message:\nFailed to open the file 'root://xrootd-cms.infn.it:1194//store/mc/Spring14dr/QCD_Pt-2400to3200_Tune4C_13TeV_pythia8/AODSIM/PU20bx25_POSTLS170_V5-v1/00000/7A95D54C-990D-E411-BCEE-002590DB927A.root'\n   Additional Info:\n      [a] open() failed with system error 'No such file or directory' (error code 2)\n      [b] Input file file:/lustre/cms//store/mc/Spring14dr/QCD_Pt-2400to3200_Tune4C_13TeV_pythia8/AODSIM/PU20bx25_POSTLS170_V5-v1/00000/7A95D54C-990D-E411-BCEE-002590DB927A.root could not be opened.\nFallback Input file root://xrootd-cms.infn.it:1194//store/mc/Spring14dr/QCD_Pt-2400to3200_Tune4C_13TeV_pythia8/AODSIM/PU20bx25_POSTLS170_V5-v1/00000/7A95D54C-990D-E411-BCEE-002590DB927A.root also could not be opened.\nOriginal exception info is above; fallback exception info is below.\n      [c] XrdCl::File::Open(name='root://xrootd-cms.infn.it:1194//store/mc/Spring14dr/QCD_Pt-2400to3200_Tune4C_13TeV_pythia8/AODSIM/PU20bx25_POSTLS170_V5-v1/00000/7A95D54C-990D-E411-BCEE-002590DB927A.root', flags=0x10, permissions=0660) => error '[ERROR] Server responded with an error: [3011] No servers are available to read the file.131]:1094 Mw[::131.225.204.174]:1094 Mw[::90.147.66.75]:1094 Mw[::193.205.76.83]:1094 Mw[::188.184.65.189]:1094\n' (errno=3011, code=400). No additional data servers were found.\n      [d] Last URL tried: root://cms-xrd-global.cern.ch:1094//store/mc/Spring14dr/QCD_Pt-2400to3200_Tune4C_13TeV_pythia8/AODSIM/PU20bx25_POSTLS170_V5-v1/00000/7A95D54C-990D-E411-BCEE-002590DB927A.root?tried=+1213xrootd-redic.pi.infn.it\n      [e] Problematic data server: cms-xrd-global.cern.ch:1094\n      [f] Disabled source: cms-xrd-global.cern.ch:1094", 'exitCode': '8028'}]}, '9': {'State': 'finished'}, '77': {'State': 'finished'}, '76': {'State': 'finished'}, '75': {'State': 'finished'}, '74': {'State': 'finished'}, '73': {'State': 'finished'}, '72': {'State': 'finished'}, '71': {'State': 'finished'}, '70': {'State': 'finished'}, '79': {'State': 'finished'}, '78': {'State': 'finished'}}, 'publication': {'disabled': []}, 'taskWarningMsg': [], 'outdatasets': None, 'taskFailureMsg': '', 'failedJobdefs': 0, 'ASOURL': 'https://cmsweb.cern.ch/couchdb', 'pool': {}, 'totalJobdefs': 0, 'jobSetID': '150610_202720:hardenbr_crab_qcd2400_3200', 'jobdefErrors': [], 'collector': 'vocms097.cern.ch,vocms099.cern.ch', 'jobList': [['finished', 24], ['finished', 25], ['finished', 26], ['finished', 27], ['finished', 20], ['finished', 21], ['finished', 22], ['finished', 23], ['finished', 28], ['finished', 29], ['finished', 4], ['finished', 8], ['finished', 59], ['running', 58], ['finished', 55], ['finished', 54], ['finished', 57], ['finished', 56], ['finished', 51], ['finished', 50], ['failed', 53], ['finished', 52], ['finished', 88], ['finished', 89], ['finished', 82], ['finished', 83], ['finished', 80], ['finished', 81], ['finished', 86], ['finished', 87], ['finished', 84], ['finished', 85], ['finished', 3], ['finished', 7], ['running', 102], ['finished', 100], ['finished', 101], ['finished', 39], ['finished', 38], ['finished', 33], ['finished', 32], ['finished', 31], ['finished', 30], ['transferring', 37], ['finished', 36], ['finished', 35], ['finished', 34], ['finished', 60], ['finished', 61], ['finished', 62], ['finished', 63], ['finished', 64], ['running', 65], ['finished', 66], ['finished', 67], ['transferring', 68], ['finished', 69], ['finished', 2], ['finished', 6], ['finished', 99], ['finished', 98], ['finished', 91], ['finished', 90], ['finished', 93], ['finished', 92], ['finished', 95], ['finished', 94], ['finished', 97], ['finished', 96], ['finished', 11], ['finished', 10], ['finished', 13], ['finished', 12], ['finished', 15], ['finished', 14], ['finished', 17], ['finished', 16], ['finished', 19], ['finished', 18], ['finished', 48], ['finished', 49], ['finished', 46], ['finished', 47], ['finished', 44], ['finished', 45], ['finished', 42], ['finished', 43], ['finished', 40], ['finished', 41], ['finished', 1], ['failed', 5], ['finished', 9], ['finished', 77], ['finished', 76], ['finished', 75], ['finished', 74], ['finished', 73], ['finished', 72], ['finished', 71], ['finished', 70], ['finished', 79], ['finished', 78]]}
INFO 2015-06-11 10:04:10,394: 	 CRAB project directory:		/afs/cern.ch/user/h/hardenbr/2014/LL_DIJET/TRACKING_STUDIES/CMSSW_7_4_4/src/DisplacedJets/TrackAnalyzer/python/CRAB3_QCD_SPRING15_5UNITS/crab_qcd2400_3200
INFO 2015-06-11 10:04:10,394: 	 Task name:			150610_202720:hardenbr_crab_qcd2400_3200
INFO 2015-06-11 10:04:10,394: 	 Task status:			SUBMITTED
INFO 2015-06-11 10:04:10,394: 	 Glidemon monitoring URL:	http://glidemon.web.cern.ch/glidemon/jobs.php?taskname=150610_202720%3Ahardenbr_crab_qcd2400_3200
INFO 2015-06-11 10:04:10,395: 	 Dashboard monitoring URL:	http://dashb-cms-job.cern.ch/dashboard/templates/task-analysis/#user=crab&refresh=0&table=Jobs&p=1&records=25&activemenu=2&status=&site=&tid=150610_202720%3Ahardenbr_crab_qcd2400_3200
INFO 2015-06-11 10:04:10,395: 	 Details:			failed          2.0% (  2/102)
INFO 2015-06-11 10:04:10,395: 	 				finished       93.1% ( 95/102)
INFO 2015-06-11 10:04:10,396: 	 				running         2.9% (  3/102)
INFO 2015-06-11 10:04:10,396: 	 				transferring    2.0% (  2/102)
INFO 2015-06-11 10:04:10,396: 	 
No publication information (publication has been disabled in the CRAB configuration file)
INFO 2015-06-11 10:04:10,396: 	 
Error Summary: (use --verboseErrors for details about the errors)

  2 jobs failed with exit code 8028

Have a look at https://twiki.cern.ch/twiki/bin/viewauth/CMSPublic/JobExitCodes for a description of the exit codes.
