DEBUG 2015-06-10 22:32:22,030: 	 Executing command: 'status'
DEBUG 2015-06-10 22:32:22,031: 	 Found CRAB cache file /afs/cern.ch/user/h/hardenbr/.crab3
DEBUG 2015-06-10 22:32:22,037: 	 Checking credentials
DEBUG 2015-06-10 22:32:22,037: 	 Found proxy file /tmp/x509up_u56682
DEBUG 2015-06-10 22:32:22,037: 	 Getting proxy life time left
DEBUG 2015-06-10 22:32:22,440: 	 Executing : 
 command : voms-proxy-info -file /tmp/x509up_u56682 -timeleft
 output : 42480

 error: 
 retcode : 0
DEBUG 2015-06-10 22:32:22,846: 	 Executing : 
 command : voms-proxy-info -file /tmp/x509up_u56682 -actimeleft
 output : 42480

 error: 
 retcode : 0
DEBUG 2015-06-10 22:32:22,846: 	 Proxy valid for 11:48:00 hours
DEBUG 2015-06-10 22:32:22,976: 	 Executing : 
 command : openssl x509 -in ~/.globus/usercert.pem -subject -noout
 output : subject= /DC=ch/DC=cern/OU=Organic Units/OU=Users/CN=hardenbr/CN=705168/CN=Joshua Robert Hardenbrook

 error: WARNING: can't open config file: /build/dmwmbld/srv/state/dmwmbld/builds/comp_gcc481/w/tmp/BUILDROOT/779a792f862039a4ebba572299ebbb36/build/dmwmbld/srv/state/dmwmbld/builds/comp_gcc481/w/slc6_amd64_gcc481/external/openssl/1.0.1m-comp/ssl/openssl.cnf

 retcode : 0
DEBUG 2015-06-10 22:32:22,976: 	 Checking credentials
DEBUG 2015-06-10 22:32:22,976: 	 Found proxy file /tmp/x509up_u56682
DEBUG 2015-06-10 22:32:22,976: 	 Getting proxy life time left
DEBUG 2015-06-10 22:32:23,481: 	 Executing : 
 command : voms-proxy-info -file /tmp/x509up_u56682 -timeleft
 output : 42479

 error: 
 retcode : 0
DEBUG 2015-06-10 22:32:23,885: 	 Executing : 
 command : voms-proxy-info -file /tmp/x509up_u56682 -actimeleft
 output : 42479

 error: 
 retcode : 0
DEBUG 2015-06-10 22:32:23,885: 	 Proxy valid for 11:47:59 hours
DEBUG 2015-06-10 22:32:24,307: 	 Registering user credentials for server /DC=ch/DC=cern/OU=computers/CN=vocms(045|052|021|031).cern.ch
DEBUG 2015-06-10 22:32:24,416: 	 Executing : 
 command : openssl x509 -in ~/.globus/usercert.pem -subject -noout
 output : subject= /DC=ch/DC=cern/OU=Organic Units/OU=Users/CN=hardenbr/CN=705168/CN=Joshua Robert Hardenbrook

 error: WARNING: can't open config file: /build/dmwmbld/srv/state/dmwmbld/builds/comp_gcc481/w/tmp/BUILDROOT/779a792f862039a4ebba572299ebbb36/build/dmwmbld/srv/state/dmwmbld/builds/comp_gcc481/w/slc6_amd64_gcc481/external/openssl/1.0.1m-comp/ssl/openssl.cnf

 retcode : 0
DEBUG 2015-06-10 22:32:24,416: 	 Getting myproxy life time left for myproxy.cern.ch
DEBUG 2015-06-10 22:32:24,416: 	 Calculating hash of /DC=ch/DC=cern/OU=Organic Units/OU=Users/CN=hardenbr/CN=705168/CN=Joshua Robert Hardenbrook_cmsweb.cern.ch for credential name
DEBUG 2015-06-10 22:32:24,619: 	 Executing : 
 command : myproxy-info -l fdbcd253c5e13180d036bb7f350ef35a4f8814ed -s myproxy.cern.ch
 output : username: fdbcd253c5e13180d036bb7f350ef35a4f8814ed
owner: /DC=ch/DC=cern/OU=Organic Units/OU=Users/CN=hardenbr/CN=705168/CN=Joshua Robert Hardenbrook
  renewal policy: /DC=ch/DC=cern/OU=computers/CN=vocms(045|052|021|031).cern.ch
  trusted retrieval policy: /DC=ch/DC=cern/OU=computers/CN=vocms(045|052|021|031).cern.ch
  timeleft: 374:37:32  (15.6 days)

 error: 
 retcode : 0
DEBUG 2015-06-10 22:32:24,621: 	 Myproxy is valid: 1348652
DEBUG 2015-06-10 22:32:24,621: 	 Command use: status
DEBUG 2015-06-10 22:32:24,621: 	 Options use: ['crab_qcd800_1000']
DEBUG 2015-06-10 22:32:24,992: 	 CRABClient version: 3.3.1506
DEBUG 2015-06-10 22:32:24,992: 	 Instance is prod
DEBUG 2015-06-10 22:32:24,992: 	 Server base url is cmsweb.cern.ch
DEBUG 2015-06-10 22:32:24,992: 	 Command url /crabserver/prod/workflow
DEBUG 2015-06-10 22:32:24,992: 	 Looking up detailed status of task 150610_202657:hardenbr_crab_qcd800_1000
DEBUG 2015-06-10 22:32:27,467: 	 {'status': 'SUBMITTED', 'schedd': 'crab3test-2@vocms095.cern.ch', 'saveLogs': 'F', 'jobsPerStatus': {'idle': 15, 'unsubmitted': 81}, 'jobs': {'24': {'State': 'unsubmitted'}, '25': {'State': 'unsubmitted'}, '26': {'State': 'unsubmitted'}, '27': {'State': 'unsubmitted'}, '20': {'State': 'unsubmitted'}, '21': {'State': 'unsubmitted'}, '22': {'State': 'unsubmitted'}, '23': {'State': 'unsubmitted'}, '28': {'State': 'unsubmitted'}, '29': {'State': 'unsubmitted'}, '4': {'State': 'idle'}, '8': {'State': 'idle'}, '59': {'State': 'unsubmitted'}, '58': {'State': 'unsubmitted'}, '55': {'State': 'unsubmitted'}, '54': {'State': 'unsubmitted'}, '57': {'State': 'unsubmitted'}, '56': {'State': 'unsubmitted'}, '51': {'State': 'unsubmitted'}, '50': {'State': 'unsubmitted'}, '53': {'State': 'unsubmitted'}, '52': {'State': 'unsubmitted'}, '88': {'State': 'unsubmitted'}, '89': {'State': 'unsubmitted'}, '82': {'State': 'unsubmitted'}, '83': {'State': 'unsubmitted'}, '80': {'State': 'unsubmitted'}, '81': {'State': 'unsubmitted'}, '86': {'State': 'unsubmitted'}, '87': {'State': 'unsubmitted'}, '84': {'State': 'unsubmitted'}, '85': {'State': 'unsubmitted'}, '3': {'State': 'idle'}, '7': {'State': 'idle'}, '39': {'State': 'unsubmitted'}, '38': {'State': 'unsubmitted'}, '33': {'State': 'unsubmitted'}, '32': {'State': 'unsubmitted'}, '31': {'State': 'unsubmitted'}, '30': {'State': 'unsubmitted'}, '37': {'State': 'unsubmitted'}, '36': {'State': 'unsubmitted'}, '35': {'State': 'unsubmitted'}, '34': {'State': 'unsubmitted'}, '60': {'State': 'unsubmitted'}, '61': {'State': 'unsubmitted'}, '62': {'State': 'unsubmitted'}, '63': {'State': 'unsubmitted'}, '64': {'State': 'unsubmitted'}, '65': {'State': 'unsubmitted'}, '66': {'State': 'unsubmitted'}, '67': {'State': 'unsubmitted'}, '68': {'State': 'unsubmitted'}, '69': {'State': 'unsubmitted'}, '2': {'State': 'idle'}, '6': {'State': 'idle'}, '91': {'State': 'unsubmitted'}, '90': {'State': 'unsubmitted'}, '93': {'State': 'unsubmitted'}, '92': {'State': 'unsubmitted'}, '95': {'State': 'unsubmitted'}, '94': {'State': 'unsubmitted'}, '96': {'State': 'unsubmitted'}, '11': {'State': 'idle'}, '10': {'State': 'idle'}, '13': {'State': 'idle'}, '12': {'State': 'idle'}, '15': {'State': 'idle'}, '14': {'State': 'idle'}, '17': {'State': 'unsubmitted'}, '16': {'State': 'unsubmitted'}, '19': {'State': 'unsubmitted'}, '18': {'State': 'unsubmitted'}, '48': {'State': 'unsubmitted'}, '49': {'State': 'unsubmitted'}, '46': {'State': 'unsubmitted'}, '47': {'State': 'unsubmitted'}, '44': {'State': 'unsubmitted'}, '45': {'State': 'unsubmitted'}, '42': {'State': 'unsubmitted'}, '43': {'State': 'unsubmitted'}, '40': {'State': 'unsubmitted'}, '41': {'State': 'unsubmitted'}, '1': {'State': 'idle'}, '5': {'State': 'idle'}, '9': {'State': 'idle'}, '77': {'State': 'unsubmitted'}, '76': {'State': 'unsubmitted'}, '75': {'State': 'unsubmitted'}, '74': {'State': 'unsubmitted'}, '73': {'State': 'unsubmitted'}, '72': {'State': 'unsubmitted'}, '71': {'State': 'unsubmitted'}, '70': {'State': 'unsubmitted'}, '79': {'State': 'unsubmitted'}, '78': {'State': 'unsubmitted'}}, 'publication': {'disabled': []}, 'taskWarningMsg': [], 'outdatasets': None, 'taskFailureMsg': '', 'failedJobdefs': 0, 'ASOURL': 'https://cmsweb.cern.ch/couchdb', 'pool': {}, 'totalJobdefs': 0, 'jobSetID': '150610_202657:hardenbr_crab_qcd800_1000', 'jobdefErrors': [], 'collector': 'vocms0115.cern.ch', 'jobList': [['unsubmitted', 24], ['unsubmitted', 25], ['unsubmitted', 26], ['unsubmitted', 27], ['unsubmitted', 20], ['unsubmitted', 21], ['unsubmitted', 22], ['unsubmitted', 23], ['unsubmitted', 28], ['unsubmitted', 29], ['idle', 4], ['idle', 8], ['unsubmitted', 59], ['unsubmitted', 58], ['unsubmitted', 55], ['unsubmitted', 54], ['unsubmitted', 57], ['unsubmitted', 56], ['unsubmitted', 51], ['unsubmitted', 50], ['unsubmitted', 53], ['unsubmitted', 52], ['unsubmitted', 88], ['unsubmitted', 89], ['unsubmitted', 82], ['unsubmitted', 83], ['unsubmitted', 80], ['unsubmitted', 81], ['unsubmitted', 86], ['unsubmitted', 87], ['unsubmitted', 84], ['unsubmitted', 85], ['idle', 3], ['idle', 7], ['unsubmitted', 39], ['unsubmitted', 38], ['unsubmitted', 33], ['unsubmitted', 32], ['unsubmitted', 31], ['unsubmitted', 30], ['unsubmitted', 37], ['unsubmitted', 36], ['unsubmitted', 35], ['unsubmitted', 34], ['unsubmitted', 60], ['unsubmitted', 61], ['unsubmitted', 62], ['unsubmitted', 63], ['unsubmitted', 64], ['unsubmitted', 65], ['unsubmitted', 66], ['unsubmitted', 67], ['unsubmitted', 68], ['unsubmitted', 69], ['idle', 2], ['idle', 6], ['unsubmitted', 91], ['unsubmitted', 90], ['unsubmitted', 93], ['unsubmitted', 92], ['unsubmitted', 95], ['unsubmitted', 94], ['unsubmitted', 96], ['idle', 11], ['idle', 10], ['idle', 13], ['idle', 12], ['idle', 15], ['idle', 14], ['unsubmitted', 17], ['unsubmitted', 16], ['unsubmitted', 19], ['unsubmitted', 18], ['unsubmitted', 48], ['unsubmitted', 49], ['unsubmitted', 46], ['unsubmitted', 47], ['unsubmitted', 44], ['unsubmitted', 45], ['unsubmitted', 42], ['unsubmitted', 43], ['unsubmitted', 40], ['unsubmitted', 41], ['idle', 1], ['idle', 5], ['idle', 9], ['unsubmitted', 77], ['unsubmitted', 76], ['unsubmitted', 75], ['unsubmitted', 74], ['unsubmitted', 73], ['unsubmitted', 72], ['unsubmitted', 71], ['unsubmitted', 70], ['unsubmitted', 79], ['unsubmitted', 78]]}
INFO 2015-06-10 22:32:27,467: 	 CRAB project directory:		/afs/cern.ch/user/h/hardenbr/2014/LL_DIJET/TRACKING_STUDIES/CMSSW_7_4_4/src/DisplacedJets/TrackAnalyzer/python/CRAB3_QCD_SPRING15_5UNITS/crab_qcd800_1000
INFO 2015-06-10 22:32:27,468: 	 Task name:			150610_202657:hardenbr_crab_qcd800_1000
INFO 2015-06-10 22:32:27,468: 	 Task status:			SUBMITTED
INFO 2015-06-10 22:32:27,468: 	 Glidemon monitoring URL:	http://glidemon.web.cern.ch/glidemon/jobs.php?taskname=150610_202657%3Ahardenbr_crab_qcd800_1000
INFO 2015-06-10 22:32:27,468: 	 Dashboard monitoring URL:	http://dashb-cms-job.cern.ch/dashboard/templates/task-analysis/#user=crab&refresh=0&table=Jobs&p=1&records=25&activemenu=2&status=&site=&tid=150610_202657%3Ahardenbr_crab_qcd800_1000
INFO 2015-06-10 22:32:27,468: 	 Details:			idle           15.6% (15/96)
INFO 2015-06-10 22:32:27,468: 	 				unsubmitted    84.4% (81/96)
INFO 2015-06-10 22:32:27,468: 	 
No publication information (publication has been disabled in the CRAB configuration file)
DEBUG 2015-06-11 08:31:53,203: 	 Executing command: 'status'
DEBUG 2015-06-11 08:31:53,203: 	 Found CRAB cache file /afs/cern.ch/user/h/hardenbr/.crab3
DEBUG 2015-06-11 08:31:53,210: 	 Checking credentials
DEBUG 2015-06-11 08:31:53,210: 	 Found proxy file /tmp/x509up_u56682
DEBUG 2015-06-11 08:31:53,210: 	 Getting proxy life time left
DEBUG 2015-06-11 08:31:53,715: 	 Executing : 
 command : voms-proxy-info -file /tmp/x509up_u56682 -timeleft
 output : 42981

 error: 
 retcode : 0
DEBUG 2015-06-11 08:31:54,223: 	 Executing : 
 command : voms-proxy-info -file /tmp/x509up_u56682 -actimeleft
 output : 42980

 error: 
 retcode : 0
DEBUG 2015-06-11 08:31:54,223: 	 Proxy valid for 11:56:21 hours
DEBUG 2015-06-11 08:31:54,466: 	 Executing : 
 command : openssl x509 -in ~/.globus/usercert.pem -subject -noout
 output : subject= /DC=ch/DC=cern/OU=Organic Units/OU=Users/CN=hardenbr/CN=705168/CN=Joshua Robert Hardenbrook

 error: WARNING: can't open config file: /build/dmwmbld/srv/state/dmwmbld/builds/comp_gcc481/w/tmp/BUILDROOT/779a792f862039a4ebba572299ebbb36/build/dmwmbld/srv/state/dmwmbld/builds/comp_gcc481/w/slc6_amd64_gcc481/external/openssl/1.0.1m-comp/ssl/openssl.cnf

 retcode : 0
DEBUG 2015-06-11 08:31:54,466: 	 Checking credentials
DEBUG 2015-06-11 08:31:54,467: 	 Found proxy file /tmp/x509up_u56682
DEBUG 2015-06-11 08:31:54,467: 	 Getting proxy life time left
DEBUG 2015-06-11 08:31:54,974: 	 Executing : 
 command : voms-proxy-info -file /tmp/x509up_u56682 -timeleft
 output : 42980

 error: 
 retcode : 0
DEBUG 2015-06-11 08:31:55,480: 	 Executing : 
 command : voms-proxy-info -file /tmp/x509up_u56682 -actimeleft
 output : 42979

 error: 
 retcode : 0
DEBUG 2015-06-11 08:31:55,480: 	 Proxy valid for 11:56:20 hours
DEBUG 2015-06-11 08:31:55,969: 	 Registering user credentials for server /DC=ch/DC=cern/OU=computers/CN=vocms(045|052|021|031).cern.ch
DEBUG 2015-06-11 08:31:56,082: 	 Executing : 
 command : openssl x509 -in ~/.globus/usercert.pem -subject -noout
 output : subject= /DC=ch/DC=cern/OU=Organic Units/OU=Users/CN=hardenbr/CN=705168/CN=Joshua Robert Hardenbrook

 error: WARNING: can't open config file: /build/dmwmbld/srv/state/dmwmbld/builds/comp_gcc481/w/tmp/BUILDROOT/779a792f862039a4ebba572299ebbb36/build/dmwmbld/srv/state/dmwmbld/builds/comp_gcc481/w/slc6_amd64_gcc481/external/openssl/1.0.1m-comp/ssl/openssl.cnf

 retcode : 0
DEBUG 2015-06-11 08:31:56,082: 	 Getting myproxy life time left for myproxy.cern.ch
DEBUG 2015-06-11 08:31:56,082: 	 Calculating hash of /DC=ch/DC=cern/OU=Organic Units/OU=Users/CN=hardenbr/CN=705168/CN=Joshua Robert Hardenbrook_cmsweb.cern.ch for credential name
DEBUG 2015-06-11 08:31:56,489: 	 Executing : 
 command : myproxy-info -l fdbcd253c5e13180d036bb7f350ef35a4f8814ed -s myproxy.cern.ch
 output : username: fdbcd253c5e13180d036bb7f350ef35a4f8814ed
owner: /DC=ch/DC=cern/OU=Organic Units/OU=Users/CN=hardenbr/CN=705168/CN=Joshua Robert Hardenbrook
  renewal policy: /DC=ch/DC=cern/OU=computers/CN=vocms(045|052|021|031).cern.ch
  trusted retrieval policy: /DC=ch/DC=cern/OU=computers/CN=vocms(045|052|021|031).cern.ch
  timeleft: 364:38:00  (15.2 days)

 error: 
 retcode : 0
DEBUG 2015-06-11 08:31:56,491: 	 Myproxy is valid: 1312680
DEBUG 2015-06-11 08:31:56,491: 	 Command use: status
DEBUG 2015-06-11 08:31:56,491: 	 Options use: ['crab_qcd800_1000']
DEBUG 2015-06-11 08:31:56,891: 	 CRABClient version: 3.3.1506
DEBUG 2015-06-11 08:31:56,891: 	 Instance is prod
DEBUG 2015-06-11 08:31:56,891: 	 Server base url is cmsweb.cern.ch
DEBUG 2015-06-11 08:31:56,891: 	 Command url /crabserver/prod/workflow
DEBUG 2015-06-11 08:31:56,891: 	 Looking up detailed status of task 150610_202657:hardenbr_crab_qcd800_1000
DEBUG 2015-06-11 08:31:58,007: 	 {'status': 'COMPLETED', 'schedd': 'crab3test-2@vocms095.cern.ch', 'saveLogs': 'F', 'jobsPerStatus': {'finished': 96}, 'jobs': {'24': {'State': 'finished'}, '25': {'State': 'finished'}, '26': {'State': 'finished'}, '27': {'State': 'finished'}, '20': {'State': 'finished'}, '21': {'State': 'finished'}, '22': {'State': 'finished'}, '23': {'State': 'finished'}, '28': {'State': 'finished'}, '29': {'State': 'finished'}, '4': {'State': 'finished'}, '8': {'State': 'finished'}, '59': {'State': 'finished'}, '58': {'State': 'finished'}, '55': {'State': 'finished'}, '54': {'State': 'finished'}, '57': {'State': 'finished'}, '56': {'State': 'finished'}, '51': {'State': 'finished'}, '50': {'State': 'finished'}, '53': {'State': 'finished'}, '52': {'State': 'finished'}, '88': {'State': 'finished'}, '89': {'State': 'finished'}, '82': {'State': 'finished'}, '83': {'State': 'finished'}, '80': {'State': 'finished'}, '81': {'State': 'finished'}, '86': {'State': 'finished'}, '87': {'State': 'finished'}, '84': {'State': 'finished'}, '85': {'State': 'finished'}, '3': {'State': 'finished'}, '7': {'State': 'finished'}, '39': {'State': 'finished'}, '38': {'State': 'finished'}, '33': {'State': 'finished'}, '32': {'State': 'finished'}, '31': {'State': 'finished'}, '30': {'State': 'finished'}, '37': {'State': 'finished'}, '36': {'State': 'finished'}, '35': {'State': 'finished'}, '34': {'State': 'finished'}, '60': {'State': 'finished'}, '61': {'State': 'finished'}, '62': {'State': 'finished'}, '63': {'State': 'finished'}, '64': {'State': 'finished'}, '65': {'State': 'finished'}, '66': {'State': 'finished'}, '67': {'State': 'finished'}, '68': {'State': 'finished'}, '69': {'State': 'finished'}, '2': {'State': 'finished'}, '6': {'State': 'finished'}, '91': {'State': 'finished'}, '90': {'State': 'finished'}, '93': {'State': 'finished'}, '92': {'State': 'finished'}, '95': {'State': 'finished'}, '94': {'State': 'finished'}, '96': {'State': 'finished'}, '11': {'State': 'finished'}, '10': {'State': 'finished'}, '13': {'State': 'finished'}, '12': {'State': 'finished'}, '15': {'State': 'finished'}, '14': {'State': 'finished'}, '17': {'State': 'finished'}, '16': {'State': 'finished'}, '19': {'State': 'finished'}, '18': {'State': 'finished'}, '48': {'State': 'finished'}, '49': {'State': 'finished'}, '46': {'State': 'finished'}, '47': {'State': 'finished'}, '44': {'State': 'finished'}, '45': {'State': 'finished'}, '42': {'State': 'finished'}, '43': {'State': 'finished'}, '40': {'State': 'finished'}, '41': {'State': 'finished'}, '1': {'State': 'finished'}, '5': {'State': 'finished'}, '9': {'State': 'finished'}, '77': {'State': 'finished'}, '76': {'State': 'finished'}, '75': {'State': 'finished'}, '74': {'State': 'finished'}, '73': {'State': 'finished'}, '72': {'State': 'finished'}, '71': {'State': 'finished'}, '70': {'State': 'finished'}, '79': {'State': 'finished'}, '78': {'State': 'finished'}}, 'publication': {'disabled': []}, 'taskWarningMsg': [], 'outdatasets': None, 'taskFailureMsg': '', 'failedJobdefs': 0, 'ASOURL': 'https://cmsweb.cern.ch/couchdb', 'pool': {}, 'totalJobdefs': 0, 'jobSetID': '150610_202657:hardenbr_crab_qcd800_1000', 'jobdefErrors': [], 'collector': 'vocms0115.cern.ch', 'jobList': [['finished', 24], ['finished', 25], ['finished', 26], ['finished', 27], ['finished', 20], ['finished', 21], ['finished', 22], ['finished', 23], ['finished', 28], ['finished', 29], ['finished', 4], ['finished', 8], ['finished', 59], ['finished', 58], ['finished', 55], ['finished', 54], ['finished', 57], ['finished', 56], ['finished', 51], ['finished', 50], ['finished', 53], ['finished', 52], ['finished', 88], ['finished', 89], ['finished', 82], ['finished', 83], ['finished', 80], ['finished', 81], ['finished', 86], ['finished', 87], ['finished', 84], ['finished', 85], ['finished', 3], ['finished', 7], ['finished', 39], ['finished', 38], ['finished', 33], ['finished', 32], ['finished', 31], ['finished', 30], ['finished', 37], ['finished', 36], ['finished', 35], ['finished', 34], ['finished', 60], ['finished', 61], ['finished', 62], ['finished', 63], ['finished', 64], ['finished', 65], ['finished', 66], ['finished', 67], ['finished', 68], ['finished', 69], ['finished', 2], ['finished', 6], ['finished', 91], ['finished', 90], ['finished', 93], ['finished', 92], ['finished', 95], ['finished', 94], ['finished', 96], ['finished', 11], ['finished', 10], ['finished', 13], ['finished', 12], ['finished', 15], ['finished', 14], ['finished', 17], ['finished', 16], ['finished', 19], ['finished', 18], ['finished', 48], ['finished', 49], ['finished', 46], ['finished', 47], ['finished', 44], ['finished', 45], ['finished', 42], ['finished', 43], ['finished', 40], ['finished', 41], ['finished', 1], ['finished', 5], ['finished', 9], ['finished', 77], ['finished', 76], ['finished', 75], ['finished', 74], ['finished', 73], ['finished', 72], ['finished', 71], ['finished', 70], ['finished', 79], ['finished', 78]]}
INFO 2015-06-11 08:31:58,007: 	 CRAB project directory:		/afs/cern.ch/user/h/hardenbr/2014/LL_DIJET/TRACKING_STUDIES/CMSSW_7_4_4/src/DisplacedJets/TrackAnalyzer/python/CRAB3_QCD_SPRING15_5UNITS/crab_qcd800_1000
INFO 2015-06-11 08:31:58,008: 	 Task name:			150610_202657:hardenbr_crab_qcd800_1000
INFO 2015-06-11 08:31:58,008: 	 Task status:			COMPLETED
INFO 2015-06-11 08:31:58,008: 	 Glidemon monitoring URL:	http://glidemon.web.cern.ch/glidemon/jobs.php?taskname=150610_202657%3Ahardenbr_crab_qcd800_1000
INFO 2015-06-11 08:31:58,009: 	 Dashboard monitoring URL:	http://dashb-cms-job.cern.ch/dashboard/templates/task-analysis/#user=crab&refresh=0&table=Jobs&p=1&records=25&activemenu=2&status=&site=&tid=150610_202657%3Ahardenbr_crab_qcd800_1000
INFO 2015-06-11 08:31:58,009: 	 Details:			finished      100.0% (96/96)
INFO 2015-06-11 08:31:58,009: 	 
No publication information (publication has been disabled in the CRAB configuration file)
DEBUG 2015-06-11 10:03:39,719: 	 Executing command: 'status'
DEBUG 2015-06-11 10:03:39,719: 	 Found CRAB cache file /afs/cern.ch/user/h/hardenbr/.crab3
DEBUG 2015-06-11 10:03:39,727: 	 Checking credentials
DEBUG 2015-06-11 10:03:39,727: 	 Found proxy file /tmp/x509up_u56682
DEBUG 2015-06-11 10:03:39,727: 	 Getting proxy life time left
DEBUG 2015-06-11 10:03:40,347: 	 Executing : 
 command : voms-proxy-info -file /tmp/x509up_u56682 -timeleft
 output : 37474

 error: 
 retcode : 0
DEBUG 2015-06-11 10:03:40,959: 	 Executing : 
 command : voms-proxy-info -file /tmp/x509up_u56682 -actimeleft
 output : 37474

 error: 
 retcode : 0
DEBUG 2015-06-11 10:03:40,959: 	 Proxy valid for 10:24:34 hours
DEBUG 2015-06-11 10:03:41,081: 	 Executing : 
 command : openssl x509 -in ~/.globus/usercert.pem -subject -noout
 output : subject= /DC=ch/DC=cern/OU=Organic Units/OU=Users/CN=hardenbr/CN=705168/CN=Joshua Robert Hardenbrook

 error: WARNING: can't open config file: /build/dmwmbld/srv/state/dmwmbld/builds/comp_gcc481/w/tmp/BUILDROOT/779a792f862039a4ebba572299ebbb36/build/dmwmbld/srv/state/dmwmbld/builds/comp_gcc481/w/slc6_amd64_gcc481/external/openssl/1.0.1m-comp/ssl/openssl.cnf

 retcode : 0
DEBUG 2015-06-11 10:03:41,081: 	 Checking credentials
DEBUG 2015-06-11 10:03:41,082: 	 Found proxy file /tmp/x509up_u56682
DEBUG 2015-06-11 10:03:41,082: 	 Getting proxy life time left
DEBUG 2015-06-11 10:03:41,692: 	 Executing : 
 command : voms-proxy-info -file /tmp/x509up_u56682 -timeleft
 output : 37473

 error: 
 retcode : 0
DEBUG 2015-06-11 10:03:42,399: 	 Executing : 
 command : voms-proxy-info -file /tmp/x509up_u56682 -actimeleft
 output : 37472

 error: 
 retcode : 0
DEBUG 2015-06-11 10:03:42,400: 	 Proxy valid for 10:24:33 hours
DEBUG 2015-06-11 10:03:42,808: 	 Registering user credentials for server /DC=ch/DC=cern/OU=computers/CN=vocms(045|052|021|031).cern.ch
DEBUG 2015-06-11 10:03:42,924: 	 Executing : 
 command : openssl x509 -in ~/.globus/usercert.pem -subject -noout
 output : subject= /DC=ch/DC=cern/OU=Organic Units/OU=Users/CN=hardenbr/CN=705168/CN=Joshua Robert Hardenbrook

 error: WARNING: can't open config file: /build/dmwmbld/srv/state/dmwmbld/builds/comp_gcc481/w/tmp/BUILDROOT/779a792f862039a4ebba572299ebbb36/build/dmwmbld/srv/state/dmwmbld/builds/comp_gcc481/w/slc6_amd64_gcc481/external/openssl/1.0.1m-comp/ssl/openssl.cnf

 retcode : 0
DEBUG 2015-06-11 10:03:42,925: 	 Getting myproxy life time left for myproxy.cern.ch
DEBUG 2015-06-11 10:03:42,925: 	 Calculating hash of /DC=ch/DC=cern/OU=Organic Units/OU=Users/CN=hardenbr/CN=705168/CN=Joshua Robert Hardenbrook_cmsweb.cern.ch for credential name
DEBUG 2015-06-11 10:03:43,134: 	 Executing : 
 command : myproxy-info -l fdbcd253c5e13180d036bb7f350ef35a4f8814ed -s myproxy.cern.ch
 output : username: fdbcd253c5e13180d036bb7f350ef35a4f8814ed
owner: /DC=ch/DC=cern/OU=Organic Units/OU=Users/CN=hardenbr/CN=705168/CN=Joshua Robert Hardenbrook
  renewal policy: /DC=ch/DC=cern/OU=computers/CN=vocms(045|052|021|031).cern.ch
  trusted retrieval policy: /DC=ch/DC=cern/OU=computers/CN=vocms(045|052|021|031).cern.ch
  timeleft: 363:06:13  (15.1 days)

 error: 
 retcode : 0
DEBUG 2015-06-11 10:03:43,135: 	 Myproxy is valid: 1307173
DEBUG 2015-06-11 10:03:43,135: 	 Command use: status
DEBUG 2015-06-11 10:03:43,135: 	 Options use: ['crab_qcd800_1000']
DEBUG 2015-06-11 10:03:43,635: 	 CRABClient version: 3.3.1506
DEBUG 2015-06-11 10:03:43,635: 	 Instance is prod
DEBUG 2015-06-11 10:03:43,635: 	 Server base url is cmsweb.cern.ch
DEBUG 2015-06-11 10:03:43,635: 	 Command url /crabserver/prod/workflow
DEBUG 2015-06-11 10:03:43,635: 	 Looking up detailed status of task 150610_202657:hardenbr_crab_qcd800_1000
DEBUG 2015-06-11 10:03:44,860: 	 {'status': 'COMPLETED', 'schedd': 'crab3test-2@vocms095.cern.ch', 'saveLogs': 'F', 'jobsPerStatus': {'finished': 96}, 'jobs': {'24': {'State': 'finished'}, '25': {'State': 'finished'}, '26': {'State': 'finished'}, '27': {'State': 'finished'}, '20': {'State': 'finished'}, '21': {'State': 'finished'}, '22': {'State': 'finished'}, '23': {'State': 'finished'}, '28': {'State': 'finished'}, '29': {'State': 'finished'}, '4': {'State': 'finished'}, '8': {'State': 'finished'}, '59': {'State': 'finished'}, '58': {'State': 'finished'}, '55': {'State': 'finished'}, '54': {'State': 'finished'}, '57': {'State': 'finished'}, '56': {'State': 'finished'}, '51': {'State': 'finished'}, '50': {'State': 'finished'}, '53': {'State': 'finished'}, '52': {'State': 'finished'}, '88': {'State': 'finished'}, '89': {'State': 'finished'}, '82': {'State': 'finished'}, '83': {'State': 'finished'}, '80': {'State': 'finished'}, '81': {'State': 'finished'}, '86': {'State': 'finished'}, '87': {'State': 'finished'}, '84': {'State': 'finished'}, '85': {'State': 'finished'}, '3': {'State': 'finished'}, '7': {'State': 'finished'}, '39': {'State': 'finished'}, '38': {'State': 'finished'}, '33': {'State': 'finished'}, '32': {'State': 'finished'}, '31': {'State': 'finished'}, '30': {'State': 'finished'}, '37': {'State': 'finished'}, '36': {'State': 'finished'}, '35': {'State': 'finished'}, '34': {'State': 'finished'}, '60': {'State': 'finished'}, '61': {'State': 'finished'}, '62': {'State': 'finished'}, '63': {'State': 'finished'}, '64': {'State': 'finished'}, '65': {'State': 'finished'}, '66': {'State': 'finished'}, '67': {'State': 'finished'}, '68': {'State': 'finished'}, '69': {'State': 'finished'}, '2': {'State': 'finished'}, '6': {'State': 'finished'}, '91': {'State': 'finished'}, '90': {'State': 'finished'}, '93': {'State': 'finished'}, '92': {'State': 'finished'}, '95': {'State': 'finished'}, '94': {'State': 'finished'}, '96': {'State': 'finished'}, '11': {'State': 'finished'}, '10': {'State': 'finished'}, '13': {'State': 'finished'}, '12': {'State': 'finished'}, '15': {'State': 'finished'}, '14': {'State': 'finished'}, '17': {'State': 'finished'}, '16': {'State': 'finished'}, '19': {'State': 'finished'}, '18': {'State': 'finished'}, '48': {'State': 'finished'}, '49': {'State': 'finished'}, '46': {'State': 'finished'}, '47': {'State': 'finished'}, '44': {'State': 'finished'}, '45': {'State': 'finished'}, '42': {'State': 'finished'}, '43': {'State': 'finished'}, '40': {'State': 'finished'}, '41': {'State': 'finished'}, '1': {'State': 'finished'}, '5': {'State': 'finished'}, '9': {'State': 'finished'}, '77': {'State': 'finished'}, '76': {'State': 'finished'}, '75': {'State': 'finished'}, '74': {'State': 'finished'}, '73': {'State': 'finished'}, '72': {'State': 'finished'}, '71': {'State': 'finished'}, '70': {'State': 'finished'}, '79': {'State': 'finished'}, '78': {'State': 'finished'}}, 'publication': {'disabled': []}, 'taskWarningMsg': [], 'outdatasets': None, 'taskFailureMsg': '', 'failedJobdefs': 0, 'ASOURL': 'https://cmsweb.cern.ch/couchdb', 'pool': {}, 'totalJobdefs': 0, 'jobSetID': '150610_202657:hardenbr_crab_qcd800_1000', 'jobdefErrors': [], 'collector': 'vocms0115.cern.ch', 'jobList': [['finished', 24], ['finished', 25], ['finished', 26], ['finished', 27], ['finished', 20], ['finished', 21], ['finished', 22], ['finished', 23], ['finished', 28], ['finished', 29], ['finished', 4], ['finished', 8], ['finished', 59], ['finished', 58], ['finished', 55], ['finished', 54], ['finished', 57], ['finished', 56], ['finished', 51], ['finished', 50], ['finished', 53], ['finished', 52], ['finished', 88], ['finished', 89], ['finished', 82], ['finished', 83], ['finished', 80], ['finished', 81], ['finished', 86], ['finished', 87], ['finished', 84], ['finished', 85], ['finished', 3], ['finished', 7], ['finished', 39], ['finished', 38], ['finished', 33], ['finished', 32], ['finished', 31], ['finished', 30], ['finished', 37], ['finished', 36], ['finished', 35], ['finished', 34], ['finished', 60], ['finished', 61], ['finished', 62], ['finished', 63], ['finished', 64], ['finished', 65], ['finished', 66], ['finished', 67], ['finished', 68], ['finished', 69], ['finished', 2], ['finished', 6], ['finished', 91], ['finished', 90], ['finished', 93], ['finished', 92], ['finished', 95], ['finished', 94], ['finished', 96], ['finished', 11], ['finished', 10], ['finished', 13], ['finished', 12], ['finished', 15], ['finished', 14], ['finished', 17], ['finished', 16], ['finished', 19], ['finished', 18], ['finished', 48], ['finished', 49], ['finished', 46], ['finished', 47], ['finished', 44], ['finished', 45], ['finished', 42], ['finished', 43], ['finished', 40], ['finished', 41], ['finished', 1], ['finished', 5], ['finished', 9], ['finished', 77], ['finished', 76], ['finished', 75], ['finished', 74], ['finished', 73], ['finished', 72], ['finished', 71], ['finished', 70], ['finished', 79], ['finished', 78]]}
INFO 2015-06-11 10:03:44,860: 	 CRAB project directory:		/afs/cern.ch/user/h/hardenbr/2014/LL_DIJET/TRACKING_STUDIES/CMSSW_7_4_4/src/DisplacedJets/TrackAnalyzer/python/CRAB3_QCD_SPRING15_5UNITS/crab_qcd800_1000
INFO 2015-06-11 10:03:44,860: 	 Task name:			150610_202657:hardenbr_crab_qcd800_1000
INFO 2015-06-11 10:03:44,860: 	 Task status:			COMPLETED
INFO 2015-06-11 10:03:44,860: 	 Glidemon monitoring URL:	http://glidemon.web.cern.ch/glidemon/jobs.php?taskname=150610_202657%3Ahardenbr_crab_qcd800_1000
INFO 2015-06-11 10:03:44,861: 	 Dashboard monitoring URL:	http://dashb-cms-job.cern.ch/dashboard/templates/task-analysis/#user=crab&refresh=0&table=Jobs&p=1&records=25&activemenu=2&status=&site=&tid=150610_202657%3Ahardenbr_crab_qcd800_1000
INFO 2015-06-11 10:03:44,861: 	 Details:			finished      100.0% (96/96)
INFO 2015-06-11 10:03:44,861: 	 
No publication information (publication has been disabled in the CRAB configuration file)
