# Conditions read from  CMS_CONDITIONS  via FrontierProd 
DEBUG 2015-06-10 22:31:19,923: 	 Executing command: 'status'
DEBUG 2015-06-10 22:31:19,924: 	 Found CRAB cache file /afs/cern.ch/user/h/hardenbr/.crab3
DEBUG 2015-06-10 22:31:19,929: 	 Checking credentials
DEBUG 2015-06-10 22:31:19,929: 	 Found proxy file /tmp/x509up_u56682
DEBUG 2015-06-10 22:31:19,929: 	 Getting proxy life time left
DEBUG 2015-06-10 22:31:20,433: 	 Executing : 
 command : voms-proxy-info -file /tmp/x509up_u56682 -timeleft
 output : 42542

 error: 
 retcode : 0
DEBUG 2015-06-10 22:31:20,837: 	 Executing : 
 command : voms-proxy-info -file /tmp/x509up_u56682 -actimeleft
 output : 42542

 error: 
 retcode : 0
DEBUG 2015-06-10 22:31:20,837: 	 Proxy valid for 11:49:02 hours
DEBUG 2015-06-10 22:31:20,949: 	 Executing : 
 command : openssl x509 -in ~/.globus/usercert.pem -subject -noout
 output : subject= /DC=ch/DC=cern/OU=Organic Units/OU=Users/CN=hardenbr/CN=705168/CN=Joshua Robert Hardenbrook

 error: WARNING: can't open config file: /build/dmwmbld/srv/state/dmwmbld/builds/comp_gcc481/w/tmp/BUILDROOT/779a792f862039a4ebba572299ebbb36/build/dmwmbld/srv/state/dmwmbld/builds/comp_gcc481/w/slc6_amd64_gcc481/external/openssl/1.0.1m-comp/ssl/openssl.cnf

 retcode : 0
DEBUG 2015-06-10 22:31:20,949: 	 Checking credentials
DEBUG 2015-06-10 22:31:20,949: 	 Found proxy file /tmp/x509up_u56682
DEBUG 2015-06-10 22:31:20,949: 	 Getting proxy life time left
DEBUG 2015-06-10 22:31:21,355: 	 Executing : 
 command : voms-proxy-info -file /tmp/x509up_u56682 -timeleft
 output : 42541

 error: 
 retcode : 0
DEBUG 2015-06-10 22:31:21,759: 	 Executing : 
 command : voms-proxy-info -file /tmp/x509up_u56682 -actimeleft
 output : 42541

 error: 
 retcode : 0
DEBUG 2015-06-10 22:31:21,759: 	 Proxy valid for 11:49:01 hours
DEBUG 2015-06-10 22:31:22,145: 	 Registering user credentials for server /DC=ch/DC=cern/OU=computers/CN=vocms(045|052|021|031).cern.ch
DEBUG 2015-06-10 22:31:22,253: 	 Executing : 
 command : openssl x509 -in ~/.globus/usercert.pem -subject -noout
 output : subject= /DC=ch/DC=cern/OU=Organic Units/OU=Users/CN=hardenbr/CN=705168/CN=Joshua Robert Hardenbrook

 error: WARNING: can't open config file: /build/dmwmbld/srv/state/dmwmbld/builds/comp_gcc481/w/tmp/BUILDROOT/779a792f862039a4ebba572299ebbb36/build/dmwmbld/srv/state/dmwmbld/builds/comp_gcc481/w/slc6_amd64_gcc481/external/openssl/1.0.1m-comp/ssl/openssl.cnf

 retcode : 0
DEBUG 2015-06-10 22:31:22,253: 	 Getting myproxy life time left for myproxy.cern.ch
DEBUG 2015-06-10 22:31:22,253: 	 Calculating hash of /DC=ch/DC=cern/OU=Organic Units/OU=Users/CN=hardenbr/CN=705168/CN=Joshua Robert Hardenbrook_cmsweb.cern.ch for credential name
DEBUG 2015-06-10 22:31:22,657: 	 Executing : 
 command : myproxy-info -l fdbcd253c5e13180d036bb7f350ef35a4f8814ed -s myproxy.cern.ch
 output : username: fdbcd253c5e13180d036bb7f350ef35a4f8814ed
owner: /DC=ch/DC=cern/OU=Organic Units/OU=Users/CN=hardenbr/CN=705168/CN=Joshua Robert Hardenbrook
  renewal policy: /DC=ch/DC=cern/OU=computers/CN=vocms(045|052|021|031).cern.ch
  trusted retrieval policy: /DC=ch/DC=cern/OU=computers/CN=vocms(045|052|021|031).cern.ch
  timeleft: 374:38:34  (15.6 days)

 error: 
 retcode : 0
DEBUG 2015-06-10 22:31:22,658: 	 Myproxy is valid: 1348714
DEBUG 2015-06-10 22:31:22,658: 	 Command use: status
DEBUG 2015-06-10 22:31:22,658: 	 Options use: ['crab_qcd5_10']
DEBUG 2015-06-10 22:31:23,022: 	 CRABClient version: 3.3.1506
DEBUG 2015-06-10 22:31:23,022: 	 Instance is prod
DEBUG 2015-06-10 22:31:23,022: 	 Server base url is cmsweb.cern.ch
DEBUG 2015-06-10 22:31:23,022: 	 Command url /crabserver/prod/workflow
DEBUG 2015-06-10 22:31:23,022: 	 Looking up detailed status of task 150610_202554:hardenbr_crab_qcd5_10
DEBUG 2015-06-10 22:31:24,397: 	 {'status': 'SUBMITTED', 'schedd': 'crab3-4@vocms066.cern.ch', 'saveLogs': 'F', 'jobsPerStatus': {'idle': 114}, 'jobs': {'24': {'State': 'idle'}, '25': {'State': 'idle'}, '26': {'State': 'idle'}, '27': {'State': 'idle'}, '20': {'State': 'idle'}, '21': {'State': 'idle'}, '22': {'State': 'idle'}, '23': {'State': 'idle'}, '28': {'State': 'idle'}, '29': {'State': 'idle'}, '4': {'State': 'idle'}, '8': {'State': 'idle'}, '59': {'State': 'idle'}, '58': {'State': 'idle'}, '55': {'State': 'idle'}, '54': {'State': 'idle'}, '57': {'State': 'idle'}, '56': {'State': 'idle'}, '51': {'State': 'idle'}, '50': {'State': 'idle'}, '53': {'State': 'idle'}, '52': {'State': 'idle'}, '114': {'State': 'idle'}, '88': {'State': 'idle'}, '89': {'State': 'idle'}, '111': {'State': 'idle'}, '110': {'State': 'idle'}, '113': {'State': 'idle'}, '112': {'State': 'idle'}, '82': {'State': 'idle'}, '83': {'State': 'idle'}, '80': {'State': 'idle'}, '81': {'State': 'idle'}, '86': {'State': 'idle'}, '87': {'State': 'idle'}, '84': {'State': 'idle'}, '85': {'State': 'idle'}, '3': {'State': 'idle'}, '7': {'State': 'idle'}, '108': {'State': 'idle'}, '109': {'State': 'idle'}, '102': {'State': 'idle'}, '103': {'State': 'idle'}, '100': {'State': 'idle'}, '101': {'State': 'idle'}, '106': {'State': 'idle'}, '107': {'State': 'idle'}, '104': {'State': 'idle'}, '105': {'State': 'idle'}, '39': {'State': 'idle'}, '38': {'State': 'idle'}, '33': {'State': 'idle'}, '32': {'State': 'idle'}, '31': {'State': 'idle'}, '30': {'State': 'idle'}, '37': {'State': 'idle'}, '36': {'State': 'idle'}, '35': {'State': 'idle'}, '34': {'State': 'idle'}, '60': {'State': 'idle'}, '61': {'State': 'idle'}, '62': {'State': 'idle'}, '63': {'State': 'idle'}, '64': {'State': 'idle'}, '65': {'State': 'idle'}, '66': {'State': 'idle'}, '67': {'State': 'idle'}, '68': {'State': 'idle'}, '69': {'State': 'idle'}, '2': {'State': 'idle'}, '6': {'State': 'idle'}, '99': {'State': 'idle'}, '98': {'State': 'idle'}, '91': {'State': 'idle'}, '90': {'State': 'idle'}, '93': {'State': 'idle'}, '92': {'State': 'idle'}, '95': {'State': 'idle'}, '94': {'State': 'idle'}, '97': {'State': 'idle'}, '96': {'State': 'idle'}, '11': {'State': 'idle'}, '10': {'State': 'idle'}, '13': {'State': 'idle'}, '12': {'State': 'idle'}, '15': {'State': 'idle'}, '14': {'State': 'idle'}, '17': {'State': 'idle'}, '16': {'State': 'idle'}, '19': {'State': 'idle'}, '18': {'State': 'idle'}, '48': {'State': 'idle'}, '49': {'State': 'idle'}, '46': {'State': 'idle'}, '47': {'State': 'idle'}, '44': {'State': 'idle'}, '45': {'State': 'idle'}, '42': {'State': 'idle'}, '43': {'State': 'idle'}, '40': {'State': 'idle'}, '41': {'State': 'idle'}, '1': {'State': 'idle'}, '5': {'State': 'idle'}, '9': {'State': 'idle'}, '77': {'State': 'idle'}, '76': {'State': 'idle'}, '75': {'State': 'idle'}, '74': {'State': 'idle'}, '73': {'State': 'idle'}, '72': {'State': 'idle'}, '71': {'State': 'idle'}, '70': {'State': 'idle'}, '79': {'State': 'idle'}, '78': {'State': 'idle'}}, 'publication': {'disabled': []}, 'taskWarningMsg': [], 'outdatasets': None, 'taskFailureMsg': '', 'failedJobdefs': 0, 'ASOURL': 'https://cmsweb.cern.ch/couchdb', 'pool': {}, 'totalJobdefs': 0, 'jobSetID': '150610_202554:hardenbr_crab_qcd5_10', 'jobdefErrors': [], 'collector': 'vocms097.cern.ch,vocms099.cern.ch', 'jobList': [['idle', 24], ['idle', 25], ['idle', 26], ['idle', 27], ['idle', 20], ['idle', 21], ['idle', 22], ['idle', 23], ['idle', 28], ['idle', 29], ['idle', 4], ['idle', 8], ['idle', 59], ['idle', 58], ['idle', 55], ['idle', 54], ['idle', 57], ['idle', 56], ['idle', 51], ['idle', 50], ['idle', 53], ['idle', 52], ['idle', 114], ['idle', 88], ['idle', 89], ['idle', 111], ['idle', 110], ['idle', 113], ['idle', 112], ['idle', 82], ['idle', 83], ['idle', 80], ['idle', 81], ['idle', 86], ['idle', 87], ['idle', 84], ['idle', 85], ['idle', 3], ['idle', 7], ['idle', 108], ['idle', 109], ['idle', 102], ['idle', 103], ['idle', 100], ['idle', 101], ['idle', 106], ['idle', 107], ['idle', 104], ['idle', 105], ['idle', 39], ['idle', 38], ['idle', 33], ['idle', 32], ['idle', 31], ['idle', 30], ['idle', 37], ['idle', 36], ['idle', 35], ['idle', 34], ['idle', 60], ['idle', 61], ['idle', 62], ['idle', 63], ['idle', 64], ['idle', 65], ['idle', 66], ['idle', 67], ['idle', 68], ['idle', 69], ['idle', 2], ['idle', 6], ['idle', 99], ['idle', 98], ['idle', 91], ['idle', 90], ['idle', 93], ['idle', 92], ['idle', 95], ['idle', 94], ['idle', 97], ['idle', 96], ['idle', 11], ['idle', 10], ['idle', 13], ['idle', 12], ['idle', 15], ['idle', 14], ['idle', 17], ['idle', 16], ['idle', 19], ['idle', 18], ['idle', 48], ['idle', 49], ['idle', 46], ['idle', 47], ['idle', 44], ['idle', 45], ['idle', 42], ['idle', 43], ['idle', 40], ['idle', 41], ['idle', 1], ['idle', 5], ['idle', 9], ['idle', 77], ['idle', 76], ['idle', 75], ['idle', 74], ['idle', 73], ['idle', 72], ['idle', 71], ['idle', 70], ['idle', 79], ['idle', 78]]}
INFO 2015-06-10 22:31:24,397: 	 CRAB project directory:		/afs/cern.ch/user/h/hardenbr/2014/LL_DIJET/TRACKING_STUDIES/CMSSW_7_4_4/src/DisplacedJets/TrackAnalyzer/python/CRAB3_QCD_SPRING15_5UNITS/crab_qcd5_10
INFO 2015-06-10 22:31:24,397: 	 Task name:			150610_202554:hardenbr_crab_qcd5_10
INFO 2015-06-10 22:31:24,397: 	 Task status:			SUBMITTED
INFO 2015-06-10 22:31:24,397: 	 Glidemon monitoring URL:	http://glidemon.web.cern.ch/glidemon/jobs.php?taskname=150610_202554%3Ahardenbr_crab_qcd5_10
INFO 2015-06-10 22:31:24,397: 	 Dashboard monitoring URL:	http://dashb-cms-job.cern.ch/dashboard/templates/task-analysis/#user=crab&refresh=0&table=Jobs&p=1&records=25&activemenu=2&status=&site=&tid=150610_202554%3Ahardenbr_crab_qcd5_10
INFO 2015-06-10 22:31:24,397: 	 Details:			idle          100.0% (114/114)
INFO 2015-06-10 22:31:24,397: 	 
No publication information (publication has been disabled in the CRAB configuration file)
DEBUG 2015-06-11 08:30:47,398: 	 Executing command: 'status'
DEBUG 2015-06-11 08:30:47,399: 	 Found CRAB cache file /afs/cern.ch/user/h/hardenbr/.crab3
DEBUG 2015-06-11 08:30:47,417: 	 Checking credentials
DEBUG 2015-06-11 08:30:47,418: 	 Found proxy file /tmp/x509up_u56682
DEBUG 2015-06-11 08:30:47,418: 	 Getting proxy life time left
DEBUG 2015-06-11 08:30:48,024: 	 Executing : 
 command : voms-proxy-info -file /tmp/x509up_u56682 -timeleft
 output : 43047

 error: 
 retcode : 0
DEBUG 2015-06-11 08:30:48,742: 	 Executing : 
 command : voms-proxy-info -file /tmp/x509up_u56682 -actimeleft
 output : 43046

 error: 
 retcode : 0
DEBUG 2015-06-11 08:30:48,743: 	 Proxy valid for 11:57:27 hours
DEBUG 2015-06-11 08:30:48,868: 	 Executing : 
 command : openssl x509 -in ~/.globus/usercert.pem -subject -noout
 output : subject= /DC=ch/DC=cern/OU=Organic Units/OU=Users/CN=hardenbr/CN=705168/CN=Joshua Robert Hardenbrook

 error: WARNING: can't open config file: /build/dmwmbld/srv/state/dmwmbld/builds/comp_gcc481/w/tmp/BUILDROOT/779a792f862039a4ebba572299ebbb36/build/dmwmbld/srv/state/dmwmbld/builds/comp_gcc481/w/slc6_amd64_gcc481/external/openssl/1.0.1m-comp/ssl/openssl.cnf

 retcode : 0
DEBUG 2015-06-11 08:30:48,869: 	 Checking credentials
DEBUG 2015-06-11 08:30:48,869: 	 Found proxy file /tmp/x509up_u56682
DEBUG 2015-06-11 08:30:48,869: 	 Getting proxy life time left
DEBUG 2015-06-11 08:30:49,377: 	 Executing : 
 command : voms-proxy-info -file /tmp/x509up_u56682 -timeleft
 output : 43045

 error: 
 retcode : 0
DEBUG 2015-06-11 08:30:49,986: 	 Executing : 
 command : voms-proxy-info -file /tmp/x509up_u56682 -actimeleft
 output : 43045

 error: 
 retcode : 0
DEBUG 2015-06-11 08:30:49,986: 	 Proxy valid for 11:57:25 hours
DEBUG 2015-06-11 08:30:50,556: 	 Registering user credentials for server /DC=ch/DC=cern/OU=computers/CN=vocms(045|052|021|031).cern.ch
DEBUG 2015-06-11 08:30:50,666: 	 Executing : 
 command : openssl x509 -in ~/.globus/usercert.pem -subject -noout
 output : subject= /DC=ch/DC=cern/OU=Organic Units/OU=Users/CN=hardenbr/CN=705168/CN=Joshua Robert Hardenbrook

 error: WARNING: can't open config file: /build/dmwmbld/srv/state/dmwmbld/builds/comp_gcc481/w/tmp/BUILDROOT/779a792f862039a4ebba572299ebbb36/build/dmwmbld/srv/state/dmwmbld/builds/comp_gcc481/w/slc6_amd64_gcc481/external/openssl/1.0.1m-comp/ssl/openssl.cnf

 retcode : 0
DEBUG 2015-06-11 08:30:50,667: 	 Getting myproxy life time left for myproxy.cern.ch
DEBUG 2015-06-11 08:30:50,667: 	 Calculating hash of /DC=ch/DC=cern/OU=Organic Units/OU=Users/CN=hardenbr/CN=705168/CN=Joshua Robert Hardenbrook_cmsweb.cern.ch for credential name
DEBUG 2015-06-11 08:30:51,176: 	 Executing : 
 command : myproxy-info -l fdbcd253c5e13180d036bb7f350ef35a4f8814ed -s myproxy.cern.ch
 output : username: fdbcd253c5e13180d036bb7f350ef35a4f8814ed
owner: /DC=ch/DC=cern/OU=Organic Units/OU=Users/CN=hardenbr/CN=705168/CN=Joshua Robert Hardenbrook
  renewal policy: /DC=ch/DC=cern/OU=computers/CN=vocms(045|052|021|031).cern.ch
  trusted retrieval policy: /DC=ch/DC=cern/OU=computers/CN=vocms(045|052|021|031).cern.ch
  timeleft: 364:39:05  (15.2 days)

 error: 
 retcode : 0
DEBUG 2015-06-11 08:30:51,178: 	 Myproxy is valid: 1312745
DEBUG 2015-06-11 08:30:51,178: 	 Command use: status
DEBUG 2015-06-11 08:30:51,178: 	 Options use: ['crab_qcd5_10']
DEBUG 2015-06-11 08:30:51,624: 	 CRABClient version: 3.3.1506
DEBUG 2015-06-11 08:30:51,624: 	 Instance is prod
DEBUG 2015-06-11 08:30:51,624: 	 Server base url is cmsweb.cern.ch
DEBUG 2015-06-11 08:30:51,624: 	 Command url /crabserver/prod/workflow
DEBUG 2015-06-11 08:30:51,624: 	 Looking up detailed status of task 150610_202554:hardenbr_crab_qcd5_10
DEBUG 2015-06-11 08:30:52,650: 	 {'status': 'COMPLETED', 'schedd': 'crab3-4@vocms066.cern.ch', 'saveLogs': 'F', 'jobsPerStatus': {'finished': 114}, 'jobs': {'24': {'State': 'finished'}, '25': {'State': 'finished'}, '26': {'State': 'finished'}, '27': {'State': 'finished'}, '20': {'State': 'finished'}, '21': {'State': 'finished'}, '22': {'State': 'finished'}, '23': {'State': 'finished'}, '28': {'State': 'finished'}, '29': {'State': 'finished'}, '4': {'State': 'finished'}, '8': {'State': 'finished'}, '59': {'State': 'finished'}, '58': {'State': 'finished'}, '55': {'State': 'finished'}, '54': {'State': 'finished'}, '57': {'State': 'finished'}, '56': {'State': 'finished'}, '51': {'State': 'finished'}, '50': {'State': 'finished'}, '53': {'State': 'finished'}, '52': {'State': 'finished'}, '114': {'State': 'finished'}, '88': {'State': 'finished'}, '89': {'State': 'finished'}, '111': {'State': 'finished'}, '110': {'State': 'finished'}, '113': {'State': 'finished'}, '112': {'State': 'finished'}, '82': {'State': 'finished'}, '83': {'State': 'finished'}, '80': {'State': 'finished'}, '81': {'State': 'finished'}, '86': {'State': 'finished'}, '87': {'State': 'finished'}, '84': {'State': 'finished'}, '85': {'State': 'finished'}, '3': {'State': 'finished'}, '7': {'State': 'finished'}, '108': {'State': 'finished'}, '109': {'State': 'finished'}, '102': {'State': 'finished'}, '103': {'State': 'finished'}, '100': {'State': 'finished'}, '101': {'State': 'finished'}, '106': {'State': 'finished'}, '107': {'State': 'finished'}, '104': {'State': 'finished'}, '105': {'State': 'finished'}, '39': {'State': 'finished'}, '38': {'State': 'finished'}, '33': {'State': 'finished'}, '32': {'State': 'finished'}, '31': {'State': 'finished'}, '30': {'State': 'finished'}, '37': {'State': 'finished'}, '36': {'State': 'finished'}, '35': {'State': 'finished'}, '34': {'State': 'finished'}, '60': {'State': 'finished'}, '61': {'State': 'finished'}, '62': {'State': 'finished'}, '63': {'State': 'finished'}, '64': {'State': 'finished'}, '65': {'State': 'finished'}, '66': {'State': 'finished'}, '67': {'State': 'finished'}, '68': {'State': 'finished'}, '69': {'State': 'finished'}, '2': {'State': 'finished'}, '6': {'State': 'finished'}, '99': {'State': 'finished'}, '98': {'State': 'finished'}, '91': {'State': 'finished'}, '90': {'State': 'finished'}, '93': {'State': 'finished'}, '92': {'State': 'finished'}, '95': {'State': 'finished'}, '94': {'State': 'finished'}, '97': {'State': 'finished'}, '96': {'State': 'finished'}, '11': {'State': 'finished'}, '10': {'State': 'finished'}, '13': {'State': 'finished'}, '12': {'State': 'finished'}, '15': {'State': 'finished'}, '14': {'State': 'finished'}, '17': {'State': 'finished'}, '16': {'State': 'finished'}, '19': {'State': 'finished'}, '18': {'State': 'finished'}, '48': {'State': 'finished'}, '49': {'State': 'finished'}, '46': {'State': 'finished'}, '47': {'State': 'finished'}, '44': {'State': 'finished'}, '45': {'State': 'finished'}, '42': {'State': 'finished'}, '43': {'State': 'finished'}, '40': {'State': 'finished'}, '41': {'State': 'finished'}, '1': {'State': 'finished'}, '5': {'State': 'finished'}, '9': {'State': 'finished'}, '77': {'State': 'finished'}, '76': {'State': 'finished'}, '75': {'State': 'finished'}, '74': {'State': 'finished'}, '73': {'State': 'finished'}, '72': {'State': 'finished'}, '71': {'State': 'finished'}, '70': {'State': 'finished'}, '79': {'State': 'finished'}, '78': {'State': 'finished'}}, 'publication': {'disabled': []}, 'taskWarningMsg': [], 'outdatasets': None, 'taskFailureMsg': '', 'failedJobdefs': 0, 'ASOURL': 'https://cmsweb.cern.ch/couchdb', 'pool': {}, 'totalJobdefs': 0, 'jobSetID': '150610_202554:hardenbr_crab_qcd5_10', 'jobdefErrors': [], 'collector': 'vocms097.cern.ch,vocms099.cern.ch', 'jobList': [['finished', 24], ['finished', 25], ['finished', 26], ['finished', 27], ['finished', 20], ['finished', 21], ['finished', 22], ['finished', 23], ['finished', 28], ['finished', 29], ['finished', 4], ['finished', 8], ['finished', 59], ['finished', 58], ['finished', 55], ['finished', 54], ['finished', 57], ['finished', 56], ['finished', 51], ['finished', 50], ['finished', 53], ['finished', 52], ['finished', 114], ['finished', 88], ['finished', 89], ['finished', 111], ['finished', 110], ['finished', 113], ['finished', 112], ['finished', 82], ['finished', 83], ['finished', 80], ['finished', 81], ['finished', 86], ['finished', 87], ['finished', 84], ['finished', 85], ['finished', 3], ['finished', 7], ['finished', 108], ['finished', 109], ['finished', 102], ['finished', 103], ['finished', 100], ['finished', 101], ['finished', 106], ['finished', 107], ['finished', 104], ['finished', 105], ['finished', 39], ['finished', 38], ['finished', 33], ['finished', 32], ['finished', 31], ['finished', 30], ['finished', 37], ['finished', 36], ['finished', 35], ['finished', 34], ['finished', 60], ['finished', 61], ['finished', 62], ['finished', 63], ['finished', 64], ['finished', 65], ['finished', 66], ['finished', 67], ['finished', 68], ['finished', 69], ['finished', 2], ['finished', 6], ['finished', 99], ['finished', 98], ['finished', 91], ['finished', 90], ['finished', 93], ['finished', 92], ['finished', 95], ['finished', 94], ['finished', 97], ['finished', 96], ['finished', 11], ['finished', 10], ['finished', 13], ['finished', 12], ['finished', 15], ['finished', 14], ['finished', 17], ['finished', 16], ['finished', 19], ['finished', 18], ['finished', 48], ['finished', 49], ['finished', 46], ['finished', 47], ['finished', 44], ['finished', 45], ['finished', 42], ['finished', 43], ['finished', 40], ['finished', 41], ['finished', 1], ['finished', 5], ['finished', 9], ['finished', 77], ['finished', 76], ['finished', 75], ['finished', 74], ['finished', 73], ['finished', 72], ['finished', 71], ['finished', 70], ['finished', 79], ['finished', 78]]}
INFO 2015-06-11 08:30:52,650: 	 CRAB project directory:		/afs/cern.ch/user/h/hardenbr/2014/LL_DIJET/TRACKING_STUDIES/CMSSW_7_4_4/src/DisplacedJets/TrackAnalyzer/python/CRAB3_QCD_SPRING15_5UNITS/crab_qcd5_10
INFO 2015-06-11 08:30:52,650: 	 Task name:			150610_202554:hardenbr_crab_qcd5_10
INFO 2015-06-11 08:30:52,650: 	 Task status:			COMPLETED
INFO 2015-06-11 08:30:52,651: 	 Glidemon monitoring URL:	http://glidemon.web.cern.ch/glidemon/jobs.php?taskname=150610_202554%3Ahardenbr_crab_qcd5_10
INFO 2015-06-11 08:30:52,651: 	 Dashboard monitoring URL:	http://dashb-cms-job.cern.ch/dashboard/templates/task-analysis/#user=crab&refresh=0&table=Jobs&p=1&records=25&activemenu=2&status=&site=&tid=150610_202554%3Ahardenbr_crab_qcd5_10
INFO 2015-06-11 08:30:52,651: 	 Details:			finished      100.0% (114/114)
INFO 2015-06-11 08:30:52,651: 	 
No publication information (publication has been disabled in the CRAB configuration file)
DEBUG 2015-06-11 10:02:24,870: 	 Executing command: 'status'
DEBUG 2015-06-11 10:02:24,872: 	 Found CRAB cache file /afs/cern.ch/user/h/hardenbr/.crab3
DEBUG 2015-06-11 10:02:24,882: 	 Checking credentials
DEBUG 2015-06-11 10:02:24,882: 	 Found proxy file /tmp/x509up_u56682
DEBUG 2015-06-11 10:02:24,883: 	 Getting proxy life time left
DEBUG 2015-06-11 10:02:25,690: 	 Executing : 
 command : voms-proxy-info -file /tmp/x509up_u56682 -timeleft
 output : 37549

 error: 
 retcode : 0
DEBUG 2015-06-11 10:02:27,510: 	 Executing : 
 command : voms-proxy-info -file /tmp/x509up_u56682 -actimeleft
 output : 37547

 error: 
 retcode : 0
DEBUG 2015-06-11 10:02:27,511: 	 Proxy valid for 10:25:49 hours
DEBUG 2015-06-11 10:02:27,740: 	 Executing : 
 command : openssl x509 -in ~/.globus/usercert.pem -subject -noout
 output : subject= /DC=ch/DC=cern/OU=Organic Units/OU=Users/CN=hardenbr/CN=705168/CN=Joshua Robert Hardenbrook

 error: WARNING: can't open config file: /build/dmwmbld/srv/state/dmwmbld/builds/comp_gcc481/w/tmp/BUILDROOT/779a792f862039a4ebba572299ebbb36/build/dmwmbld/srv/state/dmwmbld/builds/comp_gcc481/w/slc6_amd64_gcc481/external/openssl/1.0.1m-comp/ssl/openssl.cnf

 retcode : 0
DEBUG 2015-06-11 10:02:27,741: 	 Checking credentials
DEBUG 2015-06-11 10:02:27,741: 	 Found proxy file /tmp/x509up_u56682
DEBUG 2015-06-11 10:02:27,741: 	 Getting proxy life time left
DEBUG 2015-06-11 10:02:28,450: 	 Executing : 
 command : voms-proxy-info -file /tmp/x509up_u56682 -timeleft
 output : 37546

 error: 
 retcode : 0
DEBUG 2015-06-11 10:02:29,057: 	 Executing : 
 command : voms-proxy-info -file /tmp/x509up_u56682 -actimeleft
 output : 37546

 error: 
 retcode : 0
DEBUG 2015-06-11 10:02:29,057: 	 Proxy valid for 10:25:46 hours
DEBUG 2015-06-11 10:02:29,516: 	 Registering user credentials for server /DC=ch/DC=cern/OU=computers/CN=vocms(045|052|021|031).cern.ch
DEBUG 2015-06-11 10:02:29,635: 	 Executing : 
 command : openssl x509 -in ~/.globus/usercert.pem -subject -noout
 output : subject= /DC=ch/DC=cern/OU=Organic Units/OU=Users/CN=hardenbr/CN=705168/CN=Joshua Robert Hardenbrook

 error: WARNING: can't open config file: /build/dmwmbld/srv/state/dmwmbld/builds/comp_gcc481/w/tmp/BUILDROOT/779a792f862039a4ebba572299ebbb36/build/dmwmbld/srv/state/dmwmbld/builds/comp_gcc481/w/slc6_amd64_gcc481/external/openssl/1.0.1m-comp/ssl/openssl.cnf

 retcode : 0
DEBUG 2015-06-11 10:02:29,635: 	 Getting myproxy life time left for myproxy.cern.ch
DEBUG 2015-06-11 10:02:29,635: 	 Calculating hash of /DC=ch/DC=cern/OU=Organic Units/OU=Users/CN=hardenbr/CN=705168/CN=Joshua Robert Hardenbrook_cmsweb.cern.ch for credential name
DEBUG 2015-06-11 10:02:30,143: 	 Executing : 
 command : myproxy-info -l fdbcd253c5e13180d036bb7f350ef35a4f8814ed -s myproxy.cern.ch
 output : username: fdbcd253c5e13180d036bb7f350ef35a4f8814ed
owner: /DC=ch/DC=cern/OU=Organic Units/OU=Users/CN=hardenbr/CN=705168/CN=Joshua Robert Hardenbrook
  renewal policy: /DC=ch/DC=cern/OU=computers/CN=vocms(045|052|021|031).cern.ch
  trusted retrieval policy: /DC=ch/DC=cern/OU=computers/CN=vocms(045|052|021|031).cern.ch
  timeleft: 363:07:26  (15.1 days)

 error: 
 retcode : 0
DEBUG 2015-06-11 10:02:30,144: 	 Myproxy is valid: 1307246
DEBUG 2015-06-11 10:02:30,145: 	 Command use: status
DEBUG 2015-06-11 10:02:30,145: 	 Options use: ['crab_qcd5_10']
DEBUG 2015-06-11 10:02:30,559: 	 CRABClient version: 3.3.1506
DEBUG 2015-06-11 10:02:30,559: 	 Instance is prod
DEBUG 2015-06-11 10:02:30,559: 	 Server base url is cmsweb.cern.ch
DEBUG 2015-06-11 10:02:30,559: 	 Command url /crabserver/prod/workflow
DEBUG 2015-06-11 10:02:30,559: 	 Looking up detailed status of task 150610_202554:hardenbr_crab_qcd5_10
DEBUG 2015-06-11 10:02:31,462: 	 {'status': 'COMPLETED', 'schedd': 'crab3-4@vocms066.cern.ch', 'saveLogs': 'F', 'jobsPerStatus': {'finished': 114}, 'jobs': {'24': {'State': 'finished'}, '25': {'State': 'finished'}, '26': {'State': 'finished'}, '27': {'State': 'finished'}, '20': {'State': 'finished'}, '21': {'State': 'finished'}, '22': {'State': 'finished'}, '23': {'State': 'finished'}, '28': {'State': 'finished'}, '29': {'State': 'finished'}, '4': {'State': 'finished'}, '8': {'State': 'finished'}, '59': {'State': 'finished'}, '58': {'State': 'finished'}, '55': {'State': 'finished'}, '54': {'State': 'finished'}, '57': {'State': 'finished'}, '56': {'State': 'finished'}, '51': {'State': 'finished'}, '50': {'State': 'finished'}, '53': {'State': 'finished'}, '52': {'State': 'finished'}, '114': {'State': 'finished'}, '88': {'State': 'finished'}, '89': {'State': 'finished'}, '111': {'State': 'finished'}, '110': {'State': 'finished'}, '113': {'State': 'finished'}, '112': {'State': 'finished'}, '82': {'State': 'finished'}, '83': {'State': 'finished'}, '80': {'State': 'finished'}, '81': {'State': 'finished'}, '86': {'State': 'finished'}, '87': {'State': 'finished'}, '84': {'State': 'finished'}, '85': {'State': 'finished'}, '3': {'State': 'finished'}, '7': {'State': 'finished'}, '108': {'State': 'finished'}, '109': {'State': 'finished'}, '102': {'State': 'finished'}, '103': {'State': 'finished'}, '100': {'State': 'finished'}, '101': {'State': 'finished'}, '106': {'State': 'finished'}, '107': {'State': 'finished'}, '104': {'State': 'finished'}, '105': {'State': 'finished'}, '39': {'State': 'finished'}, '38': {'State': 'finished'}, '33': {'State': 'finished'}, '32': {'State': 'finished'}, '31': {'State': 'finished'}, '30': {'State': 'finished'}, '37': {'State': 'finished'}, '36': {'State': 'finished'}, '35': {'State': 'finished'}, '34': {'State': 'finished'}, '60': {'State': 'finished'}, '61': {'State': 'finished'}, '62': {'State': 'finished'}, '63': {'State': 'finished'}, '64': {'State': 'finished'}, '65': {'State': 'finished'}, '66': {'State': 'finished'}, '67': {'State': 'finished'}, '68': {'State': 'finished'}, '69': {'State': 'finished'}, '2': {'State': 'finished'}, '6': {'State': 'finished'}, '99': {'State': 'finished'}, '98': {'State': 'finished'}, '91': {'State': 'finished'}, '90': {'State': 'finished'}, '93': {'State': 'finished'}, '92': {'State': 'finished'}, '95': {'State': 'finished'}, '94': {'State': 'finished'}, '97': {'State': 'finished'}, '96': {'State': 'finished'}, '11': {'State': 'finished'}, '10': {'State': 'finished'}, '13': {'State': 'finished'}, '12': {'State': 'finished'}, '15': {'State': 'finished'}, '14': {'State': 'finished'}, '17': {'State': 'finished'}, '16': {'State': 'finished'}, '19': {'State': 'finished'}, '18': {'State': 'finished'}, '48': {'State': 'finished'}, '49': {'State': 'finished'}, '46': {'State': 'finished'}, '47': {'State': 'finished'}, '44': {'State': 'finished'}, '45': {'State': 'finished'}, '42': {'State': 'finished'}, '43': {'State': 'finished'}, '40': {'State': 'finished'}, '41': {'State': 'finished'}, '1': {'State': 'finished'}, '5': {'State': 'finished'}, '9': {'State': 'finished'}, '77': {'State': 'finished'}, '76': {'State': 'finished'}, '75': {'State': 'finished'}, '74': {'State': 'finished'}, '73': {'State': 'finished'}, '72': {'State': 'finished'}, '71': {'State': 'finished'}, '70': {'State': 'finished'}, '79': {'State': 'finished'}, '78': {'State': 'finished'}}, 'publication': {'disabled': []}, 'taskWarningMsg': [], 'outdatasets': None, 'taskFailureMsg': '', 'failedJobdefs': 0, 'ASOURL': 'https://cmsweb.cern.ch/couchdb', 'pool': {}, 'totalJobdefs': 0, 'jobSetID': '150610_202554:hardenbr_crab_qcd5_10', 'jobdefErrors': [], 'collector': 'vocms097.cern.ch,vocms099.cern.ch', 'jobList': [['finished', 24], ['finished', 25], ['finished', 26], ['finished', 27], ['finished', 20], ['finished', 21], ['finished', 22], ['finished', 23], ['finished', 28], ['finished', 29], ['finished', 4], ['finished', 8], ['finished', 59], ['finished', 58], ['finished', 55], ['finished', 54], ['finished', 57], ['finished', 56], ['finished', 51], ['finished', 50], ['finished', 53], ['finished', 52], ['finished', 114], ['finished', 88], ['finished', 89], ['finished', 111], ['finished', 110], ['finished', 113], ['finished', 112], ['finished', 82], ['finished', 83], ['finished', 80], ['finished', 81], ['finished', 86], ['finished', 87], ['finished', 84], ['finished', 85], ['finished', 3], ['finished', 7], ['finished', 108], ['finished', 109], ['finished', 102], ['finished', 103], ['finished', 100], ['finished', 101], ['finished', 106], ['finished', 107], ['finished', 104], ['finished', 105], ['finished', 39], ['finished', 38], ['finished', 33], ['finished', 32], ['finished', 31], ['finished', 30], ['finished', 37], ['finished', 36], ['finished', 35], ['finished', 34], ['finished', 60], ['finished', 61], ['finished', 62], ['finished', 63], ['finished', 64], ['finished', 65], ['finished', 66], ['finished', 67], ['finished', 68], ['finished', 69], ['finished', 2], ['finished', 6], ['finished', 99], ['finished', 98], ['finished', 91], ['finished', 90], ['finished', 93], ['finished', 92], ['finished', 95], ['finished', 94], ['finished', 97], ['finished', 96], ['finished', 11], ['finished', 10], ['finished', 13], ['finished', 12], ['finished', 15], ['finished', 14], ['finished', 17], ['finished', 16], ['finished', 19], ['finished', 18], ['finished', 48], ['finished', 49], ['finished', 46], ['finished', 47], ['finished', 44], ['finished', 45], ['finished', 42], ['finished', 43], ['finished', 40], ['finished', 41], ['finished', 1], ['finished', 5], ['finished', 9], ['finished', 77], ['finished', 76], ['finished', 75], ['finished', 74], ['finished', 73], ['finished', 72], ['finished', 71], ['finished', 70], ['finished', 79], ['finished', 78]]}
INFO 2015-06-11 10:02:31,462: 	 CRAB project directory:		/afs/cern.ch/user/h/hardenbr/2014/LL_DIJET/TRACKING_STUDIES/CMSSW_7_4_4/src/DisplacedJets/TrackAnalyzer/python/CRAB3_QCD_SPRING15_5UNITS/crab_qcd5_10
INFO 2015-06-11 10:02:31,463: 	 Task name:			150610_202554:hardenbr_crab_qcd5_10
INFO 2015-06-11 10:02:31,463: 	 Task status:			COMPLETED
INFO 2015-06-11 10:02:31,463: 	 Glidemon monitoring URL:	http://glidemon.web.cern.ch/glidemon/jobs.php?taskname=150610_202554%3Ahardenbr_crab_qcd5_10
INFO 2015-06-11 10:02:31,463: 	 Dashboard monitoring URL:	http://dashb-cms-job.cern.ch/dashboard/templates/task-analysis/#user=crab&refresh=0&table=Jobs&p=1&records=25&activemenu=2&status=&site=&tid=150610_202554%3Ahardenbr_crab_qcd5_10
INFO 2015-06-11 10:02:31,463: 	 Details:			finished      100.0% (114/114)
INFO 2015-06-11 10:02:31,463: 	 
No publication information (publication has been disabled in the CRAB configuration file)
